{"/Users/ryuma/Everyone-s-Answer-Board/src/AdminPanelBackend.gs": {"path":"/Users/ryuma/Everyone-s-Answer-Board/src/AdminPanelBackend.gs","statementMap":{"0":{"start":{"line":2,"column":148},"end":{"line":2,"column":184}},"1":{"start":{"line":20,"column":2},"end":{"line":20,"column":44}},"2":{"start":{"line":24,"column":2},"end":{"line":24,"column":60}},"3":{"start":{"line":25,"column":2},"end":{"line":28,"column":3}},"4":{"start":{"line":26,"column":4},"end":{"line":26,"column":75}},"5":{"start":{"line":27,"column":4},"end":{"line":27,"column":134}},"6":{"start":{"line":40,"column":2},"end":{"line":83,"column":3}},"7":{"start":{"line":41,"column":4},"end":{"line":41,"column":54}},"8":{"start":{"line":44,"column":18},"end":{"line":46,"column":5}},"9":{"start":{"line":48,"column":25},"end":{"line":48,"column":27}},"10":{"start":{"line":49,"column":16},"end":{"line":49,"column":17}},"11":{"start":{"line":50,"column":23},"end":{"line":50,"column":25}},"12":{"start":{"line":52,"column":4},"end":{"line":73,"column":5}},"13":{"start":{"line":53,"column":19},"end":{"line":53,"column":31}},"14":{"start":{"line":56,"column":23},"end":{"line":56,"column":32}},"15":{"start":{"line":57,"column":6},"end":{"line":64,"column":7}},"16":{"start":{"line":58,"column":22},"end":{"line":58,"column":37}},"17":{"start":{"line":59,"column":8},"end":{"line":61,"column":9}},"18":{"start":{"line":60,"column":10},"end":{"line":60,"column":40}},"19":{"start":{"line":63,"column":8},"end":{"line":63,"column":83}},"20":{"start":{"line":66,"column":6},"end":{"line":71,"column":9}},"21":{"start":{"line":72,"column":6},"end":{"line":72,"column":14}},"22":{"start":{"line":76,"column":4},"end":{"line":76,"column":85}},"23":{"start":{"line":76,"column":32},"end":{"line":76,"column":83}},"24":{"start":{"line":78,"column":4},"end":{"line":78,"column":75}},"25":{"start":{"line":79,"column":4},"end":{"line":79,"column":24}},"26":{"start":{"line":81,"column":4},"end":{"line":81,"column":52}},"27":{"start":{"line":82,"column":4},"end":{"line":82,"column":62}},"28":{"start":{"line":92,"column":2},"end":{"line":115,"column":3}},"29":{"start":{"line":93,"column":4},"end":{"line":93,"column":58}},"30":{"start":{"line":95,"column":4},"end":{"line":97,"column":5}},"31":{"start":{"line":96,"column":6},"end":{"line":96,"column":46}},"32":{"start":{"line":99,"column":24},"end":{"line":99,"column":62}},"33":{"start":{"line":100,"column":19},"end":{"line":100,"column":42}},"34":{"start":{"line":102,"column":22},"end":{"line":108,"column":7}},"35":{"start":{"line":102,"column":45},"end":{"line":108,"column":5}},"36":{"start":{"line":110,"column":4},"end":{"line":110,"column":61}},"37":{"start":{"line":111,"column":4},"end":{"line":111,"column":21}},"38":{"start":{"line":113,"column":4},"end":{"line":113,"column":46}},"39":{"start":{"line":114,"column":4},"end":{"line":114,"column":57}},"40":{"start":{"line":125,"column":2},"end":{"line":225,"column":3}},"41":{"start":{"line":126,"column":4},"end":{"line":126,"column":81}},"42":{"start":{"line":128,"column":4},"end":{"line":130,"column":5}},"43":{"start":{"line":129,"column":6},"end":{"line":129,"column":46}},"44":{"start":{"line":132,"column":24},"end":{"line":132,"column":62}},"45":{"start":{"line":133,"column":18},"end":{"line":133,"column":55}},"46":{"start":{"line":135,"column":4},"end":{"line":137,"column":5}},"47":{"start":{"line":136,"column":6},"end":{"line":136,"column":53}},"48":{"start":{"line":140,"column":26},"end":{"line":140,"column":68}},"49":{"start":{"line":141,"column":22},"end":{"line":141,"column":83}},"50":{"start":{"line":144,"column":24},"end":{"line":146,"column":38}},"51":{"start":{"line":149,"column":29},"end":{"line":149,"column":69}},"52":{"start":{"line":150,"column":4},"end":{"line":152,"column":5}},"53":{"start":{"line":151,"column":6},"end":{"line":151,"column":60}},"54":{"start":{"line":153,"column":4},"end":{"line":155,"column":5}},"55":{"start":{"line":154,"column":6},"end":{"line":154,"column":59}},"56":{"start":{"line":158,"column":33},"end":{"line":158,"column":91}},"57":{"start":{"line":159,"column":4},"end":{"line":159,"column":70}},"58":{"start":{"line":162,"column":4},"end":{"line":171,"column":5}},"59":{"start":{"line":163,"column":31},"end":{"line":163,"column":92}},"60":{"start":{"line":166,"column":6},"end":{"line":166,"column":63}},"61":{"start":{"line":167,"column":35},"end":{"line":167,"column":77}},"62":{"start":{"line":168,"column":6},"end":{"line":170,"column":48}},"63":{"start":{"line":174,"column":24},"end":{"line":174,"column":36}},"64":{"start":{"line":175,"column":21},"end":{"line":175,"column":52}},"65":{"start":{"line":177,"column":4},"end":{"line":193,"column":5}},"66":{"start":{"line":179,"column":32},"end":{"line":179,"column":84}},"67":{"start":{"line":182,"column":6},"end":{"line":190,"column":9}},"68":{"start":{"line":192,"column":6},"end":{"line":192,"column":88}},"69":{"start":{"line":195,"column":4},"end":{"line":195,"column":60}},"70":{"start":{"line":198,"column":18},"end":{"line":198,"column":37}},"71":{"start":{"line":199,"column":4},"end":{"line":209,"column":5}},"72":{"start":{"line":200,"column":6},"end":{"line":202,"column":7}},"73":{"start":{"line":201,"column":8},"end":{"line":201,"column":80}},"74":{"start":{"line":203,"column":6},"end":{"line":208,"column":7}},"75":{"start":{"line":207,"column":8},"end":{"line":207,"column":94}},"76":{"start":{"line":211,"column":4},"end":{"line":218,"column":6}},"77":{"start":{"line":220,"column":4},"end":{"line":220,"column":53}},"78":{"start":{"line":221,"column":4},"end":{"line":224,"column":6}},"79":{"start":{"line":239,"column":2},"end":{"line":239,"column":19}},"80":{"start":{"line":242,"column":2},"end":{"line":259,"column":3}},"81":{"start":{"line":243,"column":4},"end":{"line":243,"column":94}},"82":{"start":{"line":246,"column":21},"end":{"line":249,"column":6}},"83":{"start":{"line":252,"column":4},"end":{"line":258,"column":6}},"84":{"start":{"line":262,"column":18},"end":{"line":262,"column":20}},"85":{"start":{"line":263,"column":21},"end":{"line":263,"column":23}},"86":{"start":{"line":266,"column":2},"end":{"line":268,"column":5}},"87":{"start":{"line":267,"column":4},"end":{"line":267,"column":31}},"88":{"start":{"line":269,"column":2},"end":{"line":269,"column":26}},"89":{"start":{"line":272,"column":2},"end":{"line":308,"column":5}},"90":{"start":{"line":273,"column":24},"end":{"line":273,"column":55}},"91":{"start":{"line":276,"column":4},"end":{"line":307,"column":7}},"92":{"start":{"line":277,"column":25},"end":{"line":277,"column":52}},"93":{"start":{"line":278,"column":23},"end":{"line":278,"column":33}},"94":{"start":{"line":281,"column":23},"end":{"line":281,"column":24}},"95":{"start":{"line":282,"column":6},"end":{"line":288,"column":7}},"96":{"start":{"line":283,"column":8},"end":{"line":283,"column":24}},"97":{"start":{"line":284,"column":13},"end":{"line":288,"column":7}},"98":{"start":{"line":285,"column":8},"end":{"line":285,"column":24}},"99":{"start":{"line":286,"column":13},"end":{"line":288,"column":7}},"100":{"start":{"line":287,"column":8},"end":{"line":287,"column":24}},"101":{"start":{"line":291,"column":6},"end":{"line":298,"column":7}},"102":{"start":{"line":292,"column":8},"end":{"line":297,"column":11}},"103":{"start":{"line":293,"column":33},"end":{"line":293,"column":56}},"104":{"start":{"line":294,"column":10},"end":{"line":296,"column":11}},"105":{"start":{"line":295,"column":12},"end":{"line":295,"column":50}},"106":{"start":{"line":301,"column":6},"end":{"line":306,"column":7}},"107":{"start":{"line":302,"column":8},"end":{"line":305,"column":9}},"108":{"start":{"line":303,"column":10},"end":{"line":303,"column":36}},"109":{"start":{"line":304,"column":10},"end":{"line":304,"column":52}},"110":{"start":{"line":311,"column":23},"end":{"line":311,"column":67}},"111":{"start":{"line":312,"column":24},"end":{"line":312,"column":56}},"112":{"start":{"line":315,"column":26},"end":{"line":315,"column":84}},"113":{"start":{"line":317,"column":2},"end":{"line":322,"column":5}},"114":{"start":{"line":324,"column":2},"end":{"line":324,"column":25}},"115":{"start":{"line":331,"column":18},"end":{"line":331,"column":20}},"116":{"start":{"line":332,"column":21},"end":{"line":332,"column":23}},"117":{"start":{"line":335,"column":2},"end":{"line":337,"column":5}},"118":{"start":{"line":336,"column":4},"end":{"line":336,"column":31}},"119":{"start":{"line":338,"column":2},"end":{"line":338,"column":26}},"120":{"start":{"line":341,"column":2},"end":{"line":377,"column":5}},"121":{"start":{"line":342,"column":24},"end":{"line":342,"column":55}},"122":{"start":{"line":345,"column":4},"end":{"line":376,"column":7}},"123":{"start":{"line":346,"column":25},"end":{"line":346,"column":52}},"124":{"start":{"line":347,"column":23},"end":{"line":347,"column":33}},"125":{"start":{"line":350,"column":23},"end":{"line":350,"column":24}},"126":{"start":{"line":351,"column":6},"end":{"line":357,"column":7}},"127":{"start":{"line":352,"column":8},"end":{"line":352,"column":24}},"128":{"start":{"line":353,"column":13},"end":{"line":357,"column":7}},"129":{"start":{"line":354,"column":8},"end":{"line":354,"column":24}},"130":{"start":{"line":355,"column":13},"end":{"line":357,"column":7}},"131":{"start":{"line":356,"column":8},"end":{"line":356,"column":24}},"132":{"start":{"line":360,"column":6},"end":{"line":367,"column":7}},"133":{"start":{"line":361,"column":8},"end":{"line":366,"column":11}},"134":{"start":{"line":362,"column":33},"end":{"line":362,"column":56}},"135":{"start":{"line":363,"column":10},"end":{"line":365,"column":11}},"136":{"start":{"line":364,"column":12},"end":{"line":364,"column":50}},"137":{"start":{"line":370,"column":6},"end":{"line":375,"column":7}},"138":{"start":{"line":371,"column":8},"end":{"line":374,"column":9}},"139":{"start":{"line":372,"column":10},"end":{"line":372,"column":36}},"140":{"start":{"line":373,"column":10},"end":{"line":373,"column":52}},"141":{"start":{"line":379,"column":2},"end":{"line":379,"column":17}},"142":{"start":{"line":386,"column":19},"end":{"line":386,"column":38}},"143":{"start":{"line":389,"column":2},"end":{"line":393,"column":3}},"144":{"start":{"line":390,"column":4},"end":{"line":390,"column":55}},"145":{"start":{"line":391,"column":4},"end":{"line":391,"column":52}},"146":{"start":{"line":392,"column":4},"end":{"line":392,"column":67}},"147":{"start":{"line":395,"column":2},"end":{"line":399,"column":3}},"148":{"start":{"line":396,"column":4},"end":{"line":396,"column":55}},"149":{"start":{"line":397,"column":4},"end":{"line":397,"column":52}},"150":{"start":{"line":398,"column":4},"end":{"line":398,"column":67}},"151":{"start":{"line":401,"column":2},"end":{"line":405,"column":3}},"152":{"start":{"line":402,"column":4},"end":{"line":402,"column":59}},"153":{"start":{"line":403,"column":4},"end":{"line":403,"column":52}},"154":{"start":{"line":404,"column":4},"end":{"line":404,"column":65}},"155":{"start":{"line":407,"column":2},"end":{"line":411,"column":3}},"156":{"start":{"line":408,"column":4},"end":{"line":408,"column":51}},"157":{"start":{"line":409,"column":4},"end":{"line":409,"column":52}},"158":{"start":{"line":410,"column":4},"end":{"line":410,"column":63}},"159":{"start":{"line":413,"column":2},"end":{"line":413,"column":18}},"160":{"start":{"line":424,"column":2},"end":{"line":560,"column":3}},"161":{"start":{"line":425,"column":4},"end":{"line":429,"column":7}},"162":{"start":{"line":431,"column":24},"end":{"line":431,"column":62}},"163":{"start":{"line":432,"column":18},"end":{"line":432,"column":55}},"164":{"start":{"line":434,"column":4},"end":{"line":436,"column":5}},"165":{"start":{"line":435,"column":6},"end":{"line":435,"column":53}},"166":{"start":{"line":439,"column":22},"end":{"line":439,"column":83}},"167":{"start":{"line":440,"column":4},"end":{"line":440,"column":66}},"168":{"start":{"line":443,"column":28},"end":{"line":452,"column":5}},"169":{"start":{"line":455,"column":27},"end":{"line":455,"column":29}},"170":{"start":{"line":456,"column":28},"end":{"line":456,"column":72}},"171":{"start":{"line":456,"column":49},"end":{"line":456,"column":71}},"172":{"start":{"line":458,"column":4},"end":{"line":493,"column":7}},"173":{"start":{"line":459,"column":20},"end":{"line":484,"column":8}},"174":{"start":{"line":460,"column":30},"end":{"line":460,"column":52}},"175":{"start":{"line":461,"column":30},"end":{"line":461,"column":55}},"176":{"start":{"line":464,"column":8},"end":{"line":472,"column":9}},"177":{"start":{"line":471,"column":10},"end":{"line":471,"column":42}},"178":{"start":{"line":475,"column":8},"end":{"line":483,"column":10}},"179":{"start":{"line":486,"column":6},"end":{"line":492,"column":7}},"180":{"start":{"line":487,"column":8},"end":{"line":491,"column":11}},"181":{"start":{"line":495,"column":4},"end":{"line":495,"column":71}},"182":{"start":{"line":498,"column":4},"end":{"line":505,"column":5}},"183":{"start":{"line":499,"column":6},"end":{"line":504,"column":8}},"184":{"start":{"line":508,"column":4},"end":{"line":508,"column":59}},"185":{"start":{"line":508,"column":34},"end":{"line":508,"column":57}},"186":{"start":{"line":511,"column":25},"end":{"line":511,"column":27}},"187":{"start":{"line":512,"column":32},"end":{"line":512,"column":81}},"188":{"start":{"line":512,"column":63},"end":{"line":512,"column":80}},"189":{"start":{"line":514,"column":4},"end":{"line":535,"column":5}},"190":{"start":{"line":515,"column":25},"end":{"line":515,"column":46}},"191":{"start":{"line":517,"column":6},"end":{"line":534,"column":9}},"192":{"start":{"line":518,"column":31},"end":{"line":518,"column":53}},"193":{"start":{"line":521,"column":8},"end":{"line":521,"column":52}},"194":{"start":{"line":522,"column":8},"end":{"line":522,"column":71}},"195":{"start":{"line":524,"column":8},"end":{"line":528,"column":11}},"196":{"start":{"line":530,"column":8},"end":{"line":533,"column":11}},"197":{"start":{"line":538,"column":31},"end":{"line":538,"column":79}},"198":{"start":{"line":538,"column":62},"end":{"line":538,"column":78}},"199":{"start":{"line":540,"column":4},"end":{"line":551,"column":6}},"200":{"start":{"line":553,"column":4},"end":{"line":553,"column":60}},"201":{"start":{"line":554,"column":4},"end":{"line":559,"column":6}},"202":{"start":{"line":569,"column":21},"end":{"line":578,"column":3}},"203":{"start":{"line":580,"column":2},"end":{"line":580,"column":37}},"204":{"start":{"line":589,"column":2},"end":{"line":630,"column":3}},"205":{"start":{"line":590,"column":4},"end":{"line":590,"column":72}},"206":{"start":{"line":592,"column":4},"end":{"line":594,"column":5}},"207":{"start":{"line":593,"column":6},"end":{"line":593,"column":46}},"208":{"start":{"line":597,"column":24},"end":{"line":597,"column":62}},"209":{"start":{"line":598,"column":28},"end":{"line":598,"column":49}},"210":{"start":{"line":601,"column":19},"end":{"line":601,"column":42}},"211":{"start":{"line":602,"column":22},"end":{"line":608,"column":7}},"212":{"start":{"line":602,"column":45},"end":{"line":608,"column":5}},"213":{"start":{"line":610,"column":4},"end":{"line":614,"column":7}},"214":{"start":{"line":616,"column":4},"end":{"line":622,"column":6}},"215":{"start":{"line":624,"column":4},"end":{"line":624,"column":59}},"216":{"start":{"line":625,"column":4},"end":{"line":629,"column":6}},"217":{"start":{"line":640,"column":2},"end":{"line":737,"column":3}},"218":{"start":{"line":641,"column":4},"end":{"line":641,"column":82}},"219":{"start":{"line":643,"column":4},"end":{"line":645,"column":5}},"220":{"start":{"line":644,"column":6},"end":{"line":644,"column":46}},"221":{"start":{"line":647,"column":24},"end":{"line":647,"column":62}},"222":{"start":{"line":648,"column":18},"end":{"line":648,"column":55}},"223":{"start":{"line":650,"column":4},"end":{"line":652,"column":5}},"224":{"start":{"line":651,"column":6},"end":{"line":651,"column":53}},"225":{"start":{"line":655,"column":26},"end":{"line":655,"column":68}},"226":{"start":{"line":656,"column":22},"end":{"line":656,"column":83}},"227":{"start":{"line":659,"column":24},"end":{"line":661,"column":38}},"228":{"start":{"line":664,"column":29},"end":{"line":664,"column":69}},"229":{"start":{"line":665,"column":4},"end":{"line":667,"column":5}},"230":{"start":{"line":666,"column":6},"end":{"line":666,"column":60}},"231":{"start":{"line":668,"column":4},"end":{"line":670,"column":5}},"232":{"start":{"line":669,"column":6},"end":{"line":669,"column":59}},"233":{"start":{"line":671,"column":4},"end":{"line":671,"column":70}},"234":{"start":{"line":674,"column":33},"end":{"line":674,"column":91}},"235":{"start":{"line":675,"column":4},"end":{"line":675,"column":76}},"236":{"start":{"line":678,"column":4},"end":{"line":689,"column":5}},"237":{"start":{"line":679,"column":31},"end":{"line":679,"column":92}},"238":{"start":{"line":682,"column":6},"end":{"line":682,"column":63}},"239":{"start":{"line":683,"column":35},"end":{"line":683,"column":77}},"240":{"start":{"line":684,"column":6},"end":{"line":686,"column":48}},"241":{"start":{"line":688,"column":6},"end":{"line":688,"column":79}},"242":{"start":{"line":692,"column":24},"end":{"line":692,"column":36}},"243":{"start":{"line":693,"column":21},"end":{"line":693,"column":52}},"244":{"start":{"line":695,"column":4},"end":{"line":704,"column":5}},"245":{"start":{"line":696,"column":6},"end":{"line":703,"column":9}},"246":{"start":{"line":706,"column":4},"end":{"line":706,"column":66}},"247":{"start":{"line":709,"column":18},"end":{"line":709,"column":39}},"248":{"start":{"line":710,"column":4},"end":{"line":720,"column":5}},"249":{"start":{"line":711,"column":6},"end":{"line":713,"column":7}},"250":{"start":{"line":712,"column":8},"end":{"line":712,"column":80}},"251":{"start":{"line":714,"column":6},"end":{"line":719,"column":7}},"252":{"start":{"line":718,"column":8},"end":{"line":718,"column":94}},"253":{"start":{"line":722,"column":4},"end":{"line":730,"column":6}},"254":{"start":{"line":732,"column":4},"end":{"line":732,"column":59}},"255":{"start":{"line":733,"column":4},"end":{"line":736,"column":6}},"256":{"start":{"line":748,"column":2},"end":{"line":751,"column":3}},"257":{"start":{"line":749,"column":4},"end":{"line":749,"column":94}},"258":{"start":{"line":750,"column":4},"end":{"line":750,"column":88}},"259":{"start":{"line":753,"column":2},"end":{"line":756,"column":3}},"260":{"start":{"line":754,"column":4},"end":{"line":754,"column":86}},"261":{"start":{"line":755,"column":4},"end":{"line":755,"column":84}},"262":{"start":{"line":759,"column":18},"end":{"line":759,"column":20}},"263":{"start":{"line":761,"column":2},"end":{"line":765,"column":5}},"264":{"start":{"line":768,"column":2},"end":{"line":794,"column":5}},"265":{"start":{"line":769,"column":23},"end":{"line":769,"column":36}},"266":{"start":{"line":770,"column":24},"end":{"line":770,"column":34}},"267":{"start":{"line":773,"column":22},"end":{"line":773,"column":26}},"268":{"start":{"line":774,"column":4},"end":{"line":791,"column":5}},"269":{"start":{"line":775,"column":6},"end":{"line":775,"column":46}},"270":{"start":{"line":778,"column":6},"end":{"line":790,"column":7}},"271":{"start":{"line":779,"column":8},"end":{"line":789,"column":9}},"272":{"start":{"line":781,"column":10},"end":{"line":787,"column":11}},"273":{"start":{"line":782,"column":12},"end":{"line":786,"column":13}},"274":{"start":{"line":783,"column":14},"end":{"line":783,"column":34}},"275":{"start":{"line":784,"column":14},"end":{"line":784,"column":135}},"276":{"start":{"line":785,"column":14},"end":{"line":785,"column":20}},"277":{"start":{"line":788,"column":10},"end":{"line":788,"column":42}},"278":{"start":{"line":788,"column":36},"end":{"line":788,"column":42}},"279":{"start":{"line":793,"column":4},"end":{"line":793,"column":39}},"280":{"start":{"line":796,"column":2},"end":{"line":800,"column":5}},"281":{"start":{"line":801,"column":2},"end":{"line":801,"column":17}},"282":{"start":{"line":810,"column":18},"end":{"line":815,"column":3}},"283":{"start":{"line":818,"column":2},"end":{"line":828,"column":5}},"284":{"start":{"line":819,"column":21},"end":{"line":819,"column":31}},"285":{"start":{"line":820,"column":23},"end":{"line":820,"column":38}},"286":{"start":{"line":822,"column":4},"end":{"line":827,"column":5}},"287":{"start":{"line":823,"column":6},"end":{"line":823,"column":30}},"288":{"start":{"line":824,"column":6},"end":{"line":824,"column":81}},"289":{"start":{"line":825,"column":11},"end":{"line":827,"column":5}},"290":{"start":{"line":826,"column":6},"end":{"line":826,"column":83}},"291":{"start":{"line":831,"column":24},"end":{"line":831,"column":92}},"292":{"start":{"line":831,"column":84},"end":{"line":831,"column":91}},"293":{"start":{"line":832,"column":2},"end":{"line":836,"column":5}},"294":{"start":{"line":833,"column":4},"end":{"line":835,"column":5}},"295":{"start":{"line":834,"column":6},"end":{"line":834,"column":64}},"296":{"start":{"line":838,"column":2},"end":{"line":842,"column":4}},"297":{"start":{"line":840,"column":52},"end":{"line":840,"column":71}},"298":{"start":{"line":841,"column":51},"end":{"line":841,"column":70}},"299":{"start":{"line":844,"column":2},"end":{"line":844,"column":53}},"300":{"start":{"line":845,"column":2},"end":{"line":845,"column":17}},"301":{"start":{"line":861,"column":2},"end":{"line":928,"column":3}},"302":{"start":{"line":862,"column":4},"end":{"line":862,"column":46}},"303":{"start":{"line":864,"column":24},"end":{"line":864,"column":36}},"304":{"start":{"line":865,"column":21},"end":{"line":865,"column":52}},"305":{"start":{"line":867,"column":4},"end":{"line":877,"column":5}},"306":{"start":{"line":868,"column":6},"end":{"line":876,"column":8}},"307":{"start":{"line":880,"column":23},"end":{"line":880,"column":57}},"308":{"start":{"line":881,"column":22},"end":{"line":881,"column":62}},"309":{"start":{"line":884,"column":20},"end":{"line":884,"column":38}},"310":{"start":{"line":885,"column":4},"end":{"line":888,"column":5}},"311":{"start":{"line":887,"column":6},"end":{"line":887,"column":86}},"312":{"start":{"line":891,"column":4},"end":{"line":899,"column":5}},"313":{"start":{"line":892,"column":6},"end":{"line":898,"column":7}},"314":{"start":{"line":893,"column":8},"end":{"line":893,"column":53}},"315":{"start":{"line":894,"column":8},"end":{"line":894,"column":66}},"316":{"start":{"line":896,"column":8},"end":{"line":896,"column":77}},"317":{"start":{"line":897,"column":8},"end":{"line":897,"column":32}},"318":{"start":{"line":901,"column":19},"end":{"line":917,"column":5}},"319":{"start":{"line":919,"column":4},"end":{"line":919,"column":54}},"320":{"start":{"line":920,"column":4},"end":{"line":920,"column":18}},"321":{"start":{"line":922,"column":4},"end":{"line":922,"column":50}},"322":{"start":{"line":923,"column":4},"end":{"line":927,"column":6}},"323":{"start":{"line":937,"column":2},"end":{"line":972,"column":3}},"324":{"start":{"line":938,"column":24},"end":{"line":938,"column":62}},"325":{"start":{"line":939,"column":19},"end":{"line":939,"column":42}},"326":{"start":{"line":942,"column":26},"end":{"line":942,"column":68}},"327":{"start":{"line":945,"column":4},"end":{"line":952,"column":5}},"328":{"start":{"line":946,"column":20},"end":{"line":946,"column":68}},"329":{"start":{"line":946,"column":39},"end":{"line":946,"column":67}},"330":{"start":{"line":947,"column":6},"end":{"line":951,"column":7}},"331":{"start":{"line":949,"column":8},"end":{"line":949,"column":68}},"332":{"start":{"line":950,"column":8},"end":{"line":950,"column":28}},"333":{"start":{"line":955,"column":27},"end":{"line":957,"column":54}},"334":{"start":{"line":956,"column":21},"end":{"line":956,"column":39}},"335":{"start":{"line":957,"column":22},"end":{"line":957,"column":53}},"336":{"start":{"line":959,"column":4},"end":{"line":963,"column":5}},"337":{"start":{"line":960,"column":28},"end":{"line":960,"column":55}},"338":{"start":{"line":961,"column":6},"end":{"line":961,"column":70}},"339":{"start":{"line":962,"column":6},"end":{"line":962,"column":27}},"340":{"start":{"line":966,"column":26},"end":{"line":966,"column":45}},"341":{"start":{"line":967,"column":4},"end":{"line":967,"column":67}},"342":{"start":{"line":968,"column":4},"end":{"line":968,"column":25}},"343":{"start":{"line":970,"column":4},"end":{"line":970,"column":55}},"344":{"start":{"line":971,"column":4},"end":{"line":971,"column":16}},"345":{"start":{"line":981,"column":2},"end":{"line":990,"column":3}},"346":{"start":{"line":983,"column":6},"end":{"line":983,"column":23}},"347":{"start":{"line":985,"column":6},"end":{"line":985,"column":27}},"348":{"start":{"line":987,"column":6},"end":{"line":987,"column":25}},"349":{"start":{"line":989,"column":6},"end":{"line":989,"column":23}},"350":{"start":{"line":999,"column":2},"end":{"line":1037,"column":3}},"351":{"start":{"line":1000,"column":4},"end":{"line":1000,"column":59}},"352":{"start":{"line":1002,"column":24},"end":{"line":1002,"column":36}},"353":{"start":{"line":1003,"column":19},"end":{"line":1003,"column":50}},"354":{"start":{"line":1005,"column":4},"end":{"line":1008,"column":5}},"355":{"start":{"line":1007,"column":6},"end":{"line":1007,"column":58}},"356":{"start":{"line":1011,"column":25},"end":{"line":1019,"column":6}},"357":{"start":{"line":1021,"column":4},"end":{"line":1030,"column":5}},"358":{"start":{"line":1022,"column":28},"end":{"line":1022,"column":46}},"359":{"start":{"line":1023,"column":6},"end":{"line":1027,"column":8}},"360":{"start":{"line":1029,"column":6},"end":{"line":1029,"column":42}},"361":{"start":{"line":1032,"column":4},"end":{"line":1032,"column":56}},"362":{"start":{"line":1033,"column":4},"end":{"line":1036,"column":6}},"363":{"start":{"line":1046,"column":2},"end":{"line":1088,"column":3}},"364":{"start":{"line":1047,"column":4},"end":{"line":1047,"column":55}},"365":{"start":{"line":1049,"column":24},"end":{"line":1049,"column":36}},"366":{"start":{"line":1050,"column":21},"end":{"line":1050,"column":52}},"367":{"start":{"line":1052,"column":4},"end":{"line":1054,"column":5}},"368":{"start":{"line":1053,"column":6},"end":{"line":1053,"column":40}},"369":{"start":{"line":1056,"column":4},"end":{"line":1058,"column":5}},"370":{"start":{"line":1057,"column":6},"end":{"line":1057,"column":42}},"371":{"start":{"line":1061,"column":26},"end":{"line":1069,"column":6}},"372":{"start":{"line":1071,"column":4},"end":{"line":1081,"column":5}},"373":{"start":{"line":1072,"column":28},"end":{"line":1072,"column":46}},"374":{"start":{"line":1073,"column":6},"end":{"line":1078,"column":8}},"375":{"start":{"line":1080,"column":6},"end":{"line":1080,"column":43}},"376":{"start":{"line":1083,"column":4},"end":{"line":1083,"column":52}},"377":{"start":{"line":1084,"column":4},"end":{"line":1087,"column":6}},"378":{"start":{"line":1102,"column":2},"end":{"line":1124,"column":3}},"379":{"start":{"line":1103,"column":4},"end":{"line":1103,"column":75}},"380":{"start":{"line":1106,"column":25},"end":{"line":1106,"column":73}},"381":{"start":{"line":1108,"column":4},"end":{"line":1117,"column":5}},"382":{"start":{"line":1109,"column":28},"end":{"line":1109,"column":65}},"383":{"start":{"line":1110,"column":6},"end":{"line":1110,"column":92}},"384":{"start":{"line":1111,"column":6},"end":{"line":1114,"column":8}},"385":{"start":{"line":1116,"column":6},"end":{"line":1116,"column":38}},"386":{"start":{"line":1119,"column":4},"end":{"line":1119,"column":61}},"387":{"start":{"line":1120,"column":4},"end":{"line":1123,"column":6}},"388":{"start":{"line":1133,"column":2},"end":{"line":1144,"column":3}},"389":{"start":{"line":1134,"column":4},"end":{"line":1134,"column":53}},"390":{"start":{"line":1137,"column":19},"end":{"line":1137,"column":56}},"391":{"start":{"line":1139,"column":4},"end":{"line":1139,"column":78}},"392":{"start":{"line":1140,"column":4},"end":{"line":1140,"column":18}},"393":{"start":{"line":1142,"column":4},"end":{"line":1142,"column":51}},"394":{"start":{"line":1143,"column":4},"end":{"line":1143,"column":16}},"395":{"start":{"line":1154,"column":2},"end":{"line":1183,"column":3}},"396":{"start":{"line":1156,"column":22},"end":{"line":1156,"column":73}},"397":{"start":{"line":1159,"column":18},"end":{"line":1159,"column":57}},"398":{"start":{"line":1160,"column":4},"end":{"line":1160,"column":53}},"399":{"start":{"line":1161,"column":4},"end":{"line":1161,"column":54}},"400":{"start":{"line":1162,"column":4},"end":{"line":1162,"column":74}},"401":{"start":{"line":1165,"column":4},"end":{"line":1170,"column":7}},"402":{"start":{"line":1172,"column":4},"end":{"line":1176,"column":6}},"403":{"start":{"line":1178,"column":4},"end":{"line":1178,"column":51}},"404":{"start":{"line":1179,"column":4},"end":{"line":1182,"column":6}},"405":{"start":{"line":1193,"column":2},"end":{"line":1211,"column":3}},"406":{"start":{"line":1195,"column":18},"end":{"line":1195,"column":57}},"407":{"start":{"line":1196,"column":24},"end":{"line":1196,"column":62}},"408":{"start":{"line":1198,"column":4},"end":{"line":1200,"column":5}},"409":{"start":{"line":1199,"column":6},"end":{"line":1199,"column":25}},"410":{"start":{"line":1203,"column":21},"end":{"line":1203,"column":44}},"411":{"start":{"line":1204,"column":22},"end":{"line":1204,"column":97}},"412":{"start":{"line":1206,"column":4},"end":{"line":1206,"column":21}},"413":{"start":{"line":1208,"column":4},"end":{"line":1208,"column":54}},"414":{"start":{"line":1210,"column":4},"end":{"line":1210,"column":85}},"415":{"start":{"line":1220,"column":2},"end":{"line":1248,"column":3}},"416":{"start":{"line":1221,"column":4},"end":{"line":1221,"column":60}},"417":{"start":{"line":1224,"column":25},"end":{"line":1224,"column":62}},"418":{"start":{"line":1225,"column":4},"end":{"line":1228,"column":5}},"419":{"start":{"line":1226,"column":6},"end":{"line":1226,"column":59}},"420":{"start":{"line":1227,"column":6},"end":{"line":1227,"column":16}},"421":{"start":{"line":1231,"column":23},"end":{"line":1231,"column":54}},"422":{"start":{"line":1232,"column":4},"end":{"line":1235,"column":5}},"423":{"start":{"line":1233,"column":6},"end":{"line":1233,"column":79}},"424":{"start":{"line":1234,"column":6},"end":{"line":1234,"column":38}},"425":{"start":{"line":1238,"column":4},"end":{"line":1238,"column":52}},"426":{"start":{"line":1239,"column":27},"end":{"line":1239,"column":29}},"427":{"start":{"line":1240,"column":4},"end":{"line":1242,"column":7}},"428":{"start":{"line":1241,"column":6},"end":{"line":1241,"column":40}},"429":{"start":{"line":1244,"column":4},"end":{"line":1244,"column":26}},"430":{"start":{"line":1246,"column":4},"end":{"line":1246,"column":54}},"431":{"start":{"line":1247,"column":4},"end":{"line":1247,"column":14}},"432":{"start":{"line":1258,"column":2},"end":{"line":1348,"column":3}},"433":{"start":{"line":1259,"column":4},"end":{"line":1259,"column":57}},"434":{"start":{"line":1262,"column":21},"end":{"line":1262,"column":40}},"435":{"start":{"line":1263,"column":4},"end":{"line":1270,"column":5}},"436":{"start":{"line":1264,"column":6},"end":{"line":1264,"column":65}},"437":{"start":{"line":1265,"column":6},"end":{"line":1269,"column":8}},"438":{"start":{"line":1272,"column":4},"end":{"line":1275,"column":7}},"439":{"start":{"line":1278,"column":20},"end":{"line":1278,"column":24}},"440":{"start":{"line":1279,"column":23},"end":{"line":1279,"column":35}},"441":{"start":{"line":1281,"column":4},"end":{"line":1306,"column":5}},"442":{"start":{"line":1282,"column":6},"end":{"line":1303,"column":7}},"443":{"start":{"line":1284,"column":21},"end":{"line":1284,"column":23}},"444":{"start":{"line":1285,"column":8},"end":{"line":1289,"column":9}},"445":{"start":{"line":1286,"column":10},"end":{"line":1286,"column":59}},"446":{"start":{"line":1288,"column":10},"end":{"line":1288,"column":78}},"447":{"start":{"line":1292,"column":26},"end":{"line":1292,"column":92}},"448":{"start":{"line":1293,"column":8},"end":{"line":1293,"column":72}},"449":{"start":{"line":1295,"column":8},"end":{"line":1295,"column":61}},"450":{"start":{"line":1296,"column":8},"end":{"line":1296,"column":60}},"451":{"start":{"line":1297,"column":8},"end":{"line":1299,"column":11}},"452":{"start":{"line":1301,"column":8},"end":{"line":1301,"column":80}},"453":{"start":{"line":1302,"column":8},"end":{"line":1302,"column":41}},"454":{"start":{"line":1305,"column":6},"end":{"line":1305,"column":42}},"455":{"start":{"line":1309,"column":20},"end":{"line":1309,"column":34}},"456":{"start":{"line":1310,"column":4},"end":{"line":1317,"column":5}},"457":{"start":{"line":1311,"column":6},"end":{"line":1311,"column":65}},"458":{"start":{"line":1312,"column":6},"end":{"line":1316,"column":8}},"459":{"start":{"line":1319,"column":20},"end":{"line":1319,"column":88}},"460":{"start":{"line":1320,"column":21},"end":{"line":1320,"column":90}},"461":{"start":{"line":1322,"column":19},"end":{"line":1332,"column":5}},"462":{"start":{"line":1334,"column":4},"end":{"line":1338,"column":7}},"463":{"start":{"line":1340,"column":4},"end":{"line":1340,"column":18}},"464":{"start":{"line":1342,"column":4},"end":{"line":1342,"column":60}},"465":{"start":{"line":1343,"column":4},"end":{"line":1347,"column":6}},"466":{"start":{"line":1356,"column":2},"end":{"line":1367,"column":3}},"467":{"start":{"line":1357,"column":4},"end":{"line":1357,"column":53}},"468":{"start":{"line":1360,"column":20},"end":{"line":1360,"column":35}},"469":{"start":{"line":1362,"column":4},"end":{"line":1362,"column":51}},"470":{"start":{"line":1363,"column":4},"end":{"line":1363,"column":19}},"471":{"start":{"line":1365,"column":4},"end":{"line":1365,"column":52}},"472":{"start":{"line":1366,"column":4},"end":{"line":1366,"column":17}},"473":{"start":{"line":1377,"column":2},"end":{"line":1435,"column":3}},"474":{"start":{"line":1378,"column":30},"end":{"line":1378,"column":32}},"475":{"start":{"line":1381,"column":31},"end":{"line":1381,"column":33}},"476":{"start":{"line":1382,"column":4},"end":{"line":1385,"column":7}},"477":{"start":{"line":1384,"column":6},"end":{"line":1384,"column":64}},"478":{"start":{"line":1388,"column":26},"end":{"line":1388,"column":28}},"479":{"start":{"line":1389,"column":4},"end":{"line":1392,"column":7}},"480":{"start":{"line":1390,"column":24},"end":{"line":1390,"column":48}},"481":{"start":{"line":1391,"column":6},"end":{"line":1391,"column":47}},"482":{"start":{"line":1395,"column":4},"end":{"line":1405,"column":7}},"483":{"start":{"line":1396,"column":6},"end":{"line":1396,"column":39}},"484":{"start":{"line":1396,"column":32},"end":{"line":1396,"column":39}},"485":{"start":{"line":1398,"column":26},"end":{"line":1398,"column":44}},"486":{"start":{"line":1399,"column":6},"end":{"line":1404,"column":7}},"487":{"start":{"line":1400,"column":26},"end":{"line":1400,"column":49}},"488":{"start":{"line":1401,"column":8},"end":{"line":1403,"column":9}},"489":{"start":{"line":1402,"column":10},"end":{"line":1402,"column":68}},"490":{"start":{"line":1408,"column":4},"end":{"line":1424,"column":7}},"491":{"start":{"line":1409,"column":26},"end":{"line":1409,"column":57}},"492":{"start":{"line":1412,"column":6},"end":{"line":1414,"column":7}},"493":{"start":{"line":1413,"column":8},"end":{"line":1413,"column":55}},"494":{"start":{"line":1417,"column":6},"end":{"line":1423,"column":7}},"495":{"start":{"line":1422,"column":8},"end":{"line":1422,"column":59}},"496":{"start":{"line":1426,"column":4},"end":{"line":1429,"column":7}},"497":{"start":{"line":1431,"column":4},"end":{"line":1431,"column":29}},"498":{"start":{"line":1433,"column":4},"end":{"line":1433,"column":60}},"499":{"start":{"line":1434,"column":4},"end":{"line":1434,"column":14}},"500":{"start":{"line":1438,"column":0},"end":{"line":1438,"column":36}}},"fnMap":{"0":{"name":"getActiveUserInfo","decl":{"start":{"line":19,"column":9},"end":{"line":19,"column":26}},"loc":{"start":{"line":19,"column":29},"end":{"line":21,"column":1}},"line":19},"1":{"name":"debugConstants","decl":{"start":{"line":23,"column":9},"end":{"line":23,"column":23}},"loc":{"start":{"line":23,"column":26},"end":{"line":29,"column":1}},"line":23},"2":{"name":"getSpreadsheetList","decl":{"start":{"line":39,"column":9},"end":{"line":39,"column":27}},"loc":{"start":{"line":39,"column":30},"end":{"line":84,"column":1}},"line":39},"3":{"name":"(anonymous_3)","decl":{"start":{"line":76,"column":22},"end":{"line":76,"column":23}},"loc":{"start":{"line":76,"column":32},"end":{"line":76,"column":83}},"line":76},"4":{"name":"getSheetList","decl":{"start":{"line":91,"column":9},"end":{"line":91,"column":21}},"loc":{"start":{"line":91,"column":37},"end":{"line":116,"column":1}},"line":91},"5":{"name":"(anonymous_5)","decl":{"start":{"line":102,"column":33},"end":{"line":102,"column":34}},"loc":{"start":{"line":102,"column":45},"end":{"line":108,"column":5}},"line":102},"6":{"name":"connectDataSource","decl":{"start":{"line":124,"column":9},"end":{"line":124,"column":26}},"loc":{"start":{"line":124,"column":53},"end":{"line":226,"column":1}},"line":124},"7":{"name":"detectColumnMapping","decl":{"start":{"line":237,"column":9},"end":{"line":237,"column":28}},"loc":{"start":{"line":237,"column":38},"end":{"line":325,"column":1}},"line":237},"8":{"name":"(anonymous_8)","decl":{"start":{"line":266,"column":57},"end":{"line":266,"column":58}},"loc":{"start":{"line":266,"column":69},"end":{"line":268,"column":3}},"line":266},"9":{"name":"(anonymous_9)","decl":{"start":{"line":272,"column":18},"end":{"line":272,"column":19}},"loc":{"start":{"line":272,"column":37},"end":{"line":308,"column":3}},"line":272},"10":{"name":"(anonymous_10)","decl":{"start":{"line":276,"column":59},"end":{"line":276,"column":60}},"loc":{"start":{"line":276,"column":71},"end":{"line":307,"column":5}},"line":276},"11":{"name":"(anonymous_11)","decl":{"start":{"line":292,"column":34},"end":{"line":292,"column":35}},"loc":{"start":{"line":292,"column":49},"end":{"line":297,"column":9}},"line":292},"12":{"name":"performBasicSYSTEM_CONSTANTSMapping","decl":{"start":{"line":330,"column":9},"end":{"line":330,"column":44}},"loc":{"start":{"line":330,"column":54},"end":{"line":380,"column":1}},"line":330},"13":{"name":"(anonymous_13)","decl":{"start":{"line":335,"column":57},"end":{"line":335,"column":58}},"loc":{"start":{"line":335,"column":69},"end":{"line":337,"column":3}},"line":335},"14":{"name":"(anonymous_14)","decl":{"start":{"line":341,"column":18},"end":{"line":341,"column":19}},"loc":{"start":{"line":341,"column":37},"end":{"line":377,"column":3}},"line":341},"15":{"name":"(anonymous_15)","decl":{"start":{"line":345,"column":59},"end":{"line":345,"column":60}},"loc":{"start":{"line":345,"column":71},"end":{"line":376,"column":5}},"line":345},"16":{"name":"(anonymous_16)","decl":{"start":{"line":361,"column":34},"end":{"line":361,"column":35}},"loc":{"start":{"line":361,"column":49},"end":{"line":366,"column":9}},"line":361},"17":{"name":"enhanceMappingWithAI","decl":{"start":{"line":385,"column":9},"end":{"line":385,"column":29}},"loc":{"start":{"line":385,"column":63},"end":{"line":414,"column":1}},"line":385},"18":{"name":"addMissingColumns","decl":{"start":{"line":423,"column":9},"end":{"line":423,"column":26}},"loc":{"start":{"line":423,"column":68},"end":{"line":561,"column":1}},"line":423},"19":{"name":"(anonymous_19)","decl":{"start":{"line":456,"column":42},"end":{"line":456,"column":43}},"loc":{"start":{"line":456,"column":49},"end":{"line":456,"column":71}},"line":456},"20":{"name":"(anonymous_20)","decl":{"start":{"line":458,"column":41},"end":{"line":458,"column":42}},"loc":{"start":{"line":458,"column":58},"end":{"line":493,"column":5}},"line":458},"21":{"name":"(anonymous_21)","decl":{"start":{"line":459,"column":41},"end":{"line":459,"column":42}},"loc":{"start":{"line":459,"column":55},"end":{"line":484,"column":7}},"line":459},"22":{"name":"(anonymous_22)","decl":{"start":{"line":508,"column":24},"end":{"line":508,"column":25}},"loc":{"start":{"line":508,"column":34},"end":{"line":508,"column":57}},"line":508},"23":{"name":"(anonymous_23)","decl":{"start":{"line":512,"column":54},"end":{"line":512,"column":55}},"loc":{"start":{"line":512,"column":63},"end":{"line":512,"column":80}},"line":512},"24":{"name":"(anonymous_24)","decl":{"start":{"line":517,"column":34},"end":{"line":517,"column":35}},"loc":{"start":{"line":517,"column":54},"end":{"line":534,"column":7}},"line":517},"25":{"name":"(anonymous_25)","decl":{"start":{"line":538,"column":53},"end":{"line":538,"column":54}},"loc":{"start":{"line":538,"column":62},"end":{"line":538,"column":78}},"line":538},"26":{"name":"getPriority","decl":{"start":{"line":568,"column":9},"end":{"line":568,"column":20}},"loc":{"start":{"line":568,"column":33},"end":{"line":581,"column":1}},"line":568},"27":{"name":"validateAccess","decl":{"start":{"line":588,"column":9},"end":{"line":588,"column":23}},"loc":{"start":{"line":588,"column":39},"end":{"line":631,"column":1}},"line":588},"28":{"name":"(anonymous_28)","decl":{"start":{"line":602,"column":33},"end":{"line":602,"column":34}},"loc":{"start":{"line":602,"column":45},"end":{"line":608,"column":5}},"line":602},"29":{"name":"analyzeColumns","decl":{"start":{"line":639,"column":9},"end":{"line":639,"column":23}},"loc":{"start":{"line":639,"column":50},"end":{"line":738,"column":1}},"line":639},"30":{"name":"convertIndicesToMapping","decl":{"start":{"line":746,"column":9},"end":{"line":746,"column":32}},"loc":{"start":{"line":746,"column":59},"end":{"line":802,"column":1}},"line":746},"31":{"name":"(anonymous_31)","decl":{"start":{"line":768,"column":57},"end":{"line":768,"column":58}},"loc":{"start":{"line":768,"column":69},"end":{"line":794,"column":3}},"line":768},"32":{"name":"validateAdminPanelMapping","decl":{"start":{"line":809,"column":9},"end":{"line":809,"column":34}},"loc":{"start":{"line":809,"column":44},"end":{"line":846,"column":1}},"line":809},"33":{"name":"(anonymous_33)","decl":{"start":{"line":818,"column":57},"end":{"line":818,"column":58}},"loc":{"start":{"line":818,"column":69},"end":{"line":828,"column":3}},"line":818},"34":{"name":"(anonymous_34)","decl":{"start":{"line":831,"column":75},"end":{"line":831,"column":76}},"loc":{"start":{"line":831,"column":84},"end":{"line":831,"column":91}},"line":831},"35":{"name":"(anonymous_35)","decl":{"start":{"line":832,"column":31},"end":{"line":832,"column":32}},"loc":{"start":{"line":832,"column":44},"end":{"line":836,"column":3}},"line":832},"36":{"name":"(anonymous_36)","decl":{"start":{"line":840,"column":45},"end":{"line":840,"column":46}},"loc":{"start":{"line":840,"column":52},"end":{"line":840,"column":71}},"line":840},"37":{"name":"(anonymous_37)","decl":{"start":{"line":841,"column":44},"end":{"line":841,"column":45}},"loc":{"start":{"line":841,"column":51},"end":{"line":841,"column":70}},"line":841},"38":{"name":"getCurrentConfig","decl":{"start":{"line":860,"column":9},"end":{"line":860,"column":25}},"loc":{"start":{"line":860,"column":28},"end":{"line":929,"column":1}},"line":860},"39":{"name":"detectActiveSheetName","decl":{"start":{"line":936,"column":9},"end":{"line":936,"column":30}},"loc":{"start":{"line":936,"column":46},"end":{"line":973,"column":1}},"line":936},"40":{"name":"(anonymous_40)","decl":{"start":{"line":946,"column":32},"end":{"line":946,"column":33}},"loc":{"start":{"line":946,"column":39},"end":{"line":946,"column":67}},"line":946},"41":{"name":"(anonymous_41)","decl":{"start":{"line":956,"column":14},"end":{"line":956,"column":15}},"loc":{"start":{"line":956,"column":21},"end":{"line":956,"column":39}},"line":956},"42":{"name":"(anonymous_42)","decl":{"start":{"line":957,"column":12},"end":{"line":957,"column":13}},"loc":{"start":{"line":957,"column":22},"end":{"line":957,"column":53}},"line":957},"43":{"name":"getSetupStatusFromStep","decl":{"start":{"line":980,"column":9},"end":{"line":980,"column":31}},"loc":{"start":{"line":980,"column":38},"end":{"line":991,"column":1}},"line":980},"44":{"name":"saveDraftConfiguration","decl":{"start":{"line":998,"column":9},"end":{"line":998,"column":31}},"loc":{"start":{"line":998,"column":40},"end":{"line":1038,"column":1}},"line":998},"45":{"name":"publishApplication","decl":{"start":{"line":1045,"column":9},"end":{"line":1045,"column":27}},"loc":{"start":{"line":1045,"column":36},"end":{"line":1089,"column":1}},"line":1045},"46":{"name":"updateUserSpreadsheetConfig","decl":{"start":{"line":1101,"column":9},"end":{"line":1101,"column":36}},"loc":{"start":{"line":1101,"column":53},"end":{"line":1125,"column":1}},"line":1101},"47":{"name":"getUserConfigJson","decl":{"start":{"line":1132,"column":9},"end":{"line":1132,"column":26}},"loc":{"start":{"line":1132,"column":35},"end":{"line":1145,"column":1}},"line":1132},"48":{"name":"executeAppPublish","decl":{"start":{"line":1153,"column":9},"end":{"line":1153,"column":26}},"loc":{"start":{"line":1153,"column":50},"end":{"line":1184,"column":1}},"line":1153},"49":{"name":"getOrCreateWebAppUrl","decl":{"start":{"line":1192,"column":9},"end":{"line":1192,"column":29}},"loc":{"start":{"line":1192,"column":47},"end":{"line":1212,"column":1}},"line":1192},"50":{"name":"getUserColumnMapping","decl":{"start":{"line":1219,"column":9},"end":{"line":1219,"column":29}},"loc":{"start":{"line":1219,"column":45},"end":{"line":1249,"column":1}},"line":1219},"51":{"name":"(anonymous_51)","decl":{"start":{"line":1240,"column":59},"end":{"line":1240,"column":60}},"loc":{"start":{"line":1240,"column":71},"end":{"line":1242,"column":5}},"line":1240},"52":{"name":"getCurrentBoardInfoAndUrls","decl":{"start":{"line":1257,"column":9},"end":{"line":1257,"column":35}},"loc":{"start":{"line":1257,"column":38},"end":{"line":1349,"column":1}},"line":1257},"53":{"name":"checkIsSystemAdmin","decl":{"start":{"line":1355,"column":9},"end":{"line":1355,"column":27}},"loc":{"start":{"line":1355,"column":30},"end":{"line":1368,"column":1}},"line":1355},"54":{"name":"convertToCompatibleMapping","decl":{"start":{"line":1376,"column":9},"end":{"line":1376,"column":35}},"loc":{"start":{"line":1376,"column":62},"end":{"line":1436,"column":1}},"line":1376},"55":{"name":"(anonymous_55)","decl":{"start":{"line":1382,"column":59},"end":{"line":1382,"column":60}},"loc":{"start":{"line":1382,"column":71},"end":{"line":1385,"column":5}},"line":1382},"56":{"name":"(anonymous_56)","decl":{"start":{"line":1389,"column":59},"end":{"line":1389,"column":60}},"loc":{"start":{"line":1389,"column":71},"end":{"line":1392,"column":5}},"line":1389},"57":{"name":"(anonymous_57)","decl":{"start":{"line":1395,"column":39},"end":{"line":1395,"column":40}},"loc":{"start":{"line":1395,"column":48},"end":{"line":1405,"column":5}},"line":1395},"58":{"name":"(anonymous_58)","decl":{"start":{"line":1408,"column":22},"end":{"line":1408,"column":23}},"loc":{"start":{"line":1408,"column":41},"end":{"line":1424,"column":5}},"line":1408}},"branchMap":{"0":{"loc":{"start":{"line":25,"column":2},"end":{"line":28,"column":3}},"type":"if","locations":[{"start":{"line":25,"column":2},"end":{"line":28,"column":3}},{"start":{},"end":{}}],"line":25},"1":{"loc":{"start":{"line":27,"column":40},"end":{"line":27,"column":132}},"type":"cond-expr","locations":[{"start":{"line":27,"column":74},"end":{"line":27,"column":118}},{"start":{"line":27,"column":121},"end":{"line":27,"column":132}}],"line":27},"2":{"loc":{"start":{"line":52,"column":11},"end":{"line":52,"column":48}},"type":"binary-expr","locations":[{"start":{"line":52,"column":11},"end":{"line":52,"column":26}},{"start":{"line":52,"column":30},"end":{"line":52,"column":48}}],"line":52},"3":{"loc":{"start":{"line":59,"column":8},"end":{"line":61,"column":9}},"type":"if","locations":[{"start":{"line":59,"column":8},"end":{"line":61,"column":9}},{"start":{},"end":{}}],"line":59},"4":{"loc":{"start":{"line":95,"column":4},"end":{"line":97,"column":5}},"type":"if","locations":[{"start":{"line":95,"column":4},"end":{"line":97,"column":5}},{"start":{},"end":{}}],"line":95},"5":{"loc":{"start":{"line":128,"column":4},"end":{"line":130,"column":5}},"type":"if","locations":[{"start":{"line":128,"column":4},"end":{"line":130,"column":5}},{"start":{},"end":{}}],"line":128},"6":{"loc":{"start":{"line":128,"column":8},"end":{"line":128,"column":36}},"type":"binary-expr","locations":[{"start":{"line":128,"column":8},"end":{"line":128,"column":22}},{"start":{"line":128,"column":26},"end":{"line":128,"column":36}}],"line":128},"7":{"loc":{"start":{"line":135,"column":4},"end":{"line":137,"column":5}},"type":"if","locations":[{"start":{"line":135,"column":4},"end":{"line":137,"column":5}},{"start":{},"end":{}}],"line":135},"8":{"loc":{"start":{"line":144,"column":24},"end":{"line":146,"column":38}},"type":"cond-expr","locations":[{"start":{"line":145,"column":8},"end":{"line":145,"column":57}},{"start":{"line":146,"column":8},"end":{"line":146,"column":38}}],"line":144},"9":{"loc":{"start":{"line":150,"column":4},"end":{"line":152,"column":5}},"type":"if","locations":[{"start":{"line":150,"column":4},"end":{"line":152,"column":5}},{"start":{},"end":{}}],"line":150},"10":{"loc":{"start":{"line":153,"column":4},"end":{"line":155,"column":5}},"type":"if","locations":[{"start":{"line":153,"column":4},"end":{"line":155,"column":5}},{"start":{},"end":{}}],"line":153},"11":{"loc":{"start":{"line":162,"column":4},"end":{"line":171,"column":5}},"type":"if","locations":[{"start":{"line":162,"column":4},"end":{"line":171,"column":5}},{"start":{},"end":{}}],"line":162},"12":{"loc":{"start":{"line":162,"column":8},"end":{"line":162,"column":84}},"type":"binary-expr","locations":[{"start":{"line":162,"column":8},"end":{"line":162,"column":36}},{"start":{"line":162,"column":40},"end":{"line":162,"column":84}}],"line":162},"13":{"loc":{"start":{"line":168,"column":22},"end":{"line":170,"column":47}},"type":"cond-expr","locations":[{"start":{"line":169,"column":10},"end":{"line":169,"column":73}},{"start":{"line":170,"column":10},"end":{"line":170,"column":47}}],"line":168},"14":{"loc":{"start":{"line":177,"column":4},"end":{"line":193,"column":5}},"type":"if","locations":[{"start":{"line":177,"column":4},"end":{"line":193,"column":5}},{"start":{},"end":{}}],"line":177},"15":{"loc":{"start":{"line":199,"column":4},"end":{"line":209,"column":5}},"type":"if","locations":[{"start":{"line":199,"column":4},"end":{"line":209,"column":5}},{"start":{},"end":{}}],"line":199},"16":{"loc":{"start":{"line":200,"column":6},"end":{"line":202,"column":7}},"type":"if","locations":[{"start":{"line":200,"column":6},"end":{"line":202,"column":7}},{"start":{},"end":{}}],"line":200},"17":{"loc":{"start":{"line":203,"column":6},"end":{"line":208,"column":7}},"type":"if","locations":[{"start":{"line":203,"column":6},"end":{"line":208,"column":7}},{"start":{},"end":{}}],"line":203},"18":{"loc":{"start":{"line":204,"column":8},"end":{"line":205,"column":58}},"type":"binary-expr","locations":[{"start":{"line":204,"column":8},"end":{"line":204,"column":47}},{"start":{"line":205,"column":8},"end":{"line":205,"column":58}}],"line":204},"19":{"loc":{"start":{"line":242,"column":2},"end":{"line":259,"column":3}},"type":"if","locations":[{"start":{"line":242,"column":2},"end":{"line":259,"column":3}},{"start":{},"end":{}}],"line":242},"20":{"loc":{"start":{"line":242,"column":6},"end":{"line":242,"column":81}},"type":"binary-expr","locations":[{"start":{"line":242,"column":6},"end":{"line":242,"column":45}},{"start":{"line":242,"column":49},"end":{"line":242,"column":81}}],"line":242},"21":{"loc":{"start":{"line":253,"column":30},"end":{"line":253,"column":66}},"type":"binary-expr","locations":[{"start":{"line":253,"column":30},"end":{"line":253,"column":45}},{"start":{"line":253,"column":49},"end":{"line":253,"column":66}}],"line":253},"22":{"loc":{"start":{"line":257,"column":18},"end":{"line":257,"column":88}},"type":"binary-expr","locations":[{"start":{"line":257,"column":18},"end":{"line":257,"column":37}},{"start":{"line":257,"column":41},"end":{"line":257,"column":88}}],"line":257},"23":{"loc":{"start":{"line":282,"column":6},"end":{"line":288,"column":7}},"type":"if","locations":[{"start":{"line":282,"column":6},"end":{"line":288,"column":7}},{"start":{"line":284,"column":13},"end":{"line":288,"column":7}}],"line":282},"24":{"loc":{"start":{"line":284,"column":13},"end":{"line":288,"column":7}},"type":"if","locations":[{"start":{"line":284,"column":13},"end":{"line":288,"column":7}},{"start":{"line":286,"column":13},"end":{"line":288,"column":7}}],"line":284},"25":{"loc":{"start":{"line":286,"column":13},"end":{"line":288,"column":7}},"type":"if","locations":[{"start":{"line":286,"column":13},"end":{"line":288,"column":7}},{"start":{},"end":{}}],"line":286},"26":{"loc":{"start":{"line":286,"column":17},"end":{"line":286,"column":75}},"type":"binary-expr","locations":[{"start":{"line":286,"column":17},"end":{"line":286,"column":49}},{"start":{"line":286,"column":53},"end":{"line":286,"column":75}}],"line":286},"27":{"loc":{"start":{"line":291,"column":6},"end":{"line":298,"column":7}},"type":"if","locations":[{"start":{"line":291,"column":6},"end":{"line":298,"column":7}},{"start":{},"end":{}}],"line":291},"28":{"loc":{"start":{"line":291,"column":10},"end":{"line":291,"column":47}},"type":"binary-expr","locations":[{"start":{"line":291,"column":10},"end":{"line":291,"column":26}},{"start":{"line":291,"column":30},"end":{"line":291,"column":47}}],"line":291},"29":{"loc":{"start":{"line":294,"column":10},"end":{"line":296,"column":11}},"type":"if","locations":[{"start":{"line":294,"column":10},"end":{"line":296,"column":11}},{"start":{},"end":{}}],"line":294},"30":{"loc":{"start":{"line":301,"column":6},"end":{"line":306,"column":7}},"type":"if","locations":[{"start":{"line":301,"column":6},"end":{"line":306,"column":7}},{"start":{},"end":{}}],"line":301},"31":{"loc":{"start":{"line":302,"column":8},"end":{"line":305,"column":9}},"type":"if","locations":[{"start":{"line":302,"column":8},"end":{"line":305,"column":9}},{"start":{},"end":{}}],"line":302},"32":{"loc":{"start":{"line":302,"column":12},"end":{"line":302,"column":82}},"type":"binary-expr","locations":[{"start":{"line":302,"column":12},"end":{"line":302,"column":30}},{"start":{"line":302,"column":34},"end":{"line":302,"column":82}}],"line":302},"33":{"loc":{"start":{"line":302,"column":48},"end":{"line":302,"column":81}},"type":"binary-expr","locations":[{"start":{"line":302,"column":48},"end":{"line":302,"column":76}},{"start":{"line":302,"column":80},"end":{"line":302,"column":81}}],"line":302},"34":{"loc":{"start":{"line":351,"column":6},"end":{"line":357,"column":7}},"type":"if","locations":[{"start":{"line":351,"column":6},"end":{"line":357,"column":7}},{"start":{"line":353,"column":13},"end":{"line":357,"column":7}}],"line":351},"35":{"loc":{"start":{"line":353,"column":13},"end":{"line":357,"column":7}},"type":"if","locations":[{"start":{"line":353,"column":13},"end":{"line":357,"column":7}},{"start":{"line":355,"column":13},"end":{"line":357,"column":7}}],"line":353},"36":{"loc":{"start":{"line":355,"column":13},"end":{"line":357,"column":7}},"type":"if","locations":[{"start":{"line":355,"column":13},"end":{"line":357,"column":7}},{"start":{},"end":{}}],"line":355},"37":{"loc":{"start":{"line":355,"column":17},"end":{"line":355,"column":75}},"type":"binary-expr","locations":[{"start":{"line":355,"column":17},"end":{"line":355,"column":49}},{"start":{"line":355,"column":53},"end":{"line":355,"column":75}}],"line":355},"38":{"loc":{"start":{"line":360,"column":6},"end":{"line":367,"column":7}},"type":"if","locations":[{"start":{"line":360,"column":6},"end":{"line":367,"column":7}},{"start":{},"end":{}}],"line":360},"39":{"loc":{"start":{"line":360,"column":10},"end":{"line":360,"column":47}},"type":"binary-expr","locations":[{"start":{"line":360,"column":10},"end":{"line":360,"column":26}},{"start":{"line":360,"column":30},"end":{"line":360,"column":47}}],"line":360},"40":{"loc":{"start":{"line":363,"column":10},"end":{"line":365,"column":11}},"type":"if","locations":[{"start":{"line":363,"column":10},"end":{"line":365,"column":11}},{"start":{},"end":{}}],"line":363},"41":{"loc":{"start":{"line":370,"column":6},"end":{"line":375,"column":7}},"type":"if","locations":[{"start":{"line":370,"column":6},"end":{"line":375,"column":7}},{"start":{},"end":{}}],"line":370},"42":{"loc":{"start":{"line":371,"column":8},"end":{"line":374,"column":9}},"type":"if","locations":[{"start":{"line":371,"column":8},"end":{"line":374,"column":9}},{"start":{},"end":{}}],"line":371},"43":{"loc":{"start":{"line":371,"column":12},"end":{"line":371,"column":82}},"type":"binary-expr","locations":[{"start":{"line":371,"column":12},"end":{"line":371,"column":30}},{"start":{"line":371,"column":34},"end":{"line":371,"column":82}}],"line":371},"44":{"loc":{"start":{"line":371,"column":48},"end":{"line":371,"column":81}},"type":"binary-expr","locations":[{"start":{"line":371,"column":48},"end":{"line":371,"column":76}},{"start":{"line":371,"column":80},"end":{"line":371,"column":81}}],"line":371},"45":{"loc":{"start":{"line":389,"column":2},"end":{"line":393,"column":3}},"type":"if","locations":[{"start":{"line":389,"column":2},"end":{"line":393,"column":3}},{"start":{},"end":{}}],"line":389},"46":{"loc":{"start":{"line":389,"column":6},"end":{"line":389,"column":118}},"type":"binary-expr","locations":[{"start":{"line":389,"column":6},"end":{"line":389,"column":21}},{"start":{"line":389,"column":26},"end":{"line":389,"column":42}},{"start":{"line":389,"column":46},"end":{"line":389,"column":117}}],"line":389},"47":{"loc":{"start":{"line":389,"column":47},"end":{"line":389,"column":79}},"type":"binary-expr","locations":[{"start":{"line":389,"column":47},"end":{"line":389,"column":74}},{"start":{"line":389,"column":78},"end":{"line":389,"column":79}}],"line":389},"48":{"loc":{"start":{"line":389,"column":84},"end":{"line":389,"column":116}},"type":"binary-expr","locations":[{"start":{"line":389,"column":84},"end":{"line":389,"column":111}},{"start":{"line":389,"column":115},"end":{"line":389,"column":116}}],"line":389},"49":{"loc":{"start":{"line":391,"column":26},"end":{"line":391,"column":51}},"type":"binary-expr","locations":[{"start":{"line":391,"column":26},"end":{"line":391,"column":45}},{"start":{"line":391,"column":49},"end":{"line":391,"column":51}}],"line":391},"50":{"loc":{"start":{"line":392,"column":33},"end":{"line":392,"column":66}},"type":"binary-expr","locations":[{"start":{"line":392,"column":33},"end":{"line":392,"column":60}},{"start":{"line":392,"column":64},"end":{"line":392,"column":66}}],"line":392},"51":{"loc":{"start":{"line":395,"column":2},"end":{"line":399,"column":3}},"type":"if","locations":[{"start":{"line":395,"column":2},"end":{"line":399,"column":3}},{"start":{},"end":{}}],"line":395},"52":{"loc":{"start":{"line":395,"column":6},"end":{"line":395,"column":118}},"type":"binary-expr","locations":[{"start":{"line":395,"column":6},"end":{"line":395,"column":21}},{"start":{"line":395,"column":26},"end":{"line":395,"column":42}},{"start":{"line":395,"column":46},"end":{"line":395,"column":117}}],"line":395},"53":{"loc":{"start":{"line":395,"column":47},"end":{"line":395,"column":79}},"type":"binary-expr","locations":[{"start":{"line":395,"column":47},"end":{"line":395,"column":74}},{"start":{"line":395,"column":78},"end":{"line":395,"column":79}}],"line":395},"54":{"loc":{"start":{"line":395,"column":84},"end":{"line":395,"column":116}},"type":"binary-expr","locations":[{"start":{"line":395,"column":84},"end":{"line":395,"column":111}},{"start":{"line":395,"column":115},"end":{"line":395,"column":116}}],"line":395},"55":{"loc":{"start":{"line":397,"column":26},"end":{"line":397,"column":51}},"type":"binary-expr","locations":[{"start":{"line":397,"column":26},"end":{"line":397,"column":45}},{"start":{"line":397,"column":49},"end":{"line":397,"column":51}}],"line":397},"56":{"loc":{"start":{"line":398,"column":33},"end":{"line":398,"column":66}},"type":"binary-expr","locations":[{"start":{"line":398,"column":33},"end":{"line":398,"column":60}},{"start":{"line":398,"column":64},"end":{"line":398,"column":66}}],"line":398},"57":{"loc":{"start":{"line":401,"column":2},"end":{"line":405,"column":3}},"type":"if","locations":[{"start":{"line":401,"column":2},"end":{"line":405,"column":3}},{"start":{},"end":{}}],"line":401},"58":{"loc":{"start":{"line":401,"column":6},"end":{"line":401,"column":120}},"type":"binary-expr","locations":[{"start":{"line":401,"column":6},"end":{"line":401,"column":26}},{"start":{"line":401,"column":31},"end":{"line":401,"column":46}},{"start":{"line":401,"column":50},"end":{"line":401,"column":119}}],"line":401},"59":{"loc":{"start":{"line":401,"column":51},"end":{"line":401,"column":82}},"type":"binary-expr","locations":[{"start":{"line":401,"column":51},"end":{"line":401,"column":77}},{"start":{"line":401,"column":81},"end":{"line":401,"column":82}}],"line":401},"60":{"loc":{"start":{"line":401,"column":87},"end":{"line":401,"column":118}},"type":"binary-expr","locations":[{"start":{"line":401,"column":87},"end":{"line":401,"column":113}},{"start":{"line":401,"column":117},"end":{"line":401,"column":118}}],"line":401},"61":{"loc":{"start":{"line":403,"column":26},"end":{"line":403,"column":51}},"type":"binary-expr","locations":[{"start":{"line":403,"column":26},"end":{"line":403,"column":45}},{"start":{"line":403,"column":49},"end":{"line":403,"column":51}}],"line":403},"62":{"loc":{"start":{"line":404,"column":32},"end":{"line":404,"column":64}},"type":"binary-expr","locations":[{"start":{"line":404,"column":32},"end":{"line":404,"column":58}},{"start":{"line":404,"column":62},"end":{"line":404,"column":64}}],"line":404},"63":{"loc":{"start":{"line":407,"column":2},"end":{"line":411,"column":3}},"type":"if","locations":[{"start":{"line":407,"column":2},"end":{"line":411,"column":3}},{"start":{},"end":{}}],"line":407},"64":{"loc":{"start":{"line":407,"column":6},"end":{"line":407,"column":110}},"type":"binary-expr","locations":[{"start":{"line":407,"column":6},"end":{"line":407,"column":19}},{"start":{"line":407,"column":24},"end":{"line":407,"column":38}},{"start":{"line":407,"column":42},"end":{"line":407,"column":109}}],"line":407},"65":{"loc":{"start":{"line":407,"column":43},"end":{"line":407,"column":73}},"type":"binary-expr","locations":[{"start":{"line":407,"column":43},"end":{"line":407,"column":68}},{"start":{"line":407,"column":72},"end":{"line":407,"column":73}}],"line":407},"66":{"loc":{"start":{"line":407,"column":78},"end":{"line":407,"column":108}},"type":"binary-expr","locations":[{"start":{"line":407,"column":78},"end":{"line":407,"column":103}},{"start":{"line":407,"column":107},"end":{"line":407,"column":108}}],"line":407},"67":{"loc":{"start":{"line":409,"column":26},"end":{"line":409,"column":51}},"type":"binary-expr","locations":[{"start":{"line":409,"column":26},"end":{"line":409,"column":45}},{"start":{"line":409,"column":49},"end":{"line":409,"column":51}}],"line":409},"68":{"loc":{"start":{"line":410,"column":31},"end":{"line":410,"column":62}},"type":"binary-expr","locations":[{"start":{"line":410,"column":31},"end":{"line":410,"column":56}},{"start":{"line":410,"column":60},"end":{"line":410,"column":62}}],"line":410},"69":{"loc":{"start":{"line":434,"column":4},"end":{"line":436,"column":5}},"type":"if","locations":[{"start":{"line":434,"column":4},"end":{"line":436,"column":5}},{"start":{},"end":{}}],"line":434},"70":{"loc":{"start":{"line":456,"column":56},"end":{"line":456,"column":63}},"type":"binary-expr","locations":[{"start":{"line":456,"column":56},"end":{"line":456,"column":57}},{"start":{"line":456,"column":61},"end":{"line":456,"column":63}}],"line":456},"71":{"loc":{"start":{"line":464,"column":8},"end":{"line":472,"column":9}},"type":"if","locations":[{"start":{"line":464,"column":8},"end":{"line":472,"column":9}},{"start":{},"end":{}}],"line":464},"72":{"loc":{"start":{"line":465,"column":10},"end":{"line":468,"column":33}},"type":"binary-expr","locations":[{"start":{"line":465,"column":10},"end":{"line":465,"column":33}},{"start":{"line":466,"column":10},"end":{"line":466,"column":32}},{"start":{"line":467,"column":10},"end":{"line":467,"column":36}},{"start":{"line":468,"column":10},"end":{"line":468,"column":33}}],"line":465},"73":{"loc":{"start":{"line":476,"column":10},"end":{"line":482,"column":76}},"type":"binary-expr","locations":[{"start":{"line":476,"column":10},"end":{"line":476,"column":47}},{"start":{"line":477,"column":11},"end":{"line":477,"column":36}},{"start":{"line":477,"column":40},"end":{"line":477,"column":71}},{"start":{"line":478,"column":11},"end":{"line":478,"column":31}},{"start":{"line":479,"column":13},"end":{"line":479,"column":41}},{"start":{"line":479,"column":45},"end":{"line":479,"column":73}},{"start":{"line":480,"column":11},"end":{"line":480,"column":31}},{"start":{"line":481,"column":13},"end":{"line":481,"column":41}},{"start":{"line":481,"column":45},"end":{"line":481,"column":73}},{"start":{"line":482,"column":11},"end":{"line":482,"column":36}},{"start":{"line":482,"column":40},"end":{"line":482,"column":75}}],"line":476},"74":{"loc":{"start":{"line":486,"column":6},"end":{"line":492,"column":7}},"type":"if","locations":[{"start":{"line":486,"column":6},"end":{"line":492,"column":7}},{"start":{},"end":{}}],"line":486},"75":{"loc":{"start":{"line":498,"column":4},"end":{"line":505,"column":5}},"type":"if","locations":[{"start":{"line":498,"column":4},"end":{"line":505,"column":5}},{"start":{},"end":{}}],"line":498},"76":{"loc":{"start":{"line":514,"column":4},"end":{"line":535,"column":5}},"type":"if","locations":[{"start":{"line":514,"column":4},"end":{"line":535,"column":5}},{"start":{},"end":{}}],"line":514},"77":{"loc":{"start":{"line":580,"column":9},"end":{"line":580,"column":36}},"type":"binary-expr","locations":[{"start":{"line":580,"column":9},"end":{"line":580,"column":31}},{"start":{"line":580,"column":35},"end":{"line":580,"column":36}}],"line":580},"78":{"loc":{"start":{"line":592,"column":4},"end":{"line":594,"column":5}},"type":"if","locations":[{"start":{"line":592,"column":4},"end":{"line":594,"column":5}},{"start":{},"end":{}}],"line":592},"79":{"loc":{"start":{"line":643,"column":4},"end":{"line":645,"column":5}},"type":"if","locations":[{"start":{"line":643,"column":4},"end":{"line":645,"column":5}},{"start":{},"end":{}}],"line":643},"80":{"loc":{"start":{"line":643,"column":8},"end":{"line":643,"column":36}},"type":"binary-expr","locations":[{"start":{"line":643,"column":8},"end":{"line":643,"column":22}},{"start":{"line":643,"column":26},"end":{"line":643,"column":36}}],"line":643},"81":{"loc":{"start":{"line":650,"column":4},"end":{"line":652,"column":5}},"type":"if","locations":[{"start":{"line":650,"column":4},"end":{"line":652,"column":5}},{"start":{},"end":{}}],"line":650},"82":{"loc":{"start":{"line":659,"column":24},"end":{"line":661,"column":38}},"type":"cond-expr","locations":[{"start":{"line":660,"column":8},"end":{"line":660,"column":57}},{"start":{"line":661,"column":8},"end":{"line":661,"column":38}}],"line":659},"83":{"loc":{"start":{"line":665,"column":4},"end":{"line":667,"column":5}},"type":"if","locations":[{"start":{"line":665,"column":4},"end":{"line":667,"column":5}},{"start":{},"end":{}}],"line":665},"84":{"loc":{"start":{"line":668,"column":4},"end":{"line":670,"column":5}},"type":"if","locations":[{"start":{"line":668,"column":4},"end":{"line":670,"column":5}},{"start":{},"end":{}}],"line":668},"85":{"loc":{"start":{"line":678,"column":4},"end":{"line":689,"column":5}},"type":"if","locations":[{"start":{"line":678,"column":4},"end":{"line":689,"column":5}},{"start":{},"end":{}}],"line":678},"86":{"loc":{"start":{"line":678,"column":8},"end":{"line":678,"column":84}},"type":"binary-expr","locations":[{"start":{"line":678,"column":8},"end":{"line":678,"column":36}},{"start":{"line":678,"column":40},"end":{"line":678,"column":84}}],"line":678},"87":{"loc":{"start":{"line":684,"column":22},"end":{"line":686,"column":47}},"type":"cond-expr","locations":[{"start":{"line":685,"column":10},"end":{"line":685,"column":73}},{"start":{"line":686,"column":10},"end":{"line":686,"column":47}}],"line":684},"88":{"loc":{"start":{"line":695,"column":4},"end":{"line":704,"column":5}},"type":"if","locations":[{"start":{"line":695,"column":4},"end":{"line":704,"column":5}},{"start":{},"end":{}}],"line":695},"89":{"loc":{"start":{"line":710,"column":4},"end":{"line":720,"column":5}},"type":"if","locations":[{"start":{"line":710,"column":4},"end":{"line":720,"column":5}},{"start":{},"end":{}}],"line":710},"90":{"loc":{"start":{"line":711,"column":6},"end":{"line":713,"column":7}},"type":"if","locations":[{"start":{"line":711,"column":6},"end":{"line":713,"column":7}},{"start":{},"end":{}}],"line":711},"91":{"loc":{"start":{"line":714,"column":6},"end":{"line":719,"column":7}},"type":"if","locations":[{"start":{"line":714,"column":6},"end":{"line":719,"column":7}},{"start":{},"end":{}}],"line":714},"92":{"loc":{"start":{"line":715,"column":8},"end":{"line":716,"column":58}},"type":"binary-expr","locations":[{"start":{"line":715,"column":8},"end":{"line":715,"column":47}},{"start":{"line":716,"column":8},"end":{"line":716,"column":58}}],"line":715},"93":{"loc":{"start":{"line":748,"column":2},"end":{"line":751,"column":3}},"type":"if","locations":[{"start":{"line":748,"column":2},"end":{"line":751,"column":3}},{"start":{},"end":{}}],"line":748},"94":{"loc":{"start":{"line":748,"column":6},"end":{"line":748,"column":57}},"type":"binary-expr","locations":[{"start":{"line":748,"column":6},"end":{"line":748,"column":20}},{"start":{"line":748,"column":24},"end":{"line":748,"column":57}}],"line":748},"95":{"loc":{"start":{"line":753,"column":2},"end":{"line":756,"column":3}},"type":"if","locations":[{"start":{"line":753,"column":2},"end":{"line":756,"column":3}},{"start":{},"end":{}}],"line":753},"96":{"loc":{"start":{"line":753,"column":6},"end":{"line":753,"column":45}},"type":"binary-expr","locations":[{"start":{"line":753,"column":6},"end":{"line":753,"column":16}},{"start":{"line":753,"column":20},"end":{"line":753,"column":45}}],"line":753},"97":{"loc":{"start":{"line":774,"column":4},"end":{"line":791,"column":5}},"type":"if","locations":[{"start":{"line":774,"column":4},"end":{"line":791,"column":5}},{"start":{"line":776,"column":11},"end":{"line":791,"column":5}}],"line":774},"98":{"loc":{"start":{"line":778,"column":6},"end":{"line":790,"column":7}},"type":"if","locations":[{"start":{"line":778,"column":6},"end":{"line":790,"column":7}},{"start":{},"end":{}}],"line":778},"99":{"loc":{"start":{"line":778,"column":10},"end":{"line":778,"column":63}},"type":"binary-expr","locations":[{"start":{"line":778,"column":10},"end":{"line":778,"column":27}},{"start":{"line":778,"column":31},"end":{"line":778,"column":63}}],"line":778},"100":{"loc":{"start":{"line":782,"column":12},"end":{"line":786,"column":13}},"type":"if","locations":[{"start":{"line":782,"column":12},"end":{"line":786,"column":13}},{"start":{},"end":{}}],"line":782},"101":{"loc":{"start":{"line":788,"column":10},"end":{"line":788,"column":42}},"type":"if","locations":[{"start":{"line":788,"column":10},"end":{"line":788,"column":42}},{"start":{},"end":{}}],"line":788},"102":{"loc":{"start":{"line":822,"column":4},"end":{"line":827,"column":5}},"type":"if","locations":[{"start":{"line":822,"column":4},"end":{"line":827,"column":5}},{"start":{"line":825,"column":11},"end":{"line":827,"column":5}}],"line":822},"103":{"loc":{"start":{"line":822,"column":8},"end":{"line":822,"column":67}},"type":"binary-expr","locations":[{"start":{"line":822,"column":8},"end":{"line":822,"column":18}},{"start":{"line":822,"column":22},"end":{"line":822,"column":40}},{"start":{"line":822,"column":44},"end":{"line":822,"column":67}}],"line":822},"104":{"loc":{"start":{"line":825,"column":11},"end":{"line":827,"column":5}},"type":"if","locations":[{"start":{"line":825,"column":11},"end":{"line":827,"column":5}},{"start":{},"end":{}}],"line":825},"105":{"loc":{"start":{"line":825,"column":15},"end":{"line":825,"column":75}},"type":"binary-expr","locations":[{"start":{"line":825,"column":15},"end":{"line":825,"column":26}},{"start":{"line":825,"column":30},"end":{"line":825,"column":48}},{"start":{"line":825,"column":52},"end":{"line":825,"column":75}}],"line":825},"106":{"loc":{"start":{"line":833,"column":4},"end":{"line":835,"column":5}},"type":"if","locations":[{"start":{"line":833,"column":4},"end":{"line":835,"column":5}},{"start":{},"end":{}}],"line":833},"107":{"loc":{"start":{"line":867,"column":4},"end":{"line":877,"column":5}},"type":"if","locations":[{"start":{"line":867,"column":4},"end":{"line":877,"column":5}},{"start":{},"end":{}}],"line":867},"108":{"loc":{"start":{"line":885,"column":4},"end":{"line":888,"column":5}},"type":"if","locations":[{"start":{"line":885,"column":4},"end":{"line":888,"column":5}},{"start":{},"end":{}}],"line":885},"109":{"loc":{"start":{"line":885,"column":8},"end":{"line":885,"column":32}},"type":"binary-expr","locations":[{"start":{"line":885,"column":8},"end":{"line":885,"column":18}},{"start":{"line":885,"column":22},"end":{"line":885,"column":32}}],"line":885},"110":{"loc":{"start":{"line":887,"column":18},"end":{"line":887,"column":85}},"type":"binary-expr","locations":[{"start":{"line":887,"column":18},"end":{"line":887,"column":47}},{"start":{"line":887,"column":51},"end":{"line":887,"column":77}},{"start":{"line":887,"column":81},"end":{"line":887,"column":85}}],"line":887},"111":{"loc":{"start":{"line":891,"column":4},"end":{"line":899,"column":5}},"type":"if","locations":[{"start":{"line":891,"column":4},"end":{"line":899,"column":5}},{"start":{},"end":{}}],"line":891},"112":{"loc":{"start":{"line":891,"column":8},"end":{"line":891,"column":44}},"type":"binary-expr","locations":[{"start":{"line":891,"column":8},"end":{"line":891,"column":18}},{"start":{"line":891,"column":22},"end":{"line":891,"column":44}}],"line":891},"113":{"loc":{"start":{"line":905,"column":19},"end":{"line":905,"column":62}},"type":"cond-expr","locations":[{"start":{"line":905,"column":32},"end":{"line":905,"column":54}},{"start":{"line":905,"column":57},"end":{"line":905,"column":62}}],"line":905},"114":{"loc":{"start":{"line":906,"column":20},"end":{"line":906,"column":64}},"type":"cond-expr","locations":[{"start":{"line":906,"column":33},"end":{"line":906,"column":56}},{"start":{"line":906,"column":59},"end":{"line":906,"column":64}}],"line":906},"115":{"loc":{"start":{"line":914,"column":19},"end":{"line":914,"column":69}},"type":"cond-expr","locations":[{"start":{"line":914,"column":32},"end":{"line":914,"column":62}},{"start":{"line":914,"column":65},"end":{"line":914,"column":69}}],"line":914},"116":{"loc":{"start":{"line":915,"column":23},"end":{"line":915,"column":77}},"type":"cond-expr","locations":[{"start":{"line":915,"column":36},"end":{"line":915,"column":70}},{"start":{"line":915,"column":73},"end":{"line":915,"column":77}}],"line":915},"117":{"loc":{"start":{"line":947,"column":6},"end":{"line":951,"column":7}},"type":"if","locations":[{"start":{"line":947,"column":6},"end":{"line":951,"column":7}},{"start":{},"end":{}}],"line":947},"118":{"loc":{"start":{"line":947,"column":10},"end":{"line":947,"column":41}},"type":"binary-expr","locations":[{"start":{"line":947,"column":10},"end":{"line":947,"column":15}},{"start":{"line":947,"column":19},"end":{"line":947,"column":41}}],"line":947},"119":{"loc":{"start":{"line":959,"column":4},"end":{"line":963,"column":5}},"type":"if","locations":[{"start":{"line":959,"column":4},"end":{"line":963,"column":5}},{"start":{},"end":{}}],"line":959},"120":{"loc":{"start":{"line":981,"column":2},"end":{"line":990,"column":3}},"type":"switch","locations":[{"start":{"line":982,"column":4},"end":{"line":983,"column":23}},{"start":{"line":984,"column":4},"end":{"line":985,"column":27}},{"start":{"line":986,"column":4},"end":{"line":987,"column":25}},{"start":{"line":988,"column":4},"end":{"line":989,"column":23}}],"line":981},"121":{"loc":{"start":{"line":1005,"column":4},"end":{"line":1008,"column":5}},"type":"if","locations":[{"start":{"line":1005,"column":4},"end":{"line":1008,"column":5}},{"start":{},"end":{}}],"line":1005},"122":{"loc":{"start":{"line":1021,"column":4},"end":{"line":1030,"column":5}},"type":"if","locations":[{"start":{"line":1021,"column":4},"end":{"line":1030,"column":5}},{"start":{"line":1028,"column":11},"end":{"line":1030,"column":5}}],"line":1021},"123":{"loc":{"start":{"line":1052,"column":4},"end":{"line":1054,"column":5}},"type":"if","locations":[{"start":{"line":1052,"column":4},"end":{"line":1054,"column":5}},{"start":{},"end":{}}],"line":1052},"124":{"loc":{"start":{"line":1056,"column":4},"end":{"line":1058,"column":5}},"type":"if","locations":[{"start":{"line":1056,"column":4},"end":{"line":1058,"column":5}},{"start":{},"end":{}}],"line":1056},"125":{"loc":{"start":{"line":1056,"column":8},"end":{"line":1056,"column":50}},"type":"binary-expr","locations":[{"start":{"line":1056,"column":8},"end":{"line":1056,"column":29}},{"start":{"line":1056,"column":33},"end":{"line":1056,"column":50}}],"line":1056},"126":{"loc":{"start":{"line":1071,"column":4},"end":{"line":1081,"column":5}},"type":"if","locations":[{"start":{"line":1071,"column":4},"end":{"line":1081,"column":5}},{"start":{"line":1079,"column":11},"end":{"line":1081,"column":5}}],"line":1071},"127":{"loc":{"start":{"line":1108,"column":4},"end":{"line":1117,"column":5}},"type":"if","locations":[{"start":{"line":1108,"column":4},"end":{"line":1117,"column":5}},{"start":{"line":1115,"column":11},"end":{"line":1117,"column":5}}],"line":1108},"128":{"loc":{"start":{"line":1198,"column":4},"end":{"line":1200,"column":5}},"type":"if","locations":[{"start":{"line":1198,"column":4},"end":{"line":1200,"column":5}},{"start":{},"end":{}}],"line":1198},"129":{"loc":{"start":{"line":1219,"column":30},"end":{"line":1219,"column":43}},"type":"default-arg","locations":[{"start":{"line":1219,"column":39},"end":{"line":1219,"column":43}}],"line":1219},"130":{"loc":{"start":{"line":1224,"column":25},"end":{"line":1224,"column":62}},"type":"binary-expr","locations":[{"start":{"line":1224,"column":25},"end":{"line":1224,"column":31}},{"start":{"line":1224,"column":35},"end":{"line":1224,"column":62}}],"line":1224},"131":{"loc":{"start":{"line":1225,"column":4},"end":{"line":1228,"column":5}},"type":"if","locations":[{"start":{"line":1225,"column":4},"end":{"line":1228,"column":5}},{"start":{},"end":{}}],"line":1225},"132":{"loc":{"start":{"line":1232,"column":4},"end":{"line":1235,"column":5}},"type":"if","locations":[{"start":{"line":1232,"column":4},"end":{"line":1235,"column":5}},{"start":{},"end":{}}],"line":1232},"133":{"loc":{"start":{"line":1232,"column":8},"end":{"line":1232,"column":46}},"type":"binary-expr","locations":[{"start":{"line":1232,"column":8},"end":{"line":1232,"column":18}},{"start":{"line":1232,"column":22},"end":{"line":1232,"column":46}}],"line":1232},"134":{"loc":{"start":{"line":1263,"column":4},"end":{"line":1270,"column":5}},"type":"if","locations":[{"start":{"line":1263,"column":4},"end":{"line":1270,"column":5}},{"start":{},"end":{}}],"line":1263},"135":{"loc":{"start":{"line":1263,"column":8},"end":{"line":1263,"column":37}},"type":"binary-expr","locations":[{"start":{"line":1263,"column":8},"end":{"line":1263,"column":17}},{"start":{"line":1263,"column":21},"end":{"line":1263,"column":37}}],"line":1263},"136":{"loc":{"start":{"line":1281,"column":4},"end":{"line":1306,"column":5}},"type":"if","locations":[{"start":{"line":1281,"column":4},"end":{"line":1306,"column":5}},{"start":{"line":1304,"column":11},"end":{"line":1306,"column":5}}],"line":1281},"137":{"loc":{"start":{"line":1286,"column":30},"end":{"li
[...]
line":359,"column":5}},"type":"if","locations":[{"start":{"line":345,"column":4},"end":{"line":359,"column":5}},{"start":{"line":348,"column":11},"end":{"line":359,"column":5}}],"line":345},"34":{"loc":{"start":{"line":345,"column":8},"end":{"line":345,"column":53}},"type":"binary-expr","locations":[{"start":{"line":345,"column":8},"end":{"line":345,"column":22}},{"start":{"line":345,"column":26},"end":{"line":345,"column":41}},{"start":{"line":345,"column":45},"end":{"line":345,"column":53}}],"line":345},"35":{"loc":{"start":{"line":372,"column":4},"end":{"line":375,"column":5}},"type":"if","locations":[{"start":{"line":372,"column":4},"end":{"line":375,"column":5}},{"start":{},"end":{}}],"line":372},"36":{"loc":{"start":{"line":394,"column":4},"end":{"line":396,"column":5}},"type":"if","locations":[{"start":{"line":394,"column":4},"end":{"line":396,"column":5}},{"start":{},"end":{}}],"line":394},"37":{"loc":{"start":{"line":394,"column":8},"end":{"line":394,"column":88}},"type":"binary-expr","locations":[{"start":{"line":394,"column":8},"end":{"line":394,"column":25}},{"start":{"line":394,"column":29},"end":{"line":394,"column":59}},{"start":{"line":394,"column":63},"end":{"line":394,"column":88}}],"line":394},"38":{"loc":{"start":{"line":401,"column":4},"end":{"line":403,"column":5}},"type":"if","locations":[{"start":{"line":401,"column":4},"end":{"line":403,"column":5}},{"start":{},"end":{}}],"line":401},"39":{"loc":{"start":{"line":407,"column":4},"end":{"line":409,"column":5}},"type":"if","locations":[{"start":{"line":407,"column":4},"end":{"line":409,"column":5}},{"start":{},"end":{}}],"line":407},"40":{"loc":{"start":{"line":407,"column":8},"end":{"line":407,"column":78}},"type":"binary-expr","locations":[{"start":{"line":407,"column":8},"end":{"line":407,"column":35}},{"start":{"line":407,"column":39},"end":{"line":407,"column":53}},{"start":{"line":407,"column":57},"end":{"line":407,"column":78}}],"line":407},"41":{"loc":{"start":{"line":441,"column":4},"end":{"line":444,"column":5}},"type":"if","locations":[{"start":{"line":441,"column":4},"end":{"line":444,"column":5}},{"start":{},"end":{}}],"line":441},"42":{"loc":{"start":{"line":441,"column":8},"end":{"line":441,"column":39}},"type":"binary-expr","locations":[{"start":{"line":441,"column":8},"end":{"line":441,"column":22}},{"start":{"line":441,"column":26},"end":{"line":441,"column":39}}],"line":441},"43":{"loc":{"start":{"line":447,"column":4},"end":{"line":450,"column":5}},"type":"if","locations":[{"start":{"line":447,"column":4},"end":{"line":450,"column":5}},{"start":{},"end":{}}],"line":447},"44":{"loc":{"start":{"line":454,"column":4},"end":{"line":457,"column":5}},"type":"if","locations":[{"start":{"line":454,"column":4},"end":{"line":457,"column":5}},{"start":{},"end":{}}],"line":454},"45":{"loc":{"start":{"line":484,"column":4},"end":{"line":487,"column":5}},"type":"if","locations":[{"start":{"line":484,"column":4},"end":{"line":487,"column":5}},{"start":{},"end":{}}],"line":484},"46":{"loc":{"start":{"line":484,"column":8},"end":{"line":484,"column":84}},"type":"binary-expr","locations":[{"start":{"line":484,"column":8},"end":{"line":484,"column":34}},{"start":{"line":484,"column":38},"end":{"line":484,"column":84}}],"line":484},"47":{"loc":{"start":{"line":499,"column":37},"end":{"line":499,"column":49}},"type":"default-arg","locations":[{"start":{"line":499,"column":47},"end":{"line":499,"column":49}}],"line":499},"48":{"loc":{"start":{"line":500,"column":4},"end":{"line":502,"column":5}},"type":"if","locations":[{"start":{"line":500,"column":4},"end":{"line":502,"column":5}},{"start":{},"end":{}}],"line":500},"49":{"loc":{"start":{"line":509,"column":4},"end":{"line":511,"column":5}},"type":"if","locations":[{"start":{"line":509,"column":4},"end":{"line":511,"column":5}},{"start":{},"end":{}}],"line":509},"50":{"loc":{"start":{"line":525,"column":4},"end":{"line":525,"column":29}},"type":"if","locations":[{"start":{"line":525,"column":4},"end":{"line":525,"column":29}},{"start":{},"end":{}}],"line":525},"51":{"loc":{"start":{"line":561,"column":4},"end":{"line":561,"column":40}},"type":"if","locations":[{"start":{"line":561,"column":4},"end":{"line":561,"column":40}},{"start":{},"end":{}}],"line":561},"52":{"loc":{"start":{"line":574,"column":4},"end":{"line":576,"column":5}},"type":"if","locations":[{"start":{"line":574,"column":4},"end":{"line":576,"column":5}},{"start":{},"end":{}}],"line":574},"53":{"loc":{"start":{"line":585,"column":4},"end":{"line":585,"column":40}},"type":"if","locations":[{"start":{"line":585,"column":4},"end":{"line":585,"column":40}},{"start":{},"end":{}}],"line":585},"54":{"loc":{"start":{"line":638,"column":69},"end":{"line":638,"column":81}},"type":"default-arg","locations":[{"start":{"line":638,"column":77},"end":{"line":638,"column":81}}],"line":638},"55":{"loc":{"start":{"line":638,"column":83},"end":{"line":638,"column":95}},"type":"default-arg","locations":[{"start":{"line":638,"column":93},"end":{"line":638,"column":95}}],"line":638},"56":{"loc":{"start":{"line":641,"column":2},"end":{"line":643,"column":3}},"type":"if","locations":[{"start":{"line":641,"column":2},"end":{"line":643,"column":3}},{"start":{},"end":{}}],"line":641},"57":{"loc":{"start":{"line":646,"column":2},"end":{"line":648,"column":3}},"type":"if","locations":[{"start":{"line":646,"column":2},"end":{"line":648,"column":3}},{"start":{},"end":{}}],"line":646},"58":{"loc":{"start":{"line":655,"column":4},"end":{"line":678,"column":5}},"type":"switch","locations":[{"start":{"line":656,"column":6},"end":{"line":661,"column":10}},{"start":{"line":663,"column":6},"end":{"line":668,"column":10}},{"start":{"line":670,"column":6},"end":{"line":674,"column":10}},{"start":{"line":676,"column":6},"end":{"line":677,"column":67}}],"line":655},"59":{"loc":{"start":{"line":664,"column":20},"end":{"line":664,"column":38}},"type":"binary-expr","locations":[{"start":{"line":664,"column":20},"end":{"line":664,"column":31}},{"start":{"line":664,"column":35},"end":{"line":664,"column":38}}],"line":664},"60":{"loc":{"start":{"line":714,"column":4},"end":{"line":717,"column":5}},"type":"if","locations":[{"start":{"line":714,"column":4},"end":{"line":717,"column":5}},{"start":{},"end":{}}],"line":714},"61":{"loc":{"start":{"line":724,"column":4},"end":{"line":727,"column":5}},"type":"if","locations":[{"start":{"line":724,"column":4},"end":{"line":727,"column":5}},{"start":{},"end":{}}],"line":724},"62":{"loc":{"start":{"line":730,"column":4},"end":{"line":733,"column":5}},"type":"if","locations":[{"start":{"line":730,"column":4},"end":{"line":733,"column":5}},{"start":{},"end":{}}],"line":730},"63":{"loc":{"start":{"line":739,"column":4},"end":{"line":744,"column":5}},"type":"if","locations":[{"start":{"line":739,"column":4},"end":{"line":744,"column":5}},{"start":{},"end":{}}],"line":739},"64":{"loc":{"start":{"line":782,"column":6},"end":{"line":786,"column":7}},"type":"if","locations":[{"start":{"line":782,"column":6},"end":{"line":786,"column":7}},{"start":{},"end":{}}],"line":782},"65":{"loc":{"start":{"line":800,"column":6},"end":{"line":804,"column":7}},"type":"if","locations":[{"start":{"line":800,"column":6},"end":{"line":804,"column":7}},{"start":{},"end":{}}],"line":800},"66":{"loc":{"start":{"line":818,"column":6},"end":{"line":822,"column":7}},"type":"if","locations":[{"start":{"line":818,"column":6},"end":{"line":822,"column":7}},{"start":{},"end":{}}],"line":818},"67":{"loc":{"start":{"line":840,"column":6},"end":{"line":842,"column":7}},"type":"if","locations":[{"start":{"line":840,"column":6},"end":{"line":842,"column":7}},{"start":{},"end":{}}],"line":840},"68":{"loc":{"start":{"line":845,"column":6},"end":{"line":849,"column":7}},"type":"if","locations":[{"start":{"line":845,"column":6},"end":{"line":849,"column":7}},{"start":{},"end":{}}],"line":845},"69":{"loc":{"start":{"line":863,"column":6},"end":{"line":865,"column":7}},"type":"if","locations":[{"start":{"line":863,"column":6},"end":{"line":865,"column":7}},{"start":{},"end":{}}],"line":863},"70":{"loc":{"start":{"line":879,"column":6},"end":{"line":881,"column":7}},"type":"if","locations":[{"start":{"line":879,"column":6},"end":{"line":881,"column":7}},{"start":{},"end":{}}],"line":879},"71":{"loc":{"start":{"line":891,"column":4},"end":{"line":902,"column":5}},"type":"if","locations":[{"start":{"line":891,"column":4},"end":{"line":902,"column":5}},{"start":{"line":894,"column":11},"end":{"line":902,"column":5}}],"line":891},"72":{"loc":{"start":{"line":894,"column":11},"end":{"line":902,"column":5}},"type":"if","locations":[{"start":{"line":894,"column":11},"end":{"line":902,"column":5}},{"start":{"line":897,"column":11},"end":{"line":902,"column":5}}],"line":894},"73":{"loc":{"start":{"line":908,"column":4},"end":{"line":918,"column":5}},"type":"if","locations":[{"start":{"line":908,"column":4},"end":{"line":918,"column":5}},{"start":{"line":914,"column":11},"end":{"line":918,"column":5}}],"line":908},"74":{"loc":{"start":{"line":914,"column":11},"end":{"line":918,"column":5}},"type":"if","locations":[{"start":{"line":914,"column":11},"end":{"line":918,"column":5}},{"start":{"line":916,"column":11},"end":{"line":918,"column":5}}],"line":914},"75":{"loc":{"start":{"line":947,"column":4},"end":{"line":955,"column":5}},"type":"if","locations":[{"start":{"line":947,"column":4},"end":{"line":955,"column":5}},{"start":{"line":953,"column":11},"end":{"line":955,"column":5}}],"line":947},"76":{"loc":{"start":{"line":948,"column":6},"end":{"line":950,"column":37}},"type":"binary-expr","locations":[{"start":{"line":948,"column":6},"end":{"line":948,"column":25}},{"start":{"line":949,"column":6},"end":{"line":949,"column":38}},{"start":{"line":950,"column":6},"end":{"line":950,"column":37}}],"line":948},"77":{"loc":{"start":{"line":960,"column":6},"end":{"line":963,"column":7}},"type":"if","locations":[{"start":{"line":960,"column":6},"end":{"line":963,"column":7}},{"start":{},"end":{}}],"line":960},"78":{"loc":{"start":{"line":960,"column":10},"end":{"line":960,"column":43}},"type":"binary-expr","locations":[{"start":{"line":960,"column":10},"end":{"line":960,"column":19}},{"start":{"line":960,"column":23},"end":{"line":960,"column":43}}],"line":960},"79":{"loc":{"start":{"line":968,"column":24},"end":{"line":968,"column":73}},"type":"cond-expr","locations":[{"start":{"line":968,"column":57},"end":{"line":968,"column":61}},{"start":{"line":968,"column":64},"end":{"line":968,"column":73}}],"line":968},"80":{"loc":{"start":{"line":994,"column":4},"end":{"line":1000,"column":5}},"type":"if","locations":[{"start":{"line":994,"column":4},"end":{"line":1000,"column":5}},{"start":{"line":996,"column":11},"end":{"line":1000,"column":5}}],"line":994},"81":{"loc":{"start":{"line":1005,"column":6},"end":{"line":1032,"column":7}},"type":"if","locations":[{"start":{"line":1005,"column":6},"end":{"line":1032,"column":7}},{"start":{},"end":{}}],"line":1005},"82":{"loc":{"start":{"line":1024,"column":8},"end":{"line":1031,"column":9}},"type":"if","locations":[{"start":{"line":1024,"column":8},"end":{"line":1031,"column":9}},{"start":{"line":1027,"column":15},"end":{"line":1031,"column":9}}],"line":1024},"83":{"loc":{"start":{"line":1024,"column":12},"end":{"line":1024,"column":66}},"type":"binary-expr","locations":[{"start":{"line":1024,"column":12},"end":{"line":1024,"column":24}},{"start":{"line":1024,"column":28},"end":{"line":1024,"column":66}}],"line":1024},"84":{"loc":{"start":{"line":1029,"column":32},"end":{"line":1029,"column":93}},"type":"cond-expr","locations":[{"start":{"line":1029,"column":47},"end":{"line":1029,"column":77}},{"start":{"line":1029,"column":80},"end":{"line":1029,"column":93}}],"line":1029},"85":{"loc":{"start":{"line":1037,"column":22},"end":{"line":1037,"column":58}},"type":"cond-expr","locations":[{"start":{"line":1037,"column":44},"end":{"line":1037,"column":48}},{"start":{"line":1037,"column":51},"end":{"line":1037,"column":58}}],"line":1037},"86":{"loc":{"start":{"line":1061,"column":4},"end":{"line":1063,"column":5}},"type":"if","locations":[{"start":{"line":1061,"column":4},"end":{"line":1063,"column":5}},{"start":{},"end":{}}],"line":1061},"87":{"loc":{"start":{"line":1066,"column":4},"end":{"line":1068,"column":5}},"type":"if","locations":[{"start":{"line":1066,"column":4},"end":{"line":1068,"column":5}},{"start":{},"end":{}}],"line":1066},"88":{"loc":{"start":{"line":1071,"column":4},"end":{"line":1073,"column":5}},"type":"if","locations":[{"start":{"line":1071,"column":4},"end":{"line":1073,"column":5}},{"start":{},"end":{}}],"line":1071},"89":{"loc":{"start":{"line":1076,"column":4},"end":{"line":1082,"column":5}},"type":"if","locations":[{"start":{"line":1076,"column":4},"end":{"line":1082,"column":5}},{"start":{},"end":{}}],"line":1076},"90":{"loc":{"start":{"line":1080,"column":20},"end":{"line":1080,"column":88}},"type":"cond-expr","locations":[{"start":{"line":1080,"column":42},"end":{"line":1080,"column":81}},{"start":{"line":1080,"column":84},"end":{"line":1080,"column":88}}],"line":1080},"91":{"loc":{"start":{"line":1098,"column":4},"end":{"line":1105,"column":5}},"type":"if","locations":[{"start":{"line":1098,"column":4},"end":{"line":1105,"column":5}},{"start":{},"end":{}}],"line":1098},"92":{"loc":{"start":{"line":1126,"column":4},"end":{"line":1131,"column":5}},"type":"if","locations":[{"start":{"line":1126,"column":4},"end":{"line":1131,"column":5}},{"start":{},"end":{}}],"line":1126},"93":{"loc":{"start":{"line":1137,"column":4},"end":{"line":1146,"column":5}},"type":"if","locations":[{"start":{"line":1137,"column":4},"end":{"line":1146,"column":5}},{"start":{"line":1142,"column":11},"end":{"line":1146,"column":5}}],"line":1137},"94":{"loc":{"start":{"line":1165,"column":4},"end":{"line":1170,"column":5}},"type":"if","locations":[{"start":{"line":1165,"column":4},"end":{"line":1170,"column":5}},{"start":{},"end":{}}],"line":1165},"95":{"loc":{"start":{"line":1176,"column":4},"end":{"line":1185,"column":5}},"type":"if","locations":[{"start":{"line":1176,"column":4},"end":{"line":1185,"column":5}},{"start":{"line":1181,"column":11},"end":{"line":1185,"column":5}}],"line":1176},"96":{"loc":{"start":{"line":1221,"column":45},"end":{"line":1221,"column":59}},"type":"default-arg","locations":[{"start":{"line":1221,"column":57},"end":{"line":1221,"column":59}}],"line":1221},"97":{"loc":{"start":{"line":1222,"column":2},"end":{"line":1224,"column":3}},"type":"if","locations":[{"start":{"line":1222,"column":2},"end":{"line":1224,"column":3}},{"start":{},"end":{}}],"line":1222},"98":{"loc":{"start":{"line":1226,"column":2},"end":{"line":1228,"column":3}},"type":"if","locations":[{"start":{"line":1226,"column":2},"end":{"line":1228,"column":3}},{"start":{},"end":{}}],"line":1226},"99":{"loc":{"start":{"line":1243,"column":4},"end":{"line":1245,"column":5}},"type":"if","locations":[{"start":{"line":1243,"column":4},"end":{"line":1245,"column":5}},{"start":{},"end":{}}],"line":1243},"100":{"loc":{"start":{"line":1262,"column":4},"end":{"line":1264,"column":5}},"type":"if","locations":[{"start":{"line":1262,"column":4},"end":{"line":1264,"column":5}},{"start":{},"end":{}}],"line":1262}},"s":{"0":0,"1":0,"2":0,"3":0,"4":0,"5":0,"6":0,"7":0,"8":0,"9":0,"10":0,"11":0,"12":0,"13":0,"14":0,"15":0,"16":0,"17":0,"18":0,"19":0,"20":0,"21":0,"22":0,"23":0,"24":0,"25":0,"26":0,"27":0,"28":0,"29":0,"30":0,"31":0,"32":0,"33":0,"34":0,"35":0,"36":0,"37":0,"38":0,"39":0,"40":0,"41":0,"42":0,"43":0,"44":0,"45":0,"46":0,"47":0,"48":0,"49":0,"50":0,"51":0,"52":0,"53":0,"54":0,"55":0,"56":0,"57":0,"58":0,"59":0,"60":0,"61":0,"62":0,"63":0,"64":0,"65":0,"66":0,"67":0,"68":0,"69":0,"70":0,"71":0,"72":0,"73":0,"74":0,"75":0,"76":0,"77":0,"78":0,"79":0,"80":0,"81":0,"82":0,"83":0,"84":0,"85":0,"86":0,"87":0,"88":0,"89":0,"90":0,"91":0,"92":0,"93":0,"94":0,"95":0,"96":0,"97":0,"98":0,"99":0,"100":0,"101":0,"102":0,"103":0,"104":0,"105":0,"106":0,"107":0,"108":0,"109":0,"110":0,"111":0,"112":0,"113":0,"114":0,"115":0,"116":0,"117":0,"118":0,"119":0,"120":0,"121":0,"122":0,"123":0,"124":0,"125":0,"126":0,"127":0,"128":0,"129":0,"130":0,"131":0,"132":0,"133":0,"134":0,"135":0,"136":0,"137":0,"138":0,"139":0,"140":0,"141":0,"142":0,"143":0,"144":0,"145":0,"146":0,"147":0,"148":0,"149":0,"150":0,"151":0,"152":0,"153":0,"154":0,"155":0,"156":0,"157":0,"158":0,"159":0,"160":0,"161":0,"162":0,"163":0,"164":0,"165":0,"166":0,"167":0,"168":0,"169":0,"170":0,"171":0,"172":0,"173":0,"174":0,"175":0,"176":0,"177":0,"178":0,"179":0,"180":0,"181":0,"182":0,"183":0,"184":0,"185":0,"186":0,"187":0,"188":0,"189":0,"190":0,"191":0,"192":0,"193":0,"194":0,"195":0,"196":0,"197":0,"198":0,"199":0,"200":0,"201":0,"202":0,"203":0,"204":0,"205":0,"206":0,"207":0,"208":0,"209":0,"210":0,"211":0,"212":0,"213":0,"214":0,"215":0,"216":0,"217":0,"218":0,"219":0,"220":0,"221":0,"222":0,"223":0,"224":0,"225":0,"226":0,"227":0,"228":0,"229":0,"230":0,"231":0,"232":0,"233":0,"234":0,"235":0,"236":0,"237":0,"238":0,"239":0,"240":0,"241":0,"242":0,"243":0,"244":0,"245":0,"246":0,"247":0,"248":0,"249":0,"250":0,"251":0,"252":0,"253":0,"254":0,"255":0,"256":0,"257":0,"258":0,"259":0,"260":0,"261":0,"262":0,"263":0,"264":0,"265":0,"266":0,"267":0,"268":0,"269":0,"270":0,"271":0,"272":0,"273":0,"274":0,"275":0,"276":0,"277":0,"278":0,"279":0,"280":0,"281":0,"282":0,"283":0,"284":0,"285":0,"286":0,"287":0,"288":0,"289":0,"290":0,"291":0,"292":0,"293":0,"294":0,"295":0,"296":0,"297":0,"298":0,"299":0,"300":0,"301":0,"302":0,"303":0,"304":0,"305":0,"306":0,"307":0,"308":0,"309":0,"310":0,"311":0,"312":0,"313":0,"314":0,"315":0,"316":0,"317":0,"318":0,"319":0,"320":0,"321":0,"322":0,"323":0,"324":0,"325":0,"326":0,"327":0,"328":0,"329":0,"330":0,"331":0,"332":0,"333":0,"334":0,"335":0,"336":0,"337":0,"338":0,"339":0,"340":0,"341":0,"342":0,"343":0,"344":0,"345":0,"346":0,"347":0,"348":0,"349":0,"350":0,"351":0,"352":0,"353":0,"354":0,"355":0,"356":0,"357":0,"358":0,"359":0,"360":0,"361":0,"362":0,"363":0,"364":0,"365":0,"366":0,"367":0,"368":0,"369":0,"370":0,"371":0,"372":0,"373":0,"374":0,"375":0,"376":0,"377":0,"378":0,"379":0,"380":0,"381":0,"382":0,"383":0,"384":0,"385":0,"386":0,"387":0,"388":0,"389":0,"390":0,"391":0,"392":0,"393":0,"394":0,"395":0,"396":0,"397":0,"398":0,"399":0,"400":0,"401":0,"402":0,"403":0,"404":0,"405":0,"406":0,"407":0,"408":0,"409":0,"410":0,"411":0,"412":0,"413":0,"414":0,"415":0,"416":0,"417":0,"418":0,"419":0,"420":0,"421":0,"422":0,"423":0,"424":0,"425":0,"426":0,"427":0,"428":0},"f":{"0":0,"1":0,"2":0,"3":0,"4":0,"5":0,"6":0,"7":0,"8":0,"9":0,"10":0,"11":0,"12":0,"13":0,"14":0,"15":0,"16":0,"17":0,"18":0,"19":0,"20":0,"21":0,"22":0,"23":0,"24":0,"25":0,"26":0,"27":0,"28":0,"29":0,"30":0,"31":0,"32":0,"33":0,"34":0,"35":0,"36":0,"37":0,"38":0,"39":0,"40":0,"41":0},"b":{"0":[0,0],"1":[0,0],"2":[0,0],"3":[0,0],"4":[0,0],"5":[0,0],"6":[0,0],"7":[0,0],"8":[0,0],"9":[0,0],"10":[0,0],"11":[0,0],"12":[0,0],"13":[0,0,0,0],"14":[0,0],"15":[0,0],"16":[0,0],"17":[0,0],"18":[0,0],"19":[0,0],"20":[0,0],"21":[0,0],"22":[0,0],"23":[0,0],"24":[0,0],"25":[0,0,0,0,0],"26":[0,0],"27":[0,0,0],"28":[0,0],"29":[0,0],"30":[0,0],"31":[0,0],"32":[0,0,0],"33":[0,0],"34":[0,0,0],"35":[0,0],"36":[0,0],"37":[0,0,0],"38":[0,0],"39":[0,0],"40":[0,0,0],"41":[0,0],"42":[0,0],"43":[0,0],"44":[0,0],"45":[0,0],"46":[0,0],"47":[0],"48":[0,0],"49":[0,0],"50":[0,0],"51":[0,0],"52":[0,0],"53":[0,0],"54":[0],"55":[0],"56":[0,0],"57":[0,0],"58":[0,0,0,0],"59":[0,0],"60":[0,0],"61":[0,0],"62":[0,0],"63":[0,0],"64":[0,0],"65":[0,0],"66":[0,0],"67":[0,0],"68":[0,0],"69":[0,0],"70":[0,0],"71":[0,0],"72":[0,0],"73":[0,0],"74":[0,0],"75":[0,0],"76":[0,0,0],"77":[0,0],"78":[0,0],"79":[0,0],"80":[0,0],"81":[0,0],"82":[0,0],"83":[0,0],"84":[0,0],"85":[0,0],"86":[0,0],"87":[0,0],"88":[0,0],"89":[0,0],"90":[0,0],"91":[0,0],"92":[0,0],"93":[0,0],"94":[0,0],"95":[0,0],"96":[0],"97":[0,0],"98":[0,0],"99":[0,0],"100":[0,0]},"inputSourceMap":null}
}
