TN:
SF:src/AdminPanelBackend.gs
FN:19,getActiveUserInfo
FN:23,debugConstants
FN:42,getSpreadsheetList
FN:121,(anonymous_3)
FN:149,checkFormConnection
FN:201,getSheetFormConnection
FN:303,checkIfFormResponseSheet
FN:323,(anonymous_7)
FN:350,getSheetList
FN:369,(anonymous_9)
FN:401,connectDataSource
FN:542,detectColumnMapping
FN:574,(anonymous_12)
FN:577,(anonymous_13)
FN:583,(anonymous_14)
FN:591,(anonymous_15)
FN:600,(anonymous_16)
FN:613,(anonymous_17)
FN:632,(anonymous_18)
FN:651,(anonymous_19)
FN:657,(anonymous_20)
FN:661,(anonymous_21)
FN:677,(anonymous_22)
FN:687,(anonymous_23)
FN:697,(anonymous_24)
FN:712,(anonymous_25)
FN:753,addMissingColumns
FN:779,(anonymous_27)
FN:781,(anonymous_28)
FN:782,(anonymous_29)
FN:829,(anonymous_30)
FN:833,(anonymous_31)
FN:838,(anonymous_32)
FN:854,(anonymous_33)
FN:884,getPriority
FN:904,validateAccess
FN:918,(anonymous_36)
FN:955,analyzeColumns
FN:1055,convertIndicesToMapping
FN:1095,(anonymous_39)
FN:1173,validateAdminPanelMapping
FN:1182,(anonymous_41)
FN:1195,(anonymous_42)
FN:1196,(anonymous_43)
FN:1204,(anonymous_44)
FN:1205,(anonymous_45)
FN:1225,getQuickPublishedInfo
FN:1289,getCurrentConfig
FN:1374,getFullConfigWithSpreadsheetAccess
FN:1428,detectActiveSheetName
FN:1438,(anonymous_50)
FN:1448,(anonymous_51)
FN:1449,(anonymous_52)
FN:1472,getSetupStatusFromStep
FN:1490,saveDraftConfiguration
FN:1553,publishApplication
FN:1650,updateUserSpreadsheetConfig
FN:1681,getUserConfigJson
FN:1702,executeAppPublish
FN:1741,getOrCreateWebAppUrl
FN:1788,getUserColumnMapping
FN:1809,(anonymous_61)
FN:1826,getCurrentBoardInfoAndUrls
FN:1949,executeDataOptimization
FN:1976,checkIsSystemAdmin
FN:1997,convertToCompatibleMapping
FN:2003,(anonymous_66)
FN:2010,(anonymous_67)
FN:2016,(anonymous_68)
FN:2029,(anonymous_69)
FN:2065,getHeaderIndices
FNF:71
FNH:0
FNDA:0,getActiveUserInfo
FNDA:0,debugConstants
FNDA:0,getSpreadsheetList
FNDA:0,(anonymous_3)
FNDA:0,checkFormConnection
FNDA:0,getSheetFormConnection
FNDA:0,checkIfFormResponseSheet
FNDA:0,(anonymous_7)
FNDA:0,getSheetList
FNDA:0,(anonymous_9)
FNDA:0,connectDataSource
FNDA:0,detectColumnMapping
FNDA:0,(anonymous_12)
FNDA:0,(anonymous_13)
FNDA:0,(anonymous_14)
FNDA:0,(anonymous_15)
FNDA:0,(anonymous_16)
FNDA:0,(anonymous_17)
FNDA:0,(anonymous_18)
FNDA:0,(anonymous_19)
FNDA:0,(anonymous_20)
FNDA:0,(anonymous_21)
FNDA:0,(anonymous_22)
FNDA:0,(anonymous_23)
FNDA:0,(anonymous_24)
FNDA:0,(anonymous_25)
FNDA:0,addMissingColumns
FNDA:0,(anonymous_27)
FNDA:0,(anonymous_28)
FNDA:0,(anonymous_29)
FNDA:0,(anonymous_30)
FNDA:0,(anonymous_31)
FNDA:0,(anonymous_32)
FNDA:0,(anonymous_33)
FNDA:0,getPriority
FNDA:0,validateAccess
FNDA:0,(anonymous_36)
FNDA:0,analyzeColumns
FNDA:0,convertIndicesToMapping
FNDA:0,(anonymous_39)
FNDA:0,validateAdminPanelMapping
FNDA:0,(anonymous_41)
FNDA:0,(anonymous_42)
FNDA:0,(anonymous_43)
FNDA:0,(anonymous_44)
FNDA:0,(anonymous_45)
FNDA:0,getQuickPublishedInfo
FNDA:0,getCurrentConfig
FNDA:0,getFullConfigWithSpreadsheetAccess
FNDA:0,detectActiveSheetName
FNDA:0,(anonymous_50)
FNDA:0,(anonymous_51)
FNDA:0,(anonymous_52)
FNDA:0,getSetupStatusFromStep
FNDA:0,saveDraftConfiguration
FNDA:0,publishApplication
FNDA:0,updateUserSpreadsheetConfig
FNDA:0,getUserConfigJson
FNDA:0,executeAppPublish
FNDA:0,getOrCreateWebAppUrl
FNDA:0,getUserColumnMapping
FNDA:0,(anonymous_61)
FNDA:0,getCurrentBoardInfoAndUrls
FNDA:0,executeDataOptimization
FNDA:0,checkIsSystemAdmin
FNDA:0,convertToCompatibleMapping
FNDA:0,(anonymous_66)
FNDA:0,(anonymous_67)
FNDA:0,(anonymous_68)
FNDA:0,(anonymous_69)
FNDA:0,getHeaderIndices
DA:2,0
DA:20,0
DA:24,0
DA:25,0
DA:26,0
DA:27,0
DA:43,0
DA:44,0
DA:46,0
DA:47,0
DA:50,0
DA:51,0
DA:52,0
DA:53,0
DA:54,0
DA:55,0
DA:56,0
DA:57,0
DA:58,0
DA:65,0
DA:66,0
DA:67,0
DA:68,0
DA:69,0
DA:72,0
DA:73,0
DA:75,0
DA:76,0
DA:78,0
DA:79,0
DA:81,0
DA:83,0
DA:84,0
DA:85,0
DA:87,0
DA:88,0
DA:90,0
DA:92,0
DA:93,0
DA:94,0
DA:98,0
DA:99,0
DA:100,0
DA:104,0
DA:111,0
DA:115,0
DA:121,0
DA:123,0
DA:124,0
DA:127,0
DA:128,0
DA:132,0
DA:133,0
DA:138,0
DA:140,0
DA:150,0
DA:153,0
DA:154,0
DA:157,0
DA:162,0
DA:163,0
DA:166,0
DA:167,0
DA:171,0
DA:175,0
DA:176,0
DA:178,0
DA:186,0
DA:190,0
DA:191,0
DA:202,0
DA:203,0
DA:208,0
DA:209,0
DA:210,0
DA:215,0
DA:220,0
DA:222,0
DA:235,0
DA:236,0
DA:239,0
DA:240,0
DA:241,0
DA:243,0
DA:248,0
DA:249,0
DA:250,0
DA:252,0
DA:256,0
DA:257,0
DA:260,0
DA:261,0
DA:275,0
DA:282,0
DA:285,0
DA:292,0
DA:293,0
DA:304,0
DA:305,0
DA:308,0
DA:309,0
DA:314,0
DA:315,0
DA:319,0
DA:320,0
DA:323,0
DA:324,0
DA:325,0
DA:326,0
DA:333,0
DA:334,0
DA:338,0
DA:340,0
DA:341,0
DA:351,0
DA:352,0
DA:354,0
DA:355,0
DA:358,0
DA:359,0
DA:362,0
DA:363,0
DA:364,0
DA:366,0
DA:369,0
DA:370,0
DA:373,0
DA:375,0
DA:387,0
DA:388,0
DA:390,0
DA:391,0
DA:402,0
DA:403,0
DA:405,0
DA:406,0
DA:409,0
DA:410,0
DA:412,0
DA:413,0
DA:417,0
DA:418,0
DA:425,0
DA:427,0
DA:430,0
DA:431,0
DA:432,0
DA:434,0
DA:435,0
DA:439,0
DA:440,0
DA:443,0
DA:444,0
DA:447,0
DA:448,0
DA:452,0
DA:453,0
DA:454,0
DA:455,0
DA:457,0
DA:461,0
DA:462,0
DA:464,0
DA:466,0
DA:469,0
DA:480,0
DA:482,0
DA:487,0
DA:488,0
DA:489,0
DA:491,0
DA:495,0
DA:497,0
DA:500,0
DA:503,0
DA:504,0
DA:505,0
DA:506,0
DA:508,0
DA:512,0
DA:516,0
DA:525,0
DA:526,0
DA:544,0
DA:547,0
DA:548,0
DA:551,0
DA:552,0
DA:555,0
DA:574,0
DA:575,0
DA:577,0
DA:578,0
DA:579,0
DA:582,0
DA:583,0
DA:584,0
DA:585,0
DA:590,0
DA:591,0
DA:592,0
DA:593,0
DA:599,0
DA:600,0
DA:601,0
DA:602,0
DA:608,0
DA:609,0
DA:612,0
DA:613,0
DA:616,0
DA:617,0
DA:619,0
DA:620,0
DA:621,0
DA:623,0
DA:624,0
DA:632,0
DA:633,0
DA:636,0
DA:638,0
DA:643,0
DA:647,0
DA:648,0
DA:651,0
DA:652,0
DA:654,0
DA:657,0
DA:658,0
DA:661,0
DA:662,0
DA:663,0
DA:666,0
DA:667,0
DA:668,0
DA:669,0
DA:670,0
DA:671,0
DA:672,0
DA:676,0
DA:677,0
DA:678,0
DA:679,0
DA:680,0
DA:686,0
DA:687,0
DA:688,0
DA:689,0
DA:690,0
DA:695,0
DA:696,0
DA:697,0
DA:699,0
DA:700,0
DA:706,0
DA:707,0
DA:708,0
DA:711,0
DA:712,0
DA:715,0
DA:716,0
DA:718,0
DA:719,0
DA:720,0
DA:722,0
DA:723,0
DA:731,0
DA:735,0
DA:742,0
DA:754,0
DA:755,0
DA:756,0
DA:758,0
DA:759,0
DA:763,0
DA:766,0
DA:778,0
DA:779,0
DA:781,0
DA:782,0
DA:783,0
DA:784,0
DA:787,0
DA:794,0
DA:798,0
DA:809,0
DA:810,0
DA:819,0
DA:820,0
DA:829,0
DA:832,0
DA:833,0
DA:835,0
DA:836,0
DA:838,0
DA:839,0
DA:842,0
DA:843,0
DA:845,0
DA:854,0
DA:856,0
DA:869,0
DA:870,0
DA:885,0
DA:896,0
DA:905,0
DA:906,0
DA:908,0
DA:909,0
DA:913,0
DA:914,0
DA:917,0
DA:918,0
DA:926,0
DA:932,0
DA:940,0
DA:941,0
DA:956,0
DA:957,0
DA:958,0
DA:961,0
DA:962,0
DA:964,0
DA:965,0
DA:969,0
DA:970,0
DA:975,0
DA:977,0
DA:980,0
DA:981,0
DA:982,0
DA:984,0
DA:985,0
DA:989,0
DA:992,0
DA:993,0
DA:996,0
DA:997,0
DA:1001,0
DA:1002,0
DA:1004,0
DA:1005,0
DA:1015,0
DA:1018,0
DA:1019,0
DA:1020,0
DA:1021,0
DA:1023,0
DA:1027,0
DA:1031,0
DA:1041,0
DA:1042,0
DA:1057,0
DA:1058,0
DA:1060,0
DA:1063,0
DA:1066,0
DA:1067,0
DA:1068,0
DA:1072,0
DA:1073,0
DA:1074,0
DA:1078,0
DA:1080,0
DA:1087,0
DA:1088,0
DA:1091,0
DA:1095,0
DA:1096,0
DA:1097,0
DA:1100,0
DA:1101,0
DA:1102,0
DA:1105,0
DA:1106,0
DA:1108,0
DA:1109,0
DA:1110,0
DA:1111,0
DA:1114,0
DA:1117,0
DA:1122,0
DA:1123,0
DA:1125,0
DA:1134,0
DA:1135,0
DA:1138,0
DA:1144,0
DA:1145,0
DA:1146,0
DA:1152,0
DA:1153,0
DA:1156,0
DA:1162,0
DA:1165,0
DA:1174,0
DA:1182,0
DA:1183,0
DA:1184,0
DA:1186,0
DA:1187,0
DA:1188,0
DA:1189,0
DA:1190,0
DA:1195,0
DA:1196,0
DA:1197,0
DA:1198,0
DA:1202,0
DA:1204,0
DA:1205,0
DA:1208,0
DA:1209,0
DA:1226,0
DA:1227,0
DA:1228,0
DA:1229,0
DA:1231,0
DA:1232,0
DA:1240,0
DA:1241,0
DA:1242,0
DA:1244,0
DA:1245,0
DA:1249,0
DA:1276,0
DA:1277,0
DA:1290,0
DA:1291,0
DA:1293,0
DA:1294,0
DA:1296,0
DA:1298,0
DA:1307,0
DA:1308,0
DA:1309,0
DA:1311,0
DA:1312,0
DA:1316,0
DA:1349,0
DA:1356,0
DA:1359,0
DA:1360,0
DA:1375,0
DA:1376,0
DA:1377,0
DA:1378,0
DA:1380,0
DA:1381,0
DA:1385,0
DA:1402,0
DA:1403,0
DA:1404,0
DA:1406,0
DA:1407,0
DA:1411,0
DA:1413,0
DA:1414,0
DA:1429,0
DA:1430,0
DA:1431,0
DA:1434,0
DA:1437,0
DA:1438,0
DA:1439,0
DA:1441,0
DA:1442,0
DA:1447,0
DA:1448,0
DA:1449,0
DA:1451,0
DA:1452,0
DA:1453,0
DA:1454,0
DA:1458,0
DA:1459,0
DA:1460,0
DA:1462,0
DA:1463,0
DA:1473,0
DA:1475,0
DA:1477,0
DA:1479,0
DA:1481,0
DA:1491,0
DA:1492,0
DA:1494,0
DA:1495,0
DA:1497,0
DA:1499,0
DA:1505,0
DA:1516,0
DA:1524,0
DA:1527,0
DA:1529,0
DA:1530,0
DA:1531,0
DA:1537,0
DA:1540,0
DA:1541,0
DA:1554,0
DA:1555,0
DA:1557,0
DA:1558,0
DA:1560,0
DA:1561,0
DA:1564,0
DA:1565,0
DA:1569,0
DA:1570,0
DA:1575,0
DA:1585,0
DA:1587,0
DA:1600,0
DA:1609,0
DA:1612,0
DA:1615,0
DA:1616,0
DA:1617,0
DA:1619,0
DA:1622,0
DA:1629,0
DA:1632,0
DA:1633,0
DA:1651,0
DA:1652,0
DA:1655,0
DA:1657,0
DA:1658,0
DA:1659,0
DA:1660,0
DA:1665,0
DA:1668,0
DA:1669,0
DA:1682,0
DA:1683,0
DA:1686,0
DA:1688,0
DA:1689,0
DA:1691,0
DA:1692,0
DA:1703,0
DA:1705,0
DA:1708,0
DA:1709,0
DA:1710,0
DA:1711,0
DA:1714,0
DA:1721,0
DA:1727,0
DA:1728,0
DA:1742,0
DA:1744,0
DA:1745,0
DA:1747,0
DA:1748,0
DA:1749,0
DA:1754,0
DA:1755,0
DA:1758,0
DA:1759,0
DA:1763,0
DA:1765,0
DA:1768,0
DA:1769,0
DA:1771,0
DA:1774,0
DA:1776,0
DA:1778,0
DA:1779,0
DA:1789,0
DA:1790,0
DA:1793,0
DA:1794,0
DA:1795,0
DA:1796,0
DA:1800,0
DA:1801,0
DA:1802,0
DA:1803,0
DA:1807,0
DA:1808,0
DA:1809,0
DA:1810,0
DA:1813,0
DA:1815,0
DA:1816,0
DA:1827,0
DA:1828,0
DA:1831,0
DA:1832,0
DA:1834,0
DA:1835,0
DA:1836,0
DA:1843,0
DA:1850,0
DA:1851,0
DA:1852,0
DA:1854,0
DA:1855,0
DA:1856,0
DA:1863,0
DA:1867,0
DA:1868,0
DA:1870,0
DA:1871,0
DA:1873,0
DA:1876,0
DA:1878,0
DA:1884,0
DA:1886,0
DA:1889,0
DA:1893,0
DA:1894,0
DA:1895,0
DA:1896,0
DA:1904,0
DA:1905,0
DA:1907,0
DA:1927,0
DA:1935,0
DA:1937,0
DA:1938,0
DA:1950,0
DA:1951,0
DA:1953,0
DA:1954,0
DA:1955,0
DA:1956,0
DA:1958,0
DA:1964,0
DA:1965,0
DA:1977,0
DA:1978,0
DA:1981,0
DA:1983,0
DA:1984,0
DA:1986,0
DA:1987,0
DA:1998,0
DA:1999,0
DA:2002,0
DA:2003,0
DA:2005,0
DA:2009,0
DA:2010,0
DA:2011,0
DA:2012,0
DA:2016,0
DA:2017,0
DA:2019,0
DA:2020,0
DA:2021,0
DA:2022,0
DA:2023,0
DA:2029,0
DA:2030,0
DA:2033,0
DA:2034,0
DA:2038,0
DA:2043,0
DA:2047,0
DA:2052,0
DA:2054,0
DA:2055,0
DA:2066,0
DA:2067,0
DA:2070,0
DA:2075,0
DA:2079,0
DA:2082,0
DA:2083,0
DA:2087,0
LF:673
LH:0
BRDA:25,0,0,0
BRDA:25,0,1,0
BRDA:29,1,0,0
BRDA:29,1,1,0
BRDA:52,2,0,0
BRDA:52,2,1,0
BRDA:56,3,0,0
BRDA:56,3,1,0
BRDA:81,4,0,0
BRDA:81,4,1,0
BRDA:81,4,2,0
BRDA:83,5,0,0
BRDA:83,5,1,0
BRDA:93,6,0,0
BRDA:93,6,1,0
BRDA:93,7,0,0
BRDA:93,7,1,0
BRDA:99,8,0,0
BRDA:99,8,1,0
BRDA:166,9,0,0
BRDA:166,9,1,0
BRDA:209,10,0,0
BRDA:209,10,1,0
BRDA:209,11,0,0
BRDA:209,11,1,0
BRDA:215,12,0,0
BRDA:215,12,1,0
BRDA:215,12,2,0
BRDA:215,12,3,0
BRDA:220,13,0,0
BRDA:220,13,1,0
BRDA:239,14,0,0
BRDA:239,14,1,0
BRDA:248,15,0,0
BRDA:248,15,1,0
BRDA:248,16,0,0
BRDA:248,16,1,0
BRDA:256,17,0,0
BRDA:256,17,1,0
BRDA:260,18,0,0
BRDA:260,18,1,0
BRDA:308,19,0,0
BRDA:308,19,1,0
BRDA:308,20,0,0
BRDA:308,20,1,0
BRDA:314,21,0,0
BRDA:314,21,1,0
BRDA:314,22,0,0
BRDA:314,22,1,0
BRDA:319,23,0,0
BRDA:319,23,1,0
BRDA:319,24,0,0
BRDA:319,24,1,0
BRDA:324,25,0,0
BRDA:324,25,1,0
BRDA:327,26,0,0
BRDA:327,26,1,0
BRDA:327,26,2,0
BRDA:333,27,0,0
BRDA:333,27,1,0
BRDA:354,28,0,0
BRDA:354,28,1,0
BRDA:382,29,0,0
BRDA:382,29,1,0
BRDA:382,30,0,0
BRDA:382,30,1,0
BRDA:383,31,0,0
BRDA:383,31,1,0
BRDA:383,32,0,0
BRDA:383,32,1,0
BRDA:405,33,0,0
BRDA:405,33,1,0
BRDA:405,34,0,0
BRDA:405,34,1,0
BRDA:412,35,0,0
BRDA:412,35,1,0
BRDA:425,36,0,0
BRDA:425,36,1,0
BRDA:425,36,2,0
BRDA:431,37,0,0
BRDA:431,37,1,0
BRDA:434,38,0,0
BRDA:434,38,1,0
BRDA:443,39,0,0
BRDA:443,39,1,0
BRDA:443,40,0,0
BRDA:443,40,1,0
BRDA:464,41,0,0
BRDA:464,41,1,0
BRDA:480,42,0,0
BRDA:480,42,1,0
BRDA:480,43,0,0
BRDA:480,43,1,0
BRDA:487,44,0,0
BRDA:487,44,1,0
BRDA:504,45,0,0
BRDA:504,45,1,0
BRDA:505,46,0,0
BRDA:505,46,1,0
BRDA:508,47,0,0
BRDA:508,47,1,0
BRDA:509,48,0,0
BRDA:509,48,1,0
BRDA:547,49,0,0
BRDA:547,49,1,0
BRDA:547,50,0,0
BRDA:547,50,1,0
BRDA:582,51,0,0
BRDA:582,51,1,0
BRDA:584,52,0,0
BRDA:584,52,1,0
BRDA:590,53,0,0
BRDA:590,53,1,0
BRDA:590,54,0,0
BRDA:590,54,1,0
BRDA:590,54,2,0
BRDA:592,55,0,0
BRDA:592,55,1,0
BRDA:599,56,0,0
BRDA:599,56,1,0
BRDA:599,57,0,0
BRDA:599,57,1,0
BRDA:601,58,0,0
BRDA:601,58,1,0
BRDA:608,59,0,0
BRDA:608,59,1,0
BRDA:609,60,0,0
BRDA:609,60,1,0
BRDA:613,61,0,0
BRDA:613,61,1,0
BRDA:616,62,0,0
BRDA:616,62,1,0
BRDA:617,63,0,0
BRDA:617,63,1,0
BRDA:617,64,0,0
BRDA:617,64,1,0
BRDA:621,65,0,0
BRDA:621,65,1,0
BRDA:621,66,0,0
BRDA:621,66,1,0
BRDA:633,67,0,0
BRDA:633,67,1,0
BRDA:667,68,0,0
BRDA:667,68,1,0
BRDA:669,69,0,0
BRDA:669,69,1,0
BRDA:671,70,0,0
BRDA:671,70,1,0
BRDA:671,71,0,0
BRDA:671,71,1,0
BRDA:676,72,0,0
BRDA:676,72,1,0
BRDA:676,73,0,0
BRDA:676,73,1,0
BRDA:679,74,0,0
BRDA:679,74,1,0
BRDA:686,75,0,0
BRDA:686,75,1,0
BRDA:686,76,0,0
BRDA:686,76,1,0
BRDA:689,77,0,0
BRDA:689,77,1,0
BRDA:695,78,0,0
BRDA:695,78,1,0
BRDA:695,79,0,0
BRDA:695,79,1,0
BRDA:697,80,0,0
BRDA:697,80,1,0
BRDA:699,81,0,0
BRDA:699,81,1,0
BRDA:706,82,0,0
BRDA:706,82,1,0
BRDA:708,83,0,0
BRDA:708,83,1,0
BRDA:712,84,0,0
BRDA:712,84,1,0
BRDA:715,85,0,0
BRDA:715,85,1,0
BRDA:716,86,0,0
BRDA:716,86,1,0
BRDA:716,87,0,0
BRDA:716,87,1,0
BRDA:720,88,0,0
BRDA:720,88,1,0
BRDA:720,89,0,0
BRDA:720,89,1,0
BRDA:758,90,0,0
BRDA:758,90,1,0
BRDA:779,91,0,0
BRDA:779,91,1,0
BRDA:787,92,0,0
BRDA:787,92,1,0
BRDA:788,93,0,0
BRDA:788,93,1,0
BRDA:788,93,2,0
BRDA:788,93,3,0
BRDA:799,94,0,0
BRDA:799,94,1,0
BRDA:799,94,2,0
BRDA:799,94,3,0
BRDA:799,94,4,0
BRDA:799,94,5,0
BRDA:799,94,6,0
BRDA:799,94,7,0
BRDA:799,94,8,0
BRDA:799,94,9,0
BRDA:799,94,10,0
BRDA:809,95,0,0
BRDA:809,95,1,0
BRDA:819,96,0,0
BRDA:819,96,1,0
BRDA:835,97,0,0
BRDA:835,97,1,0
BRDA:896,98,0,0
BRDA:896,98,1,0
BRDA:908,99,0,0
BRDA:908,99,1,0
BRDA:957,100,0,0
BRDA:957,100,1,0
BRDA:957,101,0,0
BRDA:957,101,1,0
BRDA:964,102,0,0
BRDA:964,102,1,0
BRDA:975,103,0,0
BRDA:975,103,1,0
BRDA:975,103,2,0
BRDA:981,104,0,0
BRDA:981,104,1,0
BRDA:984,105,0,0
BRDA:984,105,1,0
BRDA:992,106,0,0
BRDA:992,106,1,0
BRDA:992,107,0,0
BRDA:992,107,1,0
BRDA:1004,108,0,0
BRDA:1004,108,1,0
BRDA:1019,109,0,0
BRDA:1019,109,1,0
BRDA:1020,110,0,0
BRDA:1020,110,1,0
BRDA:1023,111,0,0
BRDA:1023,111,1,0
BRDA:1024,112,0,0
BRDA:1024,112,1,0
BRDA:1057,113,0,0
BRDA:1057,113,1,0
BRDA:1057,114,0,0
BRDA:1057,114,1,0
BRDA:1066,115,0,0
BRDA:1066,115,1,0
BRDA:1066,116,0,0
BRDA:1066,116,1,0
BRDA:1072,117,0,0
BRDA:1072,117,1,0
BRDA:1087,118,0,0
BRDA:1087,118,1,0
BRDA:1087,119,0,0
BRDA:1087,119,1,0
BRDA:1101,120,0,0
BRDA:1101,120,1,0
BRDA:1105,121,0,0
BRDA:1105,121,1,0
BRDA:1105,122,0,0
BRDA:1105,122,1,0
BRDA:1109,123,0,0
BRDA:1109,123,1,0
BRDA:1117,124,0,0
BRDA:1117,124,1,0
BRDA:1122,125,0,0
BRDA:1122,125,1,0
BRDA:1122,126,0,0
BRDA:1122,126,1,0
BRDA:1125,127,0,0
BRDA:1125,127,1,0
BRDA:1126,128,0,0
BRDA:1126,128,1,0
BRDA:1126,128,2,0
BRDA:1126,128,3,0
BRDA:1126,128,4,0
BRDA:1126,128,5,0
BRDA:1126,128,6,0
BRDA:1144,129,0,0
BRDA:1144,129,1,0
BRDA:1144,130,0,0
BRDA:1144,130,1,0
BRDA:1146,131,0,0
BRDA:1146,131,1,0
BRDA:1147,132,0,0
BRDA:1147,132,1,0
BRDA:1147,132,2,0
BRDA:1147,132,3,0
BRDA:1186,133,0,0
BRDA:1186,133,1,0
BRDA:1186,134,0,0
BRDA:1186,134,1,0
BRDA:1186,134,2,0
BRDA:1189,135,0,0
BRDA:1189,135,1,0
BRDA:1189,136,0,0
BRDA:1189,136,1,0
BRDA:1189,136,2,0
BRDA:1197,137,0,0
BRDA:1197,137,1,0
BRDA:1225,138,0,0
BRDA:1228,139,0,0
BRDA:1228,139,1,0
BRDA:1229,140,0,0
BRDA:1229,140,1,0
BRDA:1231,141,0,0
BRDA:1231,141,1,0
BRDA:1242,142,0,0
BRDA:1242,142,1,0
BRDA:1251,143,0,0
BRDA:1251,143,1,0
BRDA:1252,144,0,0
BRDA:1252,144,1,0
BRDA:1296,145,0,0
BRDA:1296,145,1,0
BRDA:1309,146,0,0
BRDA:1309,146,1,0
BRDA:1331,147,0,0
BRDA:1331,147,1,0
BRDA:1332,148,0,0
BRDA:1332,148,1,0
BRDA:1333,149,0,0
BRDA:1333,149,1,0
BRDA:1346,150,0,0
BRDA:1346,150,1,0
BRDA:1378,151,0,0
BRDA:1378,151,1,0
BRDA:1402,152,0,0
BRDA:1402,152,1,0
BRDA:1439,153,0,0
BRDA:1439,153,1,0
BRDA:1439,154,0,0
BRDA:1439,154,1,0
BRDA:1451,155,0,0
BRDA:1451,155,1,0
BRDA:1473,156,0,0
BRDA:1473,156,1,0
BRDA:1473,156,2,0
BRDA:1473,156,3,0
BRDA:1497,157,0,0
BRDA:1497,157,1,0
BRDA:1507,158,0,0
BRDA:1507,158,1,0
BRDA:1511,159,0,0
BRDA:1511,159,1,0
BRDA:1519,160,0,0
BRDA:1519,160,1,0
BRDA:1520,161,0,0
BRDA:1520,161,1,0
BRDA:1529,162,0,0
BRDA:1529,162,1,0
BRDA:1560,163,0,0
BRDA:1560,163,1,0
BRDA:1564,164,0,0
BRDA:1564,164,1,0
BRDA:1564,165,0,0
BRDA:1564,165,1,0
BRDA:1585,166,0,0
BRDA:1585,166,1,0
BRDA:1589,167,0,0
BRDA:1589,167,1,0
BRDA:1593,168,0,0
BRDA:1593,168,1,0
BRDA:1605,169,0,0
BRDA:1605,169,1,0
BRDA:1657,170,0,0
BRDA:1657,170,1,0
BRDA:1747,171,0,0
BRDA:1747,171,1,0
BRDA:1788,172,0,0
BRDA:1793,173,0,0
BRDA:1793,173,1,0
BRDA:1794,174,0,0
BRDA:1794,174,1,0
BRDA:1801,175,0,0
BRDA:1801,175,1,0
BRDA:1801,176,0,0
BRDA:1801,176,1,0
BRDA:1834,177,0,0
BRDA:1834,177,1,0
BRDA:1834,178,0,0
BRDA:1834,178,1,0
BRDA:1855,179,0,0
BRDA:1855,179,1,0
BRDA:1867,180,0,0
BRDA:1867,180,1,0
BRDA:1870,181,0,0
BRDA:1870,181,1,0
BRDA:1870,181,2,0
BRDA:1870,181,3,0
BRDA:1876,182,0,0
BRDA:1876,182,1,0
BRDA:1876,182,2,0
BRDA:1881,183,0,0
BRDA:1881,183,1,0
BRDA:1886,184,0,0
BRDA:1886,184,1,0
BRDA:1889,185,0,0
BRDA:1889,185,1,0
BRDA:1894,186,0,0
BRDA:1894,186,1,0
BRDA:1904,187,0,0
BRDA:1904,187,1,0
BRDA:1908,188,0,0
BRDA:1908,188,1,0
BRDA:1908,188,2,0
BRDA:1911,189,0,0
BRDA:1911,189,1,0
BRDA:1912,190,0,0
BRDA:1912,190,1,0
BRDA:1917,191,0,0
BRDA:1917,191,1,0
BRDA:1921,192,0,0
BRDA:1921,192,1,0
BRDA:1953,193,0,0
BRDA:1953,193,1,0
BRDA:2017,194,0,0
BRDA:2017,194,1,0
BRDA:2020,195,0,0
BRDA:2020,195,1,0
BRDA:2020,196,0,0
BRDA:2020,196,1,0
BRDA:2022,197,0,0
BRDA:2022,197,1,0
BRDA:2033,198,0,0
BRDA:2033,198,1,0
BRDA:2033,199,0,0
BRDA:2033,199,1,0
BRDA:2038,200,0,0
BRDA:2038,200,1,0
BRDA:2039,201,0,0
BRDA:2039,201,1,0
BRDA:2039,201,2,0
BRF:436
BRH:0
end_of_record
TN:
SF:src/App.gs
FN:21,(anonymous_0)
FN:43,(anonymous_1)
FN:52,(anonymous_2)
FN:61,(anonymous_3)
FN:71,(anonymous_4)
FNF:5
FNH:0
FNDA:0,(anonymous_0)
FNDA:0,(anonymous_1)
FNDA:0,(anonymous_2)
FNDA:0,(anonymous_3)
FNDA:0,(anonymous_4)
DA:2,0
DA:9,0
DA:22,0
DA:24,0
DA:26,0
DA:29,0
DA:31,0
DA:32,0
DA:34,0
DA:35,0
DA:44,0
DA:45,0
DA:53,0
DA:54,0
DA:62,0
DA:63,0
DA:64,0
DA:72,0
LF:18
LH:0
BRDA:22,0,0,0
BRDA:22,0,1,0
BRDA:44,1,0,0
BRDA:44,1,1,0
BRDA:53,2,0,0
BRDA:53,2,1,0
BRF:6
BRH:0
end_of_record
TN:
SF:src/Base.gs
FN:25,(anonymous_0)
FN:60,(anonymous_1)
FN:74,(anonymous_2)
FN:90,(anonymous_3)
FN:109,(anonymous_4)
FN:124,(anonymous_5)
FN:151,(anonymous_6)
FN:161,(anonymous_7)
FN:178,(anonymous_8)
FN:195,(anonymous_9)
FN:229,(anonymous_10)
FN:248,(anonymous_11)
FN:278,(anonymous_12)
FN:289,(anonymous_13)
FN:300,(anonymous_14)
FN:346,(anonymous_15)
FN:376,(anonymous_16)
FN:389,(anonymous_17)
FN:412,(anonymous_18)
FN:425,(anonymous_19)
FN:464,(anonymous_20)
FN:484,(anonymous_21)
FN:499,(anonymous_22)
FN:515,(anonymous_23)
FN:533,(anonymous_24)
FN:548,(anonymous_25)
FNF:26
FNH:0
FNDA:0,(anonymous_0)
FNDA:0,(anonymous_1)
FNDA:0,(anonymous_2)
FNDA:0,(anonymous_3)
FNDA:0,(anonymous_4)
FNDA:0,(anonymous_5)
FNDA:0,(anonymous_6)
FNDA:0,(anonymous_7)
FNDA:0,(anonymous_8)
FNDA:0,(anonymous_9)
FNDA:0,(anonymous_10)
FNDA:0,(anonymous_11)
FNDA:0,(anonymous_12)
FNDA:0,(anonymous_13)
FNDA:0,(anonymous_14)
FNDA:0,(anonymous_15)
FNDA:0,(anonymous_16)
FNDA:0,(anonymous_17)
FNDA:0,(anonymous_18)
FNDA:0,(anonymous_19)
FNDA:0,(anonymous_20)
FNDA:0,(anonymous_21)
FNDA:0,(anonymous_22)
FNDA:0,(anonymous_23)
FNDA:0,(anonymous_24)
FNDA:0,(anonymous_25)
DA:2,0
DA:17,0
DA:26,0
DA:29,0
DA:32,0
DA:33,0
DA:34,0
DA:35,0
DA:39,0
DA:40,0
DA:41,0
DA:42,0
DA:47,0
DA:48,0
DA:51,0
DA:61,0
DA:63,0
DA:64,0
DA:75,0
DA:76,0
DA:91,0
DA:93,0
DA:94,0
DA:96,0
DA:97,0
DA:99,0
DA:100,0
DA:110,0
DA:111,0
DA:114,0
DA:125,0
DA:127,0
DA:129,0
DA:130,0
DA:135,0
DA:136,0
DA:137,0
DA:139,0
DA:141,0
DA:142,0
DA:152,0
DA:153,0
DA:162,0
DA:163,0
DA:165,0
DA:179,0
DA:197,0
DA:210,0
DA:212,0
DA:219,0
DA:220,0
DA:230,0
DA:231,0
DA:233,0
DA:239,0
DA:249,0
DA:252,0
DA:256,0
DA:262,0
DA:270,0
DA:279,0
DA:280,0
DA:290,0
DA:301,0
DA:302,0
DA:303,0
DA:307,0
DA:308,0
DA:309,0
DA:318,0
DA:319,0
DA:320,0
DA:328,0
DA:330,0
DA:332,0
DA:335,0
DA:338,0
DA:339,0
DA:347,0
DA:349,0
DA:358,0
DA:359,0
DA:360,0
DA:364,0
DA:365,0
DA:366,0
DA:369,0
DA:370,0
DA:378,0
DA:379,0
DA:383,0
DA:391,0
DA:392,0
DA:396,0
DA:397,0
DA:401,0
DA:402,0
DA:406,0
DA:413,0
DA:426,0
DA:429,0
DA:430,0
DA:432,0
DA:434,0
DA:435,0
DA:438,0
DA:439,0
DA:442,0
DA:443,0
DA:446,0
DA:465,0
DA:466,0
DA:474,0
DA:485,0
DA:500,0
DA:516,0
DA:517,0
DA:534,0
DA:535,0
DA:537,0
DA:538,0
DA:549,0
DA:550,0
DA:552,0
DA:553,0
LF:125
LH:0
BRDA:25,0,0,0
BRDA:26,1,0,0
BRDA:26,2,0,0
BRDA:32,3,0,0
BRDA:32,3,1,0
BRDA:32,4,0,0
BRDA:32,4,1,0
BRDA:34,5,0,0
BRDA:34,5,1,0
BRDA:39,6,0,0
BRDA:39,6,1,0
BRDA:39,7,0,0
BRDA:39,7,1,0
BRDA:41,8,0,0
BRDA:41,8,1,0
BRDA:47,9,0,0
BRDA:47,9,1,0
BRDA:74,10,0,0
BRDA:91,11,0,0
BRDA:91,11,1,0
BRDA:94,12,0,0
BRDA:94,12,1,0
BRDA:94,13,0,0
BRDA:94,13,1,0
BRDA:110,14,0,0
BRDA:110,14,1,0
BRDA:125,15,0,0
BRDA:125,15,1,0
BRDA:125,16,0,0
BRDA:125,16,1,0
BRDA:135,17,0,0
BRDA:135,17,1,0
BRDA:152,18,0,0
BRDA:152,18,1,0
BRDA:163,19,0,0
BRDA:163,19,1,0
BRDA:163,20,0,0
BRDA:163,20,1,0
BRDA:167,21,0,0
BRDA:167,21,1,0
BRDA:168,22,0,0
BRDA:168,22,1,0
BRDA:169,23,0,0
BRDA:169,23,1,0
BRDA:170,24,0,0
BRDA:170,24,1,0
BRDA:220,25,0,0
BRDA:220,25,1,0
BRDA:231,26,0,0
BRDA:231,26,1,0
BRDA:249,27,0,0
BRDA:249,27,1,0
BRDA:249,28,0,0
BRDA:249,28,1,0
BRDA:252,29,0,0
BRDA:252,29,1,0
BRDA:280,30,0,0
BRDA:280,30,1,0
BRDA:300,31,0,0
BRDA:300,32,0,0
BRDA:302,33,0,0
BRDA:302,33,1,0
BRDA:308,34,0,0
BRDA:308,34,1,0
BRDA:319,35,0,0
BRDA:319,35,1,0
BRDA:328,36,0,0
BRDA:328,36,1,0
BRDA:328,36,2,0
BRDA:328,36,3,0
BRDA:350,37,0,0
BRDA:350,37,1,0
BRDA:351,38,0,0
BRDA:351,38,1,0
BRDA:352,39,0,0
BRDA:352,39,1,0
BRDA:358,40,0,0
BRDA:358,40,1,0
BRDA:364,41,0,0
BRDA:364,41,1,0
BRDA:378,42,0,0
BRDA:378,42,1,0
BRDA:391,43,0,0
BRDA:391,43,1,0
BRDA:396,44,0,0
BRDA:396,44,1,0
BRDA:401,45,0,0
BRDA:401,45,1,0
BRDA:412,46,0,0
BRDA:412,47,0,0
BRDA:426,48,0,0
BRDA:426,48,1,0
BRDA:426,49,0,0
BRDA:426,49,1,0
BRDA:430,50,0,0
BRDA:430,50,1,0
BRDA:434,51,0,0
BRDA:434,51,1,0
BRDA:438,52,0,0
BRDA:438,52,1,0
BRDA:442,53,0,0
BRDA:442,53,1,0
BRDA:464,54,0,0
BRDA:465,55,0,0
BRDA:465,55,1,0
BRDA:470,56,0,0
BRDA:470,56,1,0
BRDA:484,57,0,0
BRDA:484,58,0,0
BRDA:488,59,0,0
BRDA:488,59,1,0
BRDA:488,60,0,0
BRDA:488,60,1,0
BRDA:499,61,0,0
BRDA:499,62,0,0
BRDA:515,63,0,0
BRDA:515,64,0,0
BRDA:519,65,0,0
BRDA:519,65,1,0
BRDA:533,66,0,0
BRF:120
BRH:0
end_of_record
TN:
SF:src/ConfigOptimizer.gs
FN:15,optimizeConfigJson
FN:53,determineCorrectSetupStatus
FN:65,determineFormCreatedStatus
FN:75,generateDynamicFields
FN:103,generateAppName
FN:113,getOptimizedUserInfo
FN:153,optimizeUserDatabase
FN:206,optimizeSpecificUser
FNF:8
FNH:0
FNDA:0,optimizeConfigJson
FNDA:0,determineCorrectSetupStatus
FNDA:0,determineFormCreatedStatus
FNDA:0,generateDynamicFields
FNDA:0,generateAppName
FNDA:0,getOptimizedUserInfo
FNDA:0,optimizeUserDatabase
FNDA:0,optimizeSpecificUser
DA:2,0
DA:16,0
DA:17,0
DA:18,0
DA:22,0
DA:35,0
DA:36,0
DA:39,0
DA:47,0
DA:54,0
DA:55,0
DA:56,0
DA:57,0
DA:59,0
DA:66,0
DA:76,0
DA:77,0
DA:79,0
DA:104,0
DA:105,0
DA:114,0
DA:116,0
DA:117,0
DA:118,0
DA:122,0
DA:123,0
DA:124,0
DA:125,0
DA:127,0
DA:132,0
DA:135,0
DA:138,0
DA:143,0
DA:144,0
DA:154,0
DA:155,0
DA:156,0
DA:157,0
DA:160,0
DA:161,0
DA:162,0
DA:166,0
DA:169,0
DA:170,0
DA:174,0
DA:175,0
DA:179,0
DA:180,0
DA:183,0
DA:186,0
DA:188,0
DA:190,0
DA:191,0
DA:194,0
DA:196,0
DA:197,0
DA:207,0
DA:209,0
DA:211,0
DA:213,0
DA:214,0
DA:215,0
DA:222,0
LF:63
LH:0
BRDA:16,0,0,0
BRDA:16,0,1,0
BRDA:16,1,0,0
BRDA:16,1,1,0
BRDA:23,2,0,0
BRDA:23,2,1,0
BRDA:23,3,0,0
BRDA:23,3,1,0
BRDA:26,4,0,0
BRDA:26,4,1,0
BRDA:27,5,0,0
BRDA:27,5,1,0
BRDA:28,6,0,0
BRDA:28,6,1,0
BRDA:29,7,0,0
BRDA:29,7,1,0
BRDA:30,8,0,0
BRDA:30,8,1,0
BRDA:35,9,0,0
BRDA:35,9,1,0
BRDA:35,10,0,0
BRDA:35,10,1,0
BRDA:54,11,0,0
BRDA:54,11,1,0
BRDA:54,12,0,0
BRDA:54,12,1,0
BRDA:54,12,2,0
BRDA:56,13,0,0
BRDA:56,13,1,0
BRDA:56,14,0,0
BRDA:56,14,1,0
BRDA:66,15,0,0
BRDA:66,15,1,0
BRDA:89,16,0,0
BRDA:89,16,1,0
BRDA:90,17,0,0
BRDA:90,17,1,0
BRDA:104,18,0,0
BRDA:104,18,1,0
BRDA:117,19,0,0
BRDA:117,19,1,0
BRDA:123,20,0,0
BRDA:123,20,1,0
BRDA:156,21,0,0
BRDA:156,21,1,0
BRDA:161,22,0,0
BRDA:161,22,1,0
BRDA:169,23,0,0
BRDA:169,23,1,0
BRDA:169,24,0,0
BRDA:169,24,1,0
BRDA:174,25,0,0
BRDA:174,25,1,0
BRDA:174,26,0,0
BRDA:174,26,1,0
BRDA:188,27,0,0
BRDA:188,27,1,0
BRDA:207,28,0,0
BRDA:207,28,1,0
BRDA:213,29,0,0
BRDA:213,29,1,0
BRF:61
BRH:0
end_of_record
TN:
SF:src/Core.gs
FN:15,getAutoStopTime
FN:42,determineSetupStep
FN:89,validateHeaderIntegrity
FN:164,getOpinionHeaderSafely
FN:201,registerNewUser
FN:348,addReaction
FN:406,addReactionBatch
FN:497,(anonymous_7)
FN:517,(anonymous_8)
FN:524,(anonymous_9)
FN:549,getCurrentSheetName
FN:578,verifyUserAccess
FN:596,executeGetPublishedSheetData
FN:778,getIncrementalSheetData
FN:878,(anonymous_14)
FN:926,refreshBoardData
FN:957,formatSheetDataForFrontend
FN:968,(anonymous_17)
FN:1019,checkReactionState
FN:1084,getAppConfig
FN:1243,getResponsesData
FN:1281,getCurrentUserStatus
FN:1318,getActiveFormInfo
FN:1366,countSheetRows
FN:1370,(anonymous_24)
FN:1386,(anonymous_25)
FN:1397,getDataCount
FN:1443,updateFormSettings
FN:1488,saveSystemConfig
FN:1527,toggleHighlight
FN:1582,createUserFolder
FN:1612,processHighlightToggle
FN:1671,getSpreadsheetColumnIndices
FN:1689,getSheetColumns
FN:1712,(anonymous_34)
FN:1731,extractFormIdFromUrl
FN:1761,processReaction
FN:1777,(anonymous_37)
FN:1805,(anonymous_38)
FN:1949,createFormFactory
FN:2007,addUnifiedQuestions
FN:2146,getQuestionConfig
FN:2187,doGetQuestionConfig
FN:2215,saveClassChoices
FN:2242,getSavedClassChoices
FN:2310,createUnifiedForm
FN:2350,createLinkedSpreadsheet
FN:2418,shareAllSpreadsheetsWithServiceAccount
FN:2474,repairUserSpreadsheetAccess
FN:2546,addReactionColumnsToSpreadsheet
FN:2593,getSheetData
FN:2605,(anonymous_51)
FN:2615,executeGetSheetData
FN:2666,(anonymous_53)
FN:2683,(anonymous_54)
FN:2713,getSheetsList
FN:2801,(anonymous_56)
FN:2811,(anonymous_57)
FN:2830,buildRosterMap
FN:2839,processRowData
FN:2851,(anonymous_60)
FN:2901,calculateRowScore
FN:2922,applySortMode
FN:2925,(anonymous_63)
FN:2935,(anonymous_64)
FN:2946,shuffleArray
FN:2960,getHeaderIndex
FN:2970,getColumnHeaderName
FN:2987,mapConfigToActualHeaders
FN:3084,(anonymous_69)
FN:3166,getRowReactions
FN:3178,(anonymous_71)
FN:3247,updateIsActiveStatus
FN:3314,hasSetupPageAccess
FN:3334,getDriveService
FN:3340,(anonymous_75)
FN:3356,shouldEnableDebugMode
FN:3366,isSystemAdmin
FN:3399,deleteUserAccountByAdminForUI
FN:3419,getDeletionLogsForUI
FN:3435,getAllUsersForAdminForUI
FN:3456,createForm
FN:3648,deleteCurrentUserAccount
FN:3675,activateSheetSimple
FN:3708,getLoginStatus
FN:3769,confirmUserRegistration
FN:3793,getInitialData
FN:3972,(anonymous_87)
FN:4046,fixDataConsistencyManual
FN:4094,getApplicationStatusForUI
FN:4122,setApplicationStatusForUI
FN:4152,identifyHeadersAdvanced
FN:4185,enhanceWithWebKnowledge
FN:4207,(anonymous_93)
FN:4210,(anonymous_94)
FN:4211,(anonymous_95)
FN:4245,analyzeContextualMeaning
FN:4249,(anonymous_97)
FN:4263,(anonymous_98)
FN:4275,calculateAdvancedConfidence
FN:4278,(anonymous_100)
FN:4306,identifyHeaders
FN:4307,(anonymous_102)
FN:4308,(anonymous_103)
FN:4310,(anonymous_104)
FN:4319,(anonymous_105)
FN:4332,(anonymous_106)
FN:4410,(anonymous_107)
FN:4411,(anonymous_108)
FN:4412,(anonymous_109)
FN:4413,(anonymous_110)
FN:4434,(anonymous_111)
FNF:112
FNH:0
FNDA:0,getAutoStopTime
FNDA:0,determineSetupStep
FNDA:0,validateHeaderIntegrity
FNDA:0,getOpinionHeaderSafely
FNDA:0,registerNewUser
FNDA:0,addReaction
FNDA:0,addReactionBatch
FNDA:0,(anonymous_7)
FNDA:0,(anonymous_8)
FNDA:0,(anonymous_9)
FNDA:0,getCurrentSheetName
FNDA:0,verifyUserAccess
FNDA:0,executeGetPublishedSheetData
FNDA:0,getIncrementalSheetData
FNDA:0,(anonymous_14)
FNDA:0,refreshBoardData
FNDA:0,formatSheetDataForFrontend
FNDA:0,(anonymous_17)
FNDA:0,checkReactionState
FNDA:0,getAppConfig
FNDA:0,getResponsesData
FNDA:0,getCurrentUserStatus
FNDA:0,getActiveFormInfo
FNDA:0,countSheetRows
FNDA:0,(anonymous_24)
FNDA:0,(anonymous_25)
FNDA:0,getDataCount
FNDA:0,updateFormSettings
FNDA:0,saveSystemConfig
FNDA:0,toggleHighlight
FNDA:0,createUserFolder
FNDA:0,processHighlightToggle
FNDA:0,getSpreadsheetColumnIndices
FNDA:0,getSheetColumns
FNDA:0,(anonymous_34)
FNDA:0,extractFormIdFromUrl
FNDA:0,processReaction
FNDA:0,(anonymous_37)
FNDA:0,(anonymous_38)
FNDA:0,createFormFactory
FNDA:0,addUnifiedQuestions
FNDA:0,getQuestionConfig
FNDA:0,doGetQuestionConfig
FNDA:0,saveClassChoices
FNDA:0,getSavedClassChoices
FNDA:0,createUnifiedForm
FNDA:0,createLinkedSpreadsheet
FNDA:0,shareAllSpreadsheetsWithServiceAccount
FNDA:0,repairUserSpreadsheetAccess
FNDA:0,addReactionColumnsToSpreadsheet
FNDA:0,getSheetData
FNDA:0,(anonymous_51)
FNDA:0,executeGetSheetData
FNDA:0,(anonymous_53)
FNDA:0,(anonymous_54)
FNDA:0,getSheetsList
FNDA:0,(anonymous_56)
FNDA:0,(anonymous_57)
FNDA:0,buildRosterMap
FNDA:0,processRowData
FNDA:0,(anonymous_60)
FNDA:0,calculateRowScore
FNDA:0,applySortMode
FNDA:0,(anonymous_63)
FNDA:0,(anonymous_64)
FNDA:0,shuffleArray
FNDA:0,getHeaderIndex
FNDA:0,getColumnHeaderName
FNDA:0,mapConfigToActualHeaders
FNDA:0,(anonymous_69)
FNDA:0,getRowReactions
FNDA:0,(anonymous_71)
FNDA:0,updateIsActiveStatus
FNDA:0,hasSetupPageAccess
FNDA:0,getDriveService
FNDA:0,(anonymous_75)
FNDA:0,shouldEnableDebugMode
FNDA:0,isSystemAdmin
FNDA:0,deleteUserAccountByAdminForUI
FNDA:0,getDeletionLogsForUI
FNDA:0,getAllUsersForAdminForUI
FNDA:0,createForm
FNDA:0,deleteCurrentUserAccount
FNDA:0,activateSheetSimple
FNDA:0,getLoginStatus
FNDA:0,confirmUserRegistration
FNDA:0,getInitialData
FNDA:0,(anonymous_87)
FNDA:0,fixDataConsistencyManual
FNDA:0,getApplicationStatusForUI
FNDA:0,setApplicationStatusForUI
FNDA:0,identifyHeadersAdvanced
FNDA:0,enhanceWithWebKnowledge
FNDA:0,(anonymous_93)
FNDA:0,(anonymous_94)
FNDA:0,(anonymous_95)
FNDA:0,analyzeContextualMeaning
FNDA:0,(anonymous_97)
FNDA:0,(anonymous_98)
FNDA:0,calculateAdvancedConfidence
FNDA:0,(anonymous_100)
FNDA:0,identifyHeaders
FNDA:0,(anonymous_102)
FNDA:0,(anonymous_103)
FNDA:0,(anonymous_104)
FNDA:0,(anonymous_105)
FNDA:0,(anonymous_106)
FNDA:0,(anonymous_107)
FNDA:0,(anonymous_108)
FNDA:0,(anonymous_109)
FNDA:0,(anonymous_110)
FNDA:0,(anonymous_111)
DA:2,0
DA:16,0
DA:17,0
DA:18,0
DA:20,0
DA:31,0
DA:32,0
DA:43,0
DA:46,0
DA:52,0
DA:56,0
DA:62,0
DA:65,0
DA:69,0
DA:70,0
DA:74,0
DA:75,0
DA:82,0
DA:90,0
DA:91,0
DA:93,0
DA:94,0
DA:95,0
DA:102,0
DA:103,0
DA:106,0
DA:108,0
DA:123,0
DA:124,0
DA:125,0
DA:129,0
DA:130,0
DA:131,0
DA:135,0
DA:136,0
DA:138,0
DA:141,0
DA:143,0
DA:144,0
DA:165,0
DA:167,0
DA:168,0
DA:169,0
DA:172,0
DA:173,0
DA:174,0
DA:176,0
DA:178,0
DA:184,0
DA:186,0
DA:187,0
DA:202,0
DA:205,0
DA:206,0
DA:207,0
DA:211,0
DA:215,0
DA:217,0
DA:222,0
DA:224,0
DA:226,0
DA:227,0
DA:230,0
DA:235,0
DA:239,0
DA:240,0
DA:241,0
DA:244,0
DA:249,0
DA:253,0
DA:254,0
DA:256,0
DA:258,0
DA:259,0
DA:261,0
DA:264,0
DA:267,0
DA:269,0
DA:271,0
DA:273,0
DA:284,0
DA:286,0
DA:288,0
DA:290,0
DA:297,0
DA:300,0
DA:302,0
DA:308,0
DA:317,0
DA:323,0
DA:327,0
DA:335,0
DA:339,0
DA:349,0
DA:350,0
DA:352,0
DA:353,0
DA:354,0
DA:357,0
DA:358,0
DA:359,0
DA:362,0
DA:371,0
DA:373,0
DA:380,0
DA:385,0
DA:388,0
DA:389,0
DA:395,0
DA:407,0
DA:408,0
DA:410,0
DA:412,0
DA:413,0
DA:417,0
DA:418,0
DA:419,0
DA:422,0
DA:423,0
DA:426,0
DA:427,0
DA:428,0
DA:432,0
DA:433,0
DA:436,0
DA:439,0
DA:440,0
DA:442,0
DA:444,0
DA:445,0
DA:446,0
DA:450,0
DA:458,0
DA:460,0
DA:467,0
DA:474,0
DA:476,0
DA:477,0
DA:485,0
DA:486,0
DA:496,0
DA:497,0
DA:498,0
DA:499,0
DA:505,0
DA:510,0
DA:514,0
DA:517,0
DA:520,0
DA:524,0
DA:529,0
DA:532,0
DA:540,0
DA:550,0
DA:551,0
DA:552,0
DA:555,0
DA:556,0
DA:559,0
DA:561,0
DA:562,0
DA:580,0
DA:581,0
DA:583,0
DA:584,0
DA:587,0
DA:590,0
DA:597,0
DA:598,0
DA:599,0
DA:607,0
DA:608,0
DA:609,0
DA:611,0
DA:613,0
DA:614,0
DA:617,0
DA:620,0
DA:621,0
DA:623,0
DA:624,0
DA:626,0
DA:634,0
DA:638,0
DA:639,0
DA:640,0
DA:643,0
DA:644,0
DA:652,0
DA:659,0
DA:665,0
DA:666,0
DA:672,0
DA:673,0
DA:675,0
DA:680,0
DA:681,0
DA:682,0
DA:683,0
DA:685,0
DA:686,0
DA:688,0
DA:691,0
DA:700,0
DA:701,0
DA:704,0
DA:713,0
DA:715,0
DA:724,0
DA:725,0
DA:728,0
DA:729,0
DA:730,0
DA:731,0
DA:732,0
DA:733,0
DA:734,0
DA:740,0
DA:742,0
DA:750,0
DA:757,0
DA:758,0
DA:760,0
DA:761,0
DA:779,0
DA:780,0
DA:781,0
DA:783,0
DA:784,0
DA:785,0
DA:788,0
DA:789,0
DA:790,0
DA:791,0
DA:793,0
DA:794,0
DA:796,0
DA:803,0
DA:807,0
DA:809,0
DA:811,0
DA:812,0
DA:815,0
DA:816,0
DA:820,0
DA:823,0
DA:824,0
DA:829,0
DA:842,0
DA:847,0
DA:848,0
DA:851,0
DA:854,0
DA:855,0
DA:856,0
DA:858,0
DA:860,0
DA:861,0
DA:872,0
DA:873,0
DA:876,0
DA:877,0
DA:878,0
DA:879,0
DA:891,0
DA:900,0
DA:911,0
DA:912,0
DA:927,0
DA:928,0
DA:929,0
DA:931,0
DA:932,0
DA:933,0
DA:937,0
DA:940,0
DA:942,0
DA:943,0
DA:966,0
DA:968,0
DA:969,0
DA:970,0
DA:971,0
DA:972,0
DA:974,0
DA:982,0
DA:988,0
DA:989,0
DA:990,0
DA:991,0
DA:993,0
DA:994,0
DA:997,0
DA:998,0
DA:999,0
DA:1000,0
DA:1004,0
DA:1020,0
DA:1021,0
DA:1022,0
DA:1023,0
DA:1025,0
DA:1026,0
DA:1027,0
DA:1028,0
DA:1029,0
DA:1030,0
DA:1035,0
DA:1036,0
DA:1037,0
DA:1038,0
DA:1041,0
DA:1045,0
DA:1046,0
DA:1051,0
DA:1054,0
DA:1085,0
DA:1086,0
DA:1087,0
DA:1088,0
DA:1089,0
DA:1090,0
DA:1093,0
DA:1096,0
DA:1097,0
DA:1098,0
DA:1099,0
DA:1101,0
DA:1102,0
DA:1103,0
DA:1105,0
DA:1106,0
DA:1107,0
DA:1109,0
DA:1110,0
DA:1111,0
DA:1113,0
DA:1117,0
DA:1118,0
DA:1121,0
DA:1122,0
DA:1123,0
DA:1124,0
DA:1125,0
DA:1126,0
DA:1127,0
DA:1129,0
DA:1133,0
DA:1136,0
DA:1183,0
DA:1184,0
DA:1244,0
DA:1245,0
DA:1246,0
DA:1249,0
DA:1250,0
DA:1251,0
DA:1252,0
DA:1254,0
DA:1255,0
DA:1257,0
DA:1258,0
DA:1261,0
DA:1267,0
DA:1268,0
DA:1282,0
DA:1283,0
DA:1287,0
DA:1288,0
DA:1289,0
DA:1291,0
DA:1294,0
DA:1295,0
DA:1298,0
DA:1308,0
DA:1309,0
DA:1319,0
DA:1320,0
DA:1321,0
DA:1323,0
DA:1324,0
DA:1325,0
DA:1328,0
DA:1331,0
DA:1332,0
DA:1333,0
DA:1334,0
DA:1335,0
DA:1336,0
DA:1340,0
DA:1343,0
DA:1354,0
DA:1355,0
DA:1367,0
DA:1368,0
DA:1371,0
DA:1372,0
DA:1374,0
DA:1375,0
DA:1376,0
DA:1379,0
DA:1380,0
DA:1381,0
DA:1382,0
DA:1385,0
DA:1386,0
DA:1398,0
DA:1399,0
DA:1400,0
DA:1401,0
DA:1402,0
DA:1404,0
DA:1406,0
DA:1407,0
DA:1415,0
DA:1420,0
DA:1426,0
DA:1427,0
DA:1444,0
DA:1445,0
DA:1446,0
DA:1448,0
DA:1449,0
DA:1450,0
DA:1453,0
DA:1455,0
DA:1456,0
DA:1457,0
DA:1458,0
DA:1460,0
DA:1461,0
DA:1463,0
DA:1464,0
DA:1467,0
DA:1472,0
DA:1473,0
DA:1476,0
DA:1479,0
DA:1480,0
DA:1489,0
DA:1490,0
DA:1491,0
DA:1493,0
DA:1494,0
DA:1495,0
DA:1498,0
DA:1501,0
DA:1508,0
DA:1512,0
DA:1517,0
DA:1518,0
DA:1528,0
DA:1529,0
DA:1530,0
DA:1532,0
DA:1533,0
DA:1534,0
DA:1538,0
DA:1539,0
DA:1540,0
DA:1543,0
DA:1550,0
DA:1551,0
DA:1556,0
DA:1559,0
DA:1560,0
DA:1583,0
DA:1584,0
DA:1585,0
DA:1589,0
DA:1590,0
DA:1591,0
DA:1593,0
DA:1597,0
DA:1598,0
DA:1599,0
DA:1601,0
DA:1604,0
DA:1605,0
DA:1613,0
DA:1614,0
DA:1615,0
DA:1616,0
DA:1618,0
DA:1619,0
DA:1624,0
DA:1625,0
DA:1626,0
DA:1627,0
DA:1635,0
DA:1639,0
DA:1640,0
DA:1643,0
DA:1644,0
DA:1648,0
DA:1651,0
DA:1654,0
DA:1660,0
DA:1661,0
DA:1672,0
DA:1678,0
DA:1681,0
DA:1682,0
DA:1683,0
DA:1686,0
DA:1690,0
DA:1691,0
DA:1692,0
DA:1693,0
DA:1694,0
DA:1697,0
DA:1698,0
DA:1700,0
DA:1701,0
DA:1704,0
DA:1705,0
DA:1706,0
DA:1709,0
DA:1712,0
DA:1713,0
DA:1719,0
DA:1720,0
DA:1722,0
DA:1723,0
DA:1724,0
DA:1732,0
DA:1734,0
DA:1736,0
DA:1737,0
DA:1738,0
DA:1742,0
DA:1743,0
DA:1744,0
DA:1747,0
DA:1749,0
DA:1750,0
DA:1762,0
DA:1764,0
DA:1765,0
DA:1766,0
DA:1768,0
DA:1769,0
DA:1772,0
DA:1773,0
DA:1774,0
DA:1777,0
DA:1778,0
DA:1779,0
DA:1780,0
DA:1781,0
DA:1782,0
DA:1783,0
DA:1787,0
DA:1788,0
DA:1793,0
DA:1794,0
DA:1798,0
DA:1799,0
DA:1800,0
DA:1801,0
DA:1804,0
DA:1805,0
DA:1806,0
DA:1808,0
DA:1809,0
DA:1817,0
DA:1820,0
DA:1821,0
DA:1823,0
DA:1825,0
DA:1827,0
DA:1828,0
DA:1831,0
DA:1832,0
DA:1834,0
DA:1837,0
DA:1838,0
DA:1839,0
DA:1844,0
DA:1845,0
DA:1850,0
DA:1854,0
DA:1855,0
DA:1858,0
DA:1874,0
DA:1875,0
DA:1879,0
DA:1882,0
DA:1885,0
DA:1892,0
DA:1895,0
DA:1896,0
DA:1950,0
DA:1951,0
DA:1952,0
DA:1953,0
DA:1956,0
DA:1957,0
DA:1960,0
DA:1963,0
DA:1964,0
DA:1967,0
DA:1970,0
DA:1971,0
DA:1972,0
DA:1974,0
DA:1977,0
DA:1981,0
DA:1984,0
DA:1986,0
DA:1996,0
DA:1997,0
DA:2008,0
DA:2009,0
DA:2011,0
DA:2013,0
DA:2014,0
DA:2015,0
DA:2016,0
DA:2017,0
DA:2019,0
DA:2020,0
DA:2021,0
DA:2023,0
DA:2024,0
DA:2025,0
DA:2027,0
DA:2028,0
DA:2029,0
DA:2030,0
DA:2033,0
DA:2034,0
DA:2035,0
DA:2036,0
DA:2039,0
DA:2045,0
DA:2046,0
DA:2047,0
DA:2048,0
DA:2052,0
DA:2053,0
DA:2054,0
DA:2057,0
DA:2061,0
DA:2063,0
DA:2065,0
DA:2066,0
DA:2068,0
DA:2069,0
DA:2074,0
DA:2076,0
DA:2081,0
DA:2083,0
DA:2085,0
DA:2086,0
DA:2091,0
DA:2093,0
DA:2098,0
DA:2100,0
DA:2102,0
DA:2104,0
DA:2105,0
DA:2108,0
DA:2109,0
DA:2110,0
DA:2112,0
DA:2113,0
DA:2114,0
DA:2115,0
DA:2117,0
DA:2118,0
DA:2119,0
DA:2120,0
DA:2122,0
DA:2123,0
DA:2124,0
DA:2125,0
DA:2127,0
DA:2128,0
DA:2129,0
DA:2130,0
DA:2133,0
DA:2135,0
DA:2136,0
DA:2148,0
DA:2172,0
DA:2173,0
DA:2174,0
DA:2175,0
DA:2180,0
DA:2188,0
DA:2190,0
DA:2191,0
DA:2193,0
DA:2196,0
DA:2198,0
DA:2202,0
DA:2203,0
DA:2216,0
DA:2217,0
DA:2218,0
DA:2219,0
DA:2220,0
DA:2223,0
DA:2224,0
DA:2225,0
DA:2227,0
DA:2231,0
DA:2232,0
DA:2234,0
DA:2235,0
DA:2243,0
DA:2244,0
DA:2245,0
DA:2246,0
DA:2247,0
DA:2250,0
DA:2251,0
DA:2258,0
DA:2264,0
DA:2265,0
DA:2273,0
DA:2311,0
DA:2312,0
DA:2313,0
DA:2314,0
DA:2317,0
DA:2318,0
DA:2321,0
DA:2322,0
DA:2325,0
DA:2327,0
DA:2336,0
DA:2338,0
DA:2339,0
DA:2351,0
DA:2353,0
DA:2356,0
DA:2357,0
DA:2360,0
DA:2361,0
DA:2362,0
DA:2363,0
DA:2367,0
DA:2370,0
DA:2372,0
DA:2376,0
DA:2379,0
DA:2382,0
DA:2383,0
DA:2385,0
DA:2386,0
DA:2387,0
DA:2393,0
DA:2394,0
DA:2396,0
DA:2398,0
DA:2403,0
DA:2409,0
DA:2410,0
DA:2419,0
DA:2420,0
DA:2421,0
DA:2422,0
DA:2423,0
DA:2425,0
DA:2426,0
DA:2427,0
DA:2428,0
DA:2429,0
DA:2430,0
DA:2436,0
DA:2437,0
DA:2439,0
DA:2446,0
DA:2447,0
DA:2452,0
DA:2454,0
DA:2462,0
DA:2463,0
DA:2475,0
DA:2478,0
DA:2479,0
DA:2480,0
DA:2481,0
DA:2484,0
DA:2485,0
DA:2489,0
DA:2490,0
DA:2491,0
DA:2493,0
DA:2496,0
DA:2497,0
DA:2498,0
DA:2500,0
DA:2505,0
DA:2506,0
DA:2507,0
DA:2508,0
DA:2510,0
DA:2514,0
DA:2515,0
DA:2516,0
DA:2518,0
DA:2519,0
DA:2520,0
DA:2521,0
DA:2523,0
DA:2527,0
DA:2532,0
DA:2533,0
DA:2547,0
DA:2548,0
DA:2549,0
DA:2551,0
DA:2559,0
DA:2560,0
DA:2563,0
DA:2566,0
DA:2572,0
DA:2575,0
DA:2576,0
DA:2578,0
DA:2581,0
DA:2583,0
DA:2595,0
DA:2598,0
DA:2599,0
DA:2600,0
DA:2603,0
DA:2606,0
DA:2616,0
DA:2617,0
DA:2618,0
DA:2619,0
DA:2622,0
DA:2623,0
DA:2626,0
DA:2628,0
DA:2629,0
DA:2632,0
DA:2634,0
DA:2635,0
DA:2643,0
DA:2644,0
DA:2647,0
DA:2650,0
DA:2653,0
DA:2654,0
DA:2657,0
DA:2658,0
DA:2666,0
DA:2667,0
DA:2679,0
DA:2680,0
DA:2681,0
DA:2682,0
DA:2683,0
DA:2684,0
DA:2690,0
DA:2692,0
DA:2700,0
DA:2701,0
DA:2714,0
DA:2715,0
DA:2716,0
DA:2717,0
DA:2718,0
DA:2719,0
DA:2722,0
DA:2729,0
DA:2730,0
DA:2731,0
DA:2734,0
DA:2736,0
DA:2737,0
DA:2738,0
DA:2739,0
DA:2742,0
DA:2744,0
DA:2747,0
DA:2748,0
DA:2750,0
DA:2756,0
DA:2757,0
DA:2758,0
DA:2761,0
DA:2762,0
DA:2764,0
DA:2767,0
DA:2768,0
DA:2769,0
DA:2770,0
DA:2771,0
DA:2774,0
DA:2777,0
DA:2781,0
DA:2782,0
DA:2783,0
DA:2784,0
DA:2787,0
DA:2788,0
DA:2792,0
DA:2795,0
DA:2796,0
DA:2797,0
DA:2800,0
DA:2802,0
DA:2803,0
DA:2804,0
DA:2806,0
DA:2812,0
DA:2815,0
DA:2816,0
DA:2818,0
DA:2819,0
DA:2820,0
DA:2821,0
DA:2833,0
DA:2840,0
DA:2851,0
DA:2852,0
DA:2853,0
DA:2855,0
DA:2856,0
DA:2857,0
DA:2859,0
DA:2861,0
DA:2862,0
DA:2864,0
DA:2865,0
DA:2867,0
DA:2868,0
DA:2874,0
DA:2875,0
DA:2876,0
DA:2880,0
DA:2883,0
DA:2884,0
DA:2889,0
DA:2890,0
DA:2892,0
DA:2895,0
DA:2902,0
DA:2905,0
DA:2908,0
DA:2911,0
DA:2914,0
DA:2916,0
DA:2923,0
DA:2925,0
DA:2926,0
DA:2929,0
DA:2931,0
DA:2933,0
DA:2935,0
DA:2936,0
DA:2939,0
DA:2947,0
DA:2948,0
DA:2949,0
DA:2950,0
DA:2951,0
DA:2953,0
DA:2961,0
DA:2962,0
DA:2971,0
DA:2988,0
DA:2989,0
DA:2990,0
DA:2996,0
DA:2997,0
DA:2998,0
DA:3000,0
DA:3002,0
DA:3004,0
DA:3005,0
DA:3010,0
DA:3012,0
DA:3014,0
DA:3015,0
DA:3016,0
DA:3017,0
DA:3018,0
DA:3024,0
DA:3029,0
DA:3030,0
DA:3031,0
DA:3032,0
DA:3036,0
DA:3037,0
DA:3043,0
DA:3050,0
DA:3051,0
DA:3062,0
DA:3064,0
DA:3065,0
DA:3066,0
DA:3067,0
DA:3071,0
DA:3072,0
DA:3076,0
DA:3078,0
DA:3082,0
DA:3084,0
DA:3085,0
DA:3087,0
DA:3088,0
DA:3098,0
DA:3099,0
DA:3101,0
DA:3106,0
DA:3107,0
DA:3108,0
DA:3109,0
DA:3113,0
DA:3114,0
DA:3121,0
DA:3124,0
DA:3128,0
DA:3129,0
DA:3130,0
DA:3131,0
DA:3135,0
DA:3136,0
DA:3142,0
DA:3148,0
DA:3150,0
DA:3151,0
DA:3159,0
DA:3160,0
DA:3167,0
DA:3168,0
DA:3169,0
DA:3171,0
DA:3178,0
DA:3179,0
DA:3180,0
DA:3182,0
DA:3183,0
DA:3184,0
DA:3185,0
DA:3186,0
DA:3187,0
DA:3195,0
DA:3198,0
DA:3199,0
DA:3200,0
DA:3201,0
DA:3204,0
DA:3209,0
DA:3211,0
DA:3212,0
DA:3249,0
DA:3250,0
DA:3252,0
DA:3253,0
DA:3254,0
DA:3255,0
DA:3262,0
DA:3263,0
DA:3264,0
DA:3271,0
DA:3272,0
DA:3279,0
DA:3280,0
DA:3285,0
DA:3286,0
DA:3290,0
DA:3296,0
DA:3302,0
DA:3303,0
DA:3315,0
DA:3316,0
DA:3317,0
DA:3318,0
DA:3322,0
DA:3323,0
DA:3325,0
DA:3326,0
DA:3335,0
DA:3336,0
DA:3342,0
DA:3343,0
DA:3346,0
DA:3357,0
DA:3367,0
DA:3368,0
DA:3369,0
DA:3370,0
DA:3371,0
DA:3373,0
DA:3374,0
DA:3400,0
DA:3401,0
DA:3402,0
DA:3408,0
DA:3409,0
DA:3420,0
DA:3421,0
DA:3422,0
DA:3427,0
DA:3428,0
DA:3436,0
DA:3437,0
DA:3438,0
DA:3443,0
DA:3444,0
DA:3457,0
DA:3459,0
DA:3460,0
DA:3463,0
DA:3464,0
DA:3468,0
DA:3481,0
DA:3483,0
DA:3488,0
DA:3491,0
DA:3492,0
DA:3493,0
DA:3494,0
DA:3495,0
DA:3497,0
DA:3499,0
DA:3500,0
DA:3501,0
DA:3503,0
DA:3504,0
DA:3506,0
DA:3507,0
DA:3508,0
DA:3509,0
DA:3513,0
DA:3514,0
DA:3515,0
DA:3516,0
DA:3517,0
DA:3521,0
DA:3525,0
DA:3526,0
DA:3527,0
DA:3529,0
DA:3530,0
DA:3532,0
DA:3533,0
DA:3534,0
DA:3535,0
DA:3539,0
DA:3540,0
DA:3541,0
DA:3542,0
DA:3543,0
DA:3547,0
DA:3550,0
DA:3553,0
DA:3557,0
DA:3558,0
DA:3559,0
DA:3561,0
DA:3562,0
DA:3563,0
DA:3564,0
DA:3565,0
DA:3566,0
DA:3567,0
DA:3568,0
DA:3569,0
DA:3573,0
DA:3574,0
DA:3587,0
DA:3588,0
DA:3589,0
DA:3590,0
DA:3591,0
DA:3592,0
DA:3593,0
DA:3596,0
DA:3603,0
DA:3605,0
DA:3608,0
DA:3609,0
DA:3616,0
DA:3619,0
DA:3631,0
DA:3632,0
DA:3649,0
DA:3650,0
DA:3651,0
DA:3653,0
DA:3654,0
DA:3656,0
DA:3662,0
DA:3663,0
DA:3676,0
DA:3677,0
DA:3678,0
DA:3679,0
DA:3680,0
DA:3683,0
DA:3685,0
DA:3686,0
DA:3709,0
DA:3710,0
DA:3711,0
DA:3712,0
DA:3715,0
DA:3716,0
DA:3717,0
DA:3718,0
DA:3720,0
DA:3724,0
DA:3727,0
DA:3731,0
DA:3732,0
DA:3739,0
DA:3740,0
DA:3741,0
DA:3749,0
DA:3752,0
DA:3753,0
DA:3755,0
DA:3758,0
DA:3760,0
DA:3761,0
DA:3770,0
DA:3771,0
DA:3772,0
DA:3773,0
DA:3775,0
DA:3777,0
DA:3778,0
DA:3794,0
DA:3796,0
DA:3797,0
DA:3800,0
DA:3801,0
DA:3804,0
DA:3805,0
DA:3809,0
DA:3812,0
DA:3813,0
DA:3814,0
DA:3815,0
DA:3819,0
DA:3820,0
DA:3821,0
DA:3822,0
DA:3823,0
DA:3825,0
DA:3826,0
DA:3829,0
DA:3834,0
DA:3837,0
DA:3838,0
DA:3839,0
DA:3840,0
DA:3842,0
DA:3843,0
DA:3844,0
DA:3846,0
DA:3847,0
DA:3848,0
DA:3850,0
DA:3851,0
DA:3852,0
DA:3853,0
DA:3855,0
DA:3860,0
DA:3861,0
DA:3864,0
DA:3865,0
DA:3866,0
DA:3867,0
DA:3868,0
DA:3869,0
DA:3870,0
DA:3871,0
DA:3875,0
DA:3879,0
DA:3882,0
DA:3883,0
DA:3885,0
DA:3887,0
DA:3888,0
DA:3889,0
DA:3892,0
DA:3943,0
DA:3946,0
DA:3955,0
DA:3956,0
DA:3957,0
DA:3959,0
DA:3966,0
DA:3967,0
DA:3969,0
DA:3971,0
DA:3972,0
DA:3973,0
DA:3974,0
DA:3975,0
DA:3980,0
DA:3981,0
DA:3982,0
DA:3986,0
DA:3990,0
DA:3991,0
DA:3993,0
DA:3996,0
DA:4000,0
DA:4005,0
DA:4006,0
DA:4007,0
DA:4009,0
DA:4011,0
DA:4012,0
DA:4017,0
DA:4018,0
DA:4020,0
DA:4027,0
DA:4029,0
DA:4030,0
DA:4047,0
DA:4048,0
DA:4049,0
DA:4051,0
DA:4053,0
DA:4054,0
DA:4055,0
DA:4061,0
DA:4068,0
DA:4074,0
DA:4075,0
DA:4095,0
DA:4096,0
DA:4097,0
DA:4098,0
DA:4100,0
DA:4109,0
DA:4110,0
DA:4123,0
DA:4124,0
DA:4125,0
DA:4133,0
DA:4134,0
DA:4153,0
DA:4156,0
DA:4159,0
DA:4160,0
DA:4161,0
DA:4165,0
DA:4166,0
DA:4167,0
DA:4171,0
DA:4173,0
DA:4179,0
DA:4186,0
DA:4189,0
DA:4207,0
DA:4208,0
DA:4210,0
DA:4211,0
DA:4212,0
DA:4214,0
DA:4215,0
DA:4218,0
DA:4219,0
DA:4222,0
DA:4224,0
DA:4228,0
DA:4229,0
DA:4230,0
DA:4231,0
DA:4233,0
DA:4239,0
DA:4246,0
DA:4249,0
DA:4250,0
DA:4251,0
DA:4260,0
DA:4262,0
DA:4263,0
DA:4265,0
DA:4266,0
DA:4269,0
DA:4276,0
DA:4278,0
DA:4279,0
DA:4280,0
DA:4283,0
DA:4284,0
DA:4287,0
DA:4288,0
DA:4292,0
DA:4297,0
DA:4307,0
DA:4308,0
DA:4309,0
DA:4310,0
DA:4312,0
DA:4315,0
DA:4318,0
DA:4319,0
DA:4322,0
DA:4323,0
DA:4324,0
DA:4325,0
DA:4326,0
DA:4328,0
DA:4329,0
DA:4332,0
DA:4333,0
DA:4334,0
DA:4342,0
DA:4345,0
DA:4346,0
DA:4347,0
DA:4350,0
DA:4357,0
DA:4359,0
DA:4360,0
DA:4361,0
DA:4366,0
DA:4373,0
DA:4377,0
DA:4378,0
DA:4382,0
DA:4383,0
DA:4387,0
DA:4391,0
DA:4396,0
DA:4398,0
DA:4402,0
DA:4403,0
DA:4404,0
DA:4405,0
DA:4406,0
DA:4410,0
DA:4411,0
DA:4412,0
DA:4413,0
DA:4415,0
DA:4427,0
DA:4430,0
DA:4431,0
DA:4434,0
DA:4435,0
DA:4436,0
DA:4445,0
DA:4446,0
DA:4447,0
DA:4448,0
DA:4449,0
DA:4453,0
DA:4454,0
LF:1454
LH:0
BRDA:43,0,0,0
BRDA:43,0,1,0
BRDA:46,1,0,0
BRDA:46,1,1,0
BRDA:47,2,0,0
BRDA:47,2,1,0
BRDA:47,2,2,0
BRDA:47,2,3,0
BRDA:56,3,0,0
BRDA:56,3,1,0
BRDA:57,4,0,0
BRDA:57,4,1,0
BRDA:57,4,2,0
BRDA:57,4,3,0
BRDA:69,5,0,0
BRDA:69,5,1,0
BRDA:69,6,0,0
BRDA:69,6,1,0
BRDA:69,6,2,0
BRDA:94,7,0,0
BRDA:94,7,1,0
BRDA:94,8,0,0
BRDA:94,8,1,0
BRDA:103,9,0,0
BRDA:103,9,1,0
BRDA:123,10,0,0
BRDA:123,10,1,0
BRDA:129,11,0,0
BRDA:129,11,1,0
BRDA:135,12,0,0
BRDA:135,12,1,0
BRDA:168,13,0,0
BRDA:168,13,1,0
BRDA:172,14,0,0
BRDA:172,14,1,0
BRDA:173,15,0,0
BRDA:173,15,1,0
BRDA:174,16,0,0
BRDA:174,16,1,0
BRDA:176,17,0,0
BRDA:176,17,1,0
BRDA:176,17,2,0
BRDA:205,18,0,0
BRDA:205,18,1,0
BRDA:208,19,0,0
BRDA:208,19,1,0
BRDA:226,20,0,0
BRDA:226,20,1,0
BRDA:240,21,0,0
BRDA:240,21,1,0
BRDA:240,22,0,0
BRDA:240,22,1,0
BRDA:240,22,2,0
BRDA:256,23,0,0
BRDA:256,23,1,0
BRDA:259,24,0,0
BRDA:259,24,1,0
BRDA:328,25,0,0
BRDA:328,25,1,0
BRDA:335,26,0,0
BRDA:335,26,1,0
BRDA:358,27,0,0
BRDA:358,27,1,0
BRDA:371,28,0,0
BRDA:371,28,1,0
BRDA:371,29,0,0
BRDA:371,29,1,0
BRDA:385,30,0,0
BRDA:385,30,1,0
BRDA:412,31,0,0
BRDA:412,31,1,0
BRDA:412,32,0,0
BRDA:412,32,1,0
BRDA:418,33,0,0
BRDA:418,33,1,0
BRDA:427,34,0,0
BRDA:427,34,1,0
BRDA:444,35,0,0
BRDA:444,35,1,0
BRDA:444,36,0,0
BRDA:444,36,1,0
BRDA:458,37,0,0
BRDA:458,37,1,0
BRDA:458,38,0,0
BRDA:458,38,1,0
BRDA:481,39,0,0
BRDA:481,39,1,0
BRDA:555,40,0,0
BRDA:555,40,1,0
BRDA:583,41,0,0
BRDA:583,41,1,0
BRDA:608,42,0,0
BRDA:608,42,1,0
BRDA:613,43,0,0
BRDA:613,43,1,0
BRDA:617,44,0,0
BRDA:617,44,1,0
BRDA:623,45,0,0
BRDA:623,45,1,0
BRDA:623,46,0,0
BRDA:623,46,1,0
BRDA:624,47,0,0
BRDA:624,47,1,0
BRDA:639,48,0,0
BRDA:639,48,1,0
BRDA:665,49,0,0
BRDA:665,49,1,0
BRDA:672,50,0,0
BRDA:672,50,1,0
BRDA:675,51,0,0
BRDA:675,51,1,0
BRDA:680,52,0,0
BRDA:680,52,1,0
BRDA:685,53,0,0
BRDA:685,53,1,0
BRDA:687,54,0,0
BRDA:687,54,1,0
BRDA:689,55,0,0
BRDA:689,55,1,0
BRDA:728,56,0,0
BRDA:728,56,1,0
BRDA:729,57,0,0
BRDA:729,57,1,0
BRDA:731,58,0,0
BRDA:731,58,1,0
BRDA:740,59,0,0
BRDA:740,59,1,0
BRDA:740,60,0,0
BRDA:740,60,1,0
BRDA:745,61,0,0
BRDA:745,61,1,0
BRDA:784,62,0,0
BRDA:784,62,1,0
BRDA:788,63,0,0
BRDA:788,63,1,0
BRDA:789,64,0,0
BRDA:789,64,1,0
BRDA:793,65,0,0
BRDA:793,65,1,0
BRDA:793,66,0,0
BRDA:793,66,1,0
BRDA:794,67,0,0
BRDA:794,67,1,0
BRDA:811,68,0,0
BRDA:811,68,1,0
BRDA:823,69,0,0
BRDA:823,69,1,0
BRDA:833,70,0,0
BRDA:833,70,1,0
BRDA:854,71,0,0
BRDA:854,71,1,0
BRDA:855,72,0,0
BRDA:855,72,1,0
BRDA:856,73,0,0
BRDA:856,73,1,0
BRDA:858,74,0,0
BRDA:858,74,1,0
BRDA:860,75,0,0
BRDA:860,75,1,0
BRDA:873,76,0,0
BRDA:873,76,1,0
BRDA:932,77,0,0
BRDA:932,77,1,0
BRDA:984,78,0,0
BRDA:984,78,1,0
BRDA:985,79,0,0
BRDA:985,79,1,0
BRDA:989,80,0,0
BRDA:989,80,1,0
BRDA:989,80,2,0
BRDA:991,81,0,0
BRDA:991,81,1,0
BRDA:993,82,0,0
BRDA:993,82,1,0
BRDA:993,83,0,0
BRDA:993,83,1,0
BRDA:993,83,2,0
BRDA:994,84,0,0
BRDA:994,84,1,0
BRDA:997,85,0,0
BRDA:997,85,1,0
BRDA:997,86,0,0
BRDA:997,86,1,0
BRDA:997,86,2,0
BRDA:999,87,0,0
BRDA:999,87,1,0
BRDA:999,88,0,0
BRDA:999,88,1,0
BRDA:1005,89,0,0
BRDA:1005,89,1,0
BRDA:1013,90,0,0
BRDA:1013,90,1,0
BRDA:1015,91,0,0
BRDA:1015,91,1,0
BRDA:1015,92,0,0
BRDA:1015,92,1,0
BRDA:1025,93,0,0
BRDA:1025,93,1,0
BRDA:1025,94,0,0
BRDA:1025,94,1,0
BRDA:1025,94,2,0
BRDA:1027,95,0,0
BRDA:1027,95,1,0
BRDA:1035,96,0,0
BRDA:1035,96,1,0
BRDA:1036,97,0,0
BRDA:1036,97,1,0
BRDA:1036,98,0,0
BRDA:1036,98,1,0
BRDA:1037,99,0,0
BRDA:1037,99,1,0
BRDA:1037,100,0,0
BRDA:1037,100,1,0
BRDA:1038,101,0,0
BRDA:1038,101,1,0
BRDA:1038,102,0,0
BRDA:1038,102,1,0
BRDA:1046,103,0,0
BRDA:1046,103,1,0
BRDA:1047,104,0,0
BRDA:1047,104,1,0
BRDA:1047,104,2,0
BRDA:1051,105,0,0
BRDA:1051,105,1,0
BRDA:1055,106,0,0
BRDA:1055,106,1,0
BRDA:1058,107,0,0
BRDA:1058,107,1,0
BRDA:1058,108,0,0
BRDA:1058,108,1,0
BRDA:1062,109,0,0
BRDA:1062,109,1,0
BRDA:1062,110,0,0
BRDA:1062,110,1,0
BRDA:1062,110,2,0
BRDA:1066,111,0,0
BRDA:1066,111,1,0
BRDA:1066,112,0,0
BRDA:1066,112,1,0
BRDA:1066,112,2,0
BRDA:1075,113,0,0
BRDA:1075,113,1,0
BRDA:1089,114,0,0
BRDA:1089,114,1,0
BRDA:1093,115,0,0
BRDA:1093,115,1,0
BRDA:1097,116,0,0
BRDA:1097,116,1,0
BRDA:1097,117,0,0
BRDA:1097,117,1,0
BRDA:1101,118,0,0
BRDA:1101,118,1,0
BRDA:1101,119,0,0
BRDA:1101,119,1,0
BRDA:1105,120,0,0
BRDA:1105,120,1,0
BRDA:1105,121,0,0
BRDA:1105,121,1,0
BRDA:1109,122,0,0
BRDA:1109,122,1,0
BRDA:1124,123,0,0
BRDA:1124,123,1,0
BRDA:1124,124,0,0
BRDA:1124,124,1,0
BRDA:1126,125,0,0
BRDA:1126,125,1,0
BRDA:1140,126,0,0
BRDA:1140,126,1,0
BRDA:1141,127,0,0
BRDA:1141,127,1,0
BRDA:1142,128,0,0
BRDA:1142,128,1,0
BRDA:1143,129,0,0
BRDA:1143,129,1,0
BRDA:1144,130,0,0
BRDA:1144,130,1,0
BRDA:1148,131,0,0
BRDA:1148,131,1,0
BRDA:1149,132,0,0
BRDA:1149,132,1,0
BRDA:1153,133,0,0
BRDA:1153,133,1,0
BRDA:1156,134,0,0
BRDA:1156,134,1,0
BRDA:1162,135,0,0
BRDA:1162,135,1,0
BRDA:1163,136,0,0
BRDA:1163,136,1,0
BRDA:1164,137,0,0
BRDA:1164,137,1,0
BRDA:1165,138,0,0
BRDA:1165,138,1,0
BRDA:1166,139,0,0
BRDA:1166,139,1,0
BRDA:1167,140,0,0
BRDA:1167,140,1,0
BRDA:1174,141,0,0
BRDA:1174,141,1,0
BRDA:1175,142,0,0
BRDA:1175,142,1,0
BRDA:1176,143,0,0
BRDA:1176,143,1,0
BRDA:1245,144,0,0
BRDA:1245,144,1,0
BRDA:1252,145,0,0
BRDA:1252,145,1,0
BRDA:1255,146,0,0
BRDA:1255,146,1,0
BRDA:1257,147,0,0
BRDA:1257,147,1,0
BRDA:1287,148,0,0
BRDA:1287,148,1,0
BRDA:1287,149,0,0
BRDA:1287,149,1,0
BRDA:1294,150,0,0
BRDA:1294,150,1,0
BRDA:1324,151,0,0
BRDA:1324,151,1,0
BRDA:1328,152,0,0
BRDA:1328,152,1,0
BRDA:1333,153,0,0
BRDA:1333,153,1,0
BRDA:1333,154,0,0
BRDA:1333,154,1,0
BRDA:1335,155,0,0
BRDA:1335,155,1,0
BRDA:1345,156,0,0
BRDA:1345,156,1,0
BRDA:1346,157,0,0
BRDA:1346,157,1,0
BRDA:1347,158,0,0
BRDA:1347,158,1,0
BRDA:1348,159,0,0
BRDA:1348,159,1,0
BRDA:1348,159,2,0
BRDA:1349,160,0,0
BRDA:1349,160,1,0
BRDA:1351,161,0,0
BRDA:1351,161,1,0
BRDA:1372,162,0,0
BRDA:1372,162,1,0
BRDA:1375,163,0,0
BRDA:1375,163,1,0
BRDA:1375,164,0,0
BRDA:1375,164,1,0
BRDA:1381,165,0,0
BRDA:1381,165,1,0
BRDA:1386,166,0,0
BRDA:1386,166,1,0
BRDA:1401,167,0,0
BRDA:1401,167,1,0
BRDA:1404,168,0,0
BRDA:1404,168,1,0
BRDA:1406,169,0,0
BRDA:1406,169,1,0
BRDA:1406,170,0,0
BRDA:1406,170,1,0
BRDA:1449,171,0,0
BRDA:1449,171,1,0
BRDA:1453,172,0,0
BRDA:1453,172,1,0
BRDA:1455,173,0,0
BRDA:1455,173,1,0
BRDA:1460,174,0,0
BRDA:1460,174,1,0
BRDA:1463,175,0,0
BRDA:1463,175,1,0
BRDA:1494,176,0,0
BRDA:1494,176,1,0
BRDA:1498,177,0,0
BRDA:1498,177,1,0
BRDA:1533,178,0,0
BRDA:1533,178,1,0
BRDA:1539,179,0,0
BRDA:1539,179,1,0
BRDA:1545,180,0,0
BRDA:1545,180,1,0
BRDA:1550,181,0,0
BRDA:1550,181,1,0
BRDA:1550,182,0,0
BRDA:1550,182,1,0
BRDA:1553,183,0,0
BRDA:1553,183,1,0
BRDA:1556,184,0,0
BRDA:1556,184,1,0
BRDA:1590,185,0,0
BRDA:1590,185,1,0
BRDA:1598,186,0,0
BRDA:1598,186,1,0
BRDA:1618,187,0,0
BRDA:1618,187,1,0
BRDA:1627,188,0,0
BRDA:1627,188,1,0
BRDA:1628,189,0,0
BRDA:1628,189,1,0
BRDA:1628,189,2,0
BRDA:1628,189,3,0
BRDA:1628,189,4,0
BRDA:1628,189,5,0
BRDA:1639,190,0,0
BRDA:1639,190,1,0
BRDA:1644,191,0,0
BRDA:1644,191,1,0
BRDA:1645,192,0,0
BRDA:1645,192,1,0
BRDA:1657,193,0,0
BRDA:1657,193,1,0
BRDA:1681,194,0,0
BRDA:1681,194,1,0
BRDA:1681,195,0,0
BRDA:1681,195,1,0
BRDA:1693,196,0,0
BRDA:1693,196,1,0
BRDA:1693,197,0,0
BRDA:1693,197,1,0
BRDA:1700,198,0,0
BRDA:1700,198,1,0
BRDA:1705,199,0,0
BRDA:1705,199,1,0
BRDA:1732,200,0,0
BRDA:1732,200,1,0
BRDA:1737,201,0,0
BRDA:1737,201,1,0
BRDA:1737,202,0,0
BRDA:1737,202,1,0
BRDA:1743,203,0,0
BRDA:1743,203,1,0
BRDA:1743,204,0,0
BRDA:1743,204,1,0
BRDA:1780,205,0,0
BRDA:1780,205,1,0
BRDA:1787,206,0,0
BRDA:1787,206,1,0
BRDA:1793,207,0,0
BRDA:1793,207,1,0
BRDA:1806,208,0,0
BRDA:1806,208,1,0
BRDA:1809,209,0,0
BRDA:1809,209,1,0
BRDA:1810,210,0,0
BRDA:1810,210,1,0
BRDA:1810,210,2,0
BRDA:1810,210,3,0
BRDA:1810,210,4,0
BRDA:1810,210,5,0
BRDA:1823,211,0,0
BRDA:1823,211,1,0
BRDA:1825,212,0,0
BRDA:1825,212,1,0
BRDA:1837,213,0,0
BRDA:1837,213,1,0
BRDA:1854,214,0,0
BRDA:1854,214,1,0
BRDA:1875,215,0,0
BRDA:1875,215,1,0
BRDA:1876,216,0,0
BRDA:1876,216,1,0
BRDA:1953,217,0,0
BRDA:1953,217,1,0
BRDA:1960,218,0,0
BRDA:1960,218,1,0
BRDA:1967,219,0,0
BRDA:1967,219,1,0
BRDA:1967,220,0,0
BRDA:1967,220,1,0
BRDA:1971,221,0,0
BRDA:1971,221,1,0
BRDA:1990,222,0,0
BRDA:1990,222,1,0
BRDA:2013,223,0,0
BRDA:2013,223,1,0
BRDA:2035,224,0,0
BRDA:2035,224,1,0
BRDA:2035,225,0,0
BRDA:2035,225,1,0
BRDA:2039,226,0,0
BRDA:2039,226,1,0
BRDA:2040,227,0,0
BRDA:2040,227,1,0
BRDA:2040,227,2,0
BRDA:2040,227,3,0
BRDA:2057,228,0,0
BRDA:2057,228,1,0
BRDA:2061,229,0,0
BRDA:2061,229,1,0
BRDA:2063,230,0,0
BRDA:2063,230,1,0
BRDA:2063,230,2,0
BRDA:2063,230,3,0
BRDA:2069,231,0,0
BRDA:2069,231,1,0
BRDA:2070,232,0,0
BRDA:2070,232,1,0
BRDA:2070,232,2,0
BRDA:2076,233,0,0
BRDA:2076,233,1,0
BRDA:2077,234,0,0
BRDA:2077,234,1,0
BRDA:2077,234,2,0
BRDA:2086,235,0,0
BRDA:2086,235,1,0
BRDA:2087,236,0,0
BRDA:2087,236,1,0
BRDA:2087,236,2,0
BRDA:2093,237,0,0
BRDA:2093,237,1,0
BRDA:2094,238,0,0
BRDA:2094,238,1,0
BRDA:2094,238,2,0
BRDA:2172,239,0,0
BRDA:2172,239,1,0
BRDA:2172,240,0,0
BRDA:2172,240,1,0
BRDA:2174,241,0,0
BRDA:2174,241,1,0
BRDA:2219,242,0,0
BRDA:2219,242,1,0
BRDA:2223,243,0,0
BRDA:2223,243,1,0
BRDA:2246,244,0,0
BRDA:2246,244,1,0
BRDA:2250,245,0,0
BRDA:2250,245,1,0
BRDA:2251,246,0,0
BRDA:2251,246,1,0
BRDA:2310,247,0,0
BRDA:2313,248,0,0
BRDA:2313,248,1,0
BRDA:2321,249,0,0
BRDA:2321,249,1,0
BRDA:2322,250,0,0
BRDA:2322,250,1,0
BRDA:2331,251,0,0
BRDA:2331,251,1,0
BRDA:2332,252,0,0
BRDA:2332,252,1,0
BRDA:2362,253,0,0
BRDA:2362,253,1,0
BRDA:2385,254,0,0
BRDA:2385,254,1,0
BRDA:2385,255,0,0
BRDA:2385,255,1,0
BRDA:2427,256,0,0
BRDA:2427,256,1,0
BRDA:2427,257,0,0
BRDA:2427,257,1,0
BRDA:2480,258,0,0
BRDA:2480,258,1,0
BRDA:2518,259,0,0
BRDA:2518,259,1,0
BRDA:2549,260,0,0
BRDA:2549,260,1,0
BRDA:2598,261,0,0
BRDA:2598,261,1,0
BRDA:2618,262,0,0
BRDA:2618,262,1,0
BRDA:2629,263,0,0
BRDA:2629,263,1,0
BRDA:2634,264,0,0
BRDA:2634,264,1,0
BRDA:2653,265,0,0
BRDA:2653,265,1,0
BRDA:2654,266,0,0
BRDA:2654,266,1,0
BRDA:2680,267,0,0
BRDA:2680,267,1,0
BRDA:2680,268,0,0
BRDA:2680,268,1,0
BRDA:2682,269,0,0
BRDA:2682,269,1,0
BRDA:2690,270,0,0
BRDA:2690,270,1,0
BRDA:2717,271,0,0
BRDA:2717,271,1,0
BRDA:2729,272,0,0
BRDA:2729,272,1,0
BRDA:2737,273,0,0
BRDA:2737,273,1,0
BRDA:2769,274,0,0
BRDA:2769,274,1,0
BRDA:2782,275,0,0
BRDA:2782,275,1,0
BRDA:2787,276,0,0
BRDA:2787,276,1,0
BRDA:2795,277,0,0
BRDA:2795,277,1,0
BRDA:2802,278,0,0
BRDA:2802,278,1,0
BRDA:2855,279,0,0
BRDA:2855,279,1,0
BRDA:2855,280,0,0
BRDA:2855,280,1,0
BRDA:2859,281,0,0
BRDA:2859,281,1,0
BRDA:2859,281,2,0
BRDA:2875,282,0,0
BRDA:2875,282,1,0
BRDA:2875,283,0,0
BRDA:2875,283,1,0
BRDA:2884,284,0,0
BRDA:2884,284,1,0
BRDA:2885,285,0,0
BRDA:2885,285,1,0
BRDA:2885,285,2,0
BRDA:2885,285,3,0
BRDA:2890,286,0,0
BRDA:2890,286,1,0
BRDA:2890,287,0,0
BRDA:2890,287,1,0
BRDA:2911,288,0,0
BRDA:2911,288,1,0
BRDA:2923,289,0,0
BRDA:2923,289,1,0
BRDA:2923,289,2,0
BRDA:2923,289,3,0
BRDA:2923,289,4,0
BRDA:2923,289,5,0
BRDA:2961,290,0,0
BRDA:2961,290,1,0
BRDA:2961,291,0,0
BRDA:2961,291,1,0
BRDA:2971,292,0,0
BRDA:2971,292,1,0
BRDA:3002,293,0,0
BRDA:3002,293,1,0
BRDA:3002,294,0,0
BRDA:3002,294,1,0
BRDA:3010,295,0,0
BRDA:3010,295,1,0
BRDA:3016,296,0,0
BRDA:3016,296,1,0
BRDA:3029,297,0,0
BRDA:3029,297,1,0
BRDA:3032,298,0,0
BRDA:3032,298,1,0
BRDA:3033,299,0,0
BRDA:3033,299,1,0
BRDA:3050,300,0,0
BRDA:3050,300,1,0
BRDA:3050,301,0,0
BRDA:3050,301,1,0
BRDA:3067,302,0,0
BRDA:3067,302,1,0
BRDA:3068,303,0,0
BRDA:3068,303,1,0
BRDA:3076,304,0,0
BRDA:3076,304,1,0
BRDA:3076,305,0,0
BRDA:3076,305,1,0
BRDA:3082,306,0,0
BRDA:3082,306,1,0
BRDA:3085,307,0,0
BRDA:3085,307,1,0
BRDA:3098,308,0,0
BRDA:3098,308,1,0
BRDA:3098,309,0,0
BRDA:3098,309,1,0
BRDA:3109,310,0,0
BRDA:3109,310,1,0
BRDA:3110,311,0,0
BRDA:3110,311,1,0
BRDA:3124,312,0,0
BRDA:3124,312,1,0
BRDA:3128,313,0,0
BRDA:3128,313,1,0
BRDA:3131,314,0,0
BRDA:3131,314,1,0
BRDA:3132,315,0,0
BRDA:3132,315,1,0
BRDA:3150,316,0,0
BRDA:3150,316,1,0
BRDA:3182,317,0,0
BRDA:3182,317,1,0
BRDA:3187,318,0,0
BRDA:3187,318,1,0
BRDA:3188,319,0,0
BRDA:3188,319,1,0
BRDA:3188,319,2,0
BRDA:3188,319,3,0
BRDA:3188,319,4,0
BRDA:3188,319,5,0
BRDA:3198,320,0,0
BRDA:3198,320,1,0
BRDA:3249,321,0,0
BRDA:3249,321,1,0
BRDA:3254,322,0,0
BRDA:3254,322,1,0
BRDA:3263,323,0,0
BRDA:3263,323,1,0
BRDA:3271,324,0,0
BRDA:3271,324,1,0
BRDA:3279,325,0,0
BRDA:3279,325,1,0
BRDA:3285,326,0,0
BRDA:3285,326,1,0
BRDA:3286,327,0,0
BRDA:3286,327,1,0
BRDA:3317,328,0,0
BRDA:3317,328,1,0
BRDA:3323,329,0,0
BRDA:3323,329,1,0
BRDA:3371,330,0,0
BRDA:3371,330,1,0
BRDA:3371,330,2,0
BRDA:3463,331,0,0
BRDA:3463,331,1,0
BRDA:3463,332,0,0
BRDA:3463,332,1,0
BRDA:3470,333,0,0
BRDA:3470,333,1,0
BRDA:3471,334,0,0
BRDA:3471,334,1,0
BRDA:3471,334,2,0
BRDA:3472,335,0,0
BRDA:3472,335,1,0
BRDA:3472,335,2,0
BRDA:3473,336,0,0
BRDA:3473,336,1,0
BRDA:3475,337,0,0
BRDA:3475,337,1,0
BRDA:3477,338,0,0
BRDA:3477,338,1,0
BRDA:3484,339,0,0
BRDA:3484,339,1,0
BRDA:3497,340,0,0
BRDA:3497,340,1,0
BRDA:3501,341,0,0
BRDA:3501,341,1,0
BRDA:3507,342,0,0
BRDA:3507,342,1,0
BRDA:3513,343,0,0
BRDA:3513,343,1,0
BRDA:3527,344,0,0
BRDA:3527,344,1,0
BRDA:3533,345,0,0
BRDA:3533,345,1,0
BRDA:3539,346,0,0
BRDA:3539,346,1,0
BRDA:3558,347,0,0
BRDA:3558,347,1,0
BRDA:3561,348,0,0
BRDA:3561,348,1,0
BRDA:3563,349,0,0
BRDA:3563,349,1,0
BRDA:3568,350,0,0
BRDA:3568,350,1,0
BRDA:3569,351,0,0
BRDA:3569,351,1,0
BRDA:3575,352,0,0
BRDA:3575,352,1,0
BRDA:3626,353,0,0
BRDA:3626,353,1,0
BRDA:3627,354,0,0
BRDA:3627,354,1,0
BRDA:3650,355,0,0
BRDA:3650,355,1,0
BRDA:3679,356,0,0
BRDA:3679,356,1,0
BRDA:3679,357,0,0
BRDA:3679,357,1,0
BRDA:3711,358,0,0
BRDA:3711,358,1,0
BRDA:3718,359,0,0
BRDA:3718,359,1,0
BRDA:3727,360,0,0
BRDA:3727,360,1,0
BRDA:3728,361,0,0
BRDA:3728,361,1,0
BRDA:3728,361,2,0
BRDA:3739,362,0,0
BRDA:3739,362,1,0
BRDA:3772,363,0,0
BRDA:3772,363,1,0
BRDA:3804,364,0,0
BRDA:3804,364,1,0
BRDA:3814,365,0,0
BRDA:3814,365,1,0
BRDA:3822,366,0,0
BRDA:3822,366,1,0
BRDA:3834,367,0,0
BRDA:3834,367,1,0
BRDA:3838,368,0,0
BRDA:3838,368,1,0
BRDA:3838,369,0,0
BRDA:3838,369,1,0
BRDA:3842,370,0,0
BRDA:3842,370,1,0
BRDA:3842,371,0,0
BRDA:3842,371,1,0
BRDA:3846,372,0,0
BRDA:3846,372,1,0
BRDA:3846,373,0,0
BRDA:3846,373,1,0
BRDA:3850,374,0,0
BRDA:3850,374,1,0
BRDA:3867,375,0,0
BRDA:3867,375,1,0
BRDA:3867,376,0,0
BRDA:3867,376,1,0
BRDA:3869,377,0,0
BRDA:3869,377,1,0
BRDA:3882,378,0,0
BRDA:3882,378,1,0
BRDA:3883,379,0,0
BRDA:3883,379,1,0
BRDA:3885,380,0,0
BRDA:3885,380,1,0
BRDA:3885,381,0,0
BRDA:3885,381,1,0
BRDA:3887,382,0,0
BRDA:3887,382,1,0
BRDA:3888,383,0,0
BRDA:3888,383,1,0
BRDA:3889,384,0,0
BRDA:3889,384,1,0
BRDA:3906,385,0,0
BRDA:3906,385,1,0
BRDA:3916,386,0,0
BRDA:3916,386,1,0
BRDA:3917,387,0,0
BRDA:3917,387,1,0
BRDA:3918,388,0,0
BRDA:3918,388,1,0
BRDA:3919,389,0,0
BRDA:3919,389,1,0
BRDA:3926,390,0,0
BRDA:3926,390,1,0
BRDA:3928,391,0,0
BRDA:3928,391,1,0
BRDA:3930,392,0,0
BRDA:3930,392,1,0
BRDA:3930,392,2,0
BRDA:3930,392,3,0
BRDA:3943,393,0,0
BRDA:3943,393,1,0
BRDA:3951,394,0,0
BRDA:3951,394,1,0
BRDA:3955,395,0,0
BRDA:3955,395,1,0
BRDA:3955,396,0,0
BRDA:3955,396,1,0
BRDA:3955,396,2,0
BRDA:3969,397,0,0
BRDA:3969,397,1,0
BRDA:3969,398,0,0
BRDA:3969,398,1,0
BRDA:3969,398,2,0
BRDA:3972,399,0,0
BRDA:3972,399,1,0
BRDA:3980,400,0,0
BRDA:3980,400,1,0
BRDA:3990,401,0,0
BRDA:3990,401,1,0
BRDA:3990,402,0,0
BRDA:3990,402,1,0
BRDA:4053,403,0,0
BRDA:4053,403,1,0
BRDA:4054,404,0,0
BRDA:4054,404,1,0
BRDA:4152,405,0,0
BRDA:4153,406,0,0
BRDA:4153,407,0,0
BRDA:4159,408,0,0
BRDA:4159,408,1,0
BRDA:4165,409,0,0
BRDA:4165,409,1,0
BRDA:4212,410,0,0
BRDA:4212,410,1,0
BRDA:4214,411,0,0
BRDA:4214,411,1,0
BRDA:4214,412,0,0
BRDA:4214,412,1,0
BRDA:4218,413,0,0
BRDA:4218,413,1,0
BRDA:4228,414,0,0
BRDA:4228,414,1,0
BRDA:4228,415,0,0
BRDA:4228,415,1,0
BRDA:4229,416,0,0
BRDA:4229,416,1,0
BRDA:4233,417,0,0
BRDA:4233,417,1,0
BRDA:4252,418,0,0
BRDA:4252,418,1,0
BRDA:4252,418,2,0
BRDA:4252,418,3,0
BRDA:4252,418,4,0
BRDA:4260,419,0,0
BRDA:4260,419,1,0
BRDA:4260,420,0,0
BRDA:4260,420,1,0
BRDA:4279,421,0,0
BRDA:4279,421,1,0
BRDA:4279,422,0,0
BRDA:4279,422,1,0
BRDA:4283,423,0,0
BRDA:4283,423,1,0
BRDA:4283,424,0,0
BRDA:4283,424,1,0
BRDA:4287,425,0,0
BRDA:4287,425,1,0
BRDA:4287,426,0,0
BRDA:4287,426,1,0
BRDA:4309,427,0,0
BRDA:4309,427,1,0
BRDA:4312,428,0,0
BRDA:4312,428,1,0
BRDA:4319,429,0,0
BRDA:4319,429,1,0
BRDA:4319,430,0,0
BRDA:4319,430,1,0
BRDA:4319,431,0,0
BRDA:4319,431,1,0
BRDA:4328,432,0,0
BRDA:4328,432,1,0
BRDA:4333,433,0,0
BRDA:4333,433,1,0
BRDA:4335,434,0,0
BRDA:4335,434,1,0
BRDA:4335,434,2,0
BRDA:4335,434,3,0
BRDA:4347,435,0,0
BRDA:4347,435,1,0
BRDA:4350,436,0,0
BRDA:4350,436,1,0
BRDA:4351,437,0,0
BRDA:4351,437,1,0
BRDA:4351,437,2,0
BRDA:4351,437,3,0
BRDA:4351,437,4,0
BRDA:4359,438,0,0
BRDA:4359,438,1,0
BRDA:4359,439,0,0
BRDA:4359,439,1,0
BRDA:4366,440,0,0
BRDA:4366,440,1,0
BRDA:4367,441,0,0
BRDA:4367,441,1,0
BRDA:4367,441,2,0
BRDA:4367,441,3,0
BRDA:4367,441,4,0
BRDA:4377,442,0,0
BRDA:4377,442,1,0
BRDA:4377,443,0,0
BRDA:4377,443,1,0
BRDA:4377,443,2,0
BRDA:4377,443,3,0
BRDA:4382,444,0,0
BRDA:4382,444,1,0
BRDA:4382,445,0,0
BRDA:4382,445,1,0
BRDA:4382,445,2,0
BRDA:4382,445,3,0
BRDA:4387,446,0,0
BRDA:4387,446,1,0
BRDA:4388,447,0,0
BRDA:4388,447,1,0
BRDA:4388,447,2,0
BRDA:4388,447,3,0
BRDA:4396,448,0,0
BRDA:4396,448,1,0
BRDA:4396,449,0,0
BRDA:4396,449,1,0
BRDA:4410,450,0,0
BRDA:4410,450,1,0
BRDA:4410,451,0,0
BRDA:4410,451,1,0
BRDA:4411,452,0,0
BRDA:4411,452,1,0
BRDA:4411,453,0,0
BRDA:4411,453,1,0
BRDA:4412,454,0,0
BRDA:4412,454,1,0
BRDA:4412,455,0,0
BRDA:4412,455,1,0
BRDA:4413,456,0,0
BRDA:4413,456,1,0
BRDA:4413,457,0,0
BRDA:4413,457,1,0
BRDA:4430,458,0,0
BRDA:4430,458,1,0
BRDA:4430,459,0,0
BRDA:4430,459,1,0
BRDA:4430,459,2,0
BRDA:4435,460,0,0
BRDA:4435,460,1,0
BRDA:4437,461,0,0
BRDA:4437,461,1,0
BRDA:4437,461,2,0
BRDA:4437,461,3,0
BRDA:4437,461,4,0
BRDA:4441,462,0,0
BRDA:4441,462,1,0
BRDA:4445,463,0,0
BRDA:4445,463,1,0
BRDA:4447,464,0,0
BRDA:4447,464,1,0
BRDA:4448,465,0,0
BRDA:4448,465,1,0
BRDA:4449,466,0,0
BRDA:4449,466,1,0
BRF:1001
BRH:0
end_of_record
TN:
SF:src/auth.gs
FN:14,createCompleteUser
FN:65,createRedirect
FN:87,handleUserRegistration
FN:110,processLoginFlow
FNF:4
FNH:0
FNDA:0,createCompleteUser
FNDA:0,createRedirect
FNDA:0,handleUserRegistration
FNDA:0,processLoginFlow
DA:2,0
DA:15,0
DA:16,0
DA:19,0
DA:32,0
DA:41,0
DA:47,0
DA:66,0
DA:79,0
DA:88,0
DA:90,0
DA:92,0
DA:93,0
DA:97,0
DA:98,0
DA:100,0
DA:101,0
DA:111,0
DA:112,0
DA:113,0
DA:117,0
DA:120,0
DA:122,0
DA:123,0
DA:126,0
DA:129,0
DA:130,0
DA:132,0
DA:133,0
DA:134,0
DA:135,0
DA:138,0
DA:139,0
DA:143,0
DA:144,0
DA:152,0
DA:154,0
DA:156,0
DA:158,0
DA:161,0
DA:162,0
DA:163,0
DA:164,0
DA:165,0
DA:166,0
DA:167,0
DA:169,0
DA:174,0
DA:175,0
DA:177,0
DA:178,0
DA:183,0
DA:192,0
DA:195,0
DA:199,0
LF:55
LH:0
BRDA:90,0,0,0
BRDA:90,0,1,0
BRDA:112,1,0,0
BRDA:112,1,1,0
BRDA:120,2,0,0
BRDA:120,2,1,0
BRDA:122,3,0,0
BRDA:122,3,1,0
BRDA:132,4,0,0
BRDA:132,4,1,0
BRDA:134,5,0,0
BRDA:134,5,1,0
BRDA:162,6,0,0
BRDA:162,6,1,0
BRDA:166,7,0,0
BRDA:166,7,1,0
BRDA:186,8,0,0
BRDA:186,8,1,0
BRDA:187,9,0,0
BRDA:187,9,1,0
BRDA:195,10,0,0
BRDA:195,10,1,0
BRF:22
BRH:0
end_of_record
TN:
SF:src/cache.gs
FN:13,(anonymous_0)
FN:33,(anonymous_1)
FN:92,(anonymous_2)
FN:118,(anonymous_3)
FN:136,(anonymous_4)
FN:161,(anonymous_5)
FN:174,(anonymous_6)
FN:200,(anonymous_7)
FN:213,(anonymous_8)
FN:225,getSheetsServiceCached
FN:226,(anonymous_10)
FN:244,getSpreadsheetHeaders
FN:277,(anonymous_12)
FN:313,validateSpreadsheetHeaders
FN:332,(anonymous_14)
FN:333,(anonymous_15)
FN:338,(anonymous_16)
FN:339,(anonymous_17)
FN:357,(anonymous_18)
FN:358,(anonymous_19)
FN:360,(anonymous_20)
FN:361,(anonymous_21)
FN:375,synchronizeCacheAfterCriticalUpdate
FN:390,(anonymous_23)
FN:400,(anonymous_24)
FNF:25
FNH:0
FNDA:0,(anonymous_0)
FNDA:0,(anonymous_1)
FNDA:0,(anonymous_2)
FNDA:0,(anonymous_3)
FNDA:0,(anonymous_4)
FNDA:0,(anonymous_5)
FNDA:0,(anonymous_6)
FNDA:0,(anonymous_7)
FNDA:0,(anonymous_8)
FNDA:0,getSheetsServiceCached
FNDA:0,(anonymous_10)
FNDA:0,getSpreadsheetHeaders
FNDA:0,(anonymous_12)
FNDA:0,validateSpreadsheetHeaders
FNDA:0,(anonymous_14)
FNDA:0,(anonymous_15)
FNDA:0,(anonymous_16)
FNDA:0,(anonymous_17)
FNDA:0,(anonymous_18)
FNDA:0,(anonymous_19)
FNDA:0,(anonymous_20)
FNDA:0,(anonymous_21)
FNDA:0,synchronizeCacheAfterCriticalUpdate
FNDA:0,(anonymous_23)
FNDA:0,(anonymous_24)
DA:2,0
DA:14,0
DA:15,0
DA:16,0
DA:17,0
DA:34,0
DA:36,0
DA:38,0
DA:39,0
DA:40,0
DA:44,0
DA:45,0
DA:46,0
DA:49,0
DA:51,0
DA:52,0
DA:53,0
DA:54,0
DA:57,0
DA:58,0
DA:61,0
DA:64,0
DA:65,0
DA:69,0
DA:70,0
DA:71,0
DA:72,0
DA:73,0
DA:74,0
DA:76,0
DA:77,0
DA:78,0
DA:82,0
DA:83,0
DA:93,0
DA:95,0
DA:96,0
DA:99,0
DA:101,0
DA:104,0
DA:105,0
DA:108,0
DA:109,0
DA:110,0
DA:119,0
DA:120,0
DA:123,0
DA:124,0
DA:125,0
DA:127,0
DA:128,0
DA:137,0
DA:139,0
DA:140,0
DA:141,0
DA:142,0
DA:147,0
DA:149,0
DA:152,0
DA:153,0
DA:162,0
DA:175,0
DA:182,0
DA:183,0
DA:184,0
DA:185,0
DA:189,0
DA:190,0
DA:191,0
DA:194,0
DA:201,0
DA:214,0
DA:219,0
DA:226,0
DA:227,0
DA:228,0
DA:230,0
DA:245,0
DA:247,0
DA:248,0
DA:251,0
DA:254,0
DA:255,0
DA:256,0
DA:257,0
DA:261,0
DA:263,0
DA:264,0
DA:266,0
DA:267,0
DA:270,0
DA:271,0
DA:272,0
DA:276,0
DA:277,0
DA:278,0
DA:279,0
DA:284,0
DA:285,0
DA:286,0
DA:287,0
DA:292,0
DA:293,0
DA:299,0
DA:300,0
DA:303,0
DA:304,0
DA:314,0
DA:315,0
DA:318,0
DA:321,0
DA:326,0
DA:332,0
DA:333,0
DA:334,0
DA:338,0
DA:339,0
DA:340,0
DA:344,0
DA:345,0
DA:346,0
DA:349,0
DA:351,0
DA:358,0
DA:361,0
DA:376,0
DA:377,0
DA:384,0
DA:385,0
DA:390,0
DA:394,0
DA:395,0
DA:400,0
DA:403,0
DA:406,0
DA:411,0
LF:136
LH:0
BRDA:33,0,0,0
BRDA:34,1,0,0
BRDA:34,2,0,0
BRDA:38,3,0,0
BRDA:38,3,1,0
BRDA:38,4,0,0
BRDA:38,4,1,0
BRDA:44,5,0,0
BRDA:44,5,1,0
BRDA:44,6,0,0
BRDA:44,6,1,0
BRDA:52,7,0,0
BRDA:52,7,1,0
BRDA:57,8,0,0
BRDA:57,8,1,0
BRDA:69,9,0,0
BRDA:69,9,1,0
BRDA:92,10,0,0
BRDA:93,11,0,0
BRDA:93,12,0,0
BRDA:95,13,0,0
BRDA:95,13,1,0
BRDA:95,14,0,0
BRDA:95,14,1,0
BRDA:104,15,0,0
BRDA:104,15,1,0
BRDA:119,16,0,0
BRDA:119,16,1,0
BRDA:119,17,0,0
BRDA:119,17,1,0
BRDA:141,18,0,0
BRDA:141,18,1,0
BRDA:147,19,0,0
BRDA:147,19,1,0
BRDA:164,20,0,0
BRDA:164,20,1,0
BRDA:182,21,0,0
BRDA:182,21,1,0
BRDA:183,22,0,0
BRDA:183,22,1,0
BRDA:189,23,0,0
BRDA:189,23,1,0
BRDA:228,24,0,0
BRDA:228,24,1,0
BRDA:244,25,0,0
BRDA:245,26,0,0
BRDA:245,27,0,0
BRDA:245,28,0,0
BRDA:247,29,0,0
BRDA:247,29,1,0
BRDA:247,30,0,0
BRDA:247,30,1,0
BRDA:254,31,0,0
BRDA:254,31,1,0
BRDA:254,32,0,0
BRDA:254,32,1,0
BRDA:256,33,0,0
BRDA:256,33,1,0
BRDA:256,34,0,0
BRDA:256,34,1,0
BRDA:256,34,2,0
BRDA:266,35,0,0
BRDA:266,35,1,0
BRDA:271,36,0,0
BRDA:271,36,1,0
BRDA:271,37,0,0
BRDA:271,37,1,0
BRDA:278,38,0,0
BRDA:278,38,1,0
BRDA:278,39,0,0
BRDA:278,39,1,0
BRDA:284,40,0,0
BRDA:284,40,1,0
BRDA:286,41,0,0
BRDA:286,41,1,0
BRDA:292,42,0,0
BRDA:292,42,1,0
BRDA:314,43,0,0
BRDA:314,43,1,0
BRDA:314,44,0,0
BRDA:314,44,1,0
BRDA:345,45,0,0
BRDA:345,45,1,0
BRDA:346,46,0,0
BRDA:346,46,1,0
BRDA:352,47,0,0
BRDA:352,47,1,0
BRDA:352,47,2,0
BRDA:352,47,3,0
BRDA:384,48,0,0
BRDA:384,48,1,0
BRDA:394,49,0,0
BRDA:394,49,1,0
BRF:93
BRH:0
end_of_record
TN:
SF:src/constants.gs
FN:102,(anonymous_0)
FN:113,(anonymous_1)
FN:124,(anonymous_2)
FN:152,(anonymous_3)
FNF:4
FNH:0
FNDA:0,(anonymous_0)
FNDA:0,(anonymous_1)
FNDA:0,(anonymous_2)
FNDA:0,(anonymous_3)
DA:2,0
DA:13,0
DA:53,0
DA:63,0
DA:96,0
DA:103,0
DA:104,0
DA:105,0
DA:114,0
DA:115,0
DA:125,0
DA:127,0
DA:130,0
DA:131,0
DA:135,0
DA:136,0
DA:140,0
DA:141,0
DA:144,0
DA:153,0
DA:154,0
DA:157,0
DA:158,0
DA:160,0
DA:167,0
DA:168,0
DA:169,0
DA:170,0
DA:174,0
DA:175,0
DA:181,0
DA:182,0
DA:183,0
DA:185,0
DA:190,0
DA:191,0
DA:192,0
DA:194,0
DA:195,0
DA:196,0
DA:198,0
DA:203,0
DA:215,0
DA:319,0
DA:320,0
DA:324,0
LF:46
LH:0
BRDA:103,0,0,0
BRDA:103,0,1,0
BRDA:103,1,0,0
BRDA:103,1,1,0
BRDA:104,2,0,0
BRDA:104,2,1,0
BRDA:114,3,0,0
BRDA:114,3,1,0
BRDA:114,4,0,0
BRDA:114,4,1,0
BRDA:124,5,0,0
BRDA:125,6,0,0
BRDA:125,6,1,0
BRDA:125,7,0,0
BRDA:125,7,1,0
BRDA:130,8,0,0
BRDA:130,8,1,0
BRDA:135,9,0,0
BRDA:135,9,1,0
BRDA:140,10,0,0
BRDA:140,10,1,0
BRDA:157,11,0,0
BRDA:157,11,1,0
BRDA:167,12,0,0
BRDA:167,12,1,0
BRDA:167,13,0,0
BRDA:167,13,1,0
BRDA:169,14,0,0
BRDA:169,14,1,0
BRDA:174,15,0,0
BRDA:174,15,1,0
BRDA:181,16,0,0
BRDA:181,16,1,0
BRDA:182,17,0,0
BRDA:182,17,1,0
BRDA:190,18,0,0
BRDA:190,18,1,0
BRDA:191,19,0,0
BRDA:191,19,1,0
BRF:39
BRH:0
end_of_record
TN:
SF:src/main.gs
FN:20,(anonymous_0)
FN:34,doGet
FN:134,(anonymous_2)
FN:150,(anonymous_3)
FN:170,(anonymous_4)
FN:190,(anonymous_5)
FN:232,(anonymous_6)
FN:256,isSystemSetup
FN:267,getGoogleClientId
FN:305,checkSystemConfiguration
FN:320,(anonymous_10)
FN:351,getSystemDomainInfo
FN:388,showAdminPanel
FN:438,showAnswerBoard
FN:491,getWebAppUrl
FN:505,buildUserAdminUrl
FN:516,showErrorPage
FN:608,renderSetupPage
FN:625,(anonymous_18)
FN:641,(anonymous_19)
FN:663,(anonymous_20)
FN:667,(anonymous_21)
FN:681,generateUserUrls
FN:695,parseRequestParams
FN:727,include
FN:748,renderAdminPanel
FN:775,renderLoginPage
FN:797,renderAnswerBoard
FN:920,checkCurrentPublicationStatus
FN:980,getTestMockResponse
FN:995,saveApplicationConfig
FN:1014,setupApplication
FN:1116,getUser
FN:1152,forceUrlSystemReset
FN:1167,reportClientError
FN:1182,addSpreadsheetUrl
FN:1196,resetUserAuthentication
FN:1213,testForceLogoutRedirect
FN:1227,verifyUserAuthentication
FN:1247,forceLogoutAndRedirectToLogin
FN:1268,getPublishedSheetData
FN:1285,testSetup
FNF:42
FNH:0
FNDA:0,(anonymous_0)
FNDA:0,doGet
FNDA:0,(anonymous_2)
FNDA:0,(anonymous_3)
FNDA:0,(anonymous_4)
FNDA:0,(anonymous_5)
FNDA:0,(anonymous_6)
FNDA:0,isSystemSetup
FNDA:0,getGoogleClientId
FNDA:0,checkSystemConfiguration
FNDA:0,(anonymous_10)
FNDA:0,getSystemDomainInfo
FNDA:0,showAdminPanel
FNDA:0,showAnswerBoard
FNDA:0,getWebAppUrl
FNDA:0,buildUserAdminUrl
FNDA:0,showErrorPage
FNDA:0,renderSetupPage
FNDA:0,(anonymous_18)
FNDA:0,(anonymous_19)
FNDA:0,(anonymous_20)
FNDA:0,(anonymous_21)
FNDA:0,generateUserUrls
FNDA:0,parseRequestParams
FNDA:0,include
FNDA:0,renderAdminPanel
FNDA:0,renderLoginPage
FNDA:0,renderAnswerBoard
FNDA:0,checkCurrentPublicationStatus
FNDA:0,getTestMockResponse
FNDA:0,saveApplicationConfig
FNDA:0,setupApplication
FNDA:0,getUser
FNDA:0,forceUrlSystemReset
FNDA:0,reportClientError
FNDA:0,addSpreadsheetUrl
FNDA:0,resetUserAuthentication
FNDA:0,testForceLogoutRedirect
FNDA:0,verifyUserAuthentication
FNDA:0,forceLogoutAndRedirectToLogin
FNDA:0,getPublishedSheetData
FNDA:0,testSetup
DA:2,0
DA:8,0
DA:19,0
DA:21,0
DA:22,0
DA:24,0
DA:35,0
DA:37,0
DA:40,0
DA:41,0
DA:43,0
DA:44,0
DA:45,0
DA:49,0
DA:51,0
DA:52,0
DA:53,0
DA:55,0
DA:56,0
DA:57,0
DA:58,0
DA:59,0
DA:65,0
DA:71,0
DA:73,0
DA:74,0
DA:80,0
DA:81,0
DA:85,0
DA:86,0
DA:87,0
DA:88,0
DA:91,0
DA:92,0
DA:93,0
DA:94,0
DA:95,0
DA:96,0
DA:100,0
DA:106,0
DA:112,0
DA:114,0
DA:115,0
DA:121,0
DA:122,0
DA:132,0
DA:135,0
DA:136,0
DA:137,0
DA:140,0
DA:145,0
DA:146,0
DA:151,0
DA:153,0
DA:154,0
DA:156,0
DA:163,0
DA:164,0
DA:171,0
DA:173,0
DA:174,0
DA:178,0
DA:180,0
DA:181,0
DA:188,0
DA:191,0
DA:192,0
DA:194,0
DA:195,0
DA:198,0
DA:199,0
DA:201,0
DA:203,0
DA:204,0
DA:205,0
DA:206,0
DA:209,0
DA:213,0
DA:215,0
DA:222,0
DA:223,0
DA:233,0
DA:234,0
DA:235,0
DA:236,0
DA:238,0
DA:239,0
DA:241,0
DA:242,0
DA:257,0
DA:258,0
DA:259,0
DA:260,0
DA:261,0
DA:268,0
DA:269,0
DA:270,0
DA:272,0
DA:273,0
DA:276,0
DA:277,0
DA:279,0
DA:287,0
DA:293,0
DA:294,0
DA:306,0
DA:307,0
DA:308,0
DA:310,0
DA:317,0
DA:318,0
DA:320,0
DA:321,0
DA:322,0
DA:327,0
DA:328,0
DA:332,0
DA:340,0
DA:341,0
DA:352,0
DA:353,0
DA:354,0
DA:356,0
DA:357,0
DA:360,0
DA:363,0
DA:364,0
DA:366,0
DA:375,0
DA:376,0
DA:389,0
DA:390,0
DA:393,0
DA:394,0
DA:395,0
DA:396,0
DA:398,0
DA:399,0
DA:400,0
DA:401,0
DA:406,0
DA:407,0
DA:408,0
DA:415,0
DA:418,0
DA:424,0
DA:428,0
DA:429,0
DA:439,0
DA:440,0
DA:441,0
DA:442,0
DA:446,0
DA:447,0
DA:449,0
DA:450,0
DA:454,0
DA:455,0
DA:456,0
DA:457,0
DA:461,0
DA:465,0
DA:471,0
DA:473,0
DA:474,0
DA:492,0
DA:493,0
DA:495,0
DA:496,0
DA:506,0
DA:517,0
DA:595,0
DA:596,0
DA:597,0
DA:599,0
DA:609,0
DA:612,0
DA:619,0
DA:626,0
DA:627,0
DA:629,0
DA:642,0
DA:644,0
DA:645,0
DA:647,0
DA:651,0
DA:653,0
DA:664,0
DA:666,0
DA:667,0
DA:668,0
DA:669,0
DA:673,0
DA:682,0
DA:696,0
DA:697,0
DA:698,0
DA:708,0
DA:709,0
DA:710,0
DA:711,0
DA:712,0
DA:713,0
DA:714,0
DA:716,0
DA:718,0
DA:728,0
DA:729,0
DA:730,0
DA:732,0
DA:733,0
DA:749,0
DA:751,0
DA:754,0
DA:755,0
DA:756,0
DA:758,0
DA:763,0
DA:764,0
DA:776,0
DA:777,0
DA:778,0
DA:779,0
DA:784,0
DA:785,0
DA:798,0
DA:799,0
DA:800,0
DA:802,0
DA:803,0
DA:806,0
DA:807,0
DA:809,0
DA:811,0
DA:814,0
DA:815,0
DA:816,0
DA:819,0
DA:820,0
DA:822,0
DA:823,0
DA:826,0
DA:827,0
DA:828,0
DA:830,0
DA:831,0
DA:832,0
DA:835,0
DA:836,0
DA:837,0
DA:838,0
DA:839,0
DA:840,0
DA:841,0
DA:844,0
DA:845,0
DA:846,0
DA:847,0
DA:852,0
DA:853,0
DA:854,0
DA:856,0
DA:857,0
DA:858,0
DA:862,0
DA:863,0
DA:866,0
DA:867,0
DA:869,0
DA:874,0
DA:875,0
DA:876,0
DA:877,0
DA:880,0
DA:881,0
DA:882,0
DA:883,0
DA:887,0
DA:888,0
DA:889,0
DA:890,0
DA:891,0
DA:894,0
DA:895,0
DA:898,0
DA:903,0
DA:904,0
DA:921,0
DA:922,0
DA:923,0
DA:924,0
DA:927,0
DA:930,0
DA:931,0
DA:932,0
DA:933,0
DA:937,0
DA:938,0
DA:939,0
DA:941,0
DA:942,0
DA:946,0
DA:948,0
DA:955,0
DA:963,0
DA:964,0
DA:981,0
DA:996,0
DA:997,0
DA:1020,0
DA:1021,0
DA:1024,0
DA:1025,0
DA:1026,0
DA:1030,0
DA:1032,0
DA:1035,0
DA:1036,0
DA:1041,0
DA:1042,0
DA:1044,0
DA:1048,0
DA:1049,0
DA:1050,0
DA:1051,0
DA:1055,0
DA:1056,0
DA:1060,0
DA:1061,0
DA:1067,0
DA:1069,0
DA:1076,0
DA:1077,0
DA:1080,0
DA:1083,0
DA:1084,0
DA:1085,0
DA:1086,0
DA:1088,0
DA:1089,0
DA:1093,0
DA:1094,0
DA:1097,0
DA:1099,0
DA:1106,0
DA:1107,0
DA:1117,0
DA:1118,0
DA:1121,0
DA:1122,0
DA:1126,0
DA:1133,0
DA:1135,0
DA:1136,0
DA:1139,0
DA:1153,0
DA:1154,0
DA:1155,0
DA:1157,0
DA:1158,0
DA:1168,0
DA:1169,0
DA:1170,0
DA:1172,0
DA:1173,0
DA:1183,0
DA:1184,0
DA:1185,0
DA:1187,0
DA:1188,0
DA:1197,0
DA:1198,0
DA:1199,0
DA:1200,0
DA:1202,0
DA:1204,0
DA:1205,0
DA:1214,0
DA:1215,0
DA:1216,0
DA:1218,0
DA:1219,0
DA:1228,0
DA:1229,0
DA:1230,0
DA:1231,0
DA:1238,0
DA:1239,0
DA:1248,0
DA:1249,0
DA:1250,0
DA:1256,0
DA:1257,0
DA:1269,0
DA:1270,0
DA:1271,0
DA:1277,0
DA:1278,0
DA:1286,0
DA:1287,0
DA:1288,0
DA:1295,0
DA:1296,0
DA:1297,0
DA:1299,0
DA:1300,0
DA:1306,0
DA:1311,0
DA:1312,0
LF:409
LH:0
BRDA:43,0,0,0
BRDA:43,0,1,0
BRDA:49,1,0,0
BRDA:49,1,1,0
BRDA:49,1,2,0
BRDA:49,1,3,0
BRDA:52,2,0,0
BRDA:52,2,1,0
BRDA:57,3,0,0
BRDA:57,3,1,0
BRDA:67,4,0,0
BRDA:67,4,1,0
BRDA:68,5,0,0
BRDA:68,5,1,0
BRDA:86,6,0,0
BRDA:86,6,1,0
BRDA:93,7,0,0
BRDA:93,7,1,0
BRDA:95,8,0,0
BRDA:95,8,1,0
BRDA:108,9,0,0
BRDA:108,9,1,0
BRDA:109,10,0,0
BRDA:109,10,1,0
BRDA:137,11,0,0
BRDA:137,11,1,0
BRDA:154,12,0,0
BRDA:154,12,1,0
BRDA:173,13,0,0
BRDA:173,13,1,0
BRDA:201,14,0,0
BRDA:201,14,1,0
BRDA:201,15,0,0
BRDA:201,15,1,0
BRDA:204,16,0,0
BRDA:204,16,1,0
BRDA:204,17,0,0
BRDA:204,17,1,0
BRDA:213,18,0,0
BRDA:213,18,1,0
BRDA:261,19,0,0
BRDA:261,19,1,0
BRDA:261,19,2,0
BRDA:272,20,0,0
BRDA:272,20,1,0
BRDA:323,21,0,0
BRDA:323,21,1,0
BRDA:324,22,0,0
BRDA:324,22,1,0
BRDA:327,23,0,0
BRDA:327,23,1,0
BRDA:327,24,0,0
BRDA:327,24,1,0
BRDA:356,25,0,0
BRDA:356,25,1,0
BRDA:364,26,0,0
BRDA:364,26,1,0
BRDA:371,27,0,0
BRDA:371,27,1,0
BRDA:372,28,0,0
BRDA:372,28,1,0
BRDA:394,29,0,0
BRDA:394,29,1,0
BRDA:398,30,0,0
BRDA:398,30,1,0
BRDA:406,31,0,0
BRDA:406,31,1,0
BRDA:411,32,0,0
BRDA:411,32,1,0
BRDA:412,33,0,0
BRDA:412,33,1,0
BRDA:441,34,0,0
BRDA:441,34,1,0
BRDA:449,35,0,0
BRDA:449,35,1,0
BRDA:455,36,0,0
BRDA:455,36,1,0
BRDA:456,37,0,0
BRDA:456,37,1,0
BRDA:467,38,0,0
BRDA:467,38,1,0
BRDA:468,39,0,0
BRDA:468,39,1,0
BRDA:597,40,0,0
BRDA:597,40,1,0
BRDA:627,41,0,0
BRDA:627,41,1,0
BRDA:642,42,0,0
BRDA:642,42,1,0
BRDA:642,43,0,0
BRDA:642,43,1,0
BRDA:647,44,0,0
BRDA:647,44,1,0
BRDA:647,44,2,0
BRDA:651,45,0,0
BRDA:651,45,1,0
BRDA:664,46,0,0
BRDA:664,46,1,0
BRDA:667,47,0,0
BRDA:667,47,1,0
BRDA:668,48,0,0
BRDA:668,48,1,0
BRDA:668,49,0,0
BRDA:668,49,1,0
BRDA:696,50,0,0
BRDA:696,50,1,0
BRDA:708,51,0,0
BRDA:708,51,1,0
BRDA:709,52,0,0
BRDA:709,52,1,0
BRDA:710,53,0,0
BRDA:710,53,1,0
BRDA:711,54,0,0
BRDA:711,54,1,0
BRDA:712,55,0,0
BRDA:712,55,1,0
BRDA:713,56,0,0
BRDA:713,56,1,0
BRDA:714,57,0,0
BRDA:714,57,1,0
BRDA:755,58,0,0
BRDA:755,58,1,0
BRDA:775,59,0,0
BRDA:800,60,0,0
BRDA:800,60,1,0
BRDA:819,61,0,0
BRDA:819,61,1,0
BRDA:820,62,0,0
BRDA:820,62,1,0
BRDA:822,63,0,0
BRDA:822,63,1,0
BRDA:823,64,0,0
BRDA:823,64,1,0
BRDA:826,65,0,0
BRDA:826,65,1,0
BRDA:827,66,0,0
BRDA:827,66,1,0
BRDA:828,67,0,0
BRDA:828,67,1,0
BRDA:841,68,0,0
BRDA:841,68,1,0
BRDA:845,69,0,0
BRDA:845,69,1,0
BRDA:845,70,0,0
BRDA:845,70,1,0
BRDA:854,71,0,0
BRDA:854,71,1,0
BRDA:863,72,0,0
BRDA:863,72,1,0
BRDA:866,73,0,0
BRDA:866,73,1,0
BRDA:881,74,0,0
BRDA:881,74,1,0
BRDA:882,75,0,0
BRDA:882,75,1,0
BRDA:888,76,0,0
BRDA:888,76,1,0
BRDA:922,77,0,0
BRDA:922,77,1,0
BRDA:931,78,0,0
BRDA:931,78,1,0
BRDA:939,79,0,0
BRDA:939,79,1,0
BRDA:946,80,0,0
BRDA:946,80,1,0
BRDA:958,81,0,0
BRDA:958,81,1,0
BRDA:959,82,0,0
BRDA:959,82,1,0
BRDA:1017,83,0,0
BRDA:1018,84,0,0
BRDA:1025,85,0,0
BRDA:1025,85,1,0
BRDA:1030,86,0,0
BRDA:1030,86,1,0
BRDA:1035,87,0,0
BRDA:1035,87,1,0
BRDA:1035,88,0,0
BRDA:1035,88,1,0
BRDA:1050,89,0,0
BRDA:1050,89,1,0
BRDA:1055,90,0,0
BRDA:1055,90,1,0
BRDA:1060,91,0,0
BRDA:1060,91,1,0
BRDA:1060,92,0,0
BRDA:1060,92,1,0
BRDA:1076,93,0,0
BRDA:1076,93,1,0
BRDA:1076,94,0,0
BRDA:1076,94,1,0
BRDA:1093,95,0,0
BRDA:1093,95,1,0
BRDA:1116,96,0,0
BRDA:1118,97,0,0
BRDA:1118,97,1,0
BRDA:1121,98,0,0
BRDA:1121,98,1,0
BRDA:1121,99,0,0
BRDA:1121,99,1,0
BRDA:1122,100,0,0
BRDA:1122,100,1,0
BRDA:1130,101,0,0
BRDA:1130,101,1,0
BRDA:1135,102,0,0
BRDA:1135,102,1,0
BRDA:1135,103,0,0
BRDA:1135,103,1,0
BRDA:1199,104,0,0
BRDA:1199,104,1,0
BRDA:1234,105,0,0
BRDA:1234,105,1,0
BRDA:1235,106,0,0
BRDA:1235,106,1,0
BRDA:1268,107,0,0
BRDA:1287,108,0,0
BRDA:1287,108,1,0
BRDA:1299,109,0,0
BRDA:1299,109,1,0
BRF:219
BRH:0
end_of_record
TN:
SF:src/security.gs
FN:25,getServiceAccountTokenCached
FN:36,generateNewServiceAccountToken
FN:107,getSecureServiceAccountCreds
FN:127,verifyAdminAccess
FN:208,updateUserLastAccess
FN:232,getSecureDatabaseId
FN:240,verifyUserAccess
FNF:7
FNH:0
FNDA:0,getServiceAccountTokenCached
FNDA:0,generateNewServiceAccountToken
FNDA:0,getSecureServiceAccountCreds
FNDA:0,verifyAdminAccess
FNDA:0,updateUserLastAccess
FNDA:0,getSecureDatabaseId
FNDA:0,verifyUserAccess
DA:2,0
DA:14,0
DA:26,0
DA:38,0
DA:40,0
DA:41,0
DA:42,0
DA:44,0
DA:45,0
DA:48,0
DA:49,0
DA:57,0
DA:58,0
DA:59,0
DA:60,0
DA:61,0
DA:62,0
DA:65,0
DA:75,0
DA:76,0
DA:77,0
DA:78,0
DA:79,0
DA:81,0
DA:82,0
DA:83,0
DA:84,0
DA:85,0
DA:86,0
DA:87,0
DA:89,0
DA:92,0
DA:95,0
DA:96,0
DA:97,0
DA:100,0
DA:101,0
DA:108,0
DA:109,0
DA:111,0
DA:112,0
DA:115,0
DA:128,0
DA:130,0
DA:131,0
DA:132,0
DA:136,0
DA:137,0
DA:138,0
DA:139,0
DA:142,0
DA:145,0
DA:148,0
DA:149,0
DA:150,0
DA:154,0
DA:155,0
DA:159,0
DA:164,0
DA:165,0
DA:166,0
DA:169,0
DA:172,0
DA:174,0
DA:183,0
DA:184,0
DA:185,0
DA:187,0
DA:196,0
DA:199,0
DA:200,0
DA:209,0
DA:210,0
DA:211,0
DA:212,0
DA:215,0
DA:216,0
DA:219,0
DA:221,0
DA:233,0
DA:234,0
DA:241,0
DA:242,0
DA:246,0
DA:247,0
DA:248,0
DA:251,0
DA:254,0
LF:88
LH:0
BRDA:76,0,0,0
BRDA:76,0,1,0
BRDA:82,1,0,0
BRDA:82,1,1,0
BRDA:84,2,0,0
BRDA:84,2,1,0
BRDA:86,3,0,0
BRDA:86,3,1,0
BRDA:96,4,0,0
BRDA:96,4,1,0
BRDA:111,5,0,0
BRDA:111,5,1,0
BRDA:130,6,0,0
BRDA:130,6,1,0
BRDA:130,7,0,0
BRDA:130,7,1,0
BRDA:130,7,2,0
BRDA:137,8,0,0
BRDA:137,8,1,0
BRDA:148,9,0,0
BRDA:148,9,1,0
BRDA:154,10,0,0
BRDA:154,10,1,0
BRDA:164,11,0,0
BRDA:164,11,1,0
BRDA:166,12,0,0
BRDA:166,12,1,0
BRDA:166,12,2,0
BRDA:183,13,0,0
BRDA:183,13,1,0
BRDA:183,14,0,0
BRDA:183,14,1,0
BRDA:183,14,2,0
BRDA:210,15,0,0
BRDA:210,15,1,0
BRDA:241,16,0,0
BRDA:241,16,1,0
BRDA:247,17,0,0
BRDA:247,17,1,0
BRF:39
BRH:0
end_of_record
