TN:
SF:src/AdminPanelBackend.gs
FN:19,getActiveUserInfo
FN:23,debugConstants
FN:39,getSpreadsheetList
FN:76,(anonymous_3)
FN:91,getSheetList
FN:102,(anonymous_5)
FN:124,connectDataSource
FN:237,detectColumnMapping
FN:266,(anonymous_8)
FN:272,(anonymous_9)
FN:276,(anonymous_10)
FN:292,(anonymous_11)
FN:330,performBasicSYSTEM_CONSTANTSMapping
FN:335,(anonymous_13)
FN:341,(anonymous_14)
FN:345,(anonymous_15)
FN:361,(anonymous_16)
FN:385,enhanceMappingWithAI
FN:423,addMissingColumns
FN:456,(anonymous_19)
FN:458,(anonymous_20)
FN:459,(anonymous_21)
FN:508,(anonymous_22)
FN:512,(anonymous_23)
FN:517,(anonymous_24)
FN:538,(anonymous_25)
FN:568,getPriority
FN:588,validateAccess
FN:602,(anonymous_28)
FN:639,analyzeColumns
FN:746,convertIndicesToMapping
FN:768,(anonymous_31)
FN:809,validateAdminPanelMapping
FN:818,(anonymous_33)
FN:831,(anonymous_34)
FN:832,(anonymous_35)
FN:840,(anonymous_36)
FN:841,(anonymous_37)
FN:860,getCurrentConfig
FN:936,detectActiveSheetName
FN:946,(anonymous_40)
FN:956,(anonymous_41)
FN:957,(anonymous_42)
FN:980,getSetupStatusFromStep
FN:998,saveDraftConfiguration
FN:1045,publishApplication
FN:1101,updateUserSpreadsheetConfig
FN:1132,getUserConfigJson
FN:1153,executeAppPublish
FN:1192,getOrCreateWebAppUrl
FN:1219,getUserColumnMapping
FN:1240,(anonymous_51)
FN:1257,getCurrentBoardInfoAndUrls
FN:1355,checkIsSystemAdmin
FN:1376,convertToCompatibleMapping
FN:1382,(anonymous_55)
FN:1389,(anonymous_56)
FN:1395,(anonymous_57)
FN:1408,(anonymous_58)
FNF:59
FNH:0
FNDA:0,getActiveUserInfo
FNDA:0,debugConstants
FNDA:0,getSpreadsheetList
FNDA:0,(anonymous_3)
FNDA:0,getSheetList
FNDA:0,(anonymous_5)
FNDA:0,connectDataSource
FNDA:0,detectColumnMapping
FNDA:0,(anonymous_8)
FNDA:0,(anonymous_9)
FNDA:0,(anonymous_10)
FNDA:0,(anonymous_11)
FNDA:0,performBasicSYSTEM_CONSTANTSMapping
FNDA:0,(anonymous_13)
FNDA:0,(anonymous_14)
FNDA:0,(anonymous_15)
FNDA:0,(anonymous_16)
FNDA:0,enhanceMappingWithAI
FNDA:0,addMissingColumns
FNDA:0,(anonymous_19)
FNDA:0,(anonymous_20)
FNDA:0,(anonymous_21)
FNDA:0,(anonymous_22)
FNDA:0,(anonymous_23)
FNDA:0,(anonymous_24)
FNDA:0,(anonymous_25)
FNDA:0,getPriority
FNDA:0,validateAccess
FNDA:0,(anonymous_28)
FNDA:0,analyzeColumns
FNDA:0,convertIndicesToMapping
FNDA:0,(anonymous_31)
FNDA:0,validateAdminPanelMapping
FNDA:0,(anonymous_33)
FNDA:0,(anonymous_34)
FNDA:0,(anonymous_35)
FNDA:0,(anonymous_36)
FNDA:0,(anonymous_37)
FNDA:0,getCurrentConfig
FNDA:0,detectActiveSheetName
FNDA:0,(anonymous_40)
FNDA:0,(anonymous_41)
FNDA:0,(anonymous_42)
FNDA:0,getSetupStatusFromStep
FNDA:0,saveDraftConfiguration
FNDA:0,publishApplication
FNDA:0,updateUserSpreadsheetConfig
FNDA:0,getUserConfigJson
FNDA:0,executeAppPublish
FNDA:0,getOrCreateWebAppUrl
FNDA:0,getUserColumnMapping
FNDA:0,(anonymous_51)
FNDA:0,getCurrentBoardInfoAndUrls
FNDA:0,checkIsSystemAdmin
FNDA:0,convertToCompatibleMapping
FNDA:0,(anonymous_55)
FNDA:0,(anonymous_56)
FNDA:0,(anonymous_57)
FNDA:0,(anonymous_58)
DA:2,0
DA:20,0
DA:24,0
DA:25,0
DA:26,0
DA:27,0
DA:40,0
DA:41,0
DA:44,0
DA:48,0
DA:49,0
DA:50,0
DA:52,0
DA:53,0
DA:56,0
DA:57,0
DA:58,0
DA:59,0
DA:60,0
DA:63,0
DA:66,0
DA:72,0
DA:76,0
DA:78,0
DA:79,0
DA:81,0
DA:82,0
DA:92,0
DA:93,0
DA:95,0
DA:96,0
DA:99,0
DA:100,0
DA:102,0
DA:110,0
DA:111,0
DA:113,0
DA:114,0
DA:125,0
DA:126,0
DA:128,0
DA:129,0
DA:132,0
DA:133,0
DA:135,0
DA:136,0
DA:140,0
DA:141,0
DA:144,0
DA:149,0
DA:150,0
DA:151,0
DA:153,0
DA:154,0
DA:158,0
DA:159,0
DA:162,0
DA:163,0
DA:166,0
DA:167,0
DA:168,0
DA:174,0
DA:175,0
DA:177,0
DA:179,0
DA:182,0
DA:192,0
DA:195,0
DA:198,0
DA:199,0
DA:200,0
DA:201,0
DA:203,0
DA:207,0
DA:211,0
DA:220,0
DA:221,0
DA:239,0
DA:242,0
DA:243,0
DA:246,0
DA:252,0
DA:262,0
DA:263,0
DA:266,0
DA:267,0
DA:269,0
DA:272,0
DA:273,0
DA:276,0
DA:277,0
DA:278,0
DA:281,0
DA:282,0
DA:283,0
DA:284,0
DA:285,0
DA:286,0
DA:287,0
DA:291,0
DA:292,0
DA:293,0
DA:294,0
DA:295,0
DA:301,0
DA:302,0
DA:303,0
DA:304,0
DA:311,0
DA:312,0
DA:315,0
DA:317,0
DA:324,0
DA:331,0
DA:332,0
DA:335,0
DA:336,0
DA:338,0
DA:341,0
DA:342,0
DA:345,0
DA:346,0
DA:347,0
DA:350,0
DA:351,0
DA:352,0
DA:353,0
DA:354,0
DA:355,0
DA:356,0
DA:360,0
DA:361,0
DA:362,0
DA:363,0
DA:364,0
DA:370,0
DA:371,0
DA:372,0
DA:373,0
DA:379,0
DA:386,0
DA:389,0
DA:390,0
DA:391,0
DA:392,0
DA:395,0
DA:396,0
DA:397,0
DA:398,0
DA:401,0
DA:402,0
DA:403,0
DA:404,0
DA:407,0
DA:408,0
DA:409,0
DA:410,0
DA:413,0
DA:424,0
DA:425,0
DA:431,0
DA:432,0
DA:434,0
DA:435,0
DA:439,0
DA:440,0
DA:443,0
DA:455,0
DA:456,0
DA:458,0
DA:459,0
DA:460,0
DA:461,0
DA:464,0
DA:471,0
DA:475,0
DA:486,0
DA:487,0
DA:495,0
DA:498,0
DA:499,0
DA:508,0
DA:511,0
DA:512,0
DA:514,0
DA:515,0
DA:517,0
DA:518,0
DA:521,0
DA:522,0
DA:524,0
DA:530,0
DA:538,0
DA:540,0
DA:553,0
DA:554,0
DA:569,0
DA:580,0
DA:589,0
DA:590,0
DA:592,0
DA:593,0
DA:597,0
DA:598,0
DA:601,0
DA:602,0
DA:610,0
DA:616,0
DA:624,0
DA:625,0
DA:640,0
DA:641,0
DA:643,0
DA:644,0
DA:647,0
DA:648,0
DA:650,0
DA:651,0
DA:655,0
DA:656,0
DA:659,0
DA:664,0
DA:665,0
DA:666,0
DA:668,0
DA:669,0
DA:671,0
DA:674,0
DA:675,0
DA:678,0
DA:679,0
DA:682,0
DA:683,0
DA:684,0
DA:688,0
DA:692,0
DA:693,0
DA:695,0
DA:696,0
DA:706,0
DA:709,0
DA:710,0
DA:711,0
DA:712,0
DA:714,0
DA:718,0
DA:722,0
DA:732,0
DA:733,0
DA:748,0
DA:749,0
DA:750,0
DA:753,0
DA:754,0
DA:755,0
DA:759,0
DA:761,0
DA:768,0
DA:769,0
DA:770,0
DA:773,0
DA:774,0
DA:775,0
DA:778,0
DA:779,0
DA:781,0
DA:782,0
DA:783,0
DA:784,0
DA:785,0
DA:788,0
DA:793,0
DA:796,0
DA:801,0
DA:810,0
DA:818,0
DA:819,0
DA:820,0
DA:822,0
DA:823,0
DA:824,0
DA:825,0
DA:826,0
DA:831,0
DA:832,0
DA:833,0
DA:834,0
DA:838,0
DA:840,0
DA:841,0
DA:844,0
DA:845,0
DA:861,0
DA:862,0
DA:864,0
DA:865,0
DA:867,0
DA:868,0
DA:880,0
DA:881,0
DA:884,0
DA:885,0
DA:887,0
DA:891,0
DA:892,0
DA:893,0
DA:894,0
DA:896,0
DA:897,0
DA:901,0
DA:919,0
DA:920,0
DA:922,0
DA:923,0
DA:937,0
DA:938,0
DA:939,0
DA:942,0
DA:945,0
DA:946,0
DA:947,0
DA:949,0
DA:950,0
DA:955,0
DA:956,0
DA:957,0
DA:959,0
DA:960,0
DA:961,0
DA:962,0
DA:966,0
DA:967,0
DA:968,0
DA:970,0
DA:971,0
DA:981,0
DA:983,0
DA:985,0
DA:987,0
DA:989,0
DA:999,0
DA:1000,0
DA:1002,0
DA:1003,0
DA:1005,0
DA:1007,0
DA:1011,0
DA:1021,0
DA:1022,0
DA:1023,0
DA:1029,0
DA:1032,0
DA:1033,0
DA:1046,0
DA:1047,0
DA:1049,0
DA:1050,0
DA:1052,0
DA:1053,0
DA:1056,0
DA:1057,0
DA:1061,0
DA:1071,0
DA:1072,0
DA:1073,0
DA:1080,0
DA:1083,0
DA:1084,0
DA:1102,0
DA:1103,0
DA:1106,0
DA:1108,0
DA:1109,0
DA:1110,0
DA:1111,0
DA:1116,0
DA:1119,0
DA:1120,0
DA:1133,0
DA:1134,0
DA:1137,0
DA:1139,0
DA:1140,0
DA:1142,0
DA:1143,0
DA:1154,0
DA:1156,0
DA:1159,0
DA:1160,0
DA:1161,0
DA:1162,0
DA:1165,0
DA:1172,0
DA:1178,0
DA:1179,0
DA:1193,0
DA:1195,0
DA:1196,0
DA:1198,0
DA:1199,0
DA:1203,0
DA:1204,0
DA:1206,0
DA:1208,0
DA:1210,0
DA:1220,0
DA:1221,0
DA:1224,0
DA:1225,0
DA:1226,0
DA:1227,0
DA:1231,0
DA:1232,0
DA:1233,0
DA:1234,0
DA:1238,0
DA:1239,0
DA:1240,0
DA:1241,0
DA:1244,0
DA:1246,0
DA:1247,0
DA:1258,0
DA:1259,0
DA:1262,0
DA:1263,0
DA:1264,0
DA:1265,0
DA:1272,0
DA:1278,0
DA:1279,0
DA:1281,0
DA:1282,0
DA:1284,0
DA:1285,0
DA:1286,0
DA:1288,0
DA:1292,0
DA:1293,0
DA:1295,0
DA:1296,0
DA:1297,0
DA:1301,0
DA:1302,0
DA:1305,0
DA:1309,0
DA:1310,0
DA:1311,0
DA:1312,0
DA:1319,0
DA:1320,0
DA:1322,0
DA:1334,0
DA:1340,0
DA:1342,0
DA:1343,0
DA:1356,0
DA:1357,0
DA:1360,0
DA:1362,0
DA:1363,0
DA:1365,0
DA:1366,0
DA:1377,0
DA:1378,0
DA:1381,0
DA:1382,0
DA:1384,0
DA:1388,0
DA:1389,0
DA:1390,0
DA:1391,0
DA:1395,0
DA:1396,0
DA:1398,0
DA:1399,0
DA:1400,0
DA:1401,0
DA:1402,0
DA:1408,0
DA:1409,0
DA:1412,0
DA:1413,0
DA:1417,0
DA:1422,0
DA:1426,0
DA:1431,0
DA:1433,0
DA:1434,0
DA:1438,0
LF:490
LH:0
BRDA:25,0,0,0
BRDA:25,0,1,0
BRDA:27,1,0,0
BRDA:27,1,1,0
BRDA:52,2,0,0
BRDA:52,2,1,0
BRDA:59,3,0,0
BRDA:59,3,1,0
BRDA:95,4,0,0
BRDA:95,4,1,0
BRDA:128,5,0,0
BRDA:128,5,1,0
BRDA:128,6,0,0
BRDA:128,6,1,0
BRDA:135,7,0,0
BRDA:135,7,1,0
BRDA:144,8,0,0
BRDA:144,8,1,0
BRDA:150,9,0,0
BRDA:150,9,1,0
BRDA:153,10,0,0
BRDA:153,10,1,0
BRDA:162,11,0,0
BRDA:162,11,1,0
BRDA:162,12,0,0
BRDA:162,12,1,0
BRDA:168,13,0,0
BRDA:168,13,1,0
BRDA:177,14,0,0
BRDA:177,14,1,0
BRDA:199,15,0,0
BRDA:199,15,1,0
BRDA:200,16,0,0
BRDA:200,16,1,0
BRDA:203,17,0,0
BRDA:203,17,1,0
BRDA:204,18,0,0
BRDA:204,18,1,0
BRDA:242,19,0,0
BRDA:242,19,1,0
BRDA:242,20,0,0
BRDA:242,20,1,0
BRDA:253,21,0,0
BRDA:253,21,1,0
BRDA:257,22,0,0
BRDA:257,22,1,0
BRDA:282,23,0,0
BRDA:282,23,1,0
BRDA:284,24,0,0
BRDA:284,24,1,0
BRDA:286,25,0,0
BRDA:286,25,1,0
BRDA:286,26,0,0
BRDA:286,26,1,0
BRDA:291,27,0,0
BRDA:291,27,1,0
BRDA:291,28,0,0
BRDA:291,28,1,0
BRDA:294,29,0,0
BRDA:294,29,1,0
BRDA:301,30,0,0
BRDA:301,30,1,0
BRDA:302,31,0,0
BRDA:302,31,1,0
BRDA:302,32,0,0
BRDA:302,32,1,0
BRDA:302,33,0,0
BRDA:302,33,1,0
BRDA:351,34,0,0
BRDA:351,34,1,0
BRDA:353,35,0,0
BRDA:353,35,1,0
BRDA:355,36,0,0
BRDA:355,36,1,0
BRDA:355,37,0,0
BRDA:355,37,1,0
BRDA:360,38,0,0
BRDA:360,38,1,0
BRDA:360,39,0,0
BRDA:360,39,1,0
BRDA:363,40,0,0
BRDA:363,40,1,0
BRDA:370,41,0,0
BRDA:370,41,1,0
BRDA:371,42,0,0
BRDA:371,42,1,0
BRDA:371,43,0,0
BRDA:371,43,1,0
BRDA:371,44,0,0
BRDA:371,44,1,0
BRDA:389,45,0,0
BRDA:389,45,1,0
BRDA:389,46,0,0
BRDA:389,46,1,0
BRDA:389,46,2,0
BRDA:389,47,0,0
BRDA:389,47,1,0
BRDA:389,48,0,0
BRDA:389,48,1,0
BRDA:391,49,0,0
BRDA:391,49,1,0
BRDA:392,50,0,0
BRDA:392,50,1,0
BRDA:395,51,0,0
BRDA:395,51,1,0
BRDA:395,52,0,0
BRDA:395,52,1,0
BRDA:395,52,2,0
BRDA:395,53,0,0
BRDA:395,53,1,0
BRDA:395,54,0,0
BRDA:395,54,1,0
BRDA:397,55,0,0
BRDA:397,55,1,0
BRDA:398,56,0,0
BRDA:398,56,1,0
BRDA:401,57,0,0
BRDA:401,57,1,0
BRDA:401,58,0,0
BRDA:401,58,1,0
BRDA:401,58,2,0
BRDA:401,59,0,0
BRDA:401,59,1,0
BRDA:401,60,0,0
BRDA:401,60,1,0
BRDA:403,61,0,0
BRDA:403,61,1,0
BRDA:404,62,0,0
BRDA:404,62,1,0
BRDA:407,63,0,0
BRDA:407,63,1,0
BRDA:407,64,0,0
BRDA:407,64,1,0
BRDA:407,64,2,0
BRDA:407,65,0,0
BRDA:407,65,1,0
BRDA:407,66,0,0
BRDA:407,66,1,0
BRDA:409,67,0,0
BRDA:409,67,1,0
BRDA:410,68,0,0
BRDA:410,68,1,0
BRDA:434,69,0,0
BRDA:434,69,1,0
BRDA:456,70,0,0
BRDA:456,70,1,0
BRDA:464,71,0,0
BRDA:464,71,1,0
BRDA:465,72,0,0
BRDA:465,72,1,0
BRDA:465,72,2,0
BRDA:465,72,3,0
BRDA:476,73,0,0
BRDA:476,73,1,0
BRDA:476,73,2,0
BRDA:476,73,3,0
BRDA:476,73,4,0
BRDA:476,73,5,0
BRDA:476,73,6,0
BRDA:476,73,7,0
BRDA:476,73,8,0
BRDA:476,73,9,0
BRDA:476,73,10,0
BRDA:486,74,0,0
BRDA:486,74,1,0
BRDA:498,75,0,0
BRDA:498,75,1,0
BRDA:514,76,0,0
BRDA:514,76,1,0
BRDA:580,77,0,0
BRDA:580,77,1,0
BRDA:592,78,0,0
BRDA:592,78,1,0
BRDA:643,79,0,0
BRDA:643,79,1,0
BRDA:643,80,0,0
BRDA:643,80,1,0
BRDA:650,81,0,0
BRDA:650,81,1,0
BRDA:659,82,0,0
BRDA:659,82,1,0
BRDA:665,83,0,0
BRDA:665,83,1,0
BRDA:668,84,0,0
BRDA:668,84,1,0
BRDA:678,85,0,0
BRDA:678,85,1,0
BRDA:678,86,0,0
BRDA:678,86,1,0
BRDA:684,87,0,0
BRDA:684,87,1,0
BRDA:695,88,0,0
BRDA:695,88,1,0
BRDA:710,89,0,0
BRDA:710,89,1,0
BRDA:711,90,0,0
BRDA:711,90,1,0
BRDA:714,91,0,0
BRDA:714,91,1,0
BRDA:715,92,0,0
BRDA:715,92,1,0
BRDA:748,93,0,0
BRDA:748,93,1,0
BRDA:748,94,0,0
BRDA:748,94,1,0
BRDA:753,95,0,0
BRDA:753,95,1,0
BRDA:753,96,0,0
BRDA:753,96,1,0
BRDA:774,97,0,0
BRDA:774,97,1,0
BRDA:778,98,0,0
BRDA:778,98,1,0
BRDA:778,99,0,0
BRDA:778,99,1,0
BRDA:782,100,0,0
BRDA:782,100,1,0
BRDA:788,101,0,0
BRDA:788,101,1,0
BRDA:822,102,0,0
BRDA:822,102,1,0
BRDA:822,103,0,0
BRDA:822,103,1,0
BRDA:822,103,2,0
BRDA:825,104,0,0
BRDA:825,104,1,0
BRDA:825,105,0,0
BRDA:825,105,1,0
BRDA:825,105,2,0
BRDA:833,106,0,0
BRDA:833,106,1,0
BRDA:867,107,0,0
BRDA:867,107,1,0
BRDA:885,108,0,0
BRDA:885,108,1,0
BRDA:885,109,0,0
BRDA:885,109,1,0
BRDA:887,110,0,0
BRDA:887,110,1,0
BRDA:887,110,2,0
BRDA:891,111,0,0
BRDA:891,111,1,0
BRDA:891,112,0,0
BRDA:891,112,1,0
BRDA:905,113,0,0
BRDA:905,113,1,0
BRDA:906,114,0,0
BRDA:906,114,1,0
BRDA:914,115,0,0
BRDA:914,115,1,0
BRDA:915,116,0,0
BRDA:915,116,1,0
BRDA:947,117,0,0
BRDA:947,117,1,0
BRDA:947,118,0,0
BRDA:947,118,1,0
BRDA:959,119,0,0
BRDA:959,119,1,0
BRDA:981,120,0,0
BRDA:981,120,1,0
BRDA:981,120,2,0
BRDA:981,120,3,0
BRDA:1005,121,0,0
BRDA:1005,121,1,0
BRDA:1021,122,0,0
BRDA:1021,122,1,0
BRDA:1052,123,0,0
BRDA:1052,123,1,0
BRDA:1056,124,0,0
BRDA:1056,124,1,0
BRDA:1056,125,0,0
BRDA:1056,125,1,0
BRDA:1071,126,0,0
BRDA:1071,126,1,0
BRDA:1108,127,0,0
BRDA:1108,127,1,0
BRDA:1198,128,0,0
BRDA:1198,128,1,0
BRDA:1219,129,0,0
BRDA:1224,130,0,0
BRDA:1224,130,1,0
BRDA:1225,131,0,0
BRDA:1225,131,1,0
BRDA:1232,132,0,0
BRDA:1232,132,1,0
BRDA:1232,133,0,0
BRDA:1232,133,1,0
BRDA:1263,134,0,0
BRDA:1263,134,1,0
BRDA:1263,135,0,0
BRDA:1263,135,1,0
BRDA:1281,136,0,0
BRDA:1281,136,1,0
BRDA:1286,137,0,0
BRDA:1286,137,1,0
BRDA:1292,138,0,0
BRDA:1292,138,1,0
BRDA:1292,138,2,0
BRDA:1296,139,0,0
BRDA:1296,139,1,0
BRDA:1310,140,0,0
BRDA:1310,140,1,0
BRDA:1325,141,0,0
BRDA:1325,141,1,0
BRDA:1396,142,0,0
BRDA:1396,142,1,0
BRDA:1399,143,0,0
BRDA:1399,143,1,0
BRDA:1399,144,0,0
BRDA:1399,144,1,0
BRDA:1401,145,0,0
BRDA:1401,145,1,0
BRDA:1412,146,0,0
BRDA:1412,146,1,0
BRDA:1412,147,0,0
BRDA:1412,147,1,0
BRDA:1417,148,0,0
BRDA:1417,148,1,0
BRDA:1418,149,0,0
BRDA:1418,149,1,0
BRDA:1418,149,2,0
BRF:321
BRH:0
end_of_record
TN:
SF:src/App.gs
FN:21,(anonymous_0)
FN:43,(anonymous_1)
FN:52,(anonymous_2)
FN:61,(anonymous_3)
FN:71,(anonymous_4)
FNF:5
FNH:0
FNDA:0,(anonymous_0)
FNDA:0,(anonymous_1)
FNDA:0,(anonymous_2)
FNDA:0,(anonymous_3)
FNDA:0,(anonymous_4)
DA:2,0
DA:9,0
DA:22,0
DA:24,0
DA:26,0
DA:29,0
DA:31,0
DA:32,0
DA:34,0
DA:35,0
DA:44,0
DA:45,0
DA:53,0
DA:54,0
DA:62,0
DA:63,0
DA:64,0
DA:72,0
LF:18
LH:0
BRDA:22,0,0,0
BRDA:22,0,1,0
BRDA:44,1,0,0
BRDA:44,1,1,0
BRDA:53,2,0,0
BRDA:53,2,1,0
BRF:6
BRH:0
end_of_record
TN:
SF:src/Base.gs
FN:20,(anonymous_0)
FN:40,(anonymous_1)
FN:68,(anonymous_2)
FN:78,(anonymous_3)
FN:96,(anonymous_4)
FN:113,(anonymous_5)
FN:140,(anonymous_6)
FN:158,(anonymous_7)
FN:169,(anonymous_8)
FN:180,(anonymous_9)
FN:211,(anonymous_10)
FN:230,(anonymous_11)
FN:243,(anonymous_12)
FN:266,(anonymous_13)
FN:279,(anonymous_14)
FNF:15
FNH:0
FNDA:0,(anonymous_0)
FNDA:0,(anonymous_1)
FNDA:0,(anonymous_2)
FNDA:0,(anonymous_3)
FNDA:0,(anonymous_4)
FNDA:0,(anonymous_5)
FNDA:0,(anonymous_6)
FNDA:0,(anonymous_7)
FNDA:0,(anonymous_8)
FNDA:0,(anonymous_9)
FNDA:0,(anonymous_10)
FNDA:0,(anonymous_11)
FNDA:0,(anonymous_12)
FNDA:0,(anonymous_13)
FNDA:0,(anonymous_14)
DA:2,0
DA:21,0
DA:23,0
DA:24,0
DA:26,0
DA:27,0
DA:29,0
DA:30,0
DA:41,0
DA:43,0
DA:44,0
DA:46,0
DA:47,0
DA:52,0
DA:53,0
DA:54,0
DA:56,0
DA:58,0
DA:59,0
DA:69,0
DA:70,0
DA:79,0
DA:80,0
DA:82,0
DA:97,0
DA:114,0
DA:130,0
DA:131,0
DA:141,0
DA:142,0
DA:144,0
DA:150,0
DA:159,0
DA:160,0
DA:170,0
DA:181,0
DA:182,0
DA:183,0
DA:186,0
DA:188,0
DA:189,0
DA:192,0
DA:194,0
DA:196,0
DA:199,0
DA:203,0
DA:204,0
DA:212,0
DA:215,0
DA:216,0
DA:220,0
DA:221,0
DA:224,0
DA:232,0
DA:233,0
DA:237,0
DA:245,0
DA:246,0
DA:250,0
DA:251,0
DA:255,0
DA:256,0
DA:260,0
DA:267,0
DA:280,0
DA:282,0
DA:283,0
DA:285,0
DA:287,0
DA:288,0
DA:291,0
DA:292,0
DA:295,0
DA:296,0
DA:299,0
LF:75
LH:0
BRDA:21,0,0,0
BRDA:21,0,1,0
BRDA:24,1,0,0
BRDA:24,1,1,0
BRDA:24,2,0,0
BRDA:24,2,1,0
BRDA:41,3,0,0
BRDA:41,3,1,0
BRDA:41,4,0,0
BRDA:41,4,1,0
BRDA:52,5,0,0
BRDA:52,5,1,0
BRDA:69,6,0,0
BRDA:69,6,1,0
BRDA:80,7,0,0
BRDA:80,7,1,0
BRDA:80,8,0,0
BRDA:80,8,1,0
BRDA:84,9,0,0
BRDA:84,9,1,0
BRDA:85,10,0,0
BRDA:85,10,1,0
BRDA:86,11,0,0
BRDA:86,11,1,0
BRDA:87,12,0,0
BRDA:87,12,1,0
BRDA:88,13,0,0
BRDA:88,13,1,0
BRDA:131,14,0,0
BRDA:131,14,1,0
BRDA:142,15,0,0
BRDA:142,15,1,0
BRDA:160,16,0,0
BRDA:160,16,1,0
BRDA:180,17,0,0
BRDA:180,18,0,0
BRDA:182,19,0,0
BRDA:182,19,1,0
BRDA:188,20,0,0
BRDA:188,20,1,0
BRDA:192,21,0,0
BRDA:192,21,1,0
BRDA:192,21,2,0
BRDA:192,21,3,0
BRDA:215,22,0,0
BRDA:215,22,1,0
BRDA:220,23,0,0
BRDA:220,23,1,0
BRDA:232,24,0,0
BRDA:232,24,1,0
BRDA:245,25,0,0
BRDA:245,25,1,0
BRDA:250,26,0,0
BRDA:250,26,1,0
BRDA:255,27,0,0
BRDA:255,27,1,0
BRDA:266,28,0,0
BRDA:266,29,0,0
BRDA:280,30,0,0
BRDA:280,30,1,0
BRDA:280,31,0,0
BRDA:280,31,1,0
BRDA:283,32,0,0
BRDA:283,32,1,0
BRDA:287,33,0,0
BRDA:287,33,1,0
BRDA:291,34,0,0
BRDA:291,34,1,0
BRDA:295,35,0,0
BRDA:295,35,1,0
BRF:70
BRH:0
end_of_record
TN:
SF:src/Core.gs
FN:15,getAutoStopTime
FN:42,determineSetupStep
FN:91,validateHeaderIntegrity
FN:166,getOpinionHeaderSafely
FN:203,registerNewUser
FN:361,addReaction
FN:419,addReactionBatch
FN:512,(anonymous_7)
FN:532,(anonymous_8)
FN:539,(anonymous_9)
FN:564,getCurrentSheetName
FN:593,verifyUserAccess
FN:609,executeGetPublishedSheetData
FN:791,getIncrementalSheetData
FN:897,(anonymous_14)
FN:947,refreshBoardData
FN:978,formatSheetDataForFrontend
FN:989,(anonymous_17)
FN:1040,checkReactionState
FN:1105,getAppConfig
FN:1261,getResponsesData
FN:1299,getCurrentUserStatus
FN:1336,getActiveFormInfo
FN:1384,countSheetRows
FN:1388,(anonymous_24)
FN:1404,(anonymous_25)
FN:1415,getDataCount
FN:1461,updateFormSettings
FN:1506,saveSystemConfig
FN:1545,toggleHighlight
FN:1600,createUserFolder
FN:1630,processHighlightToggle
FN:1689,getHeaderIndices
FN:1709,getSheetColumns
FN:1732,(anonymous_34)
FN:1751,extractFormIdFromUrl
FN:1781,processReaction
FN:1797,(anonymous_37)
FN:1825,(anonymous_38)
FN:1970,createFormFactory
FN:2028,addUnifiedQuestions
FN:2167,getQuestionConfig
FN:2208,doGetQuestionConfig
FN:2236,saveClassChoices
FN:2263,getSavedClassChoices
FN:2331,createUnifiedForm
FN:2372,createLinkedSpreadsheet
FN:2442,shareAllSpreadsheetsWithServiceAccount
FN:2500,repairUserSpreadsheetAccess
FN:2576,addReactionColumnsToSpreadsheet
FN:2618,getSheetData
FN:2630,(anonymous_51)
FN:2640,executeGetSheetData
FN:2693,(anonymous_53)
FN:2710,(anonymous_54)
FN:2740,getSheetsList
FN:2828,(anonymous_56)
FN:2838,(anonymous_57)
FN:2857,buildRosterMap
FN:2866,processRowData
FN:2878,(anonymous_60)
FN:2928,calculateRowScore
FN:2949,applySortMode
FN:2952,(anonymous_63)
FN:2962,(anonymous_64)
FN:2973,shuffleArray
FN:2987,getHeaderIndex
FN:2997,getColumnHeaderName
FN:3014,mapConfigToActualHeaders
FN:3111,(anonymous_69)
FN:3193,getRowReactions
FN:3205,(anonymous_71)
FN:3274,updateIsActiveStatus
FN:3341,hasSetupPageAccess
FN:3361,getDriveService
FN:3367,(anonymous_75)
FN:3383,shouldEnableDebugMode
FN:3393,isSystemAdmin
FN:3426,deleteUserAccountByAdminForUI
FN:3446,getDeletionLogsForUI
FN:3462,getAllUsersForAdminForUI
FN:3483,createForm
FN:3677,deleteCurrentUserAccount
FN:3704,activateSheetSimple
FN:3737,getLoginStatus
FN:3798,confirmUserRegistration
FN:3822,getInitialData
FN:4001,(anonymous_87)
FN:4075,fixDataConsistencyManual
FN:4123,getApplicationStatusForUI
FN:4151,setApplicationStatusForUI
FN:4181,identifyHeadersAdvanced
FN:4214,enhanceWithWebKnowledge
FN:4227,(anonymous_93)
FN:4230,(anonymous_94)
FN:4231,(anonymous_95)
FN:4265,analyzeContextualMeaning
FN:4269,(anonymous_97)
FN:4278,(anonymous_98)
FN:4290,calculateAdvancedConfidence
FN:4293,(anonymous_100)
FN:4321,identifyHeaders
FN:4322,(anonymous_102)
FN:4323,(anonymous_103)
FN:4325,(anonymous_104)
FN:4334,(anonymous_105)
FN:4347,(anonymous_106)
FN:4425,(anonymous_107)
FN:4426,(anonymous_108)
FN:4427,(anonymous_109)
FN:4428,(anonymous_110)
FN:4449,(anonymous_111)
FNF:112
FNH:0
FNDA:0,getAutoStopTime
FNDA:0,determineSetupStep
FNDA:0,validateHeaderIntegrity
FNDA:0,getOpinionHeaderSafely
FNDA:0,registerNewUser
FNDA:0,addReaction
FNDA:0,addReactionBatch
FNDA:0,(anonymous_7)
FNDA:0,(anonymous_8)
FNDA:0,(anonymous_9)
FNDA:0,getCurrentSheetName
FNDA:0,verifyUserAccess
FNDA:0,executeGetPublishedSheetData
FNDA:0,getIncrementalSheetData
FNDA:0,(anonymous_14)
FNDA:0,refreshBoardData
FNDA:0,formatSheetDataForFrontend
FNDA:0,(anonymous_17)
FNDA:0,checkReactionState
FNDA:0,getAppConfig
FNDA:0,getResponsesData
FNDA:0,getCurrentUserStatus
FNDA:0,getActiveFormInfo
FNDA:0,countSheetRows
FNDA:0,(anonymous_24)
FNDA:0,(anonymous_25)
FNDA:0,getDataCount
FNDA:0,updateFormSettings
FNDA:0,saveSystemConfig
FNDA:0,toggleHighlight
FNDA:0,createUserFolder
FNDA:0,processHighlightToggle
FNDA:0,getHeaderIndices
FNDA:0,getSheetColumns
FNDA:0,(anonymous_34)
FNDA:0,extractFormIdFromUrl
FNDA:0,processReaction
FNDA:0,(anonymous_37)
FNDA:0,(anonymous_38)
FNDA:0,createFormFactory
FNDA:0,addUnifiedQuestions
FNDA:0,getQuestionConfig
FNDA:0,doGetQuestionConfig
FNDA:0,saveClassChoices
FNDA:0,getSavedClassChoices
FNDA:0,createUnifiedForm
FNDA:0,createLinkedSpreadsheet
FNDA:0,shareAllSpreadsheetsWithServiceAccount
FNDA:0,repairUserSpreadsheetAccess
FNDA:0,addReactionColumnsToSpreadsheet
FNDA:0,getSheetData
FNDA:0,(anonymous_51)
FNDA:0,executeGetSheetData
FNDA:0,(anonymous_53)
FNDA:0,(anonymous_54)
FNDA:0,getSheetsList
FNDA:0,(anonymous_56)
FNDA:0,(anonymous_57)
FNDA:0,buildRosterMap
FNDA:0,processRowData
FNDA:0,(anonymous_60)
FNDA:0,calculateRowScore
FNDA:0,applySortMode
FNDA:0,(anonymous_63)
FNDA:0,(anonymous_64)
FNDA:0,shuffleArray
FNDA:0,getHeaderIndex
FNDA:0,getColumnHeaderName
FNDA:0,mapConfigToActualHeaders
FNDA:0,(anonymous_69)
FNDA:0,getRowReactions
FNDA:0,(anonymous_71)
FNDA:0,updateIsActiveStatus
FNDA:0,hasSetupPageAccess
FNDA:0,getDriveService
FNDA:0,(anonymous_75)
FNDA:0,shouldEnableDebugMode
FNDA:0,isSystemAdmin
FNDA:0,deleteUserAccountByAdminForUI
FNDA:0,getDeletionLogsForUI
FNDA:0,getAllUsersForAdminForUI
FNDA:0,createForm
FNDA:0,deleteCurrentUserAccount
FNDA:0,activateSheetSimple
FNDA:0,getLoginStatus
FNDA:0,confirmUserRegistration
FNDA:0,getInitialData
FNDA:0,(anonymous_87)
FNDA:0,fixDataConsistencyManual
FNDA:0,getApplicationStatusForUI
FNDA:0,setApplicationStatusForUI
FNDA:0,identifyHeadersAdvanced
FNDA:0,enhanceWithWebKnowledge
FNDA:0,(anonymous_93)
FNDA:0,(anonymous_94)
FNDA:0,(anonymous_95)
FNDA:0,analyzeContextualMeaning
FNDA:0,(anonymous_97)
FNDA:0,(anonymous_98)
FNDA:0,calculateAdvancedConfidence
FNDA:0,(anonymous_100)
FNDA:0,identifyHeaders
FNDA:0,(anonymous_102)
FNDA:0,(anonymous_103)
FNDA:0,(anonymous_104)
FNDA:0,(anonymous_105)
FNDA:0,(anonymous_106)
FNDA:0,(anonymous_107)
FNDA:0,(anonymous_108)
FNDA:0,(anonymous_109)
FNDA:0,(anonymous_110)
FNDA:0,(anonymous_111)
DA:2,0
DA:16,0
DA:17,0
DA:18,0
DA:20,0
DA:31,0
DA:32,0
DA:43,0
DA:46,0
DA:52,0
DA:53,0
DA:57,0
DA:63,0
DA:66,0
DA:70,0
DA:71,0
DA:72,0
DA:76,0
DA:77,0
DA:84,0
DA:92,0
DA:93,0
DA:95,0
DA:96,0
DA:97,0
DA:104,0
DA:105,0
DA:108,0
DA:110,0
DA:125,0
DA:126,0
DA:127,0
DA:131,0
DA:132,0
DA:133,0
DA:137,0
DA:138,0
DA:140,0
DA:143,0
DA:145,0
DA:146,0
DA:167,0
DA:169,0
DA:170,0
DA:171,0
DA:174,0
DA:175,0
DA:176,0
DA:178,0
DA:180,0
DA:186,0
DA:188,0
DA:189,0
DA:204,0
DA:207,0
DA:208,0
DA:209,0
DA:213,0
DA:217,0
DA:219,0
DA:224,0
DA:226,0
DA:227,0
DA:229,0
DA:230,0
DA:231,0
DA:236,0
DA:240,0
DA:241,0
DA:244,0
DA:247,0
DA:252,0
DA:256,0
DA:257,0
DA:259,0
DA:261,0
DA:262,0
DA:264,0
DA:271,0
DA:274,0
DA:276,0
DA:282,0
DA:284,0
DA:295,0
DA:297,0
DA:299,0
DA:301,0
DA:308,0
DA:311,0
DA:313,0
DA:319,0
DA:329,0
DA:335,0
DA:340,0
DA:348,0
DA:352,0
DA:362,0
DA:363,0
DA:365,0
DA:366,0
DA:367,0
DA:370,0
DA:371,0
DA:372,0
DA:375,0
DA:384,0
DA:386,0
DA:393,0
DA:398,0
DA:401,0
DA:402,0
DA:408,0
DA:420,0
DA:421,0
DA:423,0
DA:425,0
DA:426,0
DA:430,0
DA:431,0
DA:432,0
DA:435,0
DA:437,0
DA:438,0
DA:441,0
DA:442,0
DA:443,0
DA:447,0
DA:448,0
DA:451,0
DA:454,0
DA:455,0
DA:457,0
DA:459,0
DA:460,0
DA:461,0
DA:465,0
DA:473,0
DA:475,0
DA:482,0
DA:489,0
DA:491,0
DA:492,0
DA:500,0
DA:501,0
DA:511,0
DA:512,0
DA:513,0
DA:514,0
DA:520,0
DA:525,0
DA:529,0
DA:532,0
DA:535,0
DA:539,0
DA:544,0
DA:547,0
DA:555,0
DA:565,0
DA:566,0
DA:567,0
DA:570,0
DA:571,0
DA:574,0
DA:576,0
DA:577,0
DA:595,0
DA:596,0
DA:598,0
DA:599,0
DA:602,0
DA:603,0
DA:610,0
DA:611,0
DA:612,0
DA:620,0
DA:621,0
DA:622,0
DA:624,0
DA:626,0
DA:627,0
DA:630,0
DA:633,0
DA:634,0
DA:636,0
DA:637,0
DA:639,0
DA:647,0
DA:651,0
DA:652,0
DA:653,0
DA:656,0
DA:657,0
DA:665,0
DA:672,0
DA:678,0
DA:679,0
DA:685,0
DA:686,0
DA:688,0
DA:693,0
DA:694,0
DA:695,0
DA:696,0
DA:698,0
DA:699,0
DA:701,0
DA:704,0
DA:713,0
DA:714,0
DA:717,0
DA:726,0
DA:728,0
DA:737,0
DA:738,0
DA:741,0
DA:742,0
DA:743,0
DA:744,0
DA:745,0
DA:746,0
DA:747,0
DA:753,0
DA:755,0
DA:763,0
DA:770,0
DA:771,0
DA:773,0
DA:774,0
DA:792,0
DA:793,0
DA:794,0
DA:796,0
DA:798,0
DA:799,0
DA:800,0
DA:803,0
DA:804,0
DA:805,0
DA:806,0
DA:808,0
DA:809,0
DA:811,0
DA:818,0
DA:822,0
DA:823,0
DA:825,0
DA:826,0
DA:828,0
DA:829,0
DA:832,0
DA:833,0
DA:837,0
DA:840,0
DA:841,0
DA:846,0
DA:859,0
DA:864,0
DA:865,0
DA:867,0
DA:870,0
DA:873,0
DA:874,0
DA:875,0
DA:877,0
DA:879,0
DA:880,0
DA:891,0
DA:892,0
DA:895,0
DA:896,0
DA:897,0
DA:898,0
DA:910,0
DA:919,0
DA:921,0
DA:932,0
DA:933,0
DA:948,0
DA:949,0
DA:950,0
DA:952,0
DA:953,0
DA:954,0
DA:958,0
DA:961,0
DA:963,0
DA:964,0
DA:987,0
DA:989,0
DA:990,0
DA:991,0
DA:992,0
DA:993,0
DA:995,0
DA:1003,0
DA:1009,0
DA:1010,0
DA:1011,0
DA:1012,0
DA:1014,0
DA:1015,0
DA:1018,0
DA:1019,0
DA:1020,0
DA:1021,0
DA:1025,0
DA:1041,0
DA:1042,0
DA:1043,0
DA:1044,0
DA:1046,0
DA:1047,0
DA:1048,0
DA:1049,0
DA:1050,0
DA:1051,0
DA:1056,0
DA:1057,0
DA:1058,0
DA:1059,0
DA:1062,0
DA:1066,0
DA:1067,0
DA:1072,0
DA:1075,0
DA:1106,0
DA:1107,0
DA:1108,0
DA:1109,0
DA:1110,0
DA:1111,0
DA:1114,0
DA:1117,0
DA:1118,0
DA:1119,0
DA:1120,0
DA:1122,0
DA:1123,0
DA:1124,0
DA:1126,0
DA:1127,0
DA:1128,0
DA:1130,0
DA:1131,0
DA:1132,0
DA:1134,0
DA:1138,0
DA:1139,0
DA:1142,0
DA:1143,0
DA:1144,0
DA:1145,0
DA:1146,0
DA:1147,0
DA:1148,0
DA:1150,0
DA:1154,0
DA:1157,0
DA:1204,0
DA:1205,0
DA:1262,0
DA:1263,0
DA:1264,0
DA:1267,0
DA:1268,0
DA:1269,0
DA:1270,0
DA:1272,0
DA:1273,0
DA:1275,0
DA:1276,0
DA:1279,0
DA:1285,0
DA:1286,0
DA:1300,0
DA:1301,0
DA:1305,0
DA:1306,0
DA:1307,0
DA:1309,0
DA:1312,0
DA:1313,0
DA:1316,0
DA:1326,0
DA:1327,0
DA:1337,0
DA:1338,0
DA:1339,0
DA:1341,0
DA:1342,0
DA:1343,0
DA:1346,0
DA:1349,0
DA:1350,0
DA:1351,0
DA:1352,0
DA:1353,0
DA:1354,0
DA:1358,0
DA:1361,0
DA:1372,0
DA:1373,0
DA:1385,0
DA:1386,0
DA:1389,0
DA:1390,0
DA:1392,0
DA:1393,0
DA:1394,0
DA:1397,0
DA:1398,0
DA:1399,0
DA:1400,0
DA:1403,0
DA:1404,0
DA:1416,0
DA:1417,0
DA:1418,0
DA:1419,0
DA:1420,0
DA:1422,0
DA:1424,0
DA:1425,0
DA:1433,0
DA:1438,0
DA:1444,0
DA:1445,0
DA:1462,0
DA:1463,0
DA:1464,0
DA:1466,0
DA:1467,0
DA:1468,0
DA:1471,0
DA:1473,0
DA:1474,0
DA:1475,0
DA:1476,0
DA:1478,0
DA:1479,0
DA:1481,0
DA:1482,0
DA:1485,0
DA:1490,0
DA:1491,0
DA:1494,0
DA:1497,0
DA:1498,0
DA:1507,0
DA:1508,0
DA:1509,0
DA:1511,0
DA:1512,0
DA:1513,0
DA:1516,0
DA:1519,0
DA:1526,0
DA:1530,0
DA:1535,0
DA:1536,0
DA:1546,0
DA:1547,0
DA:1548,0
DA:1550,0
DA:1551,0
DA:1552,0
DA:1556,0
DA:1557,0
DA:1558,0
DA:1561,0
DA:1568,0
DA:1569,0
DA:1574,0
DA:1577,0
DA:1578,0
DA:1601,0
DA:1602,0
DA:1603,0
DA:1607,0
DA:1608,0
DA:1609,0
DA:1611,0
DA:1615,0
DA:1616,0
DA:1617,0
DA:1619,0
DA:1622,0
DA:1623,0
DA:1631,0
DA:1632,0
DA:1633,0
DA:1634,0
DA:1636,0
DA:1637,0
DA:1641,0
DA:1642,0
DA:1643,0
DA:1644,0
DA:1652,0
DA:1656,0
DA:1657,0
DA:1660,0
DA:1661,0
DA:1665,0
DA:1666,0
DA:1669,0
DA:1672,0
DA:1678,0
DA:1679,0
DA:1690,0
DA:1696,0
DA:1697,0
DA:1700,0
DA:1701,0
DA:1702,0
DA:1703,0
DA:1706,0
DA:1710,0
DA:1711,0
DA:1712,0
DA:1713,0
DA:1714,0
DA:1717,0
DA:1718,0
DA:1720,0
DA:1721,0
DA:1724,0
DA:1725,0
DA:1726,0
DA:1729,0
DA:1732,0
DA:1733,0
DA:1739,0
DA:1740,0
DA:1742,0
DA:1743,0
DA:1744,0
DA:1752,0
DA:1754,0
DA:1756,0
DA:1757,0
DA:1758,0
DA:1762,0
DA:1763,0
DA:1764,0
DA:1767,0
DA:1769,0
DA:1770,0
DA:1782,0
DA:1784,0
DA:1785,0
DA:1786,0
DA:1788,0
DA:1789,0
DA:1792,0
DA:1793,0
DA:1794,0
DA:1797,0
DA:1798,0
DA:1799,0
DA:1800,0
DA:1801,0
DA:1802,0
DA:1803,0
DA:1807,0
DA:1808,0
DA:1813,0
DA:1814,0
DA:1818,0
DA:1819,0
DA:1820,0
DA:1821,0
DA:1824,0
DA:1825,0
DA:1826,0
DA:1828,0
DA:1829,0
DA:1837,0
DA:1840,0
DA:1841,0
DA:1843,0
DA:1845,0
DA:1847,0
DA:1848,0
DA:1851,0
DA:1852,0
DA:1854,0
DA:1857,0
DA:1858,0
DA:1859,0
DA:1864,0
DA:1865,0
DA:1870,0
DA:1874,0
DA:1875,0
DA:1878,0
DA:1894,0
DA:1895,0
DA:1899,0
DA:1900,0
DA:1903,0
DA:1906,0
DA:1913,0
DA:1916,0
DA:1917,0
DA:1971,0
DA:1972,0
DA:1973,0
DA:1974,0
DA:1977,0
DA:1978,0
DA:1981,0
DA:1984,0
DA:1985,0
DA:1988,0
DA:1991,0
DA:1992,0
DA:1993,0
DA:1995,0
DA:1998,0
DA:2002,0
DA:2005,0
DA:2007,0
DA:2017,0
DA:2018,0
DA:2029,0
DA:2030,0
DA:2032,0
DA:2034,0
DA:2035,0
DA:2036,0
DA:2037,0
DA:2038,0
DA:2040,0
DA:2041,0
DA:2042,0
DA:2044,0
DA:2045,0
DA:2046,0
DA:2048,0
DA:2049,0
DA:2050,0
DA:2051,0
DA:2054,0
DA:2055,0
DA:2056,0
DA:2057,0
DA:2060,0
DA:2066,0
DA:2067,0
DA:2068,0
DA:2069,0
DA:2073,0
DA:2074,0
DA:2075,0
DA:2078,0
DA:2082,0
DA:2084,0
DA:2086,0
DA:2087,0
DA:2089,0
DA:2090,0
DA:2095,0
DA:2097,0
DA:2102,0
DA:2104,0
DA:2106,0
DA:2107,0
DA:2112,0
DA:2114,0
DA:2119,0
DA:2121,0
DA:2123,0
DA:2125,0
DA:2126,0
DA:2129,0
DA:2130,0
DA:2131,0
DA:2133,0
DA:2134,0
DA:2135,0
DA:2136,0
DA:2138,0
DA:2139,0
DA:2140,0
DA:2141,0
DA:2143,0
DA:2144,0
DA:2145,0
DA:2146,0
DA:2148,0
DA:2149,0
DA:2150,0
DA:2151,0
DA:2154,0
DA:2156,0
DA:2157,0
DA:2169,0
DA:2193,0
DA:2194,0
DA:2195,0
DA:2196,0
DA:2201,0
DA:2209,0
DA:2211,0
DA:2212,0
DA:2214,0
DA:2217,0
DA:2219,0
DA:2223,0
DA:2224,0
DA:2237,0
DA:2238,0
DA:2239,0
DA:2240,0
DA:2241,0
DA:2244,0
DA:2245,0
DA:2246,0
DA:2248,0
DA:2252,0
DA:2253,0
DA:2255,0
DA:2256,0
DA:2264,0
DA:2265,0
DA:2266,0
DA:2267,0
DA:2268,0
DA:2271,0
DA:2272,0
DA:2279,0
DA:2285,0
DA:2286,0
DA:2294,0
DA:2332,0
DA:2333,0
DA:2334,0
DA:2335,0
DA:2338,0
DA:2339,0
DA:2342,0
DA:2343,0
DA:2346,0
DA:2348,0
DA:2357,0
DA:2359,0
DA:2360,0
DA:2373,0
DA:2375,0
DA:2378,0
DA:2379,0
DA:2382,0
DA:2383,0
DA:2384,0
DA:2385,0
DA:2389,0
DA:2390,0
DA:2393,0
DA:2395,0
DA:2399,0
DA:2402,0
DA:2405,0
DA:2406,0
DA:2408,0
DA:2409,0
DA:2410,0
DA:2416,0
DA:2417,0
DA:2418,0
DA:2420,0
DA:2422,0
DA:2427,0
DA:2433,0
DA:2434,0
DA:2443,0
DA:2444,0
DA:2446,0
DA:2447,0
DA:2448,0
DA:2449,0
DA:2451,0
DA:2452,0
DA:2453,0
DA:2454,0
DA:2455,0
DA:2456,0
DA:2462,0
DA:2463,0
DA:2465,0
DA:2472,0
DA:2473,0
DA:2478,0
DA:2480,0
DA:2488,0
DA:2489,0
DA:2501,0
DA:2502,0
DA:2506,0
DA:2507,0
DA:2508,0
DA:2509,0
DA:2512,0
DA:2513,0
DA:2517,0
DA:2518,0
DA:2519,0
DA:2521,0
DA:2524,0
DA:2525,0
DA:2526,0
DA:2528,0
DA:2533,0
DA:2534,0
DA:2535,0
DA:2536,0
DA:2538,0
DA:2542,0
DA:2543,0
DA:2546,0
DA:2548,0
DA:2549,0
DA:2550,0
DA:2551,0
DA:2553,0
DA:2557,0
DA:2562,0
DA:2563,0
DA:2577,0
DA:2578,0
DA:2579,0
DA:2581,0
DA:2589,0
DA:2590,0
DA:2593,0
DA:2596,0
DA:2597,0
DA:2600,0
DA:2601,0
DA:2603,0
DA:2606,0
DA:2608,0
DA:2620,0
DA:2623,0
DA:2624,0
DA:2625,0
DA:2628,0
DA:2631,0
DA:2641,0
DA:2642,0
DA:2643,0
DA:2644,0
DA:2647,0
DA:2648,0
DA:2651,0
DA:2653,0
DA:2654,0
DA:2655,0
DA:2656,0
DA:2659,0
DA:2661,0
DA:2662,0
DA:2670,0
DA:2671,0
DA:2674,0
DA:2677,0
DA:2680,0
DA:2681,0
DA:2684,0
DA:2685,0
DA:2693,0
DA:2694,0
DA:2706,0
DA:2707,0
DA:2708,0
DA:2709,0
DA:2710,0
DA:2711,0
DA:2717,0
DA:2719,0
DA:2727,0
DA:2728,0
DA:2741,0
DA:2742,0
DA:2743,0
DA:2744,0
DA:2745,0
DA:2746,0
DA:2749,0
DA:2756,0
DA:2757,0
DA:2758,0
DA:2761,0
DA:2763,0
DA:2764,0
DA:2765,0
DA:2766,0
DA:2769,0
DA:2771,0
DA:2774,0
DA:2775,0
DA:2777,0
DA:2783,0
DA:2784,0
DA:2785,0
DA:2788,0
DA:2789,0
DA:2791,0
DA:2794,0
DA:2795,0
DA:2796,0
DA:2797,0
DA:2798,0
DA:2801,0
DA:2804,0
DA:2808,0
DA:2809,0
DA:2810,0
DA:2811,0
DA:2814,0
DA:2815,0
DA:2819,0
DA:2822,0
DA:2823,0
DA:2824,0
DA:2827,0
DA:2829,0
DA:2830,0
DA:2831,0
DA:2833,0
DA:2839,0
DA:2842,0
DA:2843,0
DA:2845,0
DA:2846,0
DA:2847,0
DA:2848,0
DA:2860,0
DA:2867,0
DA:2878,0
DA:2879,0
DA:2880,0
DA:2882,0
DA:2883,0
DA:2884,0
DA:2886,0
DA:2888,0
DA:2889,0
DA:2891,0
DA:2892,0
DA:2894,0
DA:2895,0
DA:2901,0
DA:2902,0
DA:2903,0
DA:2907,0
DA:2910,0
DA:2911,0
DA:2916,0
DA:2917,0
DA:2919,0
DA:2922,0
DA:2929,0
DA:2932,0
DA:2935,0
DA:2938,0
DA:2941,0
DA:2943,0
DA:2950,0
DA:2952,0
DA:2953,0
DA:2956,0
DA:2958,0
DA:2960,0
DA:2962,0
DA:2963,0
DA:2966,0
DA:2974,0
DA:2975,0
DA:2976,0
DA:2977,0
DA:2978,0
DA:2980,0
DA:2988,0
DA:2989,0
DA:2998,0
DA:3015,0
DA:3016,0
DA:3017,0
DA:3023,0
DA:3024,0
DA:3025,0
DA:3027,0
DA:3029,0
DA:3031,0
DA:3032,0
DA:3037,0
DA:3039,0
DA:3041,0
DA:3042,0
DA:3043,0
DA:3044,0
DA:3045,0
DA:3051,0
DA:3056,0
DA:3057,0
DA:3058,0
DA:3059,0
DA:3063,0
DA:3064,0
DA:3070,0
DA:3077,0
DA:3078,0
DA:3089,0
DA:3091,0
DA:3092,0
DA:3093,0
DA:3094,0
DA:3098,0
DA:3099,0
DA:3103,0
DA:3105,0
DA:3109,0
DA:3111,0
DA:3112,0
DA:3114,0
DA:3115,0
DA:3125,0
DA:3126,0
DA:3128,0
DA:3133,0
DA:3134,0
DA:3135,0
DA:3136,0
DA:3140,0
DA:3141,0
DA:3148,0
DA:3151,0
DA:3155,0
DA:3156,0
DA:3157,0
DA:3158,0
DA:3162,0
DA:3163,0
DA:3169,0
DA:3175,0
DA:3177,0
DA:3178,0
DA:3186,0
DA:3187,0
DA:3194,0
DA:3195,0
DA:3196,0
DA:3198,0
DA:3205,0
DA:3206,0
DA:3207,0
DA:3209,0
DA:3210,0
DA:3211,0
DA:3212,0
DA:3213,0
DA:3214,0
DA:3222,0
DA:3225,0
DA:3226,0
DA:3227,0
DA:3228,0
DA:3231,0
DA:3236,0
DA:3238,0
DA:3239,0
DA:3276,0
DA:3277,0
DA:3279,0
DA:3280,0
DA:3281,0
DA:3282,0
DA:3289,0
DA:3290,0
DA:3291,0
DA:3298,0
DA:3299,0
DA:3306,0
DA:3307,0
DA:3312,0
DA:3313,0
DA:3317,0
DA:3323,0
DA:3329,0
DA:3330,0
DA:3342,0
DA:3343,0
DA:3344,0
DA:3345,0
DA:3349,0
DA:3350,0
DA:3352,0
DA:3353,0
DA:3362,0
DA:3363,0
DA:3369,0
DA:3370,0
DA:3373,0
DA:3384,0
DA:3394,0
DA:3395,0
DA:3396,0
DA:3397,0
DA:3398,0
DA:3400,0
DA:3401,0
DA:3427,0
DA:3428,0
DA:3429,0
DA:3435,0
DA:3436,0
DA:3447,0
DA:3448,0
DA:3449,0
DA:3454,0
DA:3455,0
DA:3463,0
DA:3464,0
DA:3465,0
DA:3470,0
DA:3471,0
DA:3484,0
DA:3486,0
DA:3487,0
DA:3490,0
DA:3491,0
DA:3495,0
DA:3508,0
DA:3510,0
DA:3515,0
DA:3518,0
DA:3519,0
DA:3520,0
DA:3521,0
DA:3522,0
DA:3524,0
DA:3526,0
DA:3527,0
DA:3528,0
DA:3530,0
DA:3531,0
DA:3533,0
DA:3534,0
DA:3535,0
DA:3536,0
DA:3540,0
DA:3541,0
DA:3542,0
DA:3543,0
DA:3544,0
DA:3548,0
DA:3552,0
DA:3553,0
DA:3554,0
DA:3556,0
DA:3557,0
DA:3559,0
DA:3560,0
DA:3561,0
DA:3562,0
DA:3566,0
DA:3567,0
DA:3568,0
DA:3569,0
DA:3570,0
DA:3574,0
DA:3577,0
DA:3580,0
DA:3584,0
DA:3585,0
DA:3586,0
DA:3588,0
DA:3589,0
DA:3590,0
DA:3591,0
DA:3592,0
DA:3593,0
DA:3594,0
DA:3595,0
DA:3596,0
DA:3597,0
DA:3598,0
DA:3602,0
DA:3603,0
DA:3616,0
DA:3617,0
DA:3618,0
DA:3619,0
DA:3620,0
DA:3621,0
DA:3622,0
DA:3625,0
DA:3632,0
DA:3634,0
DA:3637,0
DA:3638,0
DA:3645,0
DA:3648,0
DA:3660,0
DA:3661,0
DA:3678,0
DA:3679,0
DA:3680,0
DA:3682,0
DA:3683,0
DA:3685,0
DA:3691,0
DA:3692,0
DA:3705,0
DA:3706,0
DA:3707,0
DA:3708,0
DA:3709,0
DA:3712,0
DA:3714,0
DA:3715,0
DA:3738,0
DA:3739,0
DA:3740,0
DA:3741,0
DA:3744,0
DA:3745,0
DA:3746,0
DA:3747,0
DA:3749,0
DA:3753,0
DA:3756,0
DA:3760,0
DA:3761,0
DA:3768,0
DA:3769,0
DA:3770,0
DA:3778,0
DA:3781,0
DA:3782,0
DA:3784,0
DA:3787,0
DA:3789,0
DA:3790,0
DA:3799,0
DA:3800,0
DA:3801,0
DA:3802,0
DA:3804,0
DA:3806,0
DA:3807,0
DA:3823,0
DA:3825,0
DA:3826,0
DA:3829,0
DA:3830,0
DA:3833,0
DA:3834,0
DA:3838,0
DA:3841,0
DA:3842,0
DA:3843,0
DA:3844,0
DA:3848,0
DA:3849,0
DA:3850,0
DA:3851,0
DA:3852,0
DA:3854,0
DA:3855,0
DA:3858,0
DA:3863,0
DA:3866,0
DA:3867,0
DA:3868,0
DA:3869,0
DA:3871,0
DA:3872,0
DA:3873,0
DA:3875,0
DA:3876,0
DA:3877,0
DA:3879,0
DA:3880,0
DA:3881,0
DA:3882,0
DA:3884,0
DA:3889,0
DA:3890,0
DA:3893,0
DA:3894,0
DA:3895,0
DA:3896,0
DA:3897,0
DA:3898,0
DA:3899,0
DA:3900,0
DA:3904,0
DA:3908,0
DA:3911,0
DA:3912,0
DA:3914,0
DA:3916,0
DA:3917,0
DA:3918,0
DA:3921,0
DA:3972,0
DA:3975,0
DA:3984,0
DA:3985,0
DA:3986,0
DA:3988,0
DA:3995,0
DA:3996,0
DA:3998,0
DA:4000,0
DA:4001,0
DA:4002,0
DA:4003,0
DA:4004,0
DA:4009,0
DA:4010,0
DA:4011,0
DA:4015,0
DA:4019,0
DA:4020,0
DA:4022,0
DA:4025,0
DA:4029,0
DA:4034,0
DA:4035,0
DA:4036,0
DA:4038,0
DA:4040,0
DA:4041,0
DA:4046,0
DA:4047,0
DA:4049,0
DA:4056,0
DA:4058,0
DA:4059,0
DA:4076,0
DA:4077,0
DA:4078,0
DA:4080,0
DA:4082,0
DA:4083,0
DA:4084,0
DA:4090,0
DA:4097,0
DA:4103,0
DA:4104,0
DA:4124,0
DA:4125,0
DA:4126,0
DA:4127,0
DA:4129,0
DA:4138,0
DA:4139,0
DA:4152,0
DA:4153,0
DA:4154,0
DA:4162,0
DA:4163,0
DA:4182,0
DA:4185,0
DA:4188,0
DA:4189,0
DA:4190,0
DA:4194,0
DA:4195,0
DA:4196,0
DA:4200,0
DA:4202,0
DA:4208,0
DA:4215,0
DA:4218,0
DA:4227,0
DA:4228,0
DA:4230,0
DA:4231,0
DA:4232,0
DA:4234,0
DA:4235,0
DA:4238,0
DA:4239,0
DA:4242,0
DA:4244,0
DA:4248,0
DA:4249,0
DA:4250,0
DA:4251,0
DA:4253,0
DA:4259,0
DA:4266,0
DA:4269,0
DA:4270,0
DA:4271,0
DA:4276,0
DA:4278,0
DA:4279,0
DA:4280,0
DA:4281,0
DA:4284,0
DA:4291,0
DA:4293,0
DA:4294,0
DA:4295,0
DA:4298,0
DA:4299,0
DA:4302,0
DA:4303,0
DA:4307,0
DA:4312,0
DA:4322,0
DA:4323,0
DA:4324,0
DA:4325,0
DA:4327,0
DA:4330,0
DA:4333,0
DA:4334,0
DA:4337,0
DA:4338,0
DA:4339,0
DA:4340,0
DA:4341,0
DA:4343,0
DA:4344,0
DA:4347,0
DA:4348,0
DA:4349,0
DA:4357,0
DA:4360,0
DA:4361,0
DA:4362,0
DA:4365,0
DA:4372,0
DA:4374,0
DA:4375,0
DA:4376,0
DA:4381,0
DA:4388,0
DA:4392,0
DA:4393,0
DA:4397,0
DA:4398,0
DA:4402,0
DA:4406,0
DA:4411,0
DA:4413,0
DA:4417,0
DA:4418,0
DA:4419,0
DA:4420,0
DA:4421,0
DA:4425,0
DA:4426,0
DA:4427,0
DA:4428,0
DA:4430,0
DA:4442,0
DA:4445,0
DA:4446,0
DA:4449,0
DA:4450,0
DA:4451,0
DA:4460,0
DA:4461,0
DA:4462,0
DA:4463,0
DA:4464,0
DA:4468,0
DA:4469,0
LF:1475
LH:0
BRDA:43,0,0,0
BRDA:43,0,1,0
BRDA:46,1,0,0
BRDA:46,1,1,0
BRDA:47,2,0,0
BRDA:47,2,1,0
BRDA:47,2,2,0
BRDA:47,2,3,0
BRDA:57,3,0,0
BRDA:57,3,1,0
BRDA:58,4,0,0
BRDA:58,4,1,0
BRDA:58,4,2,0
BRDA:58,4,3,0
BRDA:70,5,0,0
BRDA:70,5,1,0
BRDA:70,6,0,0
BRDA:70,6,1,0
BRDA:70,6,2,0
BRDA:96,7,0,0
BRDA:96,7,1,0
BRDA:96,8,0,0
BRDA:96,8,1,0
BRDA:105,9,0,0
BRDA:105,9,1,0
BRDA:125,10,0,0
BRDA:125,10,1,0
BRDA:131,11,0,0
BRDA:131,11,1,0
BRDA:137,12,0,0
BRDA:137,12,1,0
BRDA:170,13,0,0
BRDA:170,13,1,0
BRDA:174,14,0,0
BRDA:174,14,1,0
BRDA:175,15,0,0
BRDA:175,15,1,0
BRDA:176,16,0,0
BRDA:176,16,1,0
BRDA:178,17,0,0
BRDA:178,17,1,0
BRDA:178,17,2,0
BRDA:207,18,0,0
BRDA:207,18,1,0
BRDA:210,19,0,0
BRDA:210,19,1,0
BRDA:229,20,0,0
BRDA:229,20,1,0
BRDA:241,21,0,0
BRDA:241,21,1,0
BRDA:241,22,0,0
BRDA:241,22,1,0
BRDA:241,22,2,0
BRDA:259,23,0,0
BRDA:259,23,1,0
BRDA:262,24,0,0
BRDA:262,24,1,0
BRDA:341,25,0,0
BRDA:341,25,1,0
BRDA:348,26,0,0
BRDA:348,26,1,0
BRDA:371,27,0,0
BRDA:371,27,1,0
BRDA:384,28,0,0
BRDA:384,28,1,0
BRDA:384,29,0,0
BRDA:384,29,1,0
BRDA:398,30,0,0
BRDA:398,30,1,0
BRDA:425,31,0,0
BRDA:425,31,1,0
BRDA:425,32,0,0
BRDA:425,32,1,0
BRDA:431,33,0,0
BRDA:431,33,1,0
BRDA:442,34,0,0
BRDA:442,34,1,0
BRDA:459,35,0,0
BRDA:459,35,1,0
BRDA:459,36,0,0
BRDA:459,36,1,0
BRDA:473,37,0,0
BRDA:473,37,1,0
BRDA:473,38,0,0
BRDA:473,38,1,0
BRDA:496,39,0,0
BRDA:496,39,1,0
BRDA:570,40,0,0
BRDA:570,40,1,0
BRDA:598,41,0,0
BRDA:598,41,1,0
BRDA:621,42,0,0
BRDA:621,42,1,0
BRDA:626,43,0,0
BRDA:626,43,1,0
BRDA:630,44,0,0
BRDA:630,44,1,0
BRDA:636,45,0,0
BRDA:636,45,1,0
BRDA:636,46,0,0
BRDA:636,46,1,0
BRDA:637,47,0,0
BRDA:637,47,1,0
BRDA:652,48,0,0
BRDA:652,48,1,0
BRDA:678,49,0,0
BRDA:678,49,1,0
BRDA:685,50,0,0
BRDA:685,50,1,0
BRDA:688,51,0,0
BRDA:688,51,1,0
BRDA:693,52,0,0
BRDA:693,52,1,0
BRDA:698,53,0,0
BRDA:698,53,1,0
BRDA:700,54,0,0
BRDA:700,54,1,0
BRDA:702,55,0,0
BRDA:702,55,1,0
BRDA:741,56,0,0
BRDA:741,56,1,0
BRDA:742,57,0,0
BRDA:742,57,1,0
BRDA:744,58,0,0
BRDA:744,58,1,0
BRDA:753,59,0,0
BRDA:753,59,1,0
BRDA:753,60,0,0
BRDA:753,60,1,0
BRDA:758,61,0,0
BRDA:758,61,1,0
BRDA:799,62,0,0
BRDA:799,62,1,0
BRDA:803,63,0,0
BRDA:803,63,1,0
BRDA:804,64,0,0
BRDA:804,64,1,0
BRDA:808,65,0,0
BRDA:808,65,1,0
BRDA:808,66,0,0
BRDA:808,66,1,0
BRDA:809,67,0,0
BRDA:809,67,1,0
BRDA:823,68,0,0
BRDA:823,68,1,0
BRDA:826,69,0,0
BRDA:826,69,1,0
BRDA:828,70,0,0
BRDA:828,70,1,0
BRDA:840,71,0,0
BRDA:840,71,1,0
BRDA:850,72,0,0
BRDA:850,72,1,0
BRDA:873,73,0,0
BRDA:873,73,1,0
BRDA:874,74,0,0
BRDA:874,74,1,0
BRDA:875,75,0,0
BRDA:875,75,1,0
BRDA:877,76,0,0
BRDA:877,76,1,0
BRDA:879,77,0,0
BRDA:879,77,1,0
BRDA:892,78,0,0
BRDA:892,78,1,0
BRDA:953,79,0,0
BRDA:953,79,1,0
BRDA:1005,80,0,0
BRDA:1005,80,1,0
BRDA:1006,81,0,0
BRDA:1006,81,1,0
BRDA:1010,82,0,0
BRDA:1010,82,1,0
BRDA:1010,82,2,0
BRDA:1012,83,0,0
BRDA:1012,83,1,0
BRDA:1014,84,0,0
BRDA:1014,84,1,0
BRDA:1014,85,0,0
BRDA:1014,85,1,0
BRDA:1014,85,2,0
BRDA:1015,86,0,0
BRDA:1015,86,1,0
BRDA:1018,87,0,0
BRDA:1018,87,1,0
BRDA:1018,88,0,0
BRDA:1018,88,1,0
BRDA:1018,88,2,0
BRDA:1020,89,0,0
BRDA:1020,89,1,0
BRDA:1020,90,0,0
BRDA:1020,90,1,0
BRDA:1026,91,0,0
BRDA:1026,91,1,0
BRDA:1034,92,0,0
BRDA:1034,92,1,0
BRDA:1036,93,0,0
BRDA:1036,93,1,0
BRDA:1036,94,0,0
BRDA:1036,94,1,0
BRDA:1046,95,0,0
BRDA:1046,95,1,0
BRDA:1046,96,0,0
BRDA:1046,96,1,0
BRDA:1046,96,2,0
BRDA:1048,97,0,0
BRDA:1048,97,1,0
BRDA:1056,98,0,0
BRDA:1056,98,1,0
BRDA:1057,99,0,0
BRDA:1057,99,1,0
BRDA:1057,100,0,0
BRDA:1057,100,1,0
BRDA:1058,101,0,0
BRDA:1058,101,1,0
BRDA:1058,102,0,0
BRDA:1058,102,1,0
BRDA:1059,103,0,0
BRDA:1059,103,1,0
BRDA:1059,104,0,0
BRDA:1059,104,1,0
BRDA:1067,105,0,0
BRDA:1067,105,1,0
BRDA:1068,106,0,0
BRDA:1068,106,1,0
BRDA:1068,106,2,0
BRDA:1072,107,0,0
BRDA:1072,107,1,0
BRDA:1076,108,0,0
BRDA:1076,108,1,0
BRDA:1079,109,0,0
BRDA:1079,109,1,0
BRDA:1079,110,0,0
BRDA:1079,110,1,0
BRDA:1083,111,0,0
BRDA:1083,111,1,0
BRDA:1083,112,0,0
BRDA:1083,112,1,0
BRDA:1083,112,2,0
BRDA:1087,113,0,0
BRDA:1087,113,1,0
BRDA:1087,114,0,0
BRDA:1087,114,1,0
BRDA:1087,114,2,0
BRDA:1096,115,0,0
BRDA:1096,115,1,0
BRDA:1110,116,0,0
BRDA:1110,116,1,0
BRDA:1114,117,0,0
BRDA:1114,117,1,0
BRDA:1118,118,0,0
BRDA:1118,118,1,0
BRDA:1118,119,0,0
BRDA:1118,119,1,0
BRDA:1122,120,0,0
BRDA:1122,120,1,0
BRDA:1122,121,0,0
BRDA:1122,121,1,0
BRDA:1126,122,0,0
BRDA:1126,122,1,0
BRDA:1126,123,0,0
BRDA:1126,123,1,0
BRDA:1130,124,0,0
BRDA:1130,124,1,0
BRDA:1145,125,0,0
BRDA:1145,125,1,0
BRDA:1145,126,0,0
BRDA:1145,126,1,0
BRDA:1147,127,0,0
BRDA:1147,127,1,0
BRDA:1161,128,0,0
BRDA:1161,128,1,0
BRDA:1162,129,0,0
BRDA:1162,129,1,0
BRDA:1163,130,0,0
BRDA:1163,130,1,0
BRDA:1164,131,0,0
BRDA:1164,131,1,0
BRDA:1165,132,0,0
BRDA:1165,132,1,0
BRDA:1169,133,0,0
BRDA:1169,133,1,0
BRDA:1170,134,0,0
BRDA:1170,134,1,0
BRDA:1174,135,0,0
BRDA:1174,135,1,0
BRDA:1177,136,0,0
BRDA:1177,136,1,0
BRDA:1183,137,0,0
BRDA:1183,137,1,0
BRDA:1184,138,0,0
BRDA:1184,138,1,0
BRDA:1185,139,0,0
BRDA:1185,139,1,0
BRDA:1186,140,0,0
BRDA:1186,140,1,0
BRDA:1187,141,0,0
BRDA:1187,141,1,0
BRDA:1188,142,0,0
BRDA:1188,142,1,0
BRDA:1195,143,0,0
BRDA:1195,143,1,0
BRDA:1196,144,0,0
BRDA:1196,144,1,0
BRDA:1197,145,0,0
BRDA:1197,145,1,0
BRDA:1263,146,0,0
BRDA:1263,146,1,0
BRDA:1270,147,0,0
BRDA:1270,147,1,0
BRDA:1273,148,0,0
BRDA:1273,148,1,0
BRDA:1275,149,0,0
BRDA:1275,149,1,0
BRDA:1305,150,0,0
BRDA:1305,150,1,0
BRDA:1305,151,0,0
BRDA:1305,151,1,0
BRDA:1312,152,0,0
BRDA:1312,152,1,0
BRDA:1342,153,0,0
BRDA:1342,153,1,0
BRDA:1346,154,0,0
BRDA:1346,154,1,0
BRDA:1351,155,0,0
BRDA:1351,155,1,0
BRDA:1351,156,0,0
BRDA:1351,156,1,0
BRDA:1353,157,0,0
BRDA:1353,157,1,0
BRDA:1363,158,0,0
BRDA:1363,158,1,0
BRDA:1364,159,0,0
BRDA:1364,159,1,0
BRDA:1365,160,0,0
BRDA:1365,160,1,0
BRDA:1366,161,0,0
BRDA:1366,161,1,0
BRDA:1366,161,2,0
BRDA:1367,162,0,0
BRDA:1367,162,1,0
BRDA:1369,163,0,0
BRDA:1369,163,1,0
BRDA:1390,164,0,0
BRDA:1390,164,1,0
BRDA:1393,165,0,0
BRDA:1393,165,1,0
BRDA:1393,166,0,0
BRDA:1393,166,1,0
BRDA:1399,167,0,0
BRDA:1399,167,1,0
BRDA:1404,168,0,0
BRDA:1404,168,1,0
BRDA:1419,169,0,0
BRDA:1419,169,1,0
BRDA:1422,170,0,0
BRDA:1422,170,1,0
BRDA:1424,171,0,0
BRDA:1424,171,1,0
BRDA:1424,172,0,0
BRDA:1424,172,1,0
BRDA:1467,173,0,0
BRDA:1467,173,1,0
BRDA:1471,174,0,0
BRDA:1471,174,1,0
BRDA:1473,175,0,0
BRDA:1473,175,1,0
BRDA:1478,176,0,0
BRDA:1478,176,1,0
BRDA:1481,177,0,0
BRDA:1481,177,1,0
BRDA:1512,178,0,0
BRDA:1512,178,1,0
BRDA:1516,179,0,0
BRDA:1516,179,1,0
BRDA:1551,180,0,0
BRDA:1551,180,1,0
BRDA:1557,181,0,0
BRDA:1557,181,1,0
BRDA:1563,182,0,0
BRDA:1563,182,1,0
BRDA:1568,183,0,0
BRDA:1568,183,1,0
BRDA:1568,184,0,0
BRDA:1568,184,1,0
BRDA:1571,185,0,0
BRDA:1571,185,1,0
BRDA:1574,186,0,0
BRDA:1574,186,1,0
BRDA:1608,187,0,0
BRDA:1608,187,1,0
BRDA:1616,188,0,0
BRDA:1616,188,1,0
BRDA:1636,189,0,0
BRDA:1636,189,1,0
BRDA:1644,190,0,0
BRDA:1644,190,1,0
BRDA:1645,191,0,0
BRDA:1645,191,1,0
BRDA:1645,191,2,0
BRDA:1645,191,3,0
BRDA:1645,191,4,0
BRDA:1645,191,5,0
BRDA:1656,192,0,0
BRDA:1656,192,1,0
BRDA:1661,193,0,0
BRDA:1661,193,1,0
BRDA:1662,194,0,0
BRDA:1662,194,1,0
BRDA:1675,195,0,0
BRDA:1675,195,1,0
BRDA:1700,196,0,0
BRDA:1700,196,1,0
BRDA:1700,197,0,0
BRDA:1700,197,1,0
BRDA:1713,198,0,0
BRDA:1713,198,1,0
BRDA:1713,199,0,0
BRDA:1713,199,1,0
BRDA:1720,200,0,0
BRDA:1720,200,1,0
BRDA:1725,201,0,0
BRDA:1725,201,1,0
BRDA:1752,202,0,0
BRDA:1752,202,1,0
BRDA:1757,203,0,0
BRDA:1757,203,1,0
BRDA:1757,204,0,0
BRDA:1757,204,1,0
BRDA:1763,205,0,0
BRDA:1763,205,1,0
BRDA:1763,206,0,0
BRDA:1763,206,1,0
BRDA:1800,207,0,0
BRDA:1800,207,1,0
BRDA:1807,208,0,0
BRDA:1807,208,1,0
BRDA:1813,209,0,0
BRDA:1813,209,1,0
BRDA:1826,210,0,0
BRDA:1826,210,1,0
BRDA:1829,211,0,0
BRDA:1829,211,1,0
BRDA:1830,212,0,0
BRDA:1830,212,1,0
BRDA:1830,212,2,0
BRDA:1830,212,3,0
BRDA:1830,212,4,0
BRDA:1830,212,5,0
BRDA:1843,213,0,0
BRDA:1843,213,1,0
BRDA:1845,214,0,0
BRDA:1845,214,1,0
BRDA:1857,215,0,0
BRDA:1857,215,1,0
BRDA:1874,216,0,0
BRDA:1874,216,1,0
BRDA:1895,217,0,0
BRDA:1895,217,1,0
BRDA:1896,218,0,0
BRDA:1896,218,1,0
BRDA:1974,219,0,0
BRDA:1974,219,1,0
BRDA:1981,220,0,0
BRDA:1981,220,1,0
BRDA:1988,221,0,0
BRDA:1988,221,1,0
BRDA:1988,222,0,0
BRDA:1988,222,1,0
BRDA:1992,223,0,0
BRDA:1992,223,1,0
BRDA:2011,224,0,0
BRDA:2011,224,1,0
BRDA:2034,225,0,0
BRDA:2034,225,1,0
BRDA:2056,226,0,0
BRDA:2056,226,1,0
BRDA:2056,227,0,0
BRDA:2056,227,1,0
BRDA:2060,228,0,0
BRDA:2060,228,1,0
BRDA:2061,229,0,0
BRDA:2061,229,1,0
BRDA:2061,229,2,0
BRDA:2061,229,3,0
BRDA:2078,230,0,0
BRDA:2078,230,1,0
BRDA:2082,231,0,0
BRDA:2082,231,1,0
BRDA:2084,232,0,0
BRDA:2084,232,1,0
BRDA:2084,232,2,0
BRDA:2084,232,3,0
BRDA:2090,233,0,0
BRDA:2090,233,1,0
BRDA:2091,234,0,0
BRDA:2091,234,1,0
BRDA:2091,234,2,0
BRDA:2097,235,0,0
BRDA:2097,235,1,0
BRDA:2098,236,0,0
BRDA:2098,236,1,0
BRDA:2098,236,2,0
BRDA:2107,237,0,0
BRDA:2107,237,1,0
BRDA:2108,238,0,0
BRDA:2108,238,1,0
BRDA:2108,238,2,0
BRDA:2114,239,0,0
BRDA:2114,239,1,0
BRDA:2115,240,0,0
BRDA:2115,240,1,0
BRDA:2115,240,2,0
BRDA:2193,241,0,0
BRDA:2193,241,1,0
BRDA:2193,242,0,0
BRDA:2193,242,1,0
BRDA:2195,243,0,0
BRDA:2195,243,1,0
BRDA:2240,244,0,0
BRDA:2240,244,1,0
BRDA:2244,245,0,0
BRDA:2244,245,1,0
BRDA:2267,246,0,0
BRDA:2267,246,1,0
BRDA:2271,247,0,0
BRDA:2271,247,1,0
BRDA:2272,248,0,0
BRDA:2272,248,1,0
BRDA:2331,249,0,0
BRDA:2334,250,0,0
BRDA:2334,250,1,0
BRDA:2342,251,0,0
BRDA:2342,251,1,0
BRDA:2343,252,0,0
BRDA:2343,252,1,0
BRDA:2352,253,0,0
BRDA:2352,253,1,0
BRDA:2353,254,0,0
BRDA:2353,254,1,0
BRDA:2384,255,0,0
BRDA:2384,255,1,0
BRDA:2408,256,0,0
BRDA:2408,256,1,0
BRDA:2408,257,0,0
BRDA:2408,257,1,0
BRDA:2453,258,0,0
BRDA:2453,258,1,0
BRDA:2453,259,0,0
BRDA:2453,259,1,0
BRDA:2508,260,0,0
BRDA:2508,260,1,0
BRDA:2548,261,0,0
BRDA:2548,261,1,0
BRDA:2579,262,0,0
BRDA:2579,262,1,0
BRDA:2623,263,0,0
BRDA:2623,263,1,0
BRDA:2643,264,0,0
BRDA:2643,264,1,0
BRDA:2655,265,0,0
BRDA:2655,265,1,0
BRDA:2661,266,0,0
BRDA:2661,266,1,0
BRDA:2680,267,0,0
BRDA:2680,267,1,0
BRDA:2681,268,0,0
BRDA:2681,268,1,0
BRDA:2707,269,0,0
BRDA:2707,269,1,0
BRDA:2707,270,0,0
BRDA:2707,270,1,0
BRDA:2709,271,0,0
BRDA:2709,271,1,0
BRDA:2717,272,0,0
BRDA:2717,272,1,0
BRDA:2744,273,0,0
BRDA:2744,273,1,0
BRDA:2756,274,0,0
BRDA:2756,274,1,0
BRDA:2764,275,0,0
BRDA:2764,275,1,0
BRDA:2796,276,0,0
BRDA:2796,276,1,0
BRDA:2809,277,0,0
BRDA:2809,277,1,0
BRDA:2814,278,0,0
BRDA:2814,278,1,0
BRDA:2822,279,0,0
BRDA:2822,279,1,0
BRDA:2829,280,0,0
BRDA:2829,280,1,0
BRDA:2882,281,0,0
BRDA:2882,281,1,0
BRDA:2882,282,0,0
BRDA:2882,282,1,0
BRDA:2886,283,0,0
BRDA:2886,283,1,0
BRDA:2886,283,2,0
BRDA:2902,284,0,0
BRDA:2902,284,1,0
BRDA:2902,285,0,0
BRDA:2902,285,1,0
BRDA:2911,286,0,0
BRDA:2911,286,1,0
BRDA:2912,287,0,0
BRDA:2912,287,1,0
BRDA:2912,287,2,0
BRDA:2912,287,3,0
BRDA:2917,288,0,0
BRDA:2917,288,1,0
BRDA:2917,289,0,0
BRDA:2917,289,1,0
BRDA:2938,290,0,0
BRDA:2938,290,1,0
BRDA:2950,291,0,0
BRDA:2950,291,1,0
BRDA:2950,291,2,0
BRDA:2950,291,3,0
BRDA:2950,291,4,0
BRDA:2950,291,5,0
BRDA:2988,292,0,0
BRDA:2988,292,1,0
BRDA:2988,293,0,0
BRDA:2988,293,1,0
BRDA:2998,294,0,0
BRDA:2998,294,1,0
BRDA:3029,295,0,0
BRDA:3029,295,1,0
BRDA:3029,296,0,0
BRDA:3029,296,1,0
BRDA:3037,297,0,0
BRDA:3037,297,1,0
BRDA:3043,298,0,0
BRDA:3043,298,1,0
BRDA:3056,299,0,0
BRDA:3056,299,1,0
BRDA:3059,300,0,0
BRDA:3059,300,1,0
BRDA:3060,301,0,0
BRDA:3060,301,1,0
BRDA:3077,302,0,0
BRDA:3077,302,1,0
BRDA:3077,303,0,0
BRDA:3077,303,1,0
BRDA:3094,304,0,0
BRDA:3094,304,1,0
BRDA:3095,305,0,0
BRDA:3095,305,1,0
BRDA:3103,306,0,0
BRDA:3103,306,1,0
BRDA:3103,307,0,0
BRDA:3103,307,1,0
BRDA:3109,308,0,0
BRDA:3109,308,1,0
BRDA:3112,309,0,0
BRDA:3112,309,1,0
BRDA:3125,310,0,0
BRDA:3125,310,1,0
BRDA:3125,311,0,0
BRDA:3125,311,1,0
BRDA:3136,312,0,0
BRDA:3136,312,1,0
BRDA:3137,313,0,0
BRDA:3137,313,1,0
BRDA:3151,314,0,0
BRDA:3151,314,1,0
BRDA:3155,315,0,0
BRDA:3155,315,1,0
BRDA:3158,316,0,0
BRDA:3158,316,1,0
BRDA:3159,317,0,0
BRDA:3159,317,1,0
BRDA:3177,318,0,0
BRDA:3177,318,1,0
BRDA:3209,319,0,0
BRDA:3209,319,1,0
BRDA:3214,320,0,0
BRDA:3214,320,1,0
BRDA:3215,321,0,0
BRDA:3215,321,1,0
BRDA:3215,321,2,0
BRDA:3215,321,3,0
BRDA:3215,321,4,0
BRDA:3215,321,5,0
BRDA:3225,322,0,0
BRDA:3225,322,1,0
BRDA:3276,323,0,0
BRDA:3276,323,1,0
BRDA:3281,324,0,0
BRDA:3281,324,1,0
BRDA:3290,325,0,0
BRDA:3290,325,1,0
BRDA:3298,326,0,0
BRDA:3298,326,1,0
BRDA:3306,327,0,0
BRDA:3306,327,1,0
BRDA:3312,328,0,0
BRDA:3312,328,1,0
BRDA:3313,329,0,0
BRDA:3313,329,1,0
BRDA:3344,330,0,0
BRDA:3344,330,1,0
BRDA:3350,331,0,0
BRDA:3350,331,1,0
BRDA:3398,332,0,0
BRDA:3398,332,1,0
BRDA:3398,332,2,0
BRDA:3490,333,0,0
BRDA:3490,333,1,0
BRDA:3490,334,0,0
BRDA:3490,334,1,0
BRDA:3497,335,0,0
BRDA:3497,335,1,0
BRDA:3498,336,0,0
BRDA:3498,336,1,0
BRDA:3498,336,2,0
BRDA:3499,337,0,0
BRDA:3499,337,1,0
BRDA:3499,337,2,0
BRDA:3500,338,0,0
BRDA:3500,338,1,0
BRDA:3502,339,0,0
BRDA:3502,339,1,0
BRDA:3504,340,0,0
BRDA:3504,340,1,0
BRDA:3511,341,0,0
BRDA:3511,341,1,0
BRDA:3524,342,0,0
BRDA:3524,342,1,0
BRDA:3528,343,0,0
BRDA:3528,343,1,0
BRDA:3534,344,0,0
BRDA:3534,344,1,0
BRDA:3540,345,0,0
BRDA:3540,345,1,0
BRDA:3554,346,0,0
BRDA:3554,346,1,0
BRDA:3560,347,0,0
BRDA:3560,347,1,0
BRDA:3566,348,0,0
BRDA:3566,348,1,0
BRDA:3585,349,0,0
BRDA:3585,349,1,0
BRDA:3588,350,0,0
BRDA:3588,350,1,0
BRDA:3590,351,0,0
BRDA:3590,351,1,0
BRDA:3597,352,0,0
BRDA:3597,352,1,0
BRDA:3598,353,0,0
BRDA:3598,353,1,0
BRDA:3604,354,0,0
BRDA:3604,354,1,0
BRDA:3655,355,0,0
BRDA:3655,355,1,0
BRDA:3656,356,0,0
BRDA:3656,356,1,0
BRDA:3679,357,0,0
BRDA:3679,357,1,0
BRDA:3708,358,0,0
BRDA:3708,358,1,0
BRDA:3708,359,0,0
BRDA:3708,359,1,0
BRDA:3740,360,0,0
BRDA:3740,360,1,0
BRDA:3747,361,0,0
BRDA:3747,361,1,0
BRDA:3756,362,0,0
BRDA:3756,362,1,0
BRDA:3757,363,0,0
BRDA:3757,363,1,0
BRDA:3757,363,2,0
BRDA:3768,364,0,0
BRDA:3768,364,1,0
BRDA:3801,365,0,0
BRDA:3801,365,1,0
BRDA:3833,366,0,0
BRDA:3833,366,1,0
BRDA:3843,367,0,0
BRDA:3843,367,1,0
BRDA:3851,368,0,0
BRDA:3851,368,1,0
BRDA:3863,369,0,0
BRDA:3863,369,1,0
BRDA:3867,370,0,0
BRDA:3867,370,1,0
BRDA:3867,371,0,0
BRDA:3867,371,1,0
BRDA:3871,372,0,0
BRDA:3871,372,1,0
BRDA:3871,373,0,0
BRDA:3871,373,1,0
BRDA:3875,374,0,0
BRDA:3875,374,1,0
BRDA:3875,375,0,0
BRDA:3875,375,1,0
BRDA:3879,376,0,0
BRDA:3879,376,1,0
BRDA:3896,377,0,0
BRDA:3896,377,1,0
BRDA:3896,378,0,0
BRDA:3896,378,1,0
BRDA:3898,379,0,0
BRDA:3898,379,1,0
BRDA:3911,380,0,0
BRDA:3911,380,1,0
BRDA:3912,381,0,0
BRDA:3912,381,1,0
BRDA:3914,382,0,0
BRDA:3914,382,1,0
BRDA:3914,383,0,0
BRDA:3914,383,1,0
BRDA:3916,384,0,0
BRDA:3916,384,1,0
BRDA:3917,385,0,0
BRDA:3917,385,1,0
BRDA:3918,386,0,0
BRDA:3918,386,1,0
BRDA:3935,387,0,0
BRDA:3935,387,1,0
BRDA:3945,388,0,0
BRDA:3945,388,1,0
BRDA:3946,389,0,0
BRDA:3946,389,1,0
BRDA:3947,390,0,0
BRDA:3947,390,1,0
BRDA:3948,391,0,0
BRDA:3948,391,1,0
BRDA:3955,392,0,0
BRDA:3955,392,1,0
BRDA:3957,393,0,0
BRDA:3957,393,1,0
BRDA:3959,394,0,0
BRDA:3959,394,1,0
BRDA:3959,394,2,0
BRDA:3959,394,3,0
BRDA:3972,395,0,0
BRDA:3972,395,1,0
BRDA:3980,396,0,0
BRDA:3980,396,1,0
BRDA:3984,397,0,0
BRDA:3984,397,1,0
BRDA:3984,398,0,0
BRDA:3984,398,1,0
BRDA:3984,398,2,0
BRDA:3998,399,0,0
BRDA:3998,399,1,0
BRDA:3998,400,0,0
BRDA:3998,400,1,0
BRDA:3998,400,2,0
BRDA:4001,401,0,0
BRDA:4001,401,1,0
BRDA:4009,402,0,0
BRDA:4009,402,1,0
BRDA:4019,403,0,0
BRDA:4019,403,1,0
BRDA:4019,404,0,0
BRDA:4019,404,1,0
BRDA:4082,405,0,0
BRDA:4082,405,1,0
BRDA:4083,406,0,0
BRDA:4083,406,1,0
BRDA:4181,407,0,0
BRDA:4182,408,0,0
BRDA:4182,409,0,0
BRDA:4188,410,0,0
BRDA:4188,410,1,0
BRDA:4194,411,0,0
BRDA:4194,411,1,0
BRDA:4232,412,0,0
BRDA:4232,412,1,0
BRDA:4234,413,0,0
BRDA:4234,413,1,0
BRDA:4234,414,0,0
BRDA:4234,414,1,0
BRDA:4238,415,0,0
BRDA:4238,415,1,0
BRDA:4248,416,0,0
BRDA:4248,416,1,0
BRDA:4248,417,0,0
BRDA:4248,417,1,0
BRDA:4249,418,0,0
BRDA:4249,418,1,0
BRDA:4253,419,0,0
BRDA:4253,419,1,0
BRDA:4271,420,0,0
BRDA:4271,420,1,0
BRDA:4271,420,2,0
BRDA:4271,420,3,0
BRDA:4271,420,4,0
BRDA:4276,421,0,0
BRDA:4276,421,1,0
BRDA:4276,422,0,0
BRDA:4276,422,1,0
BRDA:4294,423,0,0
BRDA:4294,423,1,0
BRDA:4294,424,0,0
BRDA:4294,424,1,0
BRDA:4298,425,0,0
BRDA:4298,425,1,0
BRDA:4298,426,0,0
BRDA:4298,426,1,0
BRDA:4302,427,0,0
BRDA:4302,427,1,0
BRDA:4302,428,0,0
BRDA:4302,428,1,0
BRDA:4324,429,0,0
BRDA:4324,429,1,0
BRDA:4327,430,0,0
BRDA:4327,430,1,0
BRDA:4334,431,0,0
BRDA:4334,431,1,0
BRDA:4334,432,0,0
BRDA:4334,432,1,0
BRDA:4334,433,0,0
BRDA:4334,433,1,0
BRDA:4343,434,0,0
BRDA:4343,434,1,0
BRDA:4348,435,0,0
BRDA:4348,435,1,0
BRDA:4350,436,0,0
BRDA:4350,436,1,0
BRDA:4350,436,2,0
BRDA:4350,436,3,0
BRDA:4362,437,0,0
BRDA:4362,437,1,0
BRDA:4365,438,0,0
BRDA:4365,438,1,0
BRDA:4366,439,0,0
BRDA:4366,439,1,0
BRDA:4366,439,2,0
BRDA:4366,439,3,0
BRDA:4366,439,4,0
BRDA:4374,440,0,0
BRDA:4374,440,1,0
BRDA:4374,441,0,0
BRDA:4374,441,1,0
BRDA:4381,442,0,0
BRDA:4381,442,1,0
BRDA:4382,443,0,0
BRDA:4382,443,1,0
BRDA:4382,443,2,0
BRDA:4382,443,3,0
BRDA:4382,443,4,0
BRDA:4392,444,0,0
BRDA:4392,444,1,0
BRDA:4392,445,0,0
BRDA:4392,445,1,0
BRDA:4392,445,2,0
BRDA:4392,445,3,0
BRDA:4397,446,0,0
BRDA:4397,446,1,0
BRDA:4397,447,0,0
BRDA:4397,447,1,0
BRDA:4397,447,2,0
BRDA:4397,447,3,0
BRDA:4402,448,0,0
BRDA:4402,448,1,0
BRDA:4403,449,0,0
BRDA:4403,449,1,0
BRDA:4403,449,2,0
BRDA:4403,449,3,0
BRDA:4411,450,0,0
BRDA:4411,450,1,0
BRDA:4411,451,0,0
BRDA:4411,451,1,0
BRDA:4425,452,0,0
BRDA:4425,452,1,0
BRDA:4425,453,0,0
BRDA:4425,453,1,0
BRDA:4426,454,0,0
BRDA:4426,454,1,0
BRDA:4426,455,0,0
BRDA:4426,455,1,0
BRDA:4427,456,0,0
BRDA:4427,456,1,0
BRDA:4427,457,0,0
BRDA:4427,457,1,0
BRDA:4428,458,0,0
BRDA:4428,458,1,0
BRDA:4428,459,0,0
BRDA:4428,459,1,0
BRDA:4445,460,0,0
BRDA:4445,460,1,0
BRDA:4445,461,0,0
BRDA:4445,461,1,0
BRDA:4445,461,2,0
BRDA:4450,462,0,0
BRDA:4450,462,1,0
BRDA:4452,463,0,0
BRDA:4452,463,1,0
BRDA:4452,463,2,0
BRDA:4452,463,3,0
BRDA:4452,463,4,0
BRDA:4456,464,0,0
BRDA:4456,464,1,0
BRDA:4460,465,0,0
BRDA:4460,465,1,0
BRDA:4462,466,0,0
BRDA:4462,466,1,0
BRDA:4463,467,0,0
BRDA:4463,467,1,0
BRDA:4464,468,0,0
BRDA:4464,468,1,0
BRF:1005
BRH:0
end_of_record
TN:
SF:src/auth.gs
FN:14,createCompleteUser
FN:58,createRedirect
FN:80,handleUserRegistration
FN:103,processLoginFlow
FNF:4
FNH:0
FNDA:0,createCompleteUser
FNDA:0,createRedirect
FNDA:0,handleUserRegistration
FNDA:0,processLoginFlow
DA:2,0
DA:15,0
DA:16,0
DA:18,0
DA:40,0
DA:59,0
DA:72,0
DA:81,0
DA:83,0
DA:85,0
DA:86,0
DA:90,0
DA:91,0
DA:93,0
DA:94,0
DA:104,0
DA:105,0
DA:106,0
DA:110,0
DA:113,0
DA:115,0
DA:116,0
DA:119,0
DA:122,0
DA:123,0
DA:125,0
DA:126,0
DA:127,0
DA:128,0
DA:131,0
DA:132,0
DA:136,0
DA:137,0
DA:145,0
DA:147,0
DA:149,0
DA:151,0
DA:154,0
DA:155,0
DA:156,0
DA:157,0
DA:158,0
DA:159,0
DA:160,0
DA:162,0
DA:167,0
DA:168,0
DA:171,0
DA:172,0
DA:177,0
DA:186,0
DA:189,0
DA:193,0
LF:53
LH:0
BRDA:83,0,0,0
BRDA:83,0,1,0
BRDA:105,1,0,0
BRDA:105,1,1,0
BRDA:113,2,0,0
BRDA:113,2,1,0
BRDA:115,3,0,0
BRDA:115,3,1,0
BRDA:125,4,0,0
BRDA:125,4,1,0
BRDA:127,5,0,0
BRDA:127,5,1,0
BRDA:155,6,0,0
BRDA:155,6,1,0
BRDA:159,7,0,0
BRDA:159,7,1,0
BRDA:180,8,0,0
BRDA:180,8,1,0
BRDA:181,9,0,0
BRDA:181,9,1,0
BRDA:189,10,0,0
BRDA:189,10,1,0
BRF:22
BRH:0
end_of_record
TN:
SF:src/cache.gs
FN:21,(anonymous_0)
FN:43,(anonymous_1)
FN:116,(anonymous_2)
FN:136,(anonymous_3)
FN:201,(anonymous_4)
FN:220,(anonymous_5)
FN:237,(anonymous_6)
FN:244,(anonymous_7)
FN:273,(anonymous_8)
FN:305,(anonymous_9)
FN:328,(anonymous_10)
FN:354,(anonymous_11)
FN:403,(anonymous_12)
FN:454,(anonymous_13)
FN:478,(anonymous_14)
FN:486,(anonymous_15)
FN:496,(anonymous_16)
FN:529,(anonymous_17)
FN:543,(anonymous_18)
FN:550,(anonymous_19)
FN:599,(anonymous_20)
FN:637,(anonymous_21)
FN:641,(anonymous_22)
FN:660,(anonymous_23)
FN:677,(anonymous_24)
FN:701,(anonymous_25)
FN:710,(anonymous_26)
FN:754,(anonymous_27)
FN:779,(anonymous_28)
FN:795,(anonymous_29)
FN:814,(anonymous_30)
FN:840,(anonymous_31)
FN:860,(anonymous_32)
FN:868,(anonymous_33)
FN:876,(anonymous_34)
FN:886,(anonymous_35)
FN:900,(anonymous_36)
FN:914,(anonymous_37)
FN:929,(anonymous_38)
FN:944,(anonymous_39)
FN:959,(anonymous_40)
FN:992,(anonymous_41)
FN:1026,(anonymous_42)
FN:1027,(anonymous_43)
FN:1029,(anonymous_44)
FN:1030,(anonymous_45)
FN:1031,(anonymous_46)
FN:1033,(anonymous_47)
FN:1035,(anonymous_48)
FN:1037,(anonymous_49)
FN:1063,(anonymous_50)
FN:1108,(anonymous_51)
FN:1110,(anonymous_52)
FN:1116,(anonymous_53)
FN:1118,(anonymous_54)
FN:1130,(anonymous_55)
FN:1143,(anonymous_56)
FN:1162,(anonymous_57)
FN:1172,(anonymous_58)
FN:1190,(anonymous_59)
FN:1198,(anonymous_60)
FN:1207,(anonymous_61)
FN:1215,(anonymous_62)
FN:1225,(anonymous_63)
FN:1233,(anonymous_64)
FN:1247,(anonymous_65)
FN:1293,getCachedSpreadsheet
FN:1306,(anonymous_67)
FN:1327,(anonymous_68)
FN:1335,(anonymous_69)
FN:1400,cleanupOldCacheEntries
FN:1407,(anonymous_71)
FN:1411,(anonymous_72)
FN:1415,(anonymous_73)
FN:1423,(anonymous_74)
FN:1435,invalidateSpreadsheetCache
FN:1454,clearAllSpreadsheetCache
FN:1463,(anonymous_77)
FN:1479,getSpreadsheetCacheStats
FN:1486,(anonymous_79)
FN:1508,openSpreadsheetOptimized
FN:1532,getExecutionCache
FN:1543,resetExecutionCache
FN:1555,getHeadersCached
FN:1564,(anonymous_84)
FN:1575,(anonymous_85)
FN:1619,getHeadersWithRetry
FN:1687,(anonymous_87)
FN:1740,validateRequiredHeaders
FN:1828,preWarmCache
FN:1928,getCacheStats
FN:2016,(anonymous_91)
FN:2025,(anonymous_92)
FN:2064,(anonymous_93)
FN:2089,(anonymous_94)
FN:2113,(anonymous_95)
FN:2131,(anonymous_96)
FN:2197,(anonymous_97)
FN:2226,(anonymous_98)
FN:2243,(anonymous_99)
FN:2249,(anonymous_100)
FN:2268,(anonymous_101)
FN:2302,(anonymous_102)
FN:2310,(anonymous_103)
FN:2318,(anonymous_104)
FN:2326,(anonymous_105)
FN:2352,(anonymous_106)
FN:2360,(anonymous_107)
FN:2366,(anonymous_108)
FN:2371,(anonymous_109)
FN:2389,clearExecutionUserInfoCache
FN:2396,clearAllExecutionCache
FN:2403,getSheetsServiceCached
FN:2410,getCachedSheetsService
FN:2418,invalidateUserCache
FN:2425,synchronizeCacheAfterCriticalUpdate
FN:2437,clearDatabaseCache
FN:2444,clearExecutionSheetsServiceCache
FN:2455,resilientUrlFetch
FNF:119
FNH:0
FNDA:0,(anonymous_0)
FNDA:0,(anonymous_1)
FNDA:0,(anonymous_2)
FNDA:0,(anonymous_3)
FNDA:0,(anonymous_4)
FNDA:0,(anonymous_5)
FNDA:0,(anonymous_6)
FNDA:0,(anonymous_7)
FNDA:0,(anonymous_8)
FNDA:0,(anonymous_9)
FNDA:0,(anonymous_10)
FNDA:0,(anonymous_11)
FNDA:0,(anonymous_12)
FNDA:0,(anonymous_13)
FNDA:0,(anonymous_14)
FNDA:0,(anonymous_15)
FNDA:0,(anonymous_16)
FNDA:0,(anonymous_17)
FNDA:0,(anonymous_18)
FNDA:0,(anonymous_19)
FNDA:0,(anonymous_20)
FNDA:0,(anonymous_21)
FNDA:0,(anonymous_22)
FNDA:0,(anonymous_23)
FNDA:0,(anonymous_24)
FNDA:0,(anonymous_25)
FNDA:0,(anonymous_26)
FNDA:0,(anonymous_27)
FNDA:0,(anonymous_28)
FNDA:0,(anonymous_29)
FNDA:0,(anonymous_30)
FNDA:0,(anonymous_31)
FNDA:0,(anonymous_32)
FNDA:0,(anonymous_33)
FNDA:0,(anonymous_34)
FNDA:0,(anonymous_35)
FNDA:0,(anonymous_36)
FNDA:0,(anonymous_37)
FNDA:0,(anonymous_38)
FNDA:0,(anonymous_39)
FNDA:0,(anonymous_40)
FNDA:0,(anonymous_41)
FNDA:0,(anonymous_42)
FNDA:0,(anonymous_43)
FNDA:0,(anonymous_44)
FNDA:0,(anonymous_45)
FNDA:0,(anonymous_46)
FNDA:0,(anonymous_47)
FNDA:0,(anonymous_48)
FNDA:0,(anonymous_49)
FNDA:0,(anonymous_50)
FNDA:0,(anonymous_51)
FNDA:0,(anonymous_52)
FNDA:0,(anonymous_53)
FNDA:0,(anonymous_54)
FNDA:0,(anonymous_55)
FNDA:0,(anonymous_56)
FNDA:0,(anonymous_57)
FNDA:0,(anonymous_58)
FNDA:0,(anonymous_59)
FNDA:0,(anonymous_60)
FNDA:0,(anonymous_61)
FNDA:0,(anonymous_62)
FNDA:0,(anonymous_63)
FNDA:0,(anonymous_64)
FNDA:0,(anonymous_65)
FNDA:0,getCachedSpreadsheet
FNDA:0,(anonymous_67)
FNDA:0,(anonymous_68)
FNDA:0,(anonymous_69)
FNDA:0,cleanupOldCacheEntries
FNDA:0,(anonymous_71)
FNDA:0,(anonymous_72)
FNDA:0,(anonymous_73)
FNDA:0,(anonymous_74)
FNDA:0,invalidateSpreadsheetCache
FNDA:0,clearAllSpreadsheetCache
FNDA:0,(anonymous_77)
FNDA:0,getSpreadsheetCacheStats
FNDA:0,(anonymous_79)
FNDA:0,openSpreadsheetOptimized
FNDA:0,getExecutionCache
FNDA:0,resetExecutionCache
FNDA:0,getHeadersCached
FNDA:0,(anonymous_84)
FNDA:0,(anonymous_85)
FNDA:0,getHeadersWithRetry
FNDA:0,(anonymous_87)
FNDA:0,validateRequiredHeaders
FNDA:0,preWarmCache
FNDA:0,getCacheStats
FNDA:0,(anonymous_91)
FNDA:0,(anonymous_92)
FNDA:0,(anonymous_93)
FNDA:0,(anonymous_94)
FNDA:0,(anonymous_95)
FNDA:0,(anonymous_96)
FNDA:0,(anonymous_97)
FNDA:0,(anonymous_98)
FNDA:0,(anonymous_99)
FNDA:0,(anonymous_100)
FNDA:0,(anonymous_101)
FNDA:0,(anonymous_102)
FNDA:0,(anonymous_103)
FNDA:0,(anonymous_104)
FNDA:0,(anonymous_105)
FNDA:0,(anonymous_106)
FNDA:0,(anonymous_107)
FNDA:0,(anonymous_108)
FNDA:0,(anonymous_109)
FNDA:0,clearExecutionUserInfoCache
FNDA:0,clearAllExecutionCache
FNDA:0,getSheetsServiceCached
FNDA:0,getCachedSheetsService
FNDA:0,invalidateUserCache
FNDA:0,synchronizeCacheAfterCriticalUpdate
FNDA:0,clearDatabaseCache
FNDA:0,clearExecutionSheetsServiceCache
FNDA:0,resilientUrlFetch
DA:2,0
DA:22,0
DA:23,0
DA:24,0
DA:27,0
DA:48,0
DA:51,0
DA:52,0
DA:53,0
DA:54,0
DA:58,0
DA:64,0
DA:65,0
DA:66,0
DA:70,0
DA:71,0
DA:75,0
DA:76,0
DA:78,0
DA:79,0
DA:80,0
DA:84,0
DA:85,0
DA:86,0
DA:87,0
DA:88,0
DA:91,0
DA:92,0
DA:97,0
DA:98,0
DA:99,0
DA:104,0
DA:117,0
DA:118,0
DA:119,0
DA:121,0
DA:122,0
DA:123,0
DA:125,0
DA:138,0
DA:139,0
DA:140,0
DA:141,0
DA:142,0
DA:143,0
DA:145,0
DA:148,0
DA:149,0
DA:154,0
DA:155,0
DA:156,0
DA:157,0
DA:158,0
DA:161,0
DA:162,0
DA:165,0
DA:168,0
DA:169,0
DA:170,0
DA:174,0
DA:175,0
DA:176,0
DA:177,0
DA:178,0
DA:179,0
DA:182,0
DA:184,0
DA:187,0
DA:188,0
DA:192,0
DA:203,0
DA:204,0
DA:205,0
DA:208,0
DA:209,0
DA:211,0
DA:212,0
DA:221,0
DA:222,0
DA:223,0
DA:224,0
DA:226,0
DA:238,0
DA:240,0
DA:242,0
DA:243,0
DA:244,0
DA:246,0
DA:253,0
DA:254,0
DA:256,0
DA:257,0
DA:258,0
DA:260,0
DA:261,0
DA:262,0
DA:264,0
DA:267,0
DA:271,0
DA:272,0
DA:273,0
DA:279,0
DA:280,0
DA:283,0
DA:284,0
DA:290,0
DA:293,0
DA:297,0
DA:298,0
DA:300,0
DA:301,0
DA:302,0
DA:303,0
DA:305,0
DA:307,0
DA:308,0
DA:311,0
DA:312,0
DA:313,0
DA:314,0
DA:315,0
DA:316,0
DA:318,0
DA:321,0
DA:329,0
DA:330,0
DA:331,0
DA:334,0
DA:335,0
DA:337,0
DA:340,0
DA:341,0
DA:343,0
DA:346,0
DA:355,0
DA:357,0
DA:363,0
DA:364,0
DA:367,0
DA:368,0
DA:370,0
DA:371,0
DA:372,0
DA:373,0
DA:378,0
DA:379,0
DA:380,0
DA:387,0
DA:390,0
DA:392,0
DA:393,0
DA:394,0
DA:404,0
DA:406,0
DA:407,0
DA:408,0
DA:412,0
DA:413,0
DA:416,0
DA:420,0
DA:421,0
DA:422,0
DA:424,0
DA:425,0
DA:427,0
DA:428,0
DA:429,0
DA:432,0
DA:433,0
DA:436,0
DA:437,0
DA:438,0
DA:443,0
DA:444,0
DA:448,0
DA:449,0
DA:454,0
DA:455,0
DA:456,0
DA:457,0
DA:459,0
DA:460,0
DA:461,0
DA:465,0
DA:467,0
DA:471,0
DA:479,0
DA:486,0
DA:497,0
DA:498,0
DA:507,0
DA:509,0
DA:510,0
DA:514,0
DA:515,0
DA:518,0
DA:521,0
DA:526,0
DA:527,0
DA:529,0
DA:530,0
DA:531,0
DA:532,0
DA:533,0
DA:535,0
DA:538,0
DA:543,0
DA:544,0
DA:545,0
DA:548,0
DA:549,0
DA:550,0
DA:551,0
DA:552,0
DA:553,0
DA:555,0
DA:559,0
DA:564,0
DA:565,0
DA:568,0
DA:570,0
DA:571,0
DA:576,0
DA:581,0
DA:583,0
DA:584,0
DA:585,0
DA:590,0
DA:591,0
DA:600,0
DA:602,0
DA:604,0
DA:611,0
DA:614,0
DA:620,0
DA:623,0
DA:624,0
DA:627,0
DA:630,0
DA:638,0
DA:640,0
DA:641,0
DA:642,0
DA:643,0
DA:644,0
DA:647,0
DA:650,0
DA:652,0
DA:659,0
DA:660,0
DA:661,0
DA:662,0
DA:663,0
DA:666,0
DA:667,0
DA:669,0
DA:676,0
DA:677,0
DA:678,0
DA:679,0
DA:680,0
DA:683,0
DA:685,0
DA:691,0
DA:692,0
DA:693,0
DA:702,0
DA:703,0
DA:711,0
DA:712,0
DA:714,0
DA:716,0
DA:717,0
DA:718,0
DA:720,0
DA:723,0
DA:725,0
DA:726,0
DA:727,0
DA:729,0
DA:733,0
DA:734,0
DA:736,0
DA:739,0
DA:743,0
DA:755,0
DA:757,0
DA:759,0
DA:761,0
DA:780,0
DA:787,0
DA:796,0
DA:798,0
DA:800,0
DA:803,0
DA:815,0
DA:817,0
DA:820,0
DA:821,0
DA:828,0
DA:845,0
DA:847,0
DA:852,0
DA:853,0
DA:860,0
DA:861,0
DA:864,0
DA:865,0
DA:866,0
DA:868,0
DA:869,0
DA:873,0
DA:874,0
DA:876,0
DA:877,0
DA:878,0
DA:879,0
DA:883,0
DA:887,0
DA:892,0
DA:893,0
DA:895,0
DA:901,0
DA:906,0
DA:907,0
DA:909,0
DA:915,0
DA:921,0
DA:922,0
DA:924,0
DA:930,0
DA:936,0
DA:937,0
DA:939,0
DA:945,0
DA:951,0
DA:952,0
DA:954,0
DA:960,0
DA:961,0
DA:962,0
DA:964,0
DA:970,0
DA:973,0
DA:974,0
DA:975,0
DA:976,0
DA:978,0
DA:979,0
DA:983,0
DA:984,0
DA:987,0
DA:988,0
DA:992,0
DA:993,0
DA:995,0
DA:996,0
DA:1002,0
DA:1004,0
DA:1012,0
DA:1013,0
DA:1014,0
DA:1016,0
DA:1026,0
DA:1027,0
DA:1028,0
DA:1029,0
DA:1030,0
DA:1032,0
DA:1034,0
DA:1036,0
DA:1037,0
DA:1040,0
DA:1041,0
DA:1042,0
DA:1043,0
DA:1046,0
DA:1047,0
DA:1048,0
DA:1049,0
DA:1051,0
DA:1053,0
DA:1054,0
DA:1063,0
DA:1064,0
DA:1097,0
DA:1108,0
DA:1109,0
DA:1110,0
DA:1116,0
DA:1117,0
DA:1118,0
DA:1131,0
DA:1132,0
DA:1133,0
DA:1134,0
DA:1135,0
DA:1144,0
DA:1145,0
DA:1146,0
DA:1149,0
DA:1150,0
DA:1151,0
DA:1154,0
DA:1163,0
DA:1164,0
DA:1165,0
DA:1173,0
DA:1174,0
DA:1175,0
DA:1178,0
DA:1179,0
DA:1180,0
DA:1183,0
DA:1191,0
DA:1192,0
DA:1199,0
DA:1200,0
DA:1201,0
DA:1208,0
DA:1209,0
DA:1216,0
DA:1217,0
DA:1218,0
DA:1226,0
DA:1234,0
DA:1248,0
DA:1249,0
DA:1250,0
DA:1252,0
DA:1253,0
DA:1254,0
DA:1256,0
DA:1258,0
DA:1259,0
DA:1262,0
DA:1264,0
DA:1266,0
DA:1277,0
DA:1280,0
DA:1294,0
DA:1295,0
DA:1298,0
DA:1299,0
DA:1302,0
DA:1303,0
DA:1304,0
DA:1305,0
DA:1306,0
DA:1310,0
DA:1315,0
DA:1316,0
DA:1317,0
DA:1321,0
DA:1325,0
DA:1326,0
DA:1327,0
DA:1330,0
DA:1331,0
DA:1332,0
DA:1334,0
DA:1335,0
DA:1340,0
DA:1345,0
DA:1349,0
DA:1353,0
DA:1357,0
DA:1359,0
DA:1360,0
DA:1363,0
DA:1369,0
DA:1370,0
DA:1376,0
DA:1378,0
DA:1382,0
DA:1384,0
DA:1386,0
DA:1393,0
DA:1401,0
DA:1402,0
DA:1405,0
DA:1406,0
DA:1407,0
DA:1411,0
DA:1414,0
DA:1415,0
DA:1416,0
DA:1419,0
DA:1423,0
DA:1424,0
DA:1425,0
DA:1426,0
DA:1436,0
DA:1439,0
DA:1442,0
DA:1443,0
DA:1444,0
DA:1445,0
DA:1447,0
DA:1456,0
DA:1459,0
DA:1460,0
DA:1461,0
DA:1463,0
DA:1464,0
DA:1465,0
DA:1469,0
DA:1471,0
DA:1480,0
DA:1481,0
DA:1483,0
DA:1484,0
DA:1485,0
DA:1486,0
DA:1487,0
DA:1490,0
DA:1493,0
DA:1509,0
DA:1518,0
DA:1521,0
DA:1522,0
DA:1526,0
DA:1533,0
DA:1534,0
DA:1535,0
DA:1537,0
DA:1544,0
DA:1545,0
DA:1556,0
DA:1559,0
DA:1560,0
DA:1562,0
DA:1565,0
DA:1571,0
DA:1573,0
DA:1576,0
DA:1580,0
DA:1583,0
DA:1584,0
DA:1587,0
DA:1590,0
DA:1591,0
DA:1592,0
DA:1593,0
DA:1594,0
DA:1595,0
DA:1600,0
DA:1607,0
DA:1608,0
DA:1609,0
DA:1612,0
DA:1621,0
DA:1624,0
DA:1626,0
DA:1627,0
DA:1628,0
DA:1631,0
DA:1635,0
DA:1636,0
DA:1637,0
DA:1640,0
DA:1641,0
DA:1644,0
DA:1645,0
DA:1651,0
DA:1652,0
DA:1655,0
DA:1656,0
DA:1659,0
DA:1660,0
DA:1665,0
DA:1666,0
DA:1669,0
DA:1670,0
DA:1673,0
DA:1676,0
DA:1677,0
DA:1678,0
DA:1681,0
DA:1682,0
DA:1684,0
DA:1687,0
DA:1688,0
DA:1689,0
DA:1690,0
DA:1695,0
DA:1696,0
DA:1699,0
DA:1700,0
DA:1704,0
DA:1705,0
DA:1707,0
DA:1708,0
DA:1715,0
DA:1716,0
DA:1717,0
DA:1718,0
DA:1724,0
DA:1729,0
DA:1730,0
DA:1733,0
DA:1744,0
DA:1751,0
DA:1760,0
DA:1761,0
DA:1762,0
DA:1765,0
DA:1766,0
DA:1767,0
DA:1768,0
DA:1773,0
DA:1774,0
DA:1775,0
DA:1776,0
DA:1780,0
DA:1781,0
DA:1783,0
DA:1784,0
DA:1788,0
DA:1790,0
DA:1829,0
DA:1830,0
DA:1838,0
DA:1839,0
DA:1842,0
DA:1843,0
DA:1844,0
DA:1845,0
DA:1847,0
DA:1851,0
DA:1852,0
DA:1853,0
DA:1854,0
DA:1855,0
DA:1858,0
DA:1859,0
DA:1860,0
DA:1864,0
DA:1865,0
DA:1866,0
DA:1867,0
DA:1868,0
DA:1869,0
DA:1872,0
DA:1876,0
DA:1878,0
DA:1883,0
DA:1884,0
DA:1885,0
DA:1886,0
DA:1888,0
DA:1892,0
DA:1893,0
DA:1894,0
DA:1895,0
DA:1897,0
DA:1900,0
DA:1901,0
DA:1903,0
DA:1910,0
DA:1911,0
DA:1914,0
DA:1916,0
DA:1917,0
DA:1918,0
DA:1919,0
DA:1920,0
DA:1930,0
DA:1931,0
DA:1934,0
DA:1935,0
DA:1936,0
DA:1943,0
DA:1944,0
DA:1945,0
DA:1948,0
DA:1949,0
DA:1950,0
DA:1951,0
DA:1952,0
DA:1953,0
DA:1955,0
DA:1959,0
DA:1960,0
DA:1967,0
DA:1968,0
DA:1975,0
DA:1976,0
DA:1983,0
DA:1984,0
DA:1989,0
DA:1990,0
DA:2017,0
DA:2018,0
DA:2026,0
DA:2028,0
DA:2029,0
DA:2031,0
DA:2033,0
DA:2034,0
DA:2035,0
DA:2036,0
DA:2037,0
DA:2040,0
DA:2041,0
DA:2042,0
DA:2045,0
DA:2046,0
DA:2047,0
DA:2048,0
DA:2049,0
DA:2052,0
DA:2056,0
DA:2057,0
DA:2065,0
DA:2067,0
DA:2068,0
DA:2072,0
DA:2075,0
DA:2077,0
DA:2079,0
DA:2080,0
DA:2090,0
DA:2092,0
DA:2093,0
DA:2094,0
DA:2098,0
DA:2099,0
DA:2100,0
DA:2101,0
DA:2105,0
DA:2106,0
DA:2112,0
DA:2113,0
DA:2115,0
DA:2116,0
DA:2118,0
DA:2119,0
DA:2132,0
DA:2133,0
DA:2142,0
DA:2143,0
DA:2144,0
DA:2145,0
DA:2148,0
DA:2149,0
DA:2150,0
DA:2153,0
DA:2154,0
DA:2155,0
DA:2156,0
DA:2159,0
DA:2160,0
DA:2161,0
DA:2162,0
DA:2163,0
DA:2167,0
DA:2169,0
DA:2170,0
DA:2171,0
DA:2172,0
DA:2176,0
DA:2177,0
DA:2181,0
DA:2183,0
DA:2185,0
DA:2186,0
DA:2198,0
DA:2199,0
DA:2207,0
DA:2209,0
DA:2210,0
DA:2213,0
DA:2214,0
DA:2219,0
DA:2222,0
DA:2225,0
DA:2226,0
DA:2227,0
DA:2231,0
DA:2233,0
DA:2235,0
DA:2236,0
DA:2244,0
DA:2245,0
DA:2248,0
DA:2249,0
DA:2250,0
DA:2255,0
DA:2257,0
DA:2259,0
DA:2269,0
DA:2271,0
DA:2273,0
DA:2274,0
DA:2278,0
DA:2279,0
DA:2280,0
DA:2282,0
DA:2286,0
DA:2287,0
DA:2289,0
DA:2293,0
DA:2303,0
DA:2311,0
DA:2319,0
DA:2327,0
DA:2342,0
DA:2345,0
DA:2352,0
DA:2360,0
DA:2366,0
DA:2371,0
DA:2375,0
DA:2378,0
DA:2379,0
DA:2390,0
DA:2397,0
DA:2404,0
DA:2411,0
DA:2419,0
DA:2426,0
DA:2438,0
DA:2445,0
DA:2446,0
DA:2456,0
DA:2457,0
DA:2459,0
DA:2460,0
DA:2461,0
DA:2463,0
DA:2468,0
DA:2469,0
DA:2472,0
DA:2475,0
DA:2476,0
DA:2477,0
DA:2479,0
DA:2483,0
DA:2484,0
DA:2485,0
DA:2489,0
DA:2490,0
DA:2491,0
DA:2492,0
DA:2494,0
DA:2495,0
DA:2499,0
DA:2500,0
DA:2501,0
DA:2504,0
DA:2506,0
DA:2507,0
LF:853
LH:0
BRDA:43,0,0,0
BRDA:45,1,0,0
BRDA:46,2,0,0
BRDA:47,3,0,0
BRDA:52,4,0,0
BRDA:52,4,1,0
BRDA:54,5,0,0
BRDA:54,5,1,0
BRDA:64,6,0,0
BRDA:64,6,1,0
BRDA:87,7,0,0
BRDA:87,7,1,0
BRDA:97,8,0,0
BRDA:97,8,1,0
BRDA:117,9,0,0
BRDA:117,9,1,0
BRDA:117,10,0,0
BRDA:117,10,1,0
BRDA:121,11,0,0
BRDA:121,11,1,0
BRDA:136,12,0,0
BRDA:138,13,0,0
BRDA:138,13,1,0
BRDA:138,14,0,0
BRDA:138,14,1,0
BRDA:141,15,0,0
BRDA:141,15,1,0
BRDA:141,16,0,0
BRDA:141,16,1,0
BRDA:156,17,0,0
BRDA:156,17,1,0
BRDA:161,18,0,0
BRDA:161,18,1,0
BRDA:161,19,0,0
BRDA:161,19,1,0
BRDA:174,20,0,0
BRDA:174,20,1,0
BRDA:177,21,0,0
BRDA:177,21,1,0
BRDA:204,22,0,0
BRDA:204,22,1,0
BRDA:237,23,0,0
BRDA:238,24,0,0
BRDA:242,25,0,0
BRDA:242,25,1,0
BRDA:260,26,0,0
BRDA:260,26,1,0
BRDA:260,27,0,0
BRDA:260,27,1,0
BRDA:260,27,2,0
BRDA:271,28,0,0
BRDA:271,28,1,0
BRDA:283,29,0,0
BRDA:283,29,1,0
BRDA:311,30,0,0
BRDA:311,30,1,0
BRDA:329,31,0,0
BRDA:329,31,1,0
BRDA:329,32,0,0
BRDA:329,32,1,0
BRDA:354,33,0,0
BRDA:363,34,0,0
BRDA:363,34,1,0
BRDA:371,35,0,0
BRDA:371,35,1,0
BRDA:378,36,0,0
BRDA:378,36,1,0
BRDA:403,37,0,0
BRDA:404,38,0,0
BRDA:404,39,0,0
BRDA:406,40,0,0
BRDA:406,40,1,0
BRDA:406,41,0,0
BRDA:406,41,1,0
BRDA:412,42,0,0
BRDA:412,42,1,0
BRDA:412,43,0,0
BRDA:412,43,1,0
BRDA:412,43,2,0
BRDA:412,43,3,0
BRDA:427,44,0,0
BRDA:427,44,1,0
BRDA:432,45,0,0
BRDA:432,45,1,0
BRDA:436,46,0,0
BRDA:436,46,1,0
BRDA:448,47,0,0
BRDA:448,47,1,0
BRDA:496,48,0,0
BRDA:496,49,0,0
BRDA:497,50,0,0
BRDA:497,51,0,0
BRDA:509,52,0,0
BRDA:509,52,1,0
BRDA:509,53,0,0
BRDA:509,53,1,0
BRDA:514,54,0,0
BRDA:514,54,1,0
BRDA:522,55,0,0
BRDA:522,55,1,0
BRDA:531,56,0,0
BRDA:531,56,1,0
BRDA:544,57,0,0
BRDA:544,57,1,0
BRDA:544,58,0,0
BRDA:544,58,1,0
BRDA:551,59,0,0
BRDA:551,59,1,0
BRDA:564,60,0,0
BRDA:564,60,1,0
BRDA:570,61,0,0
BRDA:570,61,1,0
BRDA:602,62,0,0
BRDA:602,62,1,0
BRDA:602,62,2,0
BRDA:602,62,3,0
BRDA:640,63,0,0
BRDA:640,63,1,0
BRDA:640,64,0,0
BRDA:640,64,1,0
BRDA:642,65,0,0
BRDA:642,65,1,0
BRDA:642,66,0,0
BRDA:642,66,1,0
BRDA:642,66,2,0
BRDA:659,67,0,0
BRDA:659,67,1,0
BRDA:659,68,0,0
BRDA:659,68,1,0
BRDA:661,69,0,0
BRDA:661,69,1,0
BRDA:661,70,0,0
BRDA:661,70,1,0
BRDA:661,70,2,0
BRDA:676,71,0,0
BRDA:676,71,1,0
BRDA:676,72,0,0
BRDA:676,72,1,0
BRDA:678,73,0,0
BRDA:678,73,1,0
BRDA:678,74,0,0
BRDA:678,74,1,0
BRDA:678,74,2,0
BRDA:740,75,0,0
BRDA:740,75,1,0
BRDA:740,76,0,0
BRDA:740,76,1,0
BRDA:746,77,0,0
BRDA:746,77,1,0
BRDA:757,78,0,0
BRDA:757,78,1,0
BRDA:759,79,0,0
BRDA:759,79,1,0
BRDA:763,80,0,0
BRDA:763,80,1,0
BRDA:796,81,0,0
BRDA:796,81,1,0
BRDA:820,82,0,0
BRDA:820,82,1,0
BRDA:840,83,0,0
BRDA:842,84,0,0
BRDA:843,85,0,0
BRDA:844,86,0,0
BRDA:860,87,0,0
BRDA:861,88,0,0
BRDA:861,89,0,0
BRDA:864,90,0,0
BRDA:864,90,1,0
BRDA:864,91,0,0
BRDA:864,91,1,0
BRDA:865,92,0,0
BRDA:865,92,1,0
BRDA:878,93,0,0
BRDA:878,93,1,0
BRDA:887,94,0,0
BRDA:887,94,1,0
BRDA:888,95,0,0
BRDA:888,95,1,0
BRDA:888,95,2,0
BRDA:901,96,0,0
BRDA:901,96,1,0
BRDA:902,97,0,0
BRDA:902,97,1,0
BRDA:902,97,2,0
BRDA:915,98,0,0
BRDA:915,98,1,0
BRDA:916,99,0,0
BRDA:916,99,1,0
BRDA:916,99,2,0
BRDA:916,99,3,0
BRDA:930,100,0,0
BRDA:930,100,1,0
BRDA:931,101,0,0
BRDA:931,101,1,0
BRDA:931,101,2,0
BRDA:931,101,3,0
BRDA:945,102,0,0
BRDA:945,102,1,0
BRDA:946,103,0,0
BRDA:946,103,1,0
BRDA:946,103,2,0
BRDA:946,103,3,0
BRDA:978,104,0,0
BRDA:978,104,1,0
BRDA:978,105,0,0
BRDA:978,105,1,0
BRDA:983,106,0,0
BRDA:983,106,1,0
BRDA:995,107,0,0
BRDA:995,107,1,0
BRDA:1029,108,0,0
BRDA:1029,108,1,0
BRDA:1030,109,0,0
BRDA:1030,109,1,0
BRDA:1032,110,0,0
BRDA:1032,110,1,0
BRDA:1034,111,0,0
BRDA:1034,111,1,0
BRDA:1036,112,0,0
BRDA:1036,112,1,0
BRDA:1041,113,0,0
BRDA:1041,113,1,0
BRDA:1048,114,0,0
BRDA:1048,114,1,0
BRDA:1067,115,0,0
BRDA:1067,115,1,0
BRDA:1067,116,0,0
BRDA:1067,116,1,0
BRDA:1068,117,0,0
BRDA:1068,117,1,0
BRDA:1068,118,0,0
BRDA:1068,118,1,0
BRDA:1072,119,0,0
BRDA:1072,119,1,0
BRDA:1072,120,0,0
BRDA:1072,120,1,0
BRDA:1074,121,0,0
BRDA:1074,121,1,0
BRDA:1075,122,0,0
BRDA:1075,122,1,0
BRDA:1080,123,0,0
BRDA:1080,123,1,0
BRDA:1080,124,0,0
BRDA:1080,124,1,0
BRDA:1082,125,0,0
BRDA:1082,125,1,0
BRDA:1083,126,0,0
BRDA:1083,126,1,0
BRDA:1088,127,0,0
BRDA:1088,127,1,0
BRDA:1088,128,0,0
BRDA:1088,128,1,0
BRDA:1144,129,0,0
BRDA:1144,129,1,0
BRDA:1149,130,0,0
BRDA:1149,130,1,0
BRDA:1149,131,0,0
BRDA:1149,131,1,0
BRDA:1173,132,0,0
BRDA:1173,132,1,0
BRDA:1178,133,0,0
BRDA:1178,133,1,0
BRDA:1248,134,0,0
BRDA:1248,134,1,0
BRDA:1248,135,0,0
BRDA:1248,135,1,0
BRDA:1250,136,0,0
BRDA:1250,136,1,0
BRDA:1250,136,2,0
BRDA:1252,137,0,0
BRDA:1252,137,1,0
BRDA:1293,138,0,0
BRDA:1294,139,0,0
BRDA:1294,139,1,0
BRDA:1294,140,0,0
BRDA:1294,140,1,0
BRDA:1302,141,0,0
BRDA:1302,141,1,0
BRDA:1316,142,0,0
BRDA:1316,142,1,0
BRDA:1316,143,0,0
BRDA:1316,143,1,0
BRDA:1330,144,0,0
BRDA:1330,144,1,0
BRDA:1332,145,0,0
BRDA:1332,145,1,0
BRDA:1405,146,0,0
BRDA:1405,146,1,0
BRDA:1425,147,0,0
BRDA:1425,147,1,0
BRDA:1436,148,0,0
BRDA:1436,148,1,0
BRDA:1464,149,0,0
BRDA:1464,149,1,0
BRDA:1521,150,0,0
BRDA:1521,150,1,0
BRDA:1533,151,0,0
BRDA:1533,151,1,0
BRDA:1571,152,0,0
BRDA:1571,152,1,0
BRDA:1571,153,0,0
BRDA:1571,153,1,0
BRDA:1580,154,0,0
BRDA:1580,154,1,0
BRDA:1583,155,0,0
BRDA:1583,155,1,0
BRDA:1583,156,0,0
BRDA:1583,156,1,0
BRDA:1591,157,0,0
BRDA:1591,157,1,0
BRDA:1591,158,0,0
BRDA:1591,158,1,0
BRDA:1593,159,0,0
BRDA:1593,159,1,0
BRDA:1593,160,0,0
BRDA:1593,160,1,0
BRDA:1607,161,0,0
BRDA:1607,161,1,0
BRDA:1607,162,0,0
BRDA:1607,162,1,0
BRDA:1619,163,0,0
BRDA:1636,164,0,0
BRDA:1636,164,1,0
BRDA:1651,165,0,0
BRDA:1651,165,1,0
BRDA:1651,166,0,0
BRDA:1651,166,1,0
BRDA:1655,167,0,0
BRDA:1655,167,1,0
BRDA:1665,168,0,0
BRDA:1665,168,1,0
BRDA:1669,169,0,0
BRDA:1669,169,1,0
BRDA:1676,170,0,0
BRDA:1676,170,1,0
BRDA:1676,171,0,0
BRDA:1676,171,1,0
BRDA:1688,172,0,0
BRDA:1688,172,1,0
BRDA:1688,173,0,0
BRDA:1688,173,1,0
BRDA:1688,173,2,0
BRDA:1695,174,0,0
BRDA:1695,174,1,0
BRDA:1715,175,0,0
BRDA:1715,175,1,0
BRDA:1729,176,0,0
BRDA:1729,176,1,0
BRDA:1766,177,0,0
BRDA:1766,177,1,0
BRDA:1774,178,0,0
BRDA:1774,178,1,0
BRDA:1780,179,0,0
BRDA:1780,179,1,0
BRDA:1783,180,0,0
BRDA:1783,180,1,0
BRDA:1791,181,0,0
BRDA:1791,181,1,0
BRDA:1791,181,2,0
BRDA:1851,182,0,0
BRDA:1851,182,1,0
BRDA:1854,183,0,0
BRDA:1854,183,1,0
BRDA:1858,184,0,0
BRDA:1858,184,1,0
BRDA:1864,185,0,0
BRDA:1864,185,1,0
BRDA:1866,186,0,0
BRDA:1866,186,1,0
BRDA:1867,187,0,0
BRDA:1867,187,1,0
BRDA:1910,188,0,0
BRDA:1910,188,1,0
BRDA:1930,189,0,0
BRDA:1930,189,1,0
BRDA:1948,190,0,0
BRDA:1948,190,1,0
BRDA:1948,191,0,0
BRDA:1948,191,1,0
BRDA:1948,191,2,0
BRDA:1950,192,0,0
BRDA:1950,192,1,0
BRDA:1950,193,0,0
BRDA:1950,193,1,0
BRDA:1952,194,0,0
BRDA:1952,194,1,0
BRDA:1952,195,0,0
BRDA:1952,195,1,0
BRDA:1959,196,0,0
BRDA:1959,196,1,0
BRDA:1967,197,0,0
BRDA:1967,197,1,0
BRDA:1975,198,0,0
BRDA:1975,198,1,0
BRDA:2025,199,0,0
BRDA:2031,200,0,0
BRDA:2031,200,1,0
BRDA:2053,201,0,0
BRDA:2053,201,1,0
BRDA:2089,202,0,0
BRDA:2092,203,0,0
BRDA:2092,203,1,0
BRDA:2099,204,0,0
BRDA:2099,204,1,0
BRDA:2131,205,0,0
BRDA:2142,206,0,0
BRDA:2142,206,1,0
BRDA:2153,207,0,0
BRDA:2153,207,1,0
BRDA:2159,208,0,0
BRDA:2159,208,1,0
BRDA:2167,209,0,0
BRDA:2167,209,1,0
BRDA:2167,210,0,0
BRDA:2167,210,1,0
BRDA:2171,211,0,0
BRDA:2171,211,1,0
BRDA:2171,212,0,0
BRDA:2171,212,1,0
BRDA:2176,213,0,0
BRDA:2176,213,1,0
BRDA:2181,214,0,0
BRDA:2181,214,1,0
BRDA:2209,215,0,0
BRDA:2209,215,1,0
BRDA:2209,216,0,0
BRDA:2209,216,1,0
BRDA:2213,217,0,0
BRDA:2213,217,1,0
BRDA:2269,218,0,0
BRDA:2269,218,1,0
BRDA:2273,219,0,0
BRDA:2273,219,1,0
BRDA:2273,220,0,0
BRDA:2273,220,1,0
BRDA:2331,221,0,0
BRDA:2331,221,1,0
BRDA:2352,222,0,0
BRDA:2360,223,0,0
BRDA:2378,224,0,0
BRDA:2378,224,1,0
BRDA:2403,225,0,0
BRDA:2418,226,0,0
BRDA:2455,227,0,0
BRDA:2468,228,0,0
BRDA:2468,228,1,0
BRDA:2468,229,0,0
BRDA:2468,229,1,0
BRDA:2475,230,0,0
BRDA:2475,230,1,0
BRDA:2475,231,0,0
BRDA:2475,231,1,0
BRDA:2476,232,0,0
BRDA:2476,232,1,0
BRDA:2483,233,0,0
BRDA:2483,233,1,0
BRDA:2483,234,0,0
BRDA:2483,234,1,0
BRDA:2489,235,0,0
BRDA:2489,235,1,0
BRDA:2499,236,0,0
BRDA:2499,236,1,0
BRF:462
BRH:0
end_of_record
TN:
SF:src/constants.gs
FN:102,(anonymous_0)
FN:113,(anonymous_1)
FN:124,(anonymous_2)
FN:152,(anonymous_3)
FNF:4
FNH:0
FNDA:0,(anonymous_0)
FNDA:0,(anonymous_1)
FNDA:0,(anonymous_2)
FNDA:0,(anonymous_3)
DA:2,0
DA:13,0
DA:53,0
DA:63,0
DA:96,0
DA:103,0
DA:104,0
DA:105,0
DA:114,0
DA:115,0
DA:125,0
DA:127,0
DA:130,0
DA:131,0
DA:135,0
DA:136,0
DA:140,0
DA:141,0
DA:144,0
DA:153,0
DA:154,0
DA:157,0
DA:158,0
DA:160,0
DA:164,0
DA:165,0
DA:166,0
DA:167,0
DA:171,0
DA:172,0
DA:175,0
DA:176,0
DA:177,0
DA:179,0
DA:184,0
DA:185,0
DA:186,0
DA:188,0
DA:189,0
DA:190,0
DA:192,0
DA:197,0
DA:209,0
DA:295,0
DA:296,0
DA:300,0
DA:301,0
LF:47
LH:0
BRDA:103,0,0,0
BRDA:103,0,1,0
BRDA:103,1,0,0
BRDA:103,1,1,0
BRDA:104,2,0,0
BRDA:104,2,1,0
BRDA:114,3,0,0
BRDA:114,3,1,0
BRDA:114,4,0,0
BRDA:114,4,1,0
BRDA:124,5,0,0
BRDA:125,6,0,0
BRDA:125,6,1,0
BRDA:125,7,0,0
BRDA:125,7,1,0
BRDA:130,8,0,0
BRDA:130,8,1,0
BRDA:135,9,0,0
BRDA:135,9,1,0
BRDA:140,10,0,0
BRDA:140,10,1,0
BRDA:157,11,0,0
BRDA:157,11,1,0
BRDA:164,12,0,0
BRDA:164,12,1,0
BRDA:164,13,0,0
BRDA:164,13,1,0
BRDA:166,14,0,0
BRDA:166,14,1,0
BRDA:171,15,0,0
BRDA:171,15,1,0
BRDA:175,16,0,0
BRDA:175,16,1,0
BRDA:176,17,0,0
BRDA:176,17,1,0
BRDA:184,18,0,0
BRDA:184,18,1,0
BRDA:185,19,0,0
BRDA:185,19,1,0
BRF:39
BRH:0
end_of_record
TN:
SF:src/database.gs
FN:39,(anonymous_0)
FN:85,(anonymous_1)
FN:181,(anonymous_2)
FN:237,(anonymous_3)
FN:273,(anonymous_4)
FN:329,(anonymous_5)
FN:369,logAccountDeletion
FN:412,(anonymous_7)
FN:533,deleteUserAccountByAdmin
FN:548,(anonymous_9)
FN:609,(anonymous_10)
FN:689,canDeleteUser
FN:709,getDeletionLogs
FN:730,(anonymous_13)
FN:754,(anonymous_14)
FN:777,getSheetsService
FN:817,fixUserDataConsistency
FN:893,updateUser
FN:930,(anonymous_18)
FN:985,(anonymous_19)
FN:994,(anonymous_20)
FN:1000,(anonymous_21)
FN:1116,initializeDatabaseSheet
FN:1123,(anonymous_23)
FN:1187,handleMissingUser
FN:1234,createSheetsService
FN:1240,(anonymous_26)
FN:1263,(anonymous_27)
FN:1295,batchGetSheetsData
FN:1342,(anonymous_29)
FN:1371,(anonymous_30)
FN:1432,(anonymous_31)
FN:1463,batchUpdateSheetsData
FN:1501,appendSheetsData
FN:1526,getSpreadsheetsData
FN:1630,(anonymous_35)
FN:1650,updateSheetsData
FN:1674,diagnoseDatabase
FN:1733,(anonymous_38)
FN:1846,checkCacheStatus
FN:1896,verifyServiceAccountPermissions
FN:2046,performAutoRepair
FN:2137,performDataIntegrityCheck
FN:2282,checkForDuplicates
FN:2333,checkMissingRequiredFields
FN:2368,checkInvalidDataFormats
FN:2412,checkOrphanedData
FN:2450,performDataIntegrityFix
FN:2507,getDbSheet
FN:2533,performSystemMonitoring
FN:2655,performHealthCheck
FN:2758,performPerformanceCheck
FN:2811,performSecurityCheck
FN:2880,sendSystemAlert
FN:2950,logSystemEvent
FN:2972,deleteUserAccount
FN:3099,getEmailDomain
FN:3108,findUserByIdFresh
FN:3146,(anonymous_58)
FN:3172,fetchUserFromDatabase
FNF:60
FNH:0
FNDA:0,(anonymous_0)
FNDA:0,(anonymous_1)
FNDA:0,(anonymous_2)
FNDA:0,(anonymous_3)
FNDA:0,(anonymous_4)
FNDA:0,(anonymous_5)
FNDA:0,logAccountDeletion
FNDA:0,(anonymous_7)
FNDA:0,deleteUserAccountByAdmin
FNDA:0,(anonymous_9)
FNDA:0,(anonymous_10)
FNDA:0,canDeleteUser
FNDA:0,getDeletionLogs
FNDA:0,(anonymous_13)
FNDA:0,(anonymous_14)
FNDA:0,getSheetsService
FNDA:0,fixUserDataConsistency
FNDA:0,updateUser
FNDA:0,(anonymous_18)
FNDA:0,(anonymous_19)
FNDA:0,(anonymous_20)
FNDA:0,(anonymous_21)
FNDA:0,initializeDatabaseSheet
FNDA:0,(anonymous_23)
FNDA:0,handleMissingUser
FNDA:0,createSheetsService
FNDA:0,(anonymous_26)
FNDA:0,(anonymous_27)
FNDA:0,batchGetSheetsData
FNDA:0,(anonymous_29)
FNDA:0,(anonymous_30)
FNDA:0,(anonymous_31)
FNDA:0,batchUpdateSheetsData
[...]
FNDA:0,forceUrlSystemReset
FNDA:0,reportClientError
FNDA:0,addSpreadsheetUrl
FNDA:0,resetUserAuthentication
FNDA:0,testForceLogoutRedirect
FNDA:0,verifyUserAuthentication
FNDA:0,forceLogoutAndRedirectToLogin
FNDA:0,getPublishedSheetData
FNDA:0,testSetup
DA:2,0
DA:8,0
DA:19,0
DA:21,0
DA:22,0
DA:24,0
DA:35,0
DA:37,0
DA:40,0
DA:41,0
DA:43,0
DA:44,0
DA:45,0
DA:49,0
DA:51,0
DA:52,0
DA:53,0
DA:55,0
DA:56,0
DA:57,0
DA:58,0
DA:59,0
DA:63,0
DA:69,0
DA:71,0
DA:72,0
DA:76,0
DA:77,0
DA:81,0
DA:82,0
DA:83,0
DA:84,0
DA:87,0
DA:88,0
DA:89,0
DA:90,0
DA:91,0
DA:92,0
DA:94,0
DA:98,0
DA:104,0
DA:106,0
DA:107,0
DA:111,0
DA:112,0
DA:120,0
DA:123,0
DA:124,0
DA:125,0
DA:128,0
DA:133,0
DA:134,0
DA:139,0
DA:141,0
DA:142,0
DA:144,0
DA:151,0
DA:152,0
DA:159,0
DA:161,0
DA:162,0
DA:166,0
DA:168,0
DA:169,0
DA:176,0
DA:179,0
DA:180,0
DA:182,0
DA:183,0
DA:186,0
DA:187,0
DA:189,0
DA:192,0
DA:193,0
DA:194,0
DA:195,0
DA:198,0
DA:202,0
DA:204,0
DA:211,0
DA:212,0
DA:222,0
DA:223,0
DA:224,0
DA:225,0
DA:227,0
DA:228,0
DA:230,0
DA:231,0
DA:249,0
DA:250,0
DA:251,0
DA:252,0
DA:253,0
DA:260,0
DA:261,0
DA:262,0
DA:264,0
DA:265,0
DA:268,0
DA:269,0
DA:271,0
DA:279,0
DA:285,0
DA:286,0
DA:298,0
DA:299,0
DA:300,0
DA:302,0
DA:309,0
DA:310,0
DA:312,0
DA:313,0
DA:314,0
DA:319,0
DA:320,0
DA:324,0
DA:332,0
DA:333,0
DA:344,0
DA:345,0
DA:346,0
DA:348,0
DA:349,0
DA:352,0
DA:355,0
DA:356,0
DA:358,0
DA:367,0
DA:368,0
DA:381,0
DA:382,0
DA:385,0
DA:386,0
DA:387,0
DA:388,0
DA:390,0
DA:391,0
DA:392,0
DA:393,0
DA:394,0
DA:395,0
DA:396,0
DA:403,0
DA:406,0
DA:412,0
DA:414,0
DA:415,0
DA:423,0
DA:424,0
DA:425,0
DA:426,0
DA:430,0
DA:431,0
DA:433,0
DA:434,0
DA:438,0
DA:439,0
DA:440,0
DA:441,0
DA:443,0
DA:447,0
DA:453,0
DA:455,0
DA:456,0
DA:472,0
DA:473,0
DA:475,0
DA:476,0
DA:486,0
DA:487,0
DA:499,0
DA:577,0
DA:578,0
DA:579,0
DA:581,0
DA:590,0
DA:593,0
DA:600,0
DA:606,0
DA:607,0
DA:609,0
DA:610,0
DA:620,0
DA:621,0
DA:623,0
DA:636,0
DA:638,0
DA:639,0
DA:641,0
DA:645,0
DA:647,0
DA:658,0
DA:660,0
DA:661,0
DA:662,0
DA:663,0
DA:667,0
DA:676,0
DA:690,0
DA:691,0
DA:692,0
DA:702,0
DA:703,0
DA:704,0
DA:705,0
DA:706,0
DA:707,0
DA:708,0
DA:710,0
DA:711,0
DA:713,0
DA:723,0
DA:724,0
DA:725,0
DA:727,0
DA:728,0
DA:744,0
DA:746,0
DA:749,0
DA:750,0
DA:751,0
DA:753,0
DA:757,0
DA:758,0
DA:768,0
DA:769,0
DA:770,0
DA:771,0
DA:775,0
DA:776,0
DA:787,0
DA:788,0
DA:789,0
DA:791,0
DA:792,0
DA:795,0
DA:796,0
DA:797,0
DA:799,0
DA:801,0
DA:804,0
DA:805,0
DA:806,0
DA:809,0
DA:810,0
DA:812,0
DA:813,0
DA:816,0
DA:817,0
DA:818,0
DA:820,0
DA:821,0
DA:822,0
DA:825,0
DA:826,0
DA:827,0
DA:828,0
DA:829,0
DA:830,0
DA:833,0
DA:834,0
DA:835,0
DA:836,0
DA:837,0
DA:838,0
DA:839,0
DA:841,0
DA:842,0
DA:843,0
DA:847,0
DA:848,0
DA:851,0
DA:852,0
DA:854,0
DA:857,0
DA:858,0
DA:859,0
DA:860,0
DA:863,0
DA:864,0
DA:865,0
DA:866,0
DA:870,0
DA:871,0
DA:872,0
DA:873,0
DA:874,0
DA:877,0
DA:878,0
DA:881,0
DA:886,0
DA:887,0
DA:902,0
DA:903,0
DA:904,0
DA:905,0
DA:908,0
DA:911,0
DA:912,0
DA:913,0
DA:914,0
DA:918,0
DA:919,0
DA:920,0
DA:922,0
DA:923,0
DA:927,0
DA:932,0
DA:939,0
DA:946,0
DA:947,0
DA:966,0
DA:981,0
DA:982,0
DA:1000,0
DA:1001,0
DA:1004,0
DA:1005,0
DA:1006,0
DA:1010,0
DA:1012,0
DA:1015,0
DA:1016,0
DA:1021,0
DA:1022,0
DA:1024,0
DA:1028,0
DA:1029,0
DA:1030,0
DA:1031,0
DA:1035,0
DA:1036,0
DA:1040,0
DA:1041,0
DA:1045,0
DA:1047,0
DA:1054,0
DA:1055,0
DA:1058,0
DA:1061,0
DA:1062,0
DA:1063,0
DA:1064,0
DA:1066,0
DA:1067,0
DA:1071,0
DA:1072,0
DA:1075,0
DA:1077,0
DA:1085,0
DA:1086,0
DA:1096,0
DA:1097,0
DA:1100,0
DA:1101,0
DA:1105,0
DA:1112,0
DA:1114,0
DA:1115,0
DA:1118,0
DA:1132,0
DA:1133,0
DA:1134,0
DA:1136,0
DA:1137,0
DA:1147,0
DA:1148,0
DA:1149,0
DA:1151,0
DA:1152,0
DA:1162,0
DA:1163,0
DA:1164,0
DA:1166,0
DA:1167,0
DA:1178,0
DA:1179,0
DA:1180,0
DA:1181,0
DA:1183,0
DA:1185,0
DA:1186,0
DA:1195,0
DA:1196,0
DA:1197,0
DA:1199,0
DA:1200,0
DA:1209,0
DA:1210,0
DA:1211,0
DA:1212,0
DA:1219,0
DA:1220,0
DA:1229,0
DA:1230,0
DA:1231,0
DA:1237,0
DA:1238,0
DA:1250,0
DA:1251,0
DA:1252,0
DA:1258,0
DA:1259,0
DA:1267,0
DA:1268,0
DA:1269,0
DA:1276,0
DA:1277,0
DA:1278,0
DA:1280,0
DA:1281,0
DA:1287,0
DA:1293,0
DA:1294,0
LF:415
LH:0
BRDA:43,0,0,0
BRDA:43,0,1,0
BRDA:49,1,0,0
BRDA:49,1,1,0
BRDA:49,1,2,0
BRDA:49,1,3,0
BRDA:52,2,0,0
BRDA:52,2,1,0
BRDA:57,3,0,0
BRDA:57,3,1,0
BRDA:65,4,0,0
BRDA:65,4,1,0
BRDA:66,5,0,0
BRDA:66,5,1,0
BRDA:82,6,0,0
BRDA:82,6,1,0
BRDA:89,7,0,0
BRDA:89,7,1,0
BRDA:91,8,0,0
BRDA:91,8,1,0
BRDA:100,9,0,0
BRDA:100,9,1,0
BRDA:101,10,0,0
BRDA:101,10,1,0
BRDA:125,11,0,0
BRDA:125,11,1,0
BRDA:142,12,0,0
BRDA:142,12,1,0
BRDA:161,13,0,0
BRDA:161,13,1,0
BRDA:189,14,0,0
BRDA:189,14,1,0
BRDA:189,15,0,0
BRDA:189,15,1,0
BRDA:193,16,0,0
BRDA:193,16,1,0
BRDA:193,17,0,0
BRDA:193,17,1,0
BRDA:202,18,0,0
BRDA:202,18,1,0
BRDA:253,19,0,0
BRDA:253,19,1,0
BRDA:253,19,2,0
BRDA:264,20,0,0
BRDA:264,20,1,0
BRDA:315,21,0,0
BRDA:315,21,1,0
BRDA:316,22,0,0
BRDA:316,22,1,0
BRDA:319,23,0,0
BRDA:319,23,1,0
BRDA:319,24,0,0
BRDA:319,24,1,0
BRDA:348,25,0,0
BRDA:348,25,1,0
BRDA:356,26,0,0
BRDA:356,26,1,0
BRDA:363,27,0,0
BRDA:363,27,1,0
BRDA:364,28,0,0
BRDA:364,28,1,0
BRDA:386,29,0,0
BRDA:386,29,1,0
BRDA:390,30,0,0
BRDA:390,30,1,0
BRDA:394,31,0,0
BRDA:394,31,1,0
BRDA:399,32,0,0
BRDA:399,32,1,0
BRDA:400,33,0,0
BRDA:400,33,1,0
BRDA:425,34,0,0
BRDA:425,34,1,0
BRDA:433,35,0,0
BRDA:433,35,1,0
BRDA:439,36,0,0
BRDA:439,36,1,0
BRDA:440,37,0,0
BRDA:440,37,1,0
BRDA:449,38,0,0
BRDA:449,38,1,0
BRDA:450,39,0,0
BRDA:450,39,1,0
BRDA:579,40,0,0
BRDA:579,40,1,0
BRDA:621,41,0,0
BRDA:621,41,1,0
BRDA:636,42,0,0
BRDA:636,42,1,0
BRDA:636,43,0,0
BRDA:636,43,1,0
BRDA:641,44,0,0
BRDA:641,44,1,0
BRDA:641,44,2,0
BRDA:645,45,0,0
BRDA:645,45,1,0
BRDA:658,46,0,0
BRDA:658,46,1,0
BRDA:661,47,0,0
BRDA:661,47,1,0
BRDA:662,48,0,0
BRDA:662,48,1,0
BRDA:662,49,0,0
BRDA:662,49,1,0
BRDA:690,50,0,0
BRDA:690,50,1,0
BRDA:702,51,0,0
BRDA:702,51,1,0
BRDA:703,52,0,0
BRDA:703,52,1,0
BRDA:704,53,0,0
BRDA:704,53,1,0
BRDA:705,54,0,0
BRDA:705,54,1,0
BRDA:706,55,0,0
BRDA:706,55,1,0
BRDA:707,56,0,0
BRDA:707,56,1,0
BRDA:708,57,0,0
BRDA:708,57,1,0
BRDA:750,58,0,0
BRDA:750,58,1,0
BRDA:767,59,0,0
BRDA:789,60,0,0
BRDA:789,60,1,0
BRDA:809,61,0,0
BRDA:809,61,1,0
BRDA:810,62,0,0
BRDA:810,62,1,0
BRDA:812,63,0,0
BRDA:812,63,1,0
BRDA:813,64,0,0
BRDA:813,64,1,0
BRDA:816,65,0,0
BRDA:816,65,1,0
BRDA:817,66,0,0
BRDA:817,66,1,0
BRDA:818,67,0,0
BRDA:818,67,1,0
BRDA:834,68,0,0
BRDA:834,68,1,0
BRDA:834,69,0,0
BRDA:834,69,1,0
BRDA:839,70,0,0
BRDA:839,70,1,0
BRDA:848,71,0,0
BRDA:848,71,1,0
BRDA:851,72,0,0
BRDA:851,72,1,0
BRDA:864,73,0,0
BRDA:864,73,1,0
BRDA:865,74,0,0
BRDA:865,74,1,0
BRDA:871,75,0,0
BRDA:871,75,1,0
BRDA:903,76,0,0
BRDA:903,76,1,0
BRDA:912,77,0,0
BRDA:912,77,1,0
BRDA:920,78,0,0
BRDA:920,78,1,0
BRDA:928,79,0,0
BRDA:928,79,1,0
BRDA:942,80,0,0
BRDA:942,80,1,0
BRDA:999,81,0,0
BRDA:999,82,0,0
BRDA:1005,83,0,0
BRDA:1005,83,1,0
BRDA:1010,84,0,0
BRDA:1010,84,1,0
BRDA:1015,85,0,0
BRDA:1015,85,1,0
BRDA:1015,86,0,0
BRDA:1015,86,1,0
BRDA:1030,87,0,0
BRDA:1030,87,1,0
BRDA:1035,88,0,0
BRDA:1035,88,1,0
BRDA:1040,89,0,0
BRDA:1040,89,1,0
BRDA:1040,90,0,0
BRDA:1040,90,1,0
BRDA:1054,91,0,0
BRDA:1054,91,1,0
BRDA:1054,92,0,0
BRDA:1054,92,1,0
BRDA:1071,93,0,0
BRDA:1071,93,1,0
BRDA:1095,94,0,0
BRDA:1097,95,0,0
BRDA:1097,95,1,0
BRDA:1100,96,0,0
BRDA:1100,96,1,0
BRDA:1100,97,0,0
BRDA:1100,97,1,0
BRDA:1101,98,0,0
BRDA:1101,98,1,0
BRDA:1109,99,0,0
BRDA:1109,99,1,0
BRDA:1114,100,0,0
BRDA:1114,100,1,0
BRDA:1114,101,0,0
BRDA:1114,101,1,0
BRDA:1180,102,0,0
BRDA:1180,102,1,0
BRDA:1215,103,0,0
BRDA:1215,103,1,0
BRDA:1216,104,0,0
BRDA:1216,104,1,0
BRDA:1249,105,0,0
BRDA:1268,106,0,0
BRDA:1268,106,1,0
BRDA:1280,107,0,0
BRDA:1280,107,1,0
BRF:215
BRH:0
end_of_record
TN:
SF:src/monitoring.gs
FN:16,(anonymous_0)
FN:25,(anonymous_1)
FN:37,(anonymous_2)
FN:87,(anonymous_3)
FN:88,(anonymous_4)
FN:89,(anonymous_5)
FN:111,(anonymous_6)
FN:147,getSystemStatus
FN:212,initializeHealthChecks
FN:216,(anonymous_9)
FN:231,(anonymous_10)
FN:245,(anonymous_11)
FN:260,(anonymous_12)
FN:274,(anonymous_13)
FN:291,getMonitoringDashboard
FN:331,getRecentErrors
FN:345,runScheduledHealthCheck
FN:348,(anonymous_17)
FN:352,(anonymous_18)
FNF:19
FNH:0
FNDA:0,(anonymous_0)
FNDA:0,(anonymous_1)
FNDA:0,(anonymous_2)
FNDA:0,(anonymous_3)
FNDA:0,(anonymous_4)
FNDA:0,(anonymous_5)
FNDA:0,(anonymous_6)
FNDA:0,getSystemStatus
FNDA:0,initializeHealthChecks
FNDA:0,(anonymous_9)
FNDA:0,(anonymous_10)
FNDA:0,(anonymous_11)
FNDA:0,(anonymous_12)
FNDA:0,(anonymous_13)
FNDA:0,getMonitoringDashboard
FNDA:0,getRecentErrors
FNDA:0,runScheduledHealthCheck
FNDA:0,(anonymous_17)
FNDA:0,(anonymous_18)
DA:2,0
DA:17,0
DA:18,0
DA:19,0
DA:26,0
DA:38,0
DA:39,0
DA:40,0
DA:42,0
DA:43,0
DA:44,0
DA:45,0
DA:46,0
DA:47,0
DA:49,0
DA:51,0
DA:52,0
DA:53,0
DA:54,0
DA:57,0
DA:58,0
DA:64,0
DA:65,0
DA:70,0
DA:71,0
DA:73,0
DA:80,0
DA:81,0
DA:88,0
DA:89,0
DA:90,0
DA:93,0
DA:94,0
DA:95,0
DA:96,0
DA:102,0
DA:103,0
DA:112,0
DA:113,0
DA:114,0
DA:115,0
DA:117,0
DA:118,0
DA:120,0
DA:121,0
DA:123,0
DA:124,0
DA:126,0
DA:127,0
DA:131,0
DA:142,0
DA:149,0
DA:150,0
DA:153,0
DA:154,0
DA:162,0
DA:164,0
DA:165,0
DA:173,0
DA:180,0
DA:187,0
DA:194,0
DA:195,0
DA:200,0
DA:201,0
DA:214,0
DA:217,0
DA:218,0
DA:219,0
DA:220,0
DA:222,0
DA:229,0
DA:232,0
DA:233,0
DA:234,0
DA:236,0
DA:243,0
DA:246,0
DA:247,0
DA:248,0
DA:249,0
DA:251,0
DA:258,0
DA:261,0
DA:262,0
DA:263,0
DA:265,0
DA:272,0
DA:275,0
DA:276,0
DA:277,0
DA:279,0
DA:285,0
DA:292,0
DA:293,0
DA:296,0
DA:316,0
DA:317,0
DA:318,0
DA:320,0
DA:321,0
DA:332,0
DA:333,0
DA:334,0
DA:335,0
DA:337,0
DA:338,0
DA:346,0
DA:349,0
DA:350,0
DA:353,0
DA:354,0
DA:363,0
DA:364,0
DA:365,0
DA:367,0
LF:116
LH:0
BRDA:25,0,0,0
BRDA:28,1,0,0
BRDA:28,1,1,0
BRDA:29,2,0,0
BRDA:29,2,1,0
BRDA:30,3,0,0
BRDA:30,3,1,0
BRDA:51,4,0,0
BRDA:51,4,1,0
BRDA:51,5,0,0
BRDA:51,5,1,0
BRDA:53,6,0,0
BRDA:53,6,1,0
BRDA:53,7,0,0
BRDA:53,7,1,0
BRDA:64,8,0,0
BRDA:64,8,1,0
BRDA:97,9,0,0
BRDA:97,9,1,0
BRDA:98,10,0,0
BRDA:98,10,1,0
BRDA:98,11,0,0
BRDA:98,11,1,0
BRDA:118,12,0,0
BRDA:118,12,1,0
BRDA:118,12,2,0
BRDA:149,13,0,0
BRDA:149,13,1,0
BRDA:169,14,0,0
BRDA:169,14,1,0
BRDA:174,15,0,0
BRDA:174,15,1,0
BRDA:175,16,0,0
BRDA:175,16,1,0
BRDA:176,17,0,0
BRDA:176,17,1,0
BRDA:182,18,0,0
BRDA:182,18,1,0
BRDA:189,19,0,0
BRDA:189,19,1,0
BRDA:234,20,0,0
BRDA:234,20,1,0
BRDA:234,20,2,0
BRDA:247,21,0,0
BRDA:247,21,1,0
BRDA:299,22,0,0
BRDA:299,22,1,0
BRDA:305,23,0,0
BRDA:305,23,1,0
BRDA:306,24,0,0
BRDA:306,24,1,0
BRDA:334,25,0,0
BRDA:334,25,1,0
BRF:53
BRH:0
end_of_record
TN:
SF:src/security.gs
FN:26,getServiceAccountTokenCached
FN:37,generateNewServiceAccountToken
FN:117,clearServiceAccountTokenCache
FN:126,getServiceAccountEmail
FN:140,getServiceAccountDiagnostics
FN:231,formatServiceAccountDiagnostics
FN:253,(anonymous_6)
FN:260,(anonymous_7)
FN:268,getStatusIcon
FN:284,verifyAdminAccess
FN:370,updateUserLastAccess
FN:392,getSetupStatusFromConfig
FN:427,(anonymous_12)
FN:440,(anonymous_13)
FN:476,(anonymous_14)
FN:499,(anonymous_15)
FN:524,(anonymous_16)
FN:535,(anonymous_17)
FN:549,(anonymous_18)
FN:560,(anonymous_19)
FN:584,(anonymous_20)
FN:601,(anonymous_21)
FN:614,(anonymous_22)
FN:638,secureMultiTenantCacheOperation
FN:658,(anonymous_24)
FN:660,(anonymous_25)
FN:666,(anonymous_26)
FN:672,(anonymous_27)
FN:702,performMultiTenantHealthCheck
FN:761,performComprehensiveSecurityHealthCheck
FN:935,checkAuthenticationHealth
FN:981,checkDatabaseHealth
FN:1010,(anonymous_32)
FN:1050,getSecurityMetrics
FN:1093,runScheduledSecurityHealthCheck
FN:1123,addServiceAccountToSpreadsheet
FN:1135,(anonymous_36)
FN:1162,shareSpreadsheetWithServiceAccount
FN:1174,(anonymous_38)
FN:1221,buildUserScopedKey
FN:1238,getSecureServiceAccountCreds
FN:1257,getSecureDatabaseId
FNF:42
FNH:0
FNDA:0,getServiceAccountTokenCached
FNDA:0,generateNewServiceAccountToken
FNDA:0,clearServiceAccountTokenCache
FNDA:0,getServiceAccountEmail
FNDA:0,getServiceAccountDiagnostics
FNDA:0,formatServiceAccountDiagnostics
FNDA:0,(anonymous_6)
FNDA:0,(anonymous_7)
FNDA:0,getStatusIcon
FNDA:0,verifyAdminAccess
FNDA:0,updateUserLastAccess
FNDA:0,getSetupStatusFromConfig
FNDA:0,(anonymous_12)
FNDA:0,(anonymous_13)
FNDA:0,(anonymous_14)
FNDA:0,(anonymous_15)
FNDA:0,(anonymous_16)
FNDA:0,(anonymous_17)
FNDA:0,(anonymous_18)
FNDA:0,(anonymous_19)
FNDA:0,(anonymous_20)
FNDA:0,(anonymous_21)
FNDA:0,(anonymous_22)
FNDA:0,secureMultiTenantCacheOperation
FNDA:0,(anonymous_24)
FNDA:0,(anonymous_25)
FNDA:0,(anonymous_26)
FNDA:0,(anonymous_27)
FNDA:0,performMultiTenantHealthCheck
FNDA:0,performComprehensiveSecurityHealthCheck
FNDA:0,checkAuthenticationHealth
FNDA:0,checkDatabaseHealth
FNDA:0,(anonymous_32)
FNDA:0,getSecurityMetrics
FNDA:0,runScheduledSecurityHealthCheck
FNDA:0,addServiceAccountToSpreadsheet
FNDA:0,(anonymous_36)
FNDA:0,shareSpreadsheetWithServiceAccount
FNDA:0,(anonymous_38)
FNDA:0,buildUserScopedKey
FNDA:0,getSecureServiceAccountCreds
FNDA:0,getSecureDatabaseId
DA:2,0
DA:15,0
DA:27,0
DA:39,0
DA:41,0
DA:42,0
DA:43,0
DA:45,0
DA:46,0
DA:49,0
DA:50,0
DA:58,0
DA:59,0
DA:60,0
DA:61,0
DA:62,0
DA:63,0
DA:66,0
DA:77,0
DA:78,0
DA:81,0
DA:82,0
DA:83,0
DA:84,0
DA:85,0
DA:88,0
DA:89,0
DA:90,0
DA:91,0
DA:92,0
DA:93,0
DA:94,0
DA:96,0
DA:99,0
DA:102,0
DA:103,0
DA:104,0
DA:105,0
DA:110,0
DA:111,0
DA:118,0
DA:119,0
DA:127,0
DA:128,0
DA:129,0
DA:131,0
DA:132,0
DA:141,0
DA:161,0
DA:163,0
DA:164,0
DA:165,0
DA:166,0
DA:167,0
DA:170,0
DA:171,0
DA:172,0
DA:173,0
DA:174,0
DA:175,0
DA:178,0
DA:182,0
DA:183,0
DA:184,0
DA:185,0
DA:189,0
DA:190,0
DA:191,0
DA:193,0
DA:196,0
DA:197,0
DA:198,0
DA:203,0
DA:207,0
DA:208,0
DA:209,0
DA:210,0
DA:212,0
DA:213,0
DA:214,0
DA:219,0
DA:220,0
DA:223,0
DA:224,0
DA:232,0
DA:234,0
DA:235,0
DA:236,0
DA:238,0
DA:239,0
DA:240,0
DA:241,0
DA:242,0
DA:244,0
DA:245,0
DA:247,0
DA:248,0
DA:251,0
DA:252,0
DA:253,0
DA:254,0
DA:258,0
DA:259,0
DA:260,0
DA:261,0
DA:265,0
DA:269,0
DA:270,0
DA:271,0
DA:272,0
DA:273,0
DA:274,0
DA:285,0
DA:287,0
DA:288,0
DA:289,0
DA:293,0
DA:294,0
DA:295,0
DA:296,0
DA:299,0
DA:302,0
DA:305,0
DA:308,0
DA:309,0
DA:310,0
DA:314,0
DA:315,0
DA:319,0
DA:324,0
DA:327,0
DA:328,0
DA:331,0
DA:334,0
DA:336,0
DA:345,0
DA:346,0
DA:347,0
DA:349,0
DA:358,0
DA:361,0
DA:362,0
DA:371,0
DA:372,0
DA:373,0
DA:374,0
DA:377,0
DA:378,0
DA:381,0
DA:383,0
DA:393,0
DA:394,0
DA:395,0
DA:398,0
DA:401,0
DA:402,0
DA:407,0
DA:408,0
DA:411,0
DA:413,0
DA:414,0
DA:428,0
DA:429,0
DA:430,0
DA:441,0
DA:442,0
DA:443,0
DA:447,0
DA:448,0
DA:449,0
DA:453,0
DA:454,0
DA:455,0
DA:456,0
DA:460,0
DA:466,0
DA:477,0
DA:484,0
DA:485,0
DA:486,0
DA:489,0
DA:500,0
DA:501,0
DA:505,0
DA:506,0
DA:508,0
DA:509,0
DA:510,0
DA:514,0
DA:516,0
DA:525,0
DA:528,0
DA:534,0
DA:536,0
DA:552,0
DA:561,0
DA:563,0
DA:571,0
DA:574,0
DA:575,0
DA:585,0
DA:587,0
DA:594,0
DA:604,0
DA:615,0
DA:627,0
DA:640,0
DA:641,0
DA:642,0
DA:646,0
DA:647,0
DA:651,0
DA:654,0
DA:655,0
DA:657,0
DA:658,0
DA:660,0
DA:664,0
DA:665,0
DA:666,0
DA:671,0
DA:672,0
DA:677,0
DA:680,0
DA:686,0
DA:703,0
DA:711,0
DA:713,0
DA:714,0
DA:715,0
DA:716,0
DA:720,0
DA:721,0
DA:723,0
DA:724,0
DA:725,0
DA:726,0
DA:729,0
DA:730,0
DA:731,0
DA:732,0
DA:736,0
DA:737,0
DA:739,0
DA:740,0
DA:743,0
DA:746,0
DA:747,0
DA:750,0
DA:762,0
DA:764,0
DA:774,0
DA:775,0
DA:778,0
DA:779,0
DA:780,0
DA:782,0
DA:783,0
DA:788,0
DA:792,0
DA:796,0
DA:797,0
DA:798,0
DA:800,0
DA:801,0
DA:806,0
DA:810,0
DA:814,0
DA:815,0
DA:816,0
DA:818,0
DA:819,0
DA:824,0
DA:828,0
DA:832,0
DA:833,0
DA:834,0
DA:840,0
DA:841,0
DA:844,0
DA:845,0
DA:846,0
DA:851,0
DA:855,0
DA:859,0
DA:860,0
DA:861,0
DA:863,0
DA:864,0
DA:867,0
DA:871,0
DA:875,0
DA:876,0
DA:877,0
DA:879,0
DA:880,0
DA:883,0
DA:887,0
DA:891,0
DA:892,0
DA:893,0
DA:894,0
DA:895,0
DA:896,0
DA:898,0
DA:899,0
DA:905,0
DA:908,0
DA:909,0
DA:914,0
DA:915,0
DA:917,0
DA:920,0
DA:922,0
DA:923,0
DA:924,0
DA:926,0
DA:927,0
DA:936,0
DA:944,0
DA:946,0
DA:947,0
DA:952,0
DA:954,0
DA:958,0
DA:959,0
DA:960,0
DA:961,0
DA:962,0
DA:965,0
DA:968,0
DA:970,0
DA:971,0
DA:974,0
DA:982,0
DA:991,0
DA:993,0
DA:994,0
DA:995,0
DA:997,0
DA:998,0
DA:999,0
DA:1003,0
DA:1004,0
DA:1005,0
DA:1006,0
DA:1009,0
DA:1011,0
DA:1024,0
DA:1025,0
DA:1026,0
DA:1028,0
DA:1034,0
DA:1037,0
DA:1039,0
DA:1040,0
DA:1043,0
DA:1051,0
DA:1059,0
DA:1061,0
DA:1062,0
DA:1066,0
DA:1067,0
DA:1071,0
DA:1072,0
DA:1076,0
DA:1077,0
DA:1078,0
DA:1084,0
DA:1087,0
DA:1094,0
DA:1095,0
DA:1098,0
DA:1100,0
DA:1108,0
DA:1115,0
DA:1124,0
DA:1125,0
DA:1126,0
DA:1127,0
DA:1130,0
DA:1133,0
DA:1134,0
DA:1135,0
DA:1137,0
DA:1138,0
DA:1139,0
DA:1143,0
DA:1148,0
DA:1152,0
DA:1163,0
DA:1164,0
DA:1165,0
DA:1166,0
DA:1169,0
DA:1172,0
DA:1173,0
DA:1174,0
DA:1176,0
DA:1177,0
DA:1178,0
DA:1182,0
DA:1187,0
DA:1191,0
DA:1222,0
DA:1223,0
DA:1225,0
DA:1226,0
DA:1227,0
DA:1229,0
DA:1239,0
DA:1240,0
DA:1243,0
DA:1244,0
DA:1246,0
DA:1248,0
DA:1249,0
DA:1258,0
DA:1259,0
DA:1262,0
DA:1263,0
DA:1265,0
DA:1267,0
DA:1268,0
LF:424
LH:0
BRDA:77,0,0,0
BRDA:77,0,1,0
BRDA:77,1,0,0
BRDA:77,1,1,0
BRDA:82,2,0,0
BRDA:82,2,1,0
BRDA:89,3,0,0
BRDA:89,3,1,0
BRDA:91,4,0,0
BRDA:91,4,1,0
BRDA:93,5,0,0
BRDA:93,5,1,0
BRDA:103,6,0,0
BRDA:103,6,1,0
BRDA:129,7,0,0
BRDA:129,7,1,0
BRDA:172,8,0,0
BRDA:172,8,1,0
BRDA:184,9,0,0
BRDA:184,9,1,0
BRDA:197,10,0,0
BRDA:197,10,1,0
BRDA:197,11,0,0
BRDA:197,11,1,0
BRDA:203,12,0,0
BRDA:203,12,1,0
BRDA:203,13,0,0
BRDA:203,13,1,0
BRDA:203,13,2,0
BRDA:203,13,3,0
BRDA:208,14,0,0
BRDA:208,14,1,0
BRDA:208,15,0,0
BRDA:208,15,1,0
BRDA:213,16,0,0
BRDA:213,16,1,0
BRDA:239,17,0,0
BRDA:239,17,1,0
BRDA:240,18,0,0
BRDA:240,18,1,0
BRDA:241,19,0,0
BRDA:241,19,1,0
BRDA:242,20,0,0
BRDA:242,20,1,0
BRDA:244,21,0,0
BRDA:244,21,1,0
BRDA:247,22,0,0
BRDA:247,22,1,0
BRDA:251,23,0,0
BRDA:251,23,1,0
BRDA:258,24,0,0
BRDA:258,24,1,0
BRDA:269,25,0,0
BRDA:269,25,1,0
BRDA:269,25,2,0
BRDA:269,25,3,0
BRDA:269,25,4,0
BRDA:287,26,0,0
BRDA:287,26,1,0
BRDA:287,27,0,0
BRDA:287,27,1,0
BRDA:287,27,2,0
BRDA:294,28,0,0
BRDA:294,28,1,0
BRDA:308,29,0,0
BRDA:308,29,1,0
BRDA:314,30,0,0
BRDA:314,30,1,0
BRDA:324,31,0,0
BRDA:324,31,1,0
BRDA:328,32,0,0
BRDA:328,32,1,0
BRDA:328,32,2,0
BRDA:345,33,0,0
BRDA:345,33,1,0
BRDA:345,34,0,0
BRDA:345,34,1,0
BRDA:345,34,2,0
BRDA:372,35,0,0
BRDA:372,35,1,0
BRDA:394,36,0,0
BRDA:394,36,1,0
BRDA:394,37,0,0
BRDA:394,37,1,0
BRDA:394,37,2,0
BRDA:401,38,0,0
BRDA:401,38,1,0
BRDA:407,39,0,0
BRDA:407,39,1,0
BRDA:407,40,0,0
BRDA:407,40,1,0
BRDA:407,40,2,0
BRDA:441,41,0,0
BRDA:441,41,1,0
BRDA:441,42,0,0
BRDA:441,42,1,0
BRDA:447,43,0,0
BRDA:447,43,1,0
BRDA:454,44,0,0
BRDA:454,44,1,0
BRDA:484,45,0,0
BRDA:484,45,1,0
BRDA:484,46,0,0
BRDA:484,46,1,0
BRDA:499,47,0,0
BRDA:500,48,0,0
BRDA:500,48,1,0
BRDA:509,49,0,0
BRDA:509,49,1,0
BRDA:525,50,0,0
BRDA:525,50,1,0
BRDA:561,51,0,0
BRDA:561,51,1,0
BRDA:574,52,0,0
BRDA:574,52,1,0
BRDA:585,53,0,0
BRDA:585,53,1,0
BRDA:638,54,0,0
BRDA:638,55,0,0
BRDA:641,56,0,0
BRDA:641,56,1,0
BRDA:646,57,0,0
BRDA:646,57,1,0
BRDA:655,58,0,0
BRDA:655,58,1,0
BRDA:655,58,2,0
BRDA:655,58,3,0
BRDA:664,59,0,0
BRDA:664,59,1,0
BRDA:714,60,0,0
BRDA:714,60,1,0
BRDA:724,61,0,0
BRDA:724,61,1,0
BRDA:730,62,0,0
BRDA:730,62,1,0
BRDA:739,63,0,0
BRDA:739,63,1,0
BRDA:782,64,0,0
BRDA:782,64,1,0
BRDA:800,65,0,0
BRDA:800,65,1,0
BRDA:818,66,0,0
BRDA:818,66,1,0
BRDA:840,67,0,0
BRDA:840,67,1,0
BRDA:845,68,0,0
BRDA:845,68,1,0
BRDA:863,69,0,0
BRDA:863,69,1,0
BRDA:879,70,0,0
BRDA:879,70,1,0
BRDA:891,71,0,0
BRDA:891,71,1,0
BRDA:894,72,0,0
BRDA:894,72,1,0
BRDA:908,73,0,0
BRDA:908,73,1,0
BRDA:914,74,0,0
BRDA:914,74,1,0
BRDA:947,75,0,0
BRDA:947,75,1,0
BRDA:948,76,0,0
BRDA:948,76,1,0
BRDA:948,76,2,0
BRDA:960,77,0,0
BRDA:960,77,1,0
BRDA:960,78,0,0
BRDA:960,78,1,0
BRDA:968,79,0,0
BRDA:968,79,1,0
BRDA:994,80,0,0
BRDA:994,80,1,0
BRDA:1005,81,0,0
BRDA:1005,81,1,0
BRDA:1024,82,0,0
BRDA:1024,82,1,0
BRDA:1024,83,0,0
BRDA:1024,83,1,0
BRDA:1029,84,0,0
BRDA:1029,84,1,0
BRDA:1037,85,0,0
BRDA:1037,85,1,0
BRDA:1061,86,0,0
BRDA:1061,86,1,0
BRDA:1066,87,0,0
BRDA:1066,87,1,0
BRDA:1071,88,0,0
BRDA:1071,88,1,0
BRDA:1076,89,0,0
BRDA:1076,89,1,0
BRDA:1080,90,0,0
BRDA:1080,90,1,0
BRDA:1098,91,0,0
BRDA:1098,91,1,0
BRDA:1126,92,0,0
BRDA:1126,92,1,0
BRDA:1137,93,0,0
BRDA:1137,93,1,0
BRDA:1165,94,0,0
BRDA:1165,94,1,0
BRDA:1176,95,0,0
BRDA:1176,95,1,0
BRDA:1221,96,0,0
BRDA:1222,97,0,0
BRDA:1222,97,1,0
BRDA:1226,98,0,0
BRDA:1226,98,1,0
BRDA:1243,99,0,0
BRDA:1243,99,1,0
BRDA:1262,100,0,0
BRDA:1262,100,1,0
BRF:211
BRH:0
end_of_record
